# JRE version: OpenJDK Runtime Environment (11.0.8+10) (build 11.0.8+10-b944.6842174)
# Java VM: OpenJDK 64-Bit Server VM (11.0.8+10-b944.6842174, mixed mode, tiered, compressed oops, g1 gc, windows-amd64)
Heap:
 garbage-first heap   total 155648K, used 38586K [0x0000000083600000, 0x0000000100000000)
  region size 1024K, 17 young (17408K), 8 survivors (8192K)
 Metaspace       used 42950K, capacity 43418K, committed 43696K, reserved 1087488K
  class space    used 5110K, capacity 5267K, committed 5296K, reserved 1048576K
GC Heap History (12 events):
Event: 0.534 GC heap before
{Heap before GC invocations=0 (full 0):
 garbage-first heap   total 129024K, used 27648K [0x0000000083600000, 0x0000000100000000)
  region size 1024K, 24 young (24576K), 0 survivors (0K)
 Metaspace       used 12526K, capacity 12622K, committed 12800K, reserved 1060864K
  class space    used 1207K, capacity 1248K, committed 1280K, reserved 1048576K
}
Event: 0.538 GC heap after
{Heap after GC invocations=1 (full 0):
 garbage-first heap   total 129024K, used 6135K [0x0000000083600000, 0x0000000100000000)
  region size 1024K, 3 young (3072K), 3 survivors (3072K)
 Metaspace       used 12526K, capacity 12622K, committed 12800K, reserved 1060864K
  class space    used 1207K, capacity 1248K, committed 1280K, reserved 1048576K
}
Event: 1.011 GC heap before
{Heap before GC invocations=1 (full 0):
 garbage-first heap   total 129024K, used 39927K [0x0000000083600000, 0x0000000100000000)
  region size 1024K, 37 young (37888K), 3 survivors (3072K)
 Metaspace       used 20883K, capacity 21126K, committed 21296K, reserved 1069056K
  class space    used 2235K, capacity 2317K, committed 2352K, reserved 1048576K
}
Event: 1.017 GC heap after
{Heap after GC invocations=2 (full 0):
 garbage-first heap   total 129024K, used 9482K [0x0000000083600000, 0x0000000100000000)
  region size 1024K, 7 young (7168K), 7 survivors (7168K)
 Metaspace       used 20883K, capacity 21126K, committed 21296K, reserved 1069056K
  class space    used 2235K, capacity 2317K, committed 2352K, reserved 1048576K
}
Event: 1.753 GC heap before
{Heap before GC invocations=3 (full 0):
 garbage-first heap   total 129024K, used 63754K [0x0000000083600000, 0x0000000100000000)
  region size 1024K, 54 young (55296K), 7 survivors (7168K)
 Metaspace       used 31020K, capacity 31330K, committed 31536K, reserved 1077248K
  class space    used 3466K, capacity 3597K, committed 3632K, reserved 1048576K
}
Event: 1.766 GC heap after
{Heap after GC invocations=4 (full 0):
 garbage-first heap   total 129024K, used 17640K [0x0000000083600000, 0x0000000100000000)
  region size 1024K, 7 young (7168K), 7 survivors (7168K)
 Metaspace       used 31020K, capacity 31330K, committed 31536K, reserved 1077248K
  class space    used 3466K, capacity 3597K, committed 3632K, reserved 1048576K
}
Event: 1.889 GC heap before
{Heap before GC invocations=4 (full 0):
 garbage-first heap   total 129024K, used 31976K [0x0000000083600000, 0x0000000100000000)
  region size 1024K, 21 young (21504K), 7 survivors (7168K)
 Metaspace       used 33970K, capacity 34408K, committed 34608K, reserved 1079296K
  class space    used 3871K, capacity 4046K, committed 4144K, reserved 1048576K
}
Event: 1.897 GC heap after
{Heap after GC invocations=5 (full 0):
 garbage-first heap   total 129024K, used 19281K [0x0000000083600000, 0x0000000100000000)
  region size 1024K, 2 young (2048K), 2 survivors (2048K)
 Metaspace       used 33970K, capacity 34408K, committed 34608K, reserved 1079296K
  class space    used 3871K, capacity 4046K, committed 4144K, reserved 1048576K
}
Event: 1.943 GC heap before
{Heap before GC invocations=5 (full 0):
 garbage-first heap   total 129024K, used 23377K [0x0000000083600000, 0x0000000100000000)
  region size 1024K, 7 young (7168K), 2 survivors (2048K)
 Metaspace       used 35196K, capacity 35560K, committed 35632K, reserved 1081344K
  class space    used 4214K, capacity 4366K, committed 4400K, reserved 1048576K
}
Event: 1.945 GC heap after
{Heap after GC invocations=6 (full 0):
 garbage-first heap   total 155648K, used 19677K [0x0000000083600000, 0x0000000100000000)
  region size 1024K, 2 young (2048K), 2 survivors (2048K)
 Metaspace       used 35196K, capacity 35560K, committed 35632K, reserved 1081344K
  class space    used 4214K, capacity 4366K, committed 4400K, reserved 1048576K
}
Event: 2.833 GC heap before
{Heap before GC invocations=7 (full 0):
 garbage-first heap   total 155648K, used 82141K [0x0000000083600000, 0x0000000100000000)
  region size 1024K, 62 young (63488K), 2 survivors (2048K)
 Metaspace       used 42684K, capacity 43130K, committed 43440K, reserved 1087488K
  class space    used 5080K, capacity 5235K, committed 5296K, reserved 1048576K
}
Event: 2.846 GC heap after
{Heap after GC invocations=8 (full 0):
 garbage-first heap   total 155648K, used 30394K [0x0000000083600000, 0x0000000100000000)
  region size 1024K, 8 young (8192K), 8 survivors (8192K)
 Metaspace       used 42684K, capacity 43130K, committed 43440K, reserved 1087488K
  class space    used 5080K, capacity 5235K, committed 5296K, reserved 1048576K
}

