# JRE version: OpenJDK Runtime Environment (8.0_242-b01) (build 1.8.0_242-release-1644-b01)
# Java VM: OpenJDK 64-Bit Server VM (25.242-b01 mixed mode windows-amd64 compressed oops)
Heap:
 PSYoungGen      total 336384K, used 206394K [0x00000000d5580000, 0x00000000ebf80000, 0x0000000100000000)
  eden space 313344K, 59% used [0x00000000d5580000,0x00000000e0c2eb30,0x00000000e8780000)
  from space 23040K, 83% used [0x00000000ea900000,0x00000000ebbe0070,0x00000000ebf80000)
  to   space 28672K, 0% used [0x00000000e8780000,0x00000000e8780000,0x00000000ea380000)
 ParOldGen       total 111104K, used 45334K [0x0000000080000000, 0x0000000086c80000, 0x00000000d5580000)
  object space 111104K, 40% used [0x0000000080000000,0x0000000082c45b20,0x0000000086c80000)
 Metaspace       used 79795K, capacity 84010K, committed 84312K, reserved 1122304K
  class space    used 10515K, capacity 11277K, committed 11392K, reserved 1048576K
GC Heap History (10 events):
Event: 6.006 GC heap before
{Heap before GC invocations=15 (full 3):
 PSYoungGen      total 244736K, used 4900K [0x00000000d5580000, 0x00000000e5a00000, 0x0000000100000000)
  eden space 225792K, 0% used [0x00000000d5580000,0x00000000d5580000,0x00000000e3200000)
  from space 18944K, 25% used [0x00000000e4480000,0x00000000e4949178,0x00000000e5700000)
  to   space 18944K, 0% used [0x00000000e3200000,0x00000000e3200000,0x00000000e4480000)
 ParOldGen       total 73216K, used 41310K [0x0000000080000000, 0x0000000084780000, 0x00000000d5580000)
  object space 73216K, 56% used [0x0000000080000000,0x0000000082857b58,0x0000000084780000)
 Metaspace       used 56523K, capacity 58948K, committed 59028K, reserved 1099776K
  class space    used 7660K, capacity 8161K, committed 8192K, reserved 1048576K
Event: 6.143 GC heap after
Heap after GC invocations=15 (full 3):
 PSYoungGen      total 244736K, used 0K [0x00000000d5580000, 0x00000000e5a00000, 0x0000000100000000)
  eden space 225792K, 0% used [0x00000000d5580000,0x00000000d5580000,0x00000000e3200000)
  from space 18944K, 0% used [0x00000000e4480000,0x00000000e4480000,0x00000000e5700000)
  to   space 18944K, 0% used [0x00000000e3200000,0x00000000e3200000,0x00000000e4480000)
 ParOldGen       total 111104K, used 32551K [0x0000000080000000, 0x0000000086c80000, 0x00000000d5580000)
  object space 111104K, 29% used [0x0000000080000000,0x0000000081fc9fb0,0x0000000086c80000)
 Metaspace       used 56475K, capacity 58786K, committed 59028K, reserved 1099776K
  class space    used 7645K, capacity 8134K, committed 8192K, reserved 1048576K
}
Event: 7.828 GC heap before
{Heap before GC invocations=16 (full 3):
 PSYoungGen      total 244736K, used 225792K [0x00000000d5580000, 0x00000000e5a00000, 0x0000000100000000)
  eden space 225792K, 100% used [0x00000000d5580000,0x00000000e3200000,0x00000000e3200000)
  from space 18944K, 0% used [0x00000000e4480000,0x00000000e4480000,0x00000000e5700000)
  to   space 18944K, 0% used [0x00000000e3200000,0x00000000e3200000,0x00000000e4480000)
 ParOldGen       total 111104K, used 32551K [0x0000000080000000, 0x0000000086c80000, 0x00000000d5580000)
  object space 111104K, 29% used [0x0000000080000000,0x0000000081fc9fb0,0x0000000086c80000)
 Metaspace       used 65895K, capacity 69198K, committed 69336K, reserved 1110016K
  class space    used 9057K, capacity 9722K, committed 9728K, reserved 1048576K
Event: 7.847 GC heap after
Heap after GC invocations=16 (full 3):
 PSYoungGen      total 244736K, used 18917K [0x00000000d5580000, 0x00000000e9400000, 0x0000000100000000)
  eden space 225792K, 0% used [0x00000000d5580000,0x00000000d5580000,0x00000000e3200000)
  from space 18944K, 99% used [0x00000000e3200000,0x00000000e4479478,0x00000000e4480000)
  to   space 22016K, 0% used [0x00000000e7e80000,0x00000000e7e80000,0x00000000e9400000)
 ParOldGen       total 111104K, used 33508K [0x0000000080000000, 0x0000000086c80000, 0x00000000d5580000)
  object space 111104K, 30% used [0x0000000080000000,0x00000000820b93e0,0x0000000086c80000)
 Metaspace       used 65895K, capacity 69198K, committed 69336K, reserved 1110016K
  class space    used 9057K, capacity 9722K, committed 9728K, reserved 1048576K
}
Event: 55.745 GC heap before
{Heap before GC invocations=17 (full 3):
 PSYoungGen      total 244736K, used 244709K [0x00000000d5580000, 0x00000000e9400000, 0x0000000100000000)
  eden space 225792K, 100% used [0x00000000d5580000,0x00000000e3200000,0x00000000e3200000)
  from space 18944K, 99% used [0x00000000e3200000,0x00000000e4479478,0x00000000e4480000)
  to   space 22016K, 0% used [0x00000000e7e80000,0x00000000e7e80000,0x00000000e9400000)
 ParOldGen       total 111104K, used 33508K [0x0000000080000000, 0x0000000086c80000, 0x00000000d5580000)
  object space 111104K, 30% used [0x0000000080000000,0x00000000820b93e0,0x0000000086c80000)
 Metaspace       used 74346K, capacity 77874K, committed 78168K, reserved 1116160K
  class space    used 9952K, capacity 10608K, committed 10624K, reserved 1048576K
Event: 55.770 GC heap after
Heap after GC invocations=17 (full 3):
 PSYoungGen      total 291840K, used 18572K [0x00000000d5580000, 0x00000000e9100000, 0x0000000100000000)
  eden space 272896K, 0% used [0x00000000d5580000,0x00000000d5580000,0x00000000e6000000)
  from space 18944K, 98% used [0x00000000e7e80000,0x00000000e90a3328,0x00000000e9100000)
  to   space 24064K, 0% used [0x00000000e6200000,0x00000000e6200000,0x00000000e7980000)
 ParOldGen       total 111104K, used 45318K [0x0000000080000000, 0x0000000086c80000, 0x00000000d5580000)
  object space 111104K, 40% used [0x0000000080000000,0x0000000082c41b20,0x0000000086c80000)
 Metaspace       used 74346K, capacity 77874K, committed 78168K, reserved 1116160K
  class space    used 9952K, capacity 10608K, committed 10624K, reserved 1048576K
}
Event: 124.640 GC heap before
{Heap before GC invocations=18 (full 3):
 PSYoungGen      total 291840K, used 291468K [0x00000000d5580000, 0x00000000e9100000, 0x0000000100000000)
  eden space 272896K, 100% used [0x00000000d5580000,0x00000000e6000000,0x00000000e6000000)
  from space 18944K, 98% used [0x00000000e7e80000,0x00000000e90a3328,0x00000000e9100000)
  to   space 24064K, 0% used [0x00000000e6200000,0x00000000e6200000,0x00000000e7980000)
 ParOldGen       total 111104K, used 45318K [0x0000000080000000, 0x0000000086c80000, 0x00000000d5580000)
  object space 111104K, 40% used [0x0000000080000000,0x0000000082c41b20,0x0000000086c80000)
 Metaspace       used 77136K, capacity 80962K, committed 81112K, reserved 1120256K
  class space    used 10254K, capacity 10986K, committed 11008K, reserved 1048576K
Event: 124.658 GC heap after
Heap after GC invocations=18 (full 3):
 PSYoungGen      total 299008K, used 23528K [0x00000000d5580000, 0x00000000ec400000, 0x0000000100000000)
  eden space 274944K, 0% used [0x00000000d5580000,0x00000000d5580000,0x00000000e6200000)
  from space 24064K, 97% used [0x00000000e6200000,0x00000000e78fa328,0x00000000e7980000)
  to   space 27648K, 0% used [0x00000000ea900000,0x00000000ea900000,0x00000000ec400000)
 ParOldGen       total 111104K, used 45326K [0x0000000080000000, 0x0000000086c80000, 0x00000000d5580000)
  object space 111104K, 40% used [0x0000000080000000,0x0000000082c43b20,0x0000000086c80000)
 Metaspace       used 77136K, capacity 80962K, committed 81112K, reserved 1120256K
  class space    used 10254K, capacity 10986K, committed 11008K, reserved 1048576K
}
Event: 1537.522 GC heap before
{Heap before GC invocations=19 (full 3):
 PSYoungGen      total 299008K, used 298472K [0x00000000d5580000, 0x00000000ec400000, 0x0000000100000000)
  eden space 274944K, 100% used [0x00000000d5580000,0x00000000e6200000,0x00000000e6200000)
  from space 24064K, 97% used [0x00000000e6200000,0x00000000e78fa328,0x00000000e7980000)
  to   space 27648K, 0% used [0x00000000ea900000,0x00000000ea900000,0x00000000ec400000)
 ParOldGen       total 111104K, used 45326K [0x0000000080000000, 0x0000000086c80000, 0x00000000d5580000)
  object space 111104K, 40% used [0x0000000080000000,0x0000000082c43b20,0x0000000086c80000)
 Metaspace       used 78113K, capacity 82172K, committed 82264K, reserved 1120256K
  class space    used 10295K, capacity 11057K, committed 11136K, reserved 1048576K
Event: 1537.551 GC heap after
Heap after GC invocations=19 (full 3):
 PSYoungGen      total 336384K, used 19328K [0x00000000d5580000, 0x00000000ebf80000, 0x0000000100000000)
  eden space 313344K, 0% used [0x00000000d5580000,0x00000000d5580000,0x00000000e8780000)
  from space 23040K, 83% used [0x00000000ea900000,0x00000000ebbe0070,0x00000000ebf80000)
  to   space 28672K, 0% used [0x00000000e8780000,0x00000000e8780000,0x00000000ea380000)
 ParOldGen       total 111104K, used 45334K [0x0000000080000000, 0x0000000086c80000, 0x00000000d5580000)
  object space 111104K, 40% used [0x0000000080000000,0x0000000082c45b20,0x0000000086c80000)
 Metaspace       used 78113K, capacity 82172K, committed 82264K, reserved 1120256K
  class space    used 10295K, capacity 11057K, committed 11136K, reserved 1048576K
}

