# JRE version: OpenJDK Runtime Environment (8.0_242-b01) (build 1.8.0_242-release-1644-b01)
# Java VM: OpenJDK 64-Bit Server VM (25.242-b01 mixed mode windows-amd64 compressed oops)
Heap:
 PSYoungGen      total 265728K, used 81583K [0x00000000d5580000, 0x00000000e7580000, 0x0000000100000000)
  eden space 248832K, 26% used [0x00000000d5580000,0x00000000d94d9d40,0x00000000e4880000)
  from space 16896K, 98% used [0x00000000e6500000,0x00000000e75520b0,0x00000000e7580000)
  to   space 23040K, 0% used [0x00000000e4880000,0x00000000e4880000,0x00000000e5f00000)
 ParOldGen       total 123392K, used 45281K [0x0000000080000000, 0x0000000087880000, 0x00000000d5580000)
  object space 123392K, 36% used [0x0000000080000000,0x0000000082c385b0,0x0000000087880000)
 Metaspace       used 76599K, capacity 80380K, committed 80536K, reserved 1118208K
  class space    used 10196K, capacity 10906K, committed 10920K, reserved 1048576K
GC Heap History (10 events):
Event: 5.468 GC heap before
{Heap before GC invocations=13 (full 2):
 PSYoungGen      total 173056K, used 172940K [0x00000000d5580000, 0x00000000e1100000, 0x0000000100000000)
  eden space 164352K, 100% used [0x00000000d5580000,0x00000000df600000,0x00000000df600000)
  from space 8704K, 98% used [0x00000000e0880000,0x00000000e10e33a0,0x00000000e1100000)
  to   space 12800K, 0% used [0x00000000df800000,0x00000000df800000,0x00000000e0480000)
 ParOldGen       total 79360K, used 17977K [0x0000000080000000, 0x0000000084d80000, 0x00000000d5580000)
  object space 79360K, 22% used [0x0000000080000000,0x000000008118e400,0x0000000084d80000)
 Metaspace       used 52451K, capacity 54628K, committed 54824K, reserved 1097728K
  class space    used 6990K, capacity 7432K, committed 7464K, reserved 1048576K
Event: 5.489 GC heap after
Heap after GC invocations=13 (full 2):
 PSYoungGen      total 179200K, used 12772K [0x00000000d5580000, 0x00000000e4880000, 0x0000000100000000)
  eden space 166400K, 0% used [0x00000000d5580000,0x00000000d5580000,0x00000000df800000)
  from space 12800K, 99% used [0x00000000df800000,0x00000000e04792f0,0x00000000e0480000)
  to   space 19456K, 0% used [0x00000000e3580000,0x00000000e3580000,0x00000000e4880000)
 ParOldGen       total 79360K, used 30590K [0x0000000080000000, 0x0000000084d80000, 0x00000000d5580000)
  object space 79360K, 38% used [0x0000000080000000,0x0000000081ddfae0,0x0000000084d80000)
 Metaspace       used 52451K, capacity 54628K, committed 54824K, reserved 1097728K
  class space    used 6990K, capacity 7432K, committed 7464K, reserved 1048576K
}
Event: 6.019 GC heap before
{Heap before GC invocations=14 (full 2):
 PSYoungGen      total 179200K, used 58813K [0x00000000d5580000, 0x00000000e4880000, 0x0000000100000000)
  eden space 166400K, 27% used [0x00000000d5580000,0x00000000d8276308,0x00000000df800000)
  from space 12800K, 99% used [0x00000000df800000,0x00000000e04792f0,0x00000000e0480000)
  to   space 19456K, 0% used [0x00000000e3580000,0x00000000e3580000,0x00000000e4880000)
 ParOldGen       total 79360K, used 30590K [0x0000000080000000, 0x0000000084d80000, 0x00000000d5580000)
  object space 79360K, 38% used [0x0000000080000000,0x0000000081ddfae0,0x0000000084d80000)
 Metaspace       used 56742K, capacity 59062K, committed 59160K, reserved 1099776K
  class space    used 7688K, capacity 8194K, committed 8232K, reserved 1048576K
Event: 6.032 GC heap after
Heap after GC invocations=14 (full 2):
 PSYoungGen      total 229888K, used 5715K [0x00000000d5580000, 0x00000000e4980000, 0x0000000100000000)
  eden space 210432K, 0% used [0x00000000d5580000,0x00000000d5580000,0x00000000e2300000)
  from space 19456K, 29% used [0x00000000e3580000,0x00000000e3b14f70,0x00000000e4880000)
  to   space 18944K, 0% used [0x00000000e2300000,0x00000000e2300000,0x00000000e3580000)
 ParOldGen       total 79360K, used 43294K [0x0000000080000000, 0x0000000084d80000, 0x00000000d5580000)
  object space 79360K, 54% used [0x0000000080000000,0x0000000082a47978,0x0000000084d80000)
 Metaspace       used 56742K, capacity 59062K, committed 59160K, reserved 1099776K
  class space    used 7688K, capacity 8194K, committed 8232K, reserved 1048576K
}
Event: 6.032 GC heap before
{Heap before GC invocations=15 (full 3):
 PSYoungGen      total 229888K, used 5715K [0x00000000d5580000, 0x00000000e4980000, 0x0000000100000000)
  eden space 210432K, 0% used [0x00000000d5580000,0x00000000d5580000,0x00000000e2300000)
  from space 19456K, 29% used [0x00000000e3580000,0x00000000e3b14f70,0x00000000e4880000)
  to   space 18944K, 0% used [0x00000000e2300000,0x00000000e2300000,0x00000000e3580000)
 ParOldGen       total 79360K, used 43294K [0x0000000080000000, 0x0000000084d80000, 0x00000000d5580000)
  object space 79360K, 54% used [0x0000000080000000,0x0000000082a47978,0x0000000084d80000)
 Metaspace       used 56742K, capacity 59062K, committed 59160K, reserved 1099776K
  class space    used 7688K, capacity 8194K, committed 8232K, reserved 1048576K
Event: 6.173 GC heap after
Heap after GC invocations=15 (full 3):
 PSYoungGen      total 229888K, used 0K [0x00000000d5580000, 0x00000000e4980000, 0x0000000100000000)
  eden space 210432K, 0% used [0x00000000d5580000,0x00000000d5580000,0x00000000e2300000)
  from space 19456K, 0% used [0x00000000e3580000,0x00000000e3580000,0x00000000e4880000)
  to   space 18944K, 0% used [0x00000000e2300000,0x00000000e2300000,0x00000000e3580000)
 ParOldGen       total 123392K, used 33618K [0x0000000080000000, 0x0000000087880000, 0x00000000d5580000)
  object space 123392K, 27% used [0x0000000080000000,0x00000000820d4ad8,0x0000000087880000)
 Metaspace       used 56695K, capacity 58900K, committed 59160K, reserved 1099776K
  class space    used 7673K, capacity 8167K, committed 8232K, reserved 1048576K
}
Event: 8.092 GC heap before
{Heap before GC invocations=16 (full 3):
 PSYoungGen      total 229888K, used 210432K [0x00000000d5580000, 0x00000000e4980000, 0x0000000100000000)
  eden space 210432K, 100% used [0x00000000d5580000,0x00000000e2300000,0x00000000e2300000)
  from space 19456K, 0% used [0x00000000e3580000,0x00000000e3580000,0x00000000e4880000)
  to   space 18944K, 0% used [0x00000000e2300000,0x00000000e2300000,0x00000000e3580000)
 ParOldGen       total 123392K, used 33618K [0x0000000080000000, 0x0000000087880000, 0x00000000d5580000)
  object space 123392K, 27% used [0x0000000080000000,0x00000000820d4ad8,0x0000000087880000)
 Metaspace       used 65826K, capacity 69076K, committed 69400K, reserved 1110016K
  class space    used 9046K, capacity 9683K, committed 9768K, reserved 1048576K
Event: 8.109 GC heap after
Heap after GC invocations=16 (full 3):
 PSYoungGen      total 229376K, used 18929K [0x00000000d5580000, 0x00000000e7a00000, 0x0000000100000000)
  eden space 210432K, 0% used [0x00000000d5580000,0x00000000d5580000,0x00000000e2300000)
  from space 18944K, 99% used [0x00000000e2300000,0x00000000e357c4e8,0x00000000e3580000)
  to   space 21504K, 0% used [0x00000000e6500000,0x00000000e6500000,0x00000000e7a00000)
 ParOldGen       total 123392K, used 33882K [0x0000000080000000, 0x0000000087880000, 0x00000000d5580000)
  object space 123392K, 27% used [0x0000000080000000,0x0000000082116970,0x0000000087880000)
 Metaspace       used 65826K, capacity 69076K, committed 69400K, reserved 1110016K
  class space    used 9046K, capacity 9683K, committed 9768K, reserved 1048576K
}
Event: 1695.595 GC heap before
{Heap before GC invocations=17 (full 3):
 PSYoungGen      total 229376K, used 229361K [0x00000000d5580000, 0x00000000e7a00000, 0x0000000100000000)
  eden space 210432K, 100% used [0x00000000d5580000,0x00000000e2300000,0x00000000e2300000)
  from space 18944K, 99% used [0x00000000e2300000,0x00000000e357c4e8,0x00000000e3580000)
  to   space 21504K, 0% used [0x00000000e6500000,0x00000000e6500000,0x00000000e7a00000)
 ParOldGen       total 123392K, used 33882K [0x0000000080000000, 0x0000000087880000, 0x00000000d5580000)
  object space 123392K, 27% used [0x0000000080000000,0x0000000082116970,0x0000000087880000)
 Metaspace       used 76044K, capacity 79708K, committed 79768K, reserved 1118208K
  class space    used 10181K, capacity 10884K, committed 10920K, reserved 1048576K
Event: 1695.865 GC heap after
Heap after GC invocations=17 (full 3):
 PSYoungGen      total 265728K, used 16712K [0x00000000d5580000, 0x00000000e7580000, 0x0000000100000000)
  eden space 248832K, 0% used [0x00000000d5580000,0x00000000d5580000,0x00000000e4880000)
  from space 16896K, 98% used [0x00000000e6500000,0x00000000e75520b0,0x00000000e7580000)
  to   space 23040K, 0% used [0x00000000e4880000,0x00000000e4880000,0x00000000e5f00000)
 ParOldGen       total 123392K, used 45281K [0x0000000080000000, 0x0000000087880000, 0x00000000d5580000)
  object space 123392K, 36% used [0x0000000080000000,0x0000000082c385b0,0x0000000087880000)
 Metaspace       used 76044K, capacity 79708K, committed 79768K, reserved 1118208K
  class space    used 10181K, capacity 10884K, committed 10920K, reserved 1048576K
}

