# JRE version: OpenJDK Runtime Environment (8.0_242-b01) (build 1.8.0_242-release-1644-b01)
# Java VM: OpenJDK 64-Bit Server VM (25.242-b01 mixed mode windows-amd64 compressed oops)
Heap:
 PSYoungGen      total 215552K, used 42156K [0x00000000d6780000, 0x00000000e7100000, 0x0000000100000000)
  eden space 180736K, 4% used [0x00000000d6780000,0x00000000d6eb2eb8,0x00000000e1800000)
  from space 34816K, 99% used [0x00000000e4180000,0x00000000e6378430,0x00000000e6380000)
  to   space 42496K, 0% used [0x00000000e1800000,0x00000000e1800000,0x00000000e4180000)
 ParOldGen       total 111104K, used 47608K [0x0000000083600000, 0x000000008a280000, 0x00000000d6780000)
  object space 111104K, 42% used [0x0000000083600000,0x000000008647e3c8,0x000000008a280000)
 Metaspace       used 50790K, capacity 51750K, committed 52144K, reserved 1095680K
  class space    used 5957K, capacity 6200K, committed 6320K, reserved 1048576K
GC Heap History (10 events):
Event: 1.951 GC heap before
{Heap before GC invocations=6 (full 1):
 PSYoungGen      total 101376K, used 30408K [0x00000000d6780000, 0x00000000df180000, 0x0000000100000000)
  eden space 96256K, 26% used [0x00000000d6780000,0x00000000d80397a0,0x00000000dc580000)
  from space 5120K, 99% used [0x00000000dec80000,0x00000000df178918,0x00000000df180000)
  to   space 5120K, 0% used [0x00000000de780000,0x00000000de780000,0x00000000dec80000)
 ParOldGen       total 66048K, used 20472K [0x0000000083600000, 0x0000000087680000, 0x00000000d6780000)
  object space 66048K, 30% used [0x0000000083600000,0x00000000849fe000,0x0000000087680000)
 Metaspace       used 34645K, capacity 35180K, committed 35496K, reserved 1081344K
  class space    used 4410K, capacity 4551K, committed 4656K, reserved 1048576K
Event: 1.958 GC heap after
Heap after GC invocations=6 (full 1):
 PSYoungGen      total 136192K, used 5099K [0x00000000d6780000, 0x00000000e1180000, 0x0000000100000000)
  eden space 131072K, 0% used [0x00000000d6780000,0x00000000d6780000,0x00000000de780000)
  from space 5120K, 99% used [0x00000000de780000,0x00000000dec7add8,0x00000000dec80000)
  to   space 15872K, 0% used [0x00000000e0200000,0x00000000e0200000,0x00000000e1180000)
 ParOldGen       total 66048K, used 26852K [0x0000000083600000, 0x0000000087680000, 0x00000000d6780000)
  object space 66048K, 40% used [0x0000000083600000,0x00000000850390f8,0x0000000087680000)
 Metaspace       used 34645K, capacity 35180K, committed 35496K, reserved 1081344K
  class space    used 4410K, capacity 4551K, committed 4656K, reserved 1048576K
}
Event: 1.958 GC heap before
{Heap before GC invocations=7 (full 2):
 PSYoungGen      total 136192K, used 5099K [0x00000000d6780000, 0x00000000e1180000, 0x0000000100000000)
  eden space 131072K, 0% used [0x00000000d6780000,0x00000000d6780000,0x00000000de780000)
  from space 5120K, 99% used [0x00000000de780000,0x00000000dec7add8,0x00000000dec80000)
  to   space 15872K, 0% used [0x00000000e0200000,0x00000000e0200000,0x00000000e1180000)
 ParOldGen       total 66048K, used 26852K [0x0000000083600000, 0x0000000087680000, 0x00000000d6780000)
  object space 66048K, 40% used [0x0000000083600000,0x00000000850390f8,0x0000000087680000)
 Metaspace       used 34645K, capacity 35180K, committed 35496K, reserved 1081344K
  class space    used 4410K, capacity 4551K, committed 4656K, reserved 1048576K
Event: 1.996 GC heap after
Heap after GC invocations=7 (full 2):
 PSYoungGen      total 136192K, used 0K [0x00000000d6780000, 0x00000000e1180000, 0x0000000100000000)
  eden space 131072K, 0% used [0x00000000d6780000,0x00000000d6780000,0x00000000de780000)
  from space 5120K, 0% used [0x00000000de780000,0x00000000de780000,0x00000000dec80000)
  to   space 15872K, 0% used [0x00000000e0200000,0x00000000e0200000,0x00000000e1180000)
 ParOldGen       total 111104K, used 19239K [0x0000000083600000, 0x000000008a280000, 0x00000000d6780000)
  object space 111104K, 17% used [0x0000000083600000,0x00000000848c9e88,0x000000008a280000)
 Metaspace       used 34645K, capacity 35180K, committed 35496K, reserved 1081344K
  class space    used 4410K, capacity 4551K, committed 4656K, reserved 1048576K
}
Event: 3.576 GC heap before
{Heap before GC invocations=8 (full 2):
 PSYoungGen      total 136192K, used 131072K [0x00000000d6780000, 0x00000000e1180000, 0x0000000100000000)
  eden space 131072K, 100% used [0x00000000d6780000,0x00000000de780000,0x00000000de780000)
  from space 5120K, 0% used [0x00000000de780000,0x00000000de780000,0x00000000dec80000)
  to   space 15872K, 0% used [0x00000000e0200000,0x00000000e0200000,0x00000000e1180000)
 ParOldGen       total 111104K, used 19239K [0x0000000083600000, 0x000000008a280000, 0x00000000d6780000)
  object space 111104K, 17% used [0x0000000083600000,0x00000000848c9e88,0x000000008a280000)
 Metaspace       used 43592K, capacity 44366K, committed 44720K, reserved 1089536K
  class space    used 5279K, capacity 5488K, committed 5552K, reserved 1048576K
Event: 3.593 GC heap after
Heap after GC invocations=8 (full 2):
 PSYoungGen      total 148992K, used 15851K [0x00000000d6780000, 0x00000000e4800000, 0x0000000100000000)
  eden space 133120K, 0% used [0x00000000d6780000,0x00000000d6780000,0x00000000de980000)
  from space 15872K, 99% used [0x00000000e0200000,0x00000000e117ac00,0x00000000e1180000)
  to   space 25088K, 0% used [0x00000000de980000,0x00000000de980000,0x00000000e0200000)
 ParOldGen       total 111104K, used 32277K [0x0000000083600000, 0x000000008a280000, 0x00000000d6780000)
  object space 111104K, 29% used [0x0000000083600000,0x00000000855854b0,0x000000008a280000)
 Metaspace       used 43592K, capacity 44366K, committed 44720K, reserved 1089536K
  class space    used 5279K, capacity 5488K, committed 5552K, reserved 1048576K
}
Event: 4.664 GC heap before
{Heap before GC invocations=9 (full 2):
 PSYoungGen      total 148992K, used 148971K [0x00000000d6780000, 0x00000000e4800000, 0x0000000100000000)
  eden space 133120K, 100% used [0x00000000d6780000,0x00000000de980000,0x00000000de980000)
  from space 15872K, 99% used [0x00000000e0200000,0x00000000e117ac00,0x00000000e1180000)
  to   space 25088K, 0% used [0x00000000de980000,0x00000000de980000,0x00000000e0200000)
 ParOldGen       total 111104K, used 32277K [0x0000000083600000, 0x000000008a280000, 0x00000000d6780000)
  object space 111104K, 29% used [0x0000000083600000,0x00000000855854b0,0x000000008a280000)
 Metaspace       used 45306K, capacity 46240K, committed 46640K, reserved 1089536K
  class space    used 5333K, capacity 5567K, committed 5680K, reserved 1048576K
Event: 4.698 GC heap after
Heap after GC invocations=9 (full 2):
 PSYoungGen      total 158208K, used 25057K [0x00000000d6780000, 0x00000000e6380000, 0x0000000100000000)
  eden space 133120K, 0% used [0x00000000d6780000,0x00000000d6780000,0x00000000de980000)
  from space 25088K, 99% used [0x00000000de980000,0x00000000e01f8770,0x00000000e0200000)
  to   space 34816K, 0% used [0x00000000e4180000,0x00000000e4180000,0x00000000e6380000)
 ParOldGen       total 111104K, used 43997K [0x0000000083600000, 0x000000008a280000, 0x00000000d6780000)
  object space 111104K, 39% used [0x0000000083600000,0x00000000860f7540,0x000000008a280000)
 Metaspace       used 45306K, capacity 46240K, committed 46640K, reserved 1089536K
  class space    used 5333K, capacity 5567K, committed 5680K, reserved 1048576K
}
Event: 6.690 GC heap before
{Heap before GC invocations=10 (full 2):
 PSYoungGen      total 158208K, used 158177K [0x00000000d6780000, 0x00000000e6380000, 0x0000000100000000)
  eden space 133120K, 100% used [0x00000000d6780000,0x00000000de980000,0x00000000de980000)
  from space 25088K, 99% used [0x00000000de980000,0x00000000e01f8770,0x00000000e0200000)
  to   space 34816K, 0% used [0x00000000e4180000,0x00000000e4180000,0x00000000e6380000)
 ParOldGen       total 111104K, used 43997K [0x0000000083600000, 0x000000008a280000, 0x00000000d6780000)
  object space 111104K, 39% used [0x0000000083600000,0x00000000860f7540,0x000000008a280000)
 Metaspace       used 50728K, capacity 51662K, committed 52144K, reserved 1095680K
  class space    used 5953K, capacity 6196K, committed 6320K, reserved 1048576K
Event: 6.723 GC heap after
Heap after GC invocations=10 (full 2):
 PSYoungGen      total 215552K, used 34785K [0x00000000d6780000, 0x00000000e7100000, 0x0000000100000000)
  eden space 180736K, 0% used [0x00000000d6780000,0x00000000d6780000,0x00000000e1800000)
  from space 34816K, 99% used [0x00000000e4180000,0x00000000e6378430,0x00000000e6380000)
  to   space 42496K, 0% used [0x00000000e1800000,0x00000000e1800000,0x00000000e4180000)
 ParOldGen       total 111104K, used 47608K [0x0000000083600000, 0x000000008a280000, 0x00000000d6780000)
  object space 111104K, 42% used [0x0000000083600000,0x000000008647e3c8,0x000000008a280000)
 Metaspace       used 50728K, capacity 51662K, committed 52144K, reserved 1095680K
  class space    used 5953K, capacity 6196K, committed 6320K, reserved 1048576K
}

