# JRE version: OpenJDK Runtime Environment (8.0_242-b01) (build 1.8.0_242-release-1644-b01)
# Java VM: OpenJDK 64-Bit Server VM (25.242-b01 mixed mode windows-amd64 compressed oops)
Heap:
 PSYoungGen      total 235520K, used 65794K [0x00000000d5580000, 0x00000000e6e80000, 0x0000000100000000)
  eden space 222720K, 23% used [0x00000000d5580000,0x00000000d8945460,0x00000000e2f00000)
  from space 12800K, 99% used [0x00000000e6200000,0x00000000e6e7b4f0,0x00000000e6e80000)
  to   space 16384K, 0% used [0x00000000e4e80000,0x00000000e4e80000,0x00000000e5e80000)
 ParOldGen       total 84992K, used 45567K [0x0000000080000000, 0x0000000085300000, 0x00000000d5580000)
  object space 84992K, 53% used [0x0000000080000000,0x0000000082c7ffa8,0x0000000085300000)
 Metaspace       used 67683K, capacity 71090K, committed 71192K, reserved 1112064K
  class space    used 9309K, capacity 9962K, committed 10032K, reserved 1048576K
GC Heap History (10 events):
Event: 3.277 GC heap before
{Heap before GC invocations=9 (full 2):
 PSYoungGen      total 239104K, used 8933K [0x00000000d5580000, 0x00000000e6e80000, 0x0000000100000000)
  eden space 222720K, 0% used [0x00000000d5580000,0x00000000d5580000,0x00000000e2f00000)
  from space 16384K, 54% used [0x00000000e4e80000,0x00000000e5739680,0x00000000e5e80000)
  to   space 12800K, 0% used [0x00000000e6200000,0x00000000e6200000,0x00000000e6e80000)
 ParOldGen       total 58368K, used 10469K [0x0000000080000000, 0x0000000083900000, 0x00000000d5580000)
  object space 58368K, 17% used [0x0000000080000000,0x0000000080a397e0,0x0000000083900000)
 Metaspace       used 34245K, capacity 35424K, committed 35496K, reserved 1079296K
  class space    used 4722K, capacity 5005K, committed 5040K, reserved 1048576K
Event: 3.326 GC heap after
Heap after GC invocations=9 (full 2):
 PSYoungGen      total 239104K, used 0K [0x00000000d5580000, 0x00000000e6e80000, 0x0000000100000000)
  eden space 222720K, 0% used [0x00000000d5580000,0x00000000d5580000,0x00000000e2f00000)
  from space 16384K, 0% used [0x00000000e4e80000,0x00000000e4e80000,0x00000000e5e80000)
  to   space 12800K, 0% used [0x00000000e6200000,0x00000000e6200000,0x00000000e6e80000)
 ParOldGen       total 84992K, used 15181K [0x0000000080000000, 0x0000000085300000, 0x00000000d5580000)
  object space 84992K, 17% used [0x0000000080000000,0x0000000080ed36f0,0x0000000085300000)
 Metaspace       used 34245K, capacity 35424K, committed 35496K, reserved 1079296K
  class space    used 4722K, capacity 5005K, committed 5040K, reserved 1048576K
}
Event: 4.349 GC heap before
{Heap before GC invocations=10 (full 2):
 PSYoungGen      total 239104K, used 222720K [0x00000000d5580000, 0x00000000e6e80000, 0x0000000100000000)
  eden space 222720K, 100% used [0x00000000d5580000,0x00000000e2f00000,0x00000000e2f00000)
  from space 16384K, 0% used [0x00000000e4e80000,0x00000000e4e80000,0x00000000e5e80000)
  to   space 12800K, 0% used [0x00000000e6200000,0x00000000e6200000,0x00000000e6e80000)
 ParOldGen       total 84992K, used 15181K [0x0000000080000000, 0x0000000085300000, 0x00000000d5580000)
  object space 84992K, 17% used [0x0000000080000000,0x0000000080ed36f0,0x0000000085300000)
 Metaspace       used 44490K, capacity 46378K, committed 46632K, reserved 1089536K
  class space    used 6045K, capacity 6426K, committed 6448K, reserved 1048576K
Event: 4.360 GC heap after
Heap after GC invocations=10 (full 2):
 PSYoungGen      total 235520K, used 12792K [0x00000000d5580000, 0x00000000e6e80000, 0x0000000100000000)
  eden space 222720K, 0% used [0x00000000d5580000,0x00000000d5580000,0x00000000e2f00000)
  from space 12800K, 99% used [0x00000000e6200000,0x00000000e6e7e3f0,0x00000000e6e80000)
  to   space 16384K, 0% used [0x00000000e4e80000,0x00000000e4e80000,0x00000000e5e80000)
 ParOldGen       total 84992K, used 17603K [0x0000000080000000, 0x0000000085300000, 0x00000000d5580000)
  object space 84992K, 20% used [0x0000000080000000,0x0000000081130ef0,0x0000000085300000)
 Metaspace       used 44490K, capacity 46378K, committed 46632K, reserved 1089536K
  class space    used 6045K, capacity 6426K, committed 6448K, reserved 1048576K
}
Event: 5.490 GC heap before
{Heap before GC invocations=11 (full 2):
 PSYoungGen      total 235520K, used 168593K [0x00000000d5580000, 0x00000000e6e80000, 0x0000000100000000)
  eden space 222720K, 69% used [0x00000000d5580000,0x00000000deda6328,0x00000000e2f00000)
  from space 12800K, 99% used [0x00000000e6200000,0x00000000e6e7e3f0,0x00000000e6e80000)
  to   space 16384K, 0% used [0x00000000e4e80000,0x00000000e4e80000,0x00000000e5e80000)
 ParOldGen       total 84992K, used 17603K [0x0000000080000000, 0x0000000085300000, 0x00000000d5580000)
  object space 84992K, 20% used [0x0000000080000000,0x0000000081130ef0,0x0000000085300000)
 Metaspace       used 56756K, capacity 59090K, committed 59160K, reserved 1101824K
  class space    used 7702K, capacity 8190K, committed 8240K, reserved 1048576K
Event: 5.510 GC heap after
Heap after GC invocations=11 (full 2):
 PSYoungGen      total 239104K, used 16380K [0x00000000d5580000, 0x00000000e6e80000, 0x0000000100000000)
  eden space 222720K, 0% used [0x00000000d5580000,0x00000000d5580000,0x00000000e2f00000)
  from space 16384K, 99% used [0x00000000e4e80000,0x00000000e5e7f300,0x00000000e5e80000)
  to   space 12800K, 0% used [0x00000000e6200000,0x00000000e6200000,0x00000000e6e80000)
 ParOldGen       total 84992K, used 27396K [0x0000000080000000, 0x0000000085300000, 0x00000000d5580000)
  object space 84992K, 32% used [0x0000000080000000,0x0000000081ac1358,0x0000000085300000)
 Metaspace       used 56756K, capacity 59090K, committed 59160K, reserved 1101824K
  class space    used 7702K, capacity 8190K, committed 8240K, reserved 1048576K
}
Event: 5.510 GC heap before
{Heap before GC invocations=12 (full 3):
 PSYoungGen      total 239104K, used 16380K [0x00000000d5580000, 0x00000000e6e80000, 0x0000000100000000)
  eden space 222720K, 0% used [0x00000000d5580000,0x00000000d5580000,0x00000000e2f00000)
  from space 16384K, 99% used [0x00000000e4e80000,0x00000000e5e7f300,0x00000000e5e80000)
  to   space 12800K, 0% used [0x00000000e6200000,0x00000000e6200000,0x00000000e6e80000)
 ParOldGen       total 84992K, used 27396K [0x0000000080000000, 0x0000000085300000, 0x00000000d5580000)
  object space 84992K, 32% used [0x0000000080000000,0x0000000081ac1358,0x0000000085300000)
 Metaspace       used 56756K, capacity 59090K, committed 59160K, reserved 1101824K
  class space    used 7702K, capacity 8190K, committed 8240K, reserved 1048576K
Event: 5.660 GC heap after
Heap after GC invocations=12 (full 3):
 PSYoungGen      total 239104K, used 0K [0x00000000d5580000, 0x00000000e6e80000, 0x0000000100000000)
  eden space 222720K, 0% used [0x00000000d5580000,0x00000000d5580000,0x00000000e2f00000)
  from space 16384K, 0% used [0x00000000e4e80000,0x00000000e4e80000,0x00000000e5e80000)
  to   space 12800K, 0% used [0x00000000e6200000,0x00000000e6200000,0x00000000e6e80000)
 ParOldGen       total 84992K, used 38485K [0x0000000080000000, 0x0000000085300000, 0x00000000d5580000)
  object space 84992K, 45% used [0x0000000080000000,0x0000000082595738,0x0000000085300000)
 Metaspace       used 56716K, capacity 58952K, committed 59160K, reserved 1101824K
  class space    used 7690K, capacity 8167K, committed 8240K, reserved 1048576K
}
Event: 7.277 GC heap before
{Heap before GC invocations=13 (full 3):
 PSYoungGen      total 239104K, used 222720K [0x00000000d5580000, 0x00000000e6e80000, 0x0000000100000000)
  eden space 222720K, 100% used [0x00000000d5580000,0x00000000e2f00000,0x00000000e2f00000)
  from space 16384K, 0% used [0x00000000e4e80000,0x00000000e4e80000,0x00000000e5e80000)
  to   space 12800K, 0% used [0x00000000e6200000,0x00000000e6200000,0x00000000e6e80000)
 ParOldGen       total 84992K, used 38485K [0x0000000080000000, 0x0000000085300000, 0x00000000d5580000)
  object space 84992K, 45% used [0x0000000080000000,0x0000000082595738,0x0000000085300000)
 Metaspace       used 65865K, capacity 69276K, committed 69400K, reserved 1110016K
  class space    used 9062K, capacity 9731K, committed 9776K, reserved 1048576K
Event: 7.294 GC heap after
Heap after GC invocations=13 (full 3):
 PSYoungGen      total 235520K, used 12781K [0x00000000d5580000, 0x00000000e6e80000, 0x0000000100000000)
  eden space 222720K, 0% used [0x00000000d5580000,0x00000000d5580000,0x00000000e2f00000)
  from space 12800K, 99% used [0x00000000e6200000,0x00000000e6e7b4f0,0x00000000e6e80000)
  to   space 16384K, 0% used [0x00000000e4e80000,0x00000000e4e80000,0x00000000e5e80000)
 ParOldGen       total 84992K, used 45567K [0x0000000080000000, 0x0000000085300000, 0x00000000d5580000)
  object space 84992K, 53% used [0x0000000080000000,0x0000000082c7ffa8,0x0000000085300000)
 Metaspace       used 65865K, capacity 69276K, committed 69400K, reserved 1110016K
  class space    used 9062K, capacity 9731K, committed 9776K, reserved 1048576K
}

