# JRE version: OpenJDK Runtime Environment (8.0_242-b01) (build 1.8.0_242-release-1644-b01)
# Java VM: OpenJDK 64-Bit Server VM (25.242-b01 mixed mode windows-amd64 compressed oops)
Heap:
 PSYoungGen      total 425472K, used 258758K [0x00000000d5580000, 0x00000000f2f80000, 0x0000000100000000)
  eden space 381440K, 67% used [0x00000000d5580000,0x00000000e52319b8,0x00000000eca00000)
  from space 44032K, 0% used [0x00000000eca00000,0x00000000eca00000,0x00000000ef500000)
  to   space 33280K, 0% used [0x00000000ef500000,0x00000000ef500000,0x00000000f1580000)
 ParOldGen       total 120320K, used 67727K [0x0000000080000000, 0x0000000087580000, 0x00000000d5580000)
  object space 120320K, 56% used [0x0000000080000000,0x0000000084223e78,0x0000000087580000)
 Metaspace       used 102086K, capacity 107264K, committed 110232K, reserved 1144832K
  class space    used 13309K, capacity 14292K, committed 15280K, reserved 1048576K
GC Heap History (10 events):
Event: 42.799 GC heap before
{Heap before GC invocations=24 (full 3):
 PSYoungGen      total 414720K, used 269308K [0x00000000d5580000, 0x00000000f2f80000, 0x0000000100000000)
  eden space 381440K, 61% used [0x00000000d5580000,0x00000000e3c06400,0x00000000eca00000)
  from space 33280K, 99% used [0x00000000ef500000,0x00000000f1578e28,0x00000000f1580000)
  to   space 44032K, 0% used [0x00000000eca00000,0x00000000eca00000,0x00000000ef500000)
 ParOldGen       total 120320K, used 93095K [0x0000000080000000, 0x0000000087580000, 0x00000000d5580000)
  object space 120320K, 77% used [0x0000000080000000,0x0000000085ae9e98,0x0000000087580000)
 Metaspace       used 91730K, capacity 98488K, committed 98584K, reserved 1134592K
  class space    used 12495K, capacity 13835K, committed 13872K, reserved 1048576K
Event: 42.964 GC heap after
Heap after GC invocations=24 (full 3):
 PSYoungGen      total 425472K, used 29855K [0x00000000d5580000, 0x00000000f2f80000, 0x0000000100000000)
  eden space 381440K, 0% used [0x00000000d5580000,0x00000000d5580000,0x00000000eca00000)
  from space 44032K, 67% used [0x00000000eca00000,0x00000000ee727c18,0x00000000ef500000)
  to   space 33280K, 0% used [0x00000000ef500000,0x00000000ef500000,0x00000000f1580000)
 ParOldGen       total 120320K, used 97845K [0x0000000080000000, 0x0000000087580000, 0x00000000d5580000)
  object space 120320K, 81% used [0x0000000080000000,0x0000000085f8d598,0x0000000087580000)
 Metaspace       used 91730K, capacity 98488K, committed 98584K, reserved 1134592K
  class space    used 12495K, capacity 13835K, committed 13872K, reserved 1048576K
}
Event: 42.964 GC heap before
{Heap before GC invocations=25 (full 4):
 PSYoungGen      total 425472K, used 29855K [0x00000000d5580000, 0x00000000f2f80000, 0x0000000100000000)
  eden space 381440K, 0% used [0x00000000d5580000,0x00000000d5580000,0x00000000eca00000)
  from space 44032K, 67% used [0x00000000eca00000,0x00000000ee727c18,0x00000000ef500000)
  to   space 33280K, 0% used [0x00000000ef500000,0x00000000ef500000,0x00000000f1580000)
 ParOldGen       total 120320K, used 97845K [0x0000000080000000, 0x0000000087580000, 0x00000000d5580000)
  object space 120320K, 81% used [0x0000000080000000,0x0000000085f8d598,0x0000000087580000)
 Metaspace       used 91730K, capacity 98488K, committed 98584K, reserved 1134592K
  class space    used 12495K, capacity 13835K, committed 13872K, reserved 1048576K
Event: 43.636 GC heap after
Heap after GC invocations=25 (full 4):
 PSYoungGen      total 425472K, used 0K [0x00000000d5580000, 0x00000000f2f80000, 0x0000000100000000)
  eden space 381440K, 0% used [0x00000000d5580000,0x00000000d5580000,0x00000000eca00000)
  from space 44032K, 0% used [0x00000000eca00000,0x00000000eca00000,0x00000000ef500000)
  to   space 33280K, 0% used [0x00000000ef500000,0x00000000ef500000,0x00000000f1580000)
 ParOldGen       total 120320K, used 71519K [0x0000000080000000, 0x0000000087580000, 0x00000000d5580000)
  object space 120320K, 59% used [0x0000000080000000,0x00000000845d7cf8,0x0000000087580000)
 Metaspace       used 90091K, capacity 94748K, committed 98584K, reserved 1134592K
  class space    used 11904K, capacity 12773K, committed 13872K, reserved 1048576K
}
Event: 49.360 GC heap before
{Heap before GC invocations=26 (full 4):
 PSYoungGen      total 425472K, used 381250K [0x00000000d5580000, 0x00000000f2f80000, 0x0000000100000000)
  eden space 381440K, 99% used [0x00000000d5580000,0x00000000ec9d0ad8,0x00000000eca00000)
  from space 44032K, 0% used [0x00000000eca00000,0x00000000eca00000,0x00000000ef500000)
  to   space 33280K, 0% used [0x00000000ef500000,0x00000000ef500000,0x00000000f1580000)
 ParOldGen       total 120320K, used 71519K [0x0000000080000000, 0x0000000087580000, 0x00000000d5580000)
  object space 120320K, 59% used [0x0000000080000000,0x00000000845d7cf8,0x0000000087580000)
 Metaspace       used 94949K, capacity 99892K, committed 103448K, reserved 1138688K
  class space    used 12393K, capacity 13305K, committed 14384K, reserved 1048576K
Event: 49.410 GC heap after
Heap after GC invocations=26 (full 4):
 PSYoungGen      total 414720K, used 33257K [0x00000000d5580000, 0x00000000f2f80000, 0x0000000100000000)
  eden space 381440K, 0% used [0x00000000d5580000,0x00000000d5580000,0x00000000eca00000)
  from space 33280K, 99% used [0x00000000ef500000,0x00000000f157a540,0x00000000f1580000)
  to   space 44032K, 0% used [0x00000000eca00000,0x00000000eca00000,0x00000000ef500000)
 ParOldGen       total 120320K, used 88287K [0x0000000080000000, 0x0000000087580000, 0x00000000d5580000)
  object space 120320K, 73% used [0x0000000080000000,0x0000000085637ce0,0x0000000087580000)
 Metaspace       used 94949K, capacity 99892K, committed 103448K, reserved 1138688K
  class space    used 12393K, capacity 13305K, committed 14384K, reserved 1048576K
}
Event: 72.255 GC heap before
{Heap before GC invocations=27 (full 4):
 PSYoungGen      total 414720K, used 414697K [0x00000000d5580000, 0x00000000f2f80000, 0x0000000100000000)
  eden space 381440K, 100% used [0x00000000d5580000,0x00000000eca00000,0x00000000eca00000)
  from space 33280K, 99% used [0x00000000ef500000,0x00000000f157a540,0x00000000f1580000)
  to   space 44032K, 0% used [0x00000000eca00000,0x00000000eca00000,0x00000000ef500000)
 ParOldGen       total 120320K, used 88287K [0x0000000080000000, 0x0000000087580000, 0x00000000d5580000)
  object space 120320K, 73% used [0x0000000080000000,0x0000000085637ce0,0x0000000087580000)
 Metaspace       used 101264K, capacity 106300K, committed 109592K, reserved 1144832K
  class space    used 13197K, capacity 14162K, committed 15152K, reserved 1048576K
Event: 72.312 GC heap after
Heap after GC invocations=27 (full 4):
 PSYoungGen      total 425472K, used 44013K [0x00000000d5580000, 0x00000000f2f80000, 0x0000000100000000)
  eden space 381440K, 0% used [0x00000000d5580000,0x00000000d5580000,0x00000000eca00000)
  from space 44032K, 99% used [0x00000000eca00000,0x00000000ef4fb410,0x00000000ef500000)
  to   space 33280K, 0% used [0x00000000ef500000,0x00000000ef500000,0x00000000f1580000)
 ParOldGen       total 120320K, used 115401K [0x0000000080000000, 0x0000000087580000, 0x00000000d5580000)
  object space 120320K, 95% used [0x0000000080000000,0x00000000870b2790,0x0000000087580000)
 Metaspace       used 101264K, capacity 106300K, committed 109592K, reserved 1144832K
  class space    used 13197K, capacity 14162K, committed 15152K, reserved 1048576K
}
Event: 72.313 GC heap before
{Heap before GC invocations=28 (full 5):
 PSYoungGen      total 425472K, used 44013K [0x00000000d5580000, 0x00000000f2f80000, 0x0000000100000000)
  eden space 381440K, 0% used [0x00000000d5580000,0x00000000d5580000,0x00000000eca00000)
  from space 44032K, 99% used [0x00000000eca00000,0x00000000ef4fb410,0x00000000ef500000)
  to   space 33280K, 0% used [0x00000000ef500000,0x00000000ef500000,0x00000000f1580000)
 ParOldGen       total 120320K, used 115401K [0x0000000080000000, 0x0000000087580000, 0x00000000d5580000)
  object space 120320K, 95% used [0x0000000080000000,0x00000000870b2790,0x0000000087580000)
 Metaspace       used 101264K, capacity 106300K, committed 109592K, reserved 1144832K
  class space    used 13197K, capacity 14162K, committed 15152K, reserved 1048576K
Event: 73.402 GC heap after
Heap after GC invocations=28 (full 5):
 PSYoungGen      total 425472K, used 0K [0x00000000d5580000, 0x00000000f2f80000, 0x0000000100000000)
  eden space 381440K, 0% used [0x00000000d5580000,0x00000000d5580000,0x00000000eca00000)
  from space 44032K, 0% used [0x00000000eca00000,0x00000000eca00000,0x00000000ef500000)
  to   space 33280K, 0% used [0x00000000ef500000,0x00000000ef500000,0x00000000f1580000)
 ParOldGen       total 120320K, used 67727K [0x0000000080000000, 0x0000000087580000, 0x00000000d5580000)
  object space 120320K, 56% used [0x0000000080000000,0x0000000084223e78,0x0000000087580000)
 Metaspace       used 101256K, capacity 106288K, committed 109592K, reserved 1144832K
  class space    used 13196K, capacity 14160K, committed 15152K, reserved 1048576K
}

