# JRE version: OpenJDK Runtime Environment (8.0_242-b01) (build 1.8.0_242-release-1644-b01)
# Java VM: OpenJDK 64-Bit Server VM (25.242-b01 mixed mode windows-amd64 compressed oops)
Heap:
 PSYoungGen      total 329216K, used 72903K [0x00000000d5580000, 0x00000000f0300000, 0x0000000100000000)
  eden space 296960K, 24% used [0x00000000d5580000,0x00000000d9cb1cd0,0x00000000e7780000)
  from space 32256K, 0% used [0x00000000eac80000,0x00000000eac80000,0x00000000ecc00000)
  to   space 54272K, 0% used [0x00000000e7780000,0x00000000e7780000,0x00000000eac80000)
 ParOldGen       total 215040K, used 65373K [0x0000000080000000, 0x000000008d200000, 0x00000000d5580000)
  object space 215040K, 30% used [0x0000000080000000,0x0000000083fd77c0,0x000000008d200000)
 Metaspace       used 95631K, capacity 100090K, committed 100352K, reserved 1136640K
  class space    used 12673K, capacity 13531K, committed 13568K, reserved 1048576K
GC Heap History (10 events):
Event: 14.414 GC heap before
{Heap before GC invocations=17 (full 3):
 PSYoungGen      total 243200K, used 242477K [0x00000000d5580000, 0x00000000e8d80000, 0x0000000100000000)
  eden space 223744K, 100% used [0x00000000d5580000,0x00000000e3000000,0x00000000e3000000)
  from space 19456K, 96% used [0x00000000e3000000,0x00000000e424b4d8,0x00000000e4300000)
  to   space 22016K, 0% used [0x00000000e7800000,0x00000000e7800000,0x00000000e8d80000)
 ParOldGen       total 114176K, used 32917K [0x0000000080000000, 0x0000000086f80000, 0x00000000d5580000)
  object space 114176K, 28% used [0x0000000080000000,0x00000000820256a8,0x0000000086f80000)
 Metaspace       used 73910K, capacity 77552K, committed 77696K, reserved 1116160K
  class space    used 9795K, capacity 10509K, committed 10624K, reserved 1048576K
Event: 14.437 GC heap after
Heap after GC invocations=17 (full 3):
 PSYoungGen      total 289792K, used 22012K [0x00000000d5580000, 0x00000000e9880000, 0x0000000100000000)
  eden space 267776K, 0% used [0x00000000d5580000,0x00000000d5580000,0x00000000e5b00000)
  from space 22016K, 99% used [0x00000000e7800000,0x00000000e8d7f0a0,0x00000000e8d80000)
  to   space 29696K, 0% used [0x00000000e5b00000,0x00000000e5b00000,0x00000000e7800000)
 ParOldGen       total 114176K, used 44789K [0x0000000080000000, 0x0000000086f80000, 0x00000000d5580000)
  object space 114176K, 39% used [0x0000000080000000,0x0000000082bbd5a0,0x0000000086f80000)
 Metaspace       used 73910K, capacity 77552K, committed 77696K, reserved 1116160K
  class space    used 9795K, capacity 10509K, committed 10624K, reserved 1048576K
}
Event: 17.095 GC heap before
{Heap before GC invocations=18 (full 3):
 PSYoungGen      total 289792K, used 289788K [0x00000000d5580000, 0x00000000e9880000, 0x0000000100000000)
  eden space 267776K, 100% used [0x00000000d5580000,0x00000000e5b00000,0x00000000e5b00000)
  from space 22016K, 99% used [0x00000000e7800000,0x00000000e8d7f0a0,0x00000000e8d80000)
  to   space 29696K, 0% used [0x00000000e5b00000,0x00000000e5b00000,0x00000000e7800000)
 ParOldGen       total 114176K, used 44789K [0x0000000080000000, 0x0000000086f80000, 0x00000000d5580000)
  object space 114176K, 39% used [0x0000000080000000,0x0000000082bbd5a0,0x0000000086f80000)
 Metaspace       used 80310K, capacity 84272K, committed 84352K, reserved 1122304K
  class space    used 10572K, capacity 11319K, committed 11392K, reserved 1048576K
Event: 17.121 GC heap after
Heap after GC invocations=18 (full 3):
 PSYoungGen      total 297472K, used 24079K [0x00000000d5580000, 0x00000000ecc00000, 0x0000000100000000)
  eden space 267776K, 0% used [0x00000000d5580000,0x00000000d5580000,0x00000000e5b00000)
  from space 29696K, 81% used [0x00000000e5b00000,0x00000000e7283d50,0x00000000e7800000)
  to   space 32256K, 0% used [0x00000000eac80000,0x00000000eac80000,0x00000000ecc00000)
 ParOldGen       total 114176K, used 65807K [0x0000000080000000, 0x0000000086f80000, 0x00000000d5580000)
  object space 114176K, 57% used [0x0000000080000000,0x0000000084043de8,0x0000000086f80000)
 Metaspace       used 80310K, capacity 84272K, committed 84352K, reserved 1122304K
  class space    used 10572K, capacity 11319K, committed 11392K, reserved 1048576K
}
Event: 18.481 GC heap before
{Heap before GC invocations=19 (full 3):
 PSYoungGen      total 297472K, used 291855K [0x00000000d5580000, 0x00000000ecc00000, 0x0000000100000000)
  eden space 267776K, 100% used [0x00000000d5580000,0x00000000e5b00000,0x00000000e5b00000)
  from space 29696K, 81% used [0x00000000e5b00000,0x00000000e7283d50,0x00000000e7800000)
  to   space 32256K, 0% used [0x00000000eac80000,0x00000000eac80000,0x00000000ecc00000)
 ParOldGen       total 114176K, used 65807K [0x0000000080000000, 0x0000000086f80000, 0x00000000d5580000)
  object space 114176K, 57% used [0x0000000080000000,0x0000000084043de8,0x0000000086f80000)
 Metaspace       used 85795K, capacity 90390K, committed 90496K, reserved 1128448K
  class space    used 11460K, capacity 12358K, committed 12416K, reserved 1048576K
Event: 18.554 GC heap after
Heap after GC invocations=19 (full 3):
 PSYoungGen      total 329216K, used 32240K [0x00000000d5580000, 0x00000000f0300000, 0x0000000100000000)
  eden space 296960K, 0% used [0x00000000d5580000,0x00000000d5580000,0x00000000e7780000)
  from space 32256K, 99% used [0x00000000eac80000,0x00000000ecbfc198,0x00000000ecc00000)
  to   space 54272K, 0% used [0x00000000e7780000,0x00000000e7780000,0x00000000eac80000)
 ParOldGen       total 114176K, used 111256K [0x0000000080000000, 0x0000000086f80000, 0x00000000d5580000)
  object space 114176K, 97% used [0x0000000080000000,0x0000000086ca61c8,0x0000000086f80000)
 Metaspace       used 85795K, capacity 90390K, committed 90496K, reserved 1128448K
  class space    used 11460K, capacity 12358K, committed 12416K, reserved 1048576K
}
Event: 18.554 GC heap before
{Heap before GC invocations=20 (full 4):
 PSYoungGen      total 329216K, used 32240K [0x00000000d5580000, 0x00000000f0300000, 0x0000000100000000)
  eden space 296960K, 0% used [0x00000000d5580000,0x00000000d5580000,0x00000000e7780000)
  from space 32256K, 99% used [0x00000000eac80000,0x00000000ecbfc198,0x00000000ecc00000)
  to   space 54272K, 0% used [0x00000000e7780000,0x00000000e7780000,0x00000000eac80000)
 ParOldGen       total 114176K, used 111256K [0x0000000080000000, 0x0000000086f80000, 0x00000000d5580000)
  object space 114176K, 97% used [0x0000000080000000,0x0000000086ca61c8,0x0000000086f80000)
 Metaspace       used 85795K, capacity 90390K, committed 90496K, reserved 1128448K
  class space    used 11460K, capacity 12358K, committed 12416K, reserved 1048576K
Event: 19.056 GC heap after
Heap after GC invocations=20 (full 4):
 PSYoungGen      total 329216K, used 4579K [0x00000000d5580000, 0x00000000f0300000, 0x0000000100000000)
  eden space 296960K, 0% used [0x00000000d5580000,0x00000000d5580000,0x00000000e7780000)
  from space 32256K, 14% used [0x00000000eac80000,0x00000000eb0f8e58,0x00000000ecc00000)
  to   space 54272K, 0% used [0x00000000e7780000,0x00000000e7780000,0x00000000eac80000)
 ParOldGen       total 114176K, used 113814K [0x0000000080000000, 0x0000000086f80000, 0x00000000d5580000)
  object space 114176K, 99% used [0x0000000080000000,0x0000000086f25af8,0x0000000086f80000)
 Metaspace       used 85421K, capacity 89288K, committed 90496K, reserved 1128448K
  class space    used 11340K, capacity 12147K, committed 12416K, reserved 1048576K
}
Event: 37.134 GC heap before
{Heap before GC invocations=21 (full 5):
 PSYoungGen      total 329216K, used 301539K [0x00000000d5580000, 0x00000000f0300000, 0x0000000100000000)
  eden space 296960K, 100% used [0x00000000d5580000,0x00000000e7780000,0x00000000e7780000)
  from space 32256K, 14% used [0x00000000eac80000,0x00000000eb0f8e58,0x00000000ecc00000)
  to   space 54272K, 0% used [0x00000000e7780000,0x00000000e7780000,0x00000000eac80000)
 ParOldGen       total 114176K, used 113814K [0x0000000080000000, 0x0000000086f80000, 0x00000000d5580000)
  object space 114176K, 99% used [0x0000000080000000,0x0000000086f25af8,0x0000000086f80000)
 Metaspace       used 92703K, capacity 97022K, committed 97536K, reserved 1134592K
  class space    used 12289K, capacity 13151K, committed 13312K, reserved 1048576K
Event: 37.255 GC heap after
Heap after GC invocations=21 (full 5):
 PSYoungGen      total 329216K, used 0K [0x00000000d5580000, 0x00000000f0300000, 0x0000000100000000)
  eden space 296960K, 0% used [0x00000000d5580000,0x00000000d5580000,0x00000000e7780000)
  from space 32256K, 0% used [0x00000000eac80000,0x00000000eac80000,0x00000000ecc00000)
  to   space 54272K, 0% used [0x00000000e7780000,0x00000000e7780000,0x00000000eac80000)
 ParOldGen       total 215040K, used 65373K [0x0000000080000000, 0x000000008d200000, 0x00000000d5580000)
  object space 215040K, 30% used [0x0000000080000000,0x0000000083fd77c0,0x000000008d200000)
 Metaspace       used 92703K, capacity 97022K, committed 97536K, reserved 1134592K
  class space    used 12289K, capacity 13151K, committed 13312K, reserved 1048576K
}

