# JRE version: OpenJDK Runtime Environment (8.0_242-b01) (build 1.8.0_242-release-1644-b01)
# Java VM: OpenJDK 64-Bit Server VM (25.242-b01 mixed mode windows-amd64 compressed oops)
Heap:
 PSYoungGen      total 285696K, used 245683K [0x00000000d5580000, 0x00000000eb400000, 0x0000000100000000)
  eden space 257536K, 90% used [0x00000000d5580000,0x00000000e39ba7e8,0x00000000e5100000)
  from space 28160K, 42% used [0x00000000e5100000,0x00000000e5cb2418,0x00000000e6c80000)
  to   space 26624K, 0% used [0x00000000e9a00000,0x00000000e9a00000,0x00000000eb400000)
 ParOldGen       total 116224K, used 61789K [0x0000000080000000, 0x0000000087180000, 0x00000000d5580000)
  object space 116224K, 53% used [0x0000000080000000,0x0000000083c57440,0x0000000087180000)
 Metaspace       used 79313K, capacity 83260K, committed 83544K, reserved 1122304K
  class space    used 10339K, capacity 11065K, committed 11136K, reserved 1048576K
GC Heap History (10 events):
Event: 6.346 GC heap before
{Heap before GC invocations=14 (full 2):
 PSYoungGen      total 181248K, used 56282K [0x00000000d5580000, 0x00000000e4b80000, 0x0000000100000000)
  eden space 168448K, 25% used [0x00000000d5580000,0x00000000d7ffbf58,0x00000000dfa00000)
  from space 12800K, 99% used [0x00000000dfa00000,0x00000000e067aa20,0x00000000e0680000)
  to   space 18944K, 0% used [0x00000000e3900000,0x00000000e3900000,0x00000000e4b80000)
 ParOldGen       total 76288K, used 30568K [0x0000000080000000, 0x0000000084a80000, 0x00000000d5580000)
  object space 76288K, 40% used [0x0000000080000000,0x0000000081dda0a8,0x0000000084a80000)
 Metaspace       used 56515K, capacity 58894K, committed 59028K, reserved 1099776K
  class space    used 7663K, capacity 8162K, committed 8192K, reserved 1048576K
Event: 6.362 GC heap after
Heap after GC invocations=14 (full 2):
 PSYoungGen      total 233472K, used 5731K [0x00000000d5580000, 0x00000000e4e80000, 0x0000000100000000)
  eden space 214528K, 0% used [0x00000000d5580000,0x00000000d5580000,0x00000000e2700000)
  from space 18944K, 30% used [0x00000000e3900000,0x00000000e3e98c60,0x00000000e4b80000)
  to   space 18432K, 0% used [0x00000000e2700000,0x00000000e2700000,0x00000000e3900000)
 ParOldGen       total 76288K, used 40531K [0x0000000080000000, 0x0000000084a80000, 0x00000000d5580000)
  object space 76288K, 53% used [0x0000000080000000,0x0000000082794ff0,0x0000000084a80000)
 Metaspace       used 56515K, capacity 58894K, committed 59028K, reserved 1099776K
  class space    used 7663K, capacity 8162K, committed 8192K, reserved 1048576K
}
Event: 6.362 GC heap before
{Heap before GC invocations=15 (full 3):
 PSYoungGen      total 233472K, used 5731K [0x00000000d5580000, 0x00000000e4e80000, 0x0000000100000000)
  eden space 214528K, 0% used [0x00000000d5580000,0x00000000d5580000,0x00000000e2700000)
  from space 18944K, 30% used [0x00000000e3900000,0x00000000e3e98c60,0x00000000e4b80000)
  to   space 18432K, 0% used [0x00000000e2700000,0x00000000e2700000,0x00000000e3900000)
 ParOldGen       total 76288K, used 40531K [0x0000000080000000, 0x0000000084a80000, 0x00000000d5580000)
  object space 76288K, 53% used [0x0000000080000000,0x0000000082794ff0,0x0000000084a80000)
 Metaspace       used 56515K, capacity 58894K, committed 59028K, reserved 1099776K
  class space    used 7663K, capacity 8162K, committed 8192K, reserved 1048576K
Event: 6.509 GC heap after
Heap after GC invocations=15 (full 3):
 PSYoungGen      total 233472K, used 0K [0x00000000d5580000, 0x00000000e4e80000, 0x0000000100000000)
  eden space 214528K, 0% used [0x00000000d5580000,0x00000000d5580000,0x00000000e2700000)
  from space 18944K, 0% used [0x00000000e3900000,0x00000000e3900000,0x00000000e4b80000)
  to   space 18432K, 0% used [0x00000000e2700000,0x00000000e2700000,0x00000000e3900000)
 ParOldGen       total 116224K, used 33124K [0x0000000080000000, 0x0000000087180000, 0x00000000d5580000)
  object space 116224K, 28% used [0x0000000080000000,0x0000000082059310,0x0000000087180000)
 Metaspace       used 56466K, capacity 58726K, committed 59028K, reserved 1099776K
  class space    used 7647K, capacity 8134K, committed 8192K, reserved 1048576K
}
Event: 10.233 GC heap before
{Heap before GC invocations=16 (full 3):
 PSYoungGen      total 233472K, used 214528K [0x00000000d5580000, 0x00000000e4e80000, 0x0000000100000000)
  eden space 214528K, 100% used [0x00000000d5580000,0x00000000e2700000,0x00000000e2700000)
  from space 18944K, 0% used [0x00000000e3900000,0x00000000e3900000,0x00000000e4b80000)
  to   space 18432K, 0% used [0x00000000e2700000,0x00000000e2700000,0x00000000e3900000)
 ParOldGen       total 116224K, used 33124K [0x0000000080000000, 0x0000000087180000, 0x00000000d5580000)
  object space 116224K, 28% used [0x0000000080000000,0x0000000082059310,0x0000000087180000)
 Metaspace       used 68275K, capacity 71206K, committed 71512K, reserved 1112064K
  class space    used 9167K, capacity 9730K, committed 9856K, reserved 1048576K
Event: 10.261 GC heap after
Heap after GC invocations=16 (full 3):
 PSYoungGen      total 232960K, used 18142K [0x00000000d5580000, 0x00000000e8100000, 0x0000000100000000)
  eden space 214528K, 0% used [0x00000000d5580000,0x00000000d5580000,0x00000000e2700000)
  from space 18432K, 98% used [0x00000000e2700000,0x00000000e38b7a18,0x00000000e3900000)
  to   space 20992K, 0% used [0x00000000e6c80000,0x00000000e6c80000,0x00000000e8100000)
 ParOldGen       total 116224K, used 33132K [0x0000000080000000, 0x0000000087180000, 0x00000000d5580000)
  object space 116224K, 28% used [0x0000000080000000,0x000000008205b310,0x0000000087180000)
 Metaspace       used 68275K, capacity 71206K, committed 71512K, reserved 1112064K
  class space    used 9167K, capacity 9730K, committed 9856K, reserved 1048576K
}
Event: 12.053 GC heap before
{Heap before GC invocations=17 (full 3):
 PSYoungGen      total 232960K, used 232670K [0x00000000d5580000, 0x00000000e8100000, 0x0000000100000000)
  eden space 214528K, 100% used [0x00000000d5580000,0x00000000e2700000,0x00000000e2700000)
  from space 18432K, 98% used [0x00000000e2700000,0x00000000e38b7a18,0x00000000e3900000)
  to   space 20992K, 0% used [0x00000000e6c80000,0x00000000e6c80000,0x00000000e8100000)
 ParOldGen       total 116224K, used 33132K [0x0000000080000000, 0x0000000087180000, 0x00000000d5580000)
  object space 116224K, 28% used [0x0000000080000000,0x000000008205b310,0x0000000087180000)
 Metaspace       used 72914K, capacity 76656K, committed 76760K, reserved 1116160K
  class space    used 9694K, capacity 10421K, committed 10496K, reserved 1048576K
Event: 12.081 GC heap after
Heap after GC invocations=17 (full 3):
 PSYoungGen      total 278528K, used 20981K [0x00000000d5580000, 0x00000000e8c80000, 0x0000000100000000)
  eden space 257536K, 0% used [0x00000000d5580000,0x00000000d5580000,0x00000000e5100000)
  from space 20992K, 99% used [0x00000000e6c80000,0x00000000e80fd560,0x00000000e8100000)
  to   space 28160K, 0% used [0x00000000e5100000,0x00000000e5100000,0x00000000e6c80000)
 ParOldGen       total 116224K, used 43715K [0x0000000080000000, 0x0000000087180000, 0x00000000d5580000)
  object space 116224K, 37% used [0x0000000080000000,0x0000000082ab0c00,0x0000000087180000)
 Metaspace       used 72914K, capacity 76656K, committed 76760K, reserved 1116160K
  class space    used 9694K, capacity 10421K, committed 10496K, reserved 1048576K
}
Event: 25.668 GC heap before
{Heap before GC invocations=18 (full 3):
 PSYoungGen      total 278528K, used 278517K [0x00000000d5580000, 0x00000000e8c80000, 0x0000000100000000)
  eden space 257536K, 100% used [0x00000000d5580000,0x00000000e5100000,0x00000000e5100000)
  from space 20992K, 99% used [0x00000000e6c80000,0x00000000e80fd560,0x00000000e8100000)
  to   space 28160K, 0% used [0x00000000e5100000,0x00000000e5100000,0x00000000e6c80000)
 ParOldGen       total 116224K, used 43715K [0x0000000080000000, 0x0000000087180000, 0x00000000d5580000)
  object space 116224K, 37% used [0x0000000080000000,0x0000000082ab0c00,0x0000000087180000)
 Metaspace       used 78695K, capacity 82506K, committed 82776K, reserved 1120256K
  class space    used 10331K, capacity 11052K, committed 11136K, reserved 1048576K
Event: 25.695 GC heap after
Heap after GC invocations=18 (full 3):
 PSYoungGen      total 285696K, used 11977K [0x00000000d5580000, 0x00000000eb400000, 0x0000000100000000)
  eden space 257536K, 0% used [0x00000000d5580000,0x00000000d5580000,0x00000000e5100000)
  from space 28160K, 42% used [0x00000000e5100000,0x00000000e5cb2418,0x00000000e6c80000)
  to   space 26624K, 0% used [0x00000000e9a00000,0x00000000e9a00000,0x00000000eb400000)
 ParOldGen       total 116224K, used 61789K [0x0000000080000000, 0x0000000087180000, 0x00000000d5580000)
  object space 116224K, 53% used [0x0000000080000000,0x0000000083c57440,0x0000000087180000)
 Metaspace       used 78695K, capacity 82506K, committed 82776K, reserved 1120256K
  class space    used 10331K, capacity 11052K, committed 11136K, reserved 1048576K
}

