# JRE version: OpenJDK Runtime Environment (8.0_242-b01) (build 1.8.0_242-release-1644-b01)
# Java VM: OpenJDK 64-Bit Server VM (25.242-b01 mixed mode windows-amd64 compressed oops)
Heap:
 PSYoungGen      total 490496K, used 400377K [0x00000000d5580000, 0x00000000f8300000, 0x0000000100000000)
  eden space 437760K, 85% used [0x00000000d5580000,0x00000000ec21f850,0x00000000f0100000)
  from space 52736K, 51% used [0x00000000f4f80000,0x00000000f69dec58,0x00000000f8300000)
  to   space 66560K, 0% used [0x00000000f0100000,0x00000000f0100000,0x00000000f4200000)
 ParOldGen       total 251904K, used 150888K [0x0000000080000000, 0x000000008f600000, 0x00000000d5580000)
  object space 251904K, 59% used [0x0000000080000000,0x000000008935a390,0x000000008f600000)
 Metaspace       used 103238K, capacity 108726K, committed 108888K, reserved 1144832K
  class space    used 13431K, capacity 14457K, committed 14464K, reserved 1048576K
GC Heap History (10 events):
Event: 34.800 GC heap before
{Heap before GC invocations=22 (full 4):
 PSYoungGen      total 360448K, used 340594K [0x00000000d5580000, 0x00000000f1880000, 0x0000000100000000)
  eden space 303104K, 100% used [0x00000000d5580000,0x00000000e7d80000,0x00000000e7d80000)
  from space 57344K, 65% used [0x00000000e7d80000,0x00000000ea21c850,0x00000000eb580000)
  to   space 59904K, 0% used [0x00000000ede00000,0x00000000ede00000,0x00000000f1880000)
 ParOldGen       total 251904K, used 128571K [0x0000000080000000, 0x000000008f600000, 0x00000000d5580000)
  object space 251904K, 51% used [0x0000000080000000,0x0000000087d8ec38,0x000000008f600000)
 Metaspace       used 96006K, capacity 100968K, committed 101208K, reserved 1136640K
  class space    used 12912K, capacity 13846K, committed 13952K, reserved 1048576K
Event: 34.828 GC heap after
Heap after GC invocations=22 (full 4):
 PSYoungGen      total 402432K, used 30227K [0x00000000d5580000, 0x00000000f1980000, 0x0000000100000000)
  eden space 342528K, 0% used [0x00000000d5580000,0x00000000d5580000,0x00000000ea400000)
  from space 59904K, 50% used [0x00000000ede00000,0x00000000efb84e70,0x00000000f1880000)
  to   space 59392K, 0% used [0x00000000ea400000,0x00000000ea400000,0x00000000ede00000)
 ParOldGen       total 251904K, used 128579K [0x0000000080000000, 0x000000008f600000, 0x00000000d5580000)
  object space 251904K, 51% used [0x0000000080000000,0x0000000087d90c38,0x000000008f600000)
 Metaspace       used 96006K, capacity 100968K, committed 101208K, reserved 1136640K
  class space    used 12912K, capacity 13846K, committed 13952K, reserved 1048576K
}
Event: 35.797 GC heap before
{Heap before GC invocations=23 (full 4):
 PSYoungGen      total 402432K, used 372755K [0x00000000d5580000, 0x00000000f1980000, 0x0000000100000000)
  eden space 342528K, 100% used [0x00000000d5580000,0x00000000ea400000,0x00000000ea400000)
  from space 59904K, 50% used [0x00000000ede00000,0x00000000efb84e70,0x00000000f1880000)
  to   space 59392K, 0% used [0x00000000ea400000,0x00000000ea400000,0x00000000ede00000)
 ParOldGen       total 251904K, used 128579K [0x0000000080000000, 0x000000008f600000, 0x00000000d5580000)
  object space 251904K, 51% used [0x0000000080000000,0x0000000087d90c38,0x000000008f600000)
 Metaspace       used 96583K, capacity 101608K, committed 101720K, reserved 1136640K
  class space    used 12924K, capacity 13888K, committed 13952K, reserved 1048576K
Event: 35.820 GC heap after
Heap after GC invocations=23 (full 4):
 PSYoungGen      total 401920K, used 32182K [0x00000000d5580000, 0x00000000f4480000, 0x0000000100000000)
  eden space 342528K, 0% used [0x00000000d5580000,0x00000000d5580000,0x00000000ea400000)
  from space 59392K, 54% used [0x00000000ea400000,0x00000000ec36d958,0x00000000ede00000)
  to   space 58880K, 0% used [0x00000000f0b00000,0x00000000f0b00000,0x00000000f4480000)
 ParOldGen       total 251904K, used 128587K [0x0000000080000000, 0x000000008f600000, 0x00000000d5580000)
  object space 251904K, 51% used [0x0000000080000000,0x0000000087d92c38,0x000000008f600000)
 Metaspace       used 96583K, capacity 101608K, committed 101720K, reserved 1136640K
  class space    used 12924K, capacity 13888K, committed 13952K, reserved 1048576K
}
Event: 36.562 GC heap before
{Heap before GC invocations=24 (full 4):
 PSYoungGen      total 401920K, used 374710K [0x00000000d5580000, 0x00000000f4480000, 0x0000000100000000)
  eden space 342528K, 100% used [0x00000000d5580000,0x00000000ea400000,0x00000000ea400000)
  from space 59392K, 54% used [0x00000000ea400000,0x00000000ec36d958,0x00000000ede00000)
  to   space 58880K, 0% used [0x00000000f0b00000,0x00000000f0b00000,0x00000000f4480000)
 ParOldGen       total 251904K, used 128587K [0x0000000080000000, 0x000000008f600000, 0x00000000d5580000)
  object space 251904K, 51% used [0x0000000080000000,0x0000000087d92c38,0x000000008f600000)
 Metaspace       used 97095K, capacity 102148K, committed 102232K, reserved 1138688K
  class space    used 12960K, capacity 13902K, committed 13952K, reserved 1048576K
Event: 36.588 GC heap after
Heap after GC invocations=24 (full 4):
 PSYoungGen      total 448000K, used 33422K [0x00000000d5580000, 0x00000000f4800000, 0x0000000100000000)
  eden space 389120K, 0% used [0x00000000d5580000,0x00000000d5580000,0x00000000ed180000)
  from space 58880K, 56% used [0x00000000f0b00000,0x00000000f2ba39a8,0x00000000f4480000)
  to   space 58880K, 0% used [0x00000000ed180000,0x00000000ed180000,0x00000000f0b00000)
 ParOldGen       total 251904K, used 128595K [0x0000000080000000, 0x000000008f600000, 0x00000000d5580000)
  object space 251904K, 51% used [0x0000000080000000,0x0000000087d94c38,0x000000008f600000)
 Metaspace       used 97095K, capacity 102148K, committed 102232K, reserved 1138688K
  class space    used 12960K, capacity 13902K, committed 13952K, reserved 1048576K
}
Event: 38.167 GC heap before
{Heap before GC invocations=25 (full 4):
 PSYoungGen      total 448000K, used 422542K [0x00000000d5580000, 0x00000000f4800000, 0x0000000100000000)
  eden space 389120K, 100% used [0x00000000d5580000,0x00000000ed180000,0x00000000ed180000)
  from space 58880K, 56% used [0x00000000f0b00000,0x00000000f2ba39a8,0x00000000f4480000)
  to   space 58880K, 0% used [0x00000000ed180000,0x00000000ed180000,0x00000000f0b00000)
 ParOldGen       total 251904K, used 128595K [0x0000000080000000, 0x000000008f600000, 0x00000000d5580000)
  object space 251904K, 51% used [0x0000000080000000,0x0000000087d94c38,0x000000008f600000)
 Metaspace       used 97350K, capacity 102392K, committed 102488K, reserved 1138688K
  class space    used 12966K, capacity 13910K, committed 13952K, reserved 1048576K
Event: 38.214 GC heap after
Heap after GC invocations=25 (full 4):
 PSYoungGen      total 448000K, used 58865K [0x00000000d5580000, 0x00000000f9480000, 0x0000000100000000)
  eden space 389120K, 0% used [0x00000000d5580000,0x00000000d5580000,0x00000000ed180000)
  from space 58880K, 99% used [0x00000000ed180000,0x00000000f0afc418,0x00000000f0b00000)
  to   space 70656K, 0% used [0x00000000f4f80000,0x00000000f4f80000,0x00000000f9480000)
 ParOldGen       total 251904K, used 134153K [0x0000000080000000, 0x000000008f600000, 0x00000000d5580000)
  object space 251904K, 53% used [0x0000000080000000,0x0000000088302760,0x000000008f600000)
 Metaspace       used 97350K, capacity 102392K, committed 102488K, reserved 1138688K
  class space    used 12966K, capacity 13910K, committed 13952K, reserved 1048576K
}
Event: 223.403 GC heap before
{Heap before GC invocations=26 (full 4):
 PSYoungGen      total 448000K, used 447985K [0x00000000d5580000, 0x00000000f9480000, 0x0000000100000000)
  eden space 389120K, 100% used [0x00000000d5580000,0x00000000ed180000,0x00000000ed180000)
  from space 58880K, 99% used [0x00000000ed180000,0x00000000f0afc418,0x00000000f0b00000)
  to   space 70656K, 0% used [0x00000000f4f80000,0x00000000f4f80000,0x00000000f9480000)
 ParOldGen       total 251904K, used 134153K [0x0000000080000000, 0x000000008f600000, 0x00000000d5580000)
  object space 251904K, 53% used [0x0000000080000000,0x0000000088302760,0x000000008f600000)
 Metaspace       used 102054K, capacity 107402K, committed 107608K, reserved 1142784K
  class space    used 13357K, capacity 14379K, committed 14464K, reserved 1048576K
Event: 223.441 GC heap after
Heap after GC invocations=26 (full 4):
 PSYoungGen      total 490496K, used 27003K [0x00000000d5580000, 0x00000000f8300000, 0x0000000100000000)
  eden space 437760K, 0% used [0x00000000d5580000,0x00000000d5580000,0x00000000f0100000)
  from space 52736K, 51% used [0x00000000f4f80000,0x00000000f69dec58,0x00000000f8300000)
  to   space 66560K, 0% used [0x00000000f0100000,0x00000000f0100000,0x00000000f4200000)
 ParOldGen       total 251904K, used 150888K [0x0000000080000000, 0x000000008f600000, 0x00000000d5580000)
  object space 251904K, 59% used [0x0000000080000000,0x000000008935a390,0x000000008f600000)
 Metaspace       used 102054K, capacity 107402K, committed 107608K, reserved 1142784K
  class space    used 13357K, capacity 14379K, committed 14464K, reserved 1048576K
}

