# JRE version: OpenJDK Runtime Environment (11.0.8+10) (build 11.0.8+10-b944.6842174)
# Java VM: OpenJDK 64-Bit Server VM (11.0.8+10-b944.6842174, mixed mode, tiered, compressed oops, g1 gc, windows-amd64)
Heap:
 garbage-first heap   total 225280K, used 175539K [0x0000000083600000, 0x0000000100000000)
  region size 1024K, 36 young (36864K), 6 survivors (6144K)
 Metaspace       used 61211K, capacity 62187K, committed 62376K, reserved 1103872K
  class space    used 6620K, capacity 6947K, committed 7088K, reserved 1048576K
GC Heap History (20 events):
Event: 48.075 GC heap before
{Heap before GC invocations=45 (full 0):
 garbage-first heap   total 187392K, used 162638K [0x0000000083600000, 0x0000000100000000)
  region size 1024K, 32 young (32768K), 4 survivors (4096K)
 Metaspace       used 60766K, capacity 61763K, committed 61992K, reserved 1103872K
  class space    used 6594K, capacity 6913K, committed 6960K, reserved 1048576K
}
Event: 48.089 GC heap after
{Heap after GC invocations=46 (full 0):
 garbage-first heap   total 187392K, used 134921K [0x0000000083600000, 0x0000000100000000)
  region size 1024K, 3 young (3072K), 3 survivors (3072K)
 Metaspace       used 60766K, capacity 61763K, committed 61992K, reserved 1103872K
  class space    used 6594K, capacity 6913K, committed 6960K, reserved 1048576K
}
Event: 48.521 GC heap before
{Heap before GC invocations=47 (full 0):
 garbage-first heap   total 187392K, used 162569K [0x0000000083600000, 0x0000000100000000)
  region size 1024K, 30 young (30720K), 3 survivors (3072K)
 Metaspace       used 60812K, capacity 61829K, committed 61992K, reserved 1103872K
  class space    used 6595K, capacity 6913K, committed 6960K, reserved 1048576K
}
Event: 48.527 GC heap after
{Heap after GC invocations=48 (full 0):
 garbage-first heap   total 187392K, used 135225K [0x0000000083600000, 0x0000000100000000)
  region size 1024K, 2 young (2048K), 2 survivors (2048K)
 Metaspace       used 60812K, capacity 61829K, committed 61992K, reserved 1103872K
  class space    used 6595K, capacity 6913K, committed 6960K, reserved 1048576K
}
Event: 48.901 GC heap before
{Heap before GC invocations=48 (full 0):
 garbage-first heap   total 187392K, used 162873K [0x0000000083600000, 0x0000000100000000)
  region size 1024K, 29 young (29696K), 2 survivors (2048K)
 Metaspace       used 60822K, capacity 61829K, committed 61992K, reserved 1103872K
  class space    used 6595K, capacity 6913K, committed 6960K, reserved 1048576K
}
Event: 48.907 GC heap after
{Heap after GC invocations=49 (full 0):
 garbage-first heap   total 187392K, used 136309K [0x0000000083600000, 0x0000000100000000)
  region size 1024K, 3 young (3072K), 3 survivors (3072K)
 Metaspace       used 60822K, capacity 61829K, committed 61992K, reserved 1103872K
  class space    used 6595K, capacity 6913K, committed 6960K, reserved 1048576K
}
Event: 49.439 GC heap before
{Heap before GC invocations=50 (full 0):
 garbage-first heap   total 187392K, used 162933K [0x0000000083600000, 0x0000000100000000)
  region size 1024K, 29 young (29696K), 3 survivors (3072K)
 Metaspace       used 60827K, capacity 61829K, committed 61992K, reserved 1103872K
  class space    used 6595K, capacity 6913K, committed 6960K, reserved 1048576K
}
Event: 49.445 GC heap after
{Heap after GC invocations=51 (full 0):
 garbage-first heap   total 187392K, used 137693K [0x0000000083600000, 0x0000000100000000)
  region size 1024K, 4 young (4096K), 4 survivors (4096K)
 Metaspace       used 60827K, capacity 61829K, committed 61992K, reserved 1103872K
  class space    used 6595K, capacity 6913K, committed 6960K, reserved 1048576K
}
Event: 49.638 GC heap before
{Heap before GC invocations=51 (full 0):
 garbage-first heap   total 187392K, used 162269K [0x0000000083600000, 0x0000000100000000)
  region size 1024K, 28 young (28672K), 4 survivors (4096K)
 Metaspace       used 60834K, capacity 61829K, committed 61992K, reserved 1103872K
  class space    used 6595K, capacity 6913K, committed 6960K, reserved 1048576K
}
Event: 49.647 GC heap after
{Heap after GC invocations=52 (full 0):
 garbage-first heap   total 187392K, used 139003K [0x0000000083600000, 0x0000000100000000)
  region size 1024K, 3 young (3072K), 3 survivors (3072K)
 Metaspace       used 60834K, capacity 61829K, committed 61992K, reserved 1103872K
  class space    used 6595K, capacity 6913K, committed 6960K, reserved 1048576K
}
Event: 50.493 GC heap before
{Heap before GC invocations=53 (full 0):
 garbage-first heap   total 187392K, used 163579K [0x0000000083600000, 0x0000000100000000)
  region size 1024K, 27 young (27648K), 3 survivors (3072K)
 Metaspace       used 60859K, capacity 61829K, committed 61992K, reserved 1103872K
  class space    used 6598K, capacity 6913K, committed 6960K, reserved 1048576K
}
Event: 50.505 GC heap after
{Heap after GC invocations=54 (full 0):
 garbage-first heap   total 187392K, used 140044K [0x0000000083600000, 0x0000000100000000)
  region size 1024K, 3 young (3072K), 3 survivors (3072K)
 Metaspace       used 60859K, capacity 61829K, committed 61992K, reserved 1103872K
  class space    used 6598K, capacity 6913K, committed 6960K, reserved 1048576K
}
Event: 51.043 GC heap before
{Heap before GC invocations=54 (full 0):
 garbage-first heap   total 187392K, used 163596K [0x0000000083600000, 0x0000000100000000)
  region size 1024K, 26 young (26624K), 3 survivors (3072K)
 Metaspace       used 60861K, capacity 61830K, committed 61992K, reserved 1103872K
  class space    used 6598K, capacity 6913K, committed 6960K, reserved 1048576K
}
Event: 51.050 GC heap after
{Heap after GC invocations=55 (full 0):
 garbage-first heap   total 187392K, used 140769K [0x0000000083600000, 0x0000000100000000)
  region size 1024K, 2 young (2048K), 2 survivors (2048K)
 Metaspace       used 60861K, capacity 61830K, committed 61992K, reserved 1103872K
  class space    used 6598K, capacity 6913K, committed 6960K, reserved 1048576K
}
Event: 51.764 GC heap before
{Heap before GC invocations=56 (full 0):
 garbage-first heap   total 187392K, used 164321K [0x0000000083600000, 0x0000000100000000)
  region size 1024K, 25 young (25600K), 2 survivors (2048K)
 Metaspace       used 60873K, capacity 61894K, committed 61992K, reserved 1103872K
  class space    used 6598K, capacity 6913K, committed 6960K, reserved 1048576K
}
Event: 51.774 GC heap after
{Heap after GC invocations=57 (full 0):
 garbage-first heap   total 225280K, used 141590K [0x0000000083600000, 0x0000000100000000)
  region size 1024K, 3 young (3072K), 3 survivors (3072K)
 Metaspace       used 60873K, capacity 61894K, committed 61992K, reserved 1103872K
  class space    used 6598K, capacity 6913K, committed 6960K, reserved 1048576K
}
Event: 53.212 GC heap before
{Heap before GC invocations=57 (full 0):
 garbage-first heap   total 225280K, used 181526K [0x0000000083600000, 0x0000000100000000)
  region size 1024K, 42 young (43008K), 3 survivors (3072K)
 Metaspace       used 60910K, capacity 61894K, committed 61992K, reserved 1103872K
  class space    used 6598K, capacity 6913K, committed 6960K, reserved 1048576K
}
Event: 53.226 GC heap after
{Heap after GC invocations=58 (full 0):
 garbage-first heap   total 225280K, used 143823K [0x0000000083600000, 0x0000000100000000)
  region size 1024K, 5 young (5120K), 5 survivors (5120K)
 Metaspace       used 60910K, capacity 61894K, committed 61992K, reserved 1103872K
  class space    used 6598K, capacity 6913K, committed 6960K, reserved 1048576K
}
Event: 54.110 GC heap before
{Heap before GC invocations=59 (full 0):
 garbage-first heap   total 225280K, used 183759K [0x0000000083600000, 0x0000000100000000)
  region size 1024K, 44 young (45056K), 5 survivors (5120K)
 Metaspace       used 60915K, capacity 61894K, committed 61992K, reserved 1103872K
  class space    used 6598K, capacity 6913K, committed 6960K, reserved 1048576K
}
Event: 54.123 GC heap after
{Heap after GC invocations=60 (full 0):
 garbage-first heap   total 225280K, used 145843K [0x0000000083600000, 0x0000000100000000)
  region size 1024K, 6 young (6144K), 6 survivors (6144K)
 Metaspace       used 60915K, capacity 61894K, committed 61992K, reserved 1103872K
  class space    used 6598K, capacity 6913K, committed 6960K, reserved 1048576K
}

