# JRE version: OpenJDK Runtime Environment (11.0.8+10) (build 11.0.8+10-b944.6842174)
# Java VM: OpenJDK 64-Bit Server VM (11.0.8+10-b944.6842174, mixed mode, tiered, compressed oops, g1 gc, windows-amd64)
Heap:
 garbage-first heap   total 823296K, used 157013K [0x0000000080000000, 0x0000000100000000)
  region size 1024K, 12 young (12288K), 12 survivors (12288K)
 Metaspace       used 129503K, capacity 134128K, committed 134692K, reserved 1167360K
  class space    used 15851K, capacity 17450K, committed 17664K, reserved 1048576K
GC Heap History (20 events):
Event: 585.421 GC heap after
{Heap after GC invocations=82 (full 0):
 garbage-first heap   total 225280K, used 143782K [0x0000000080000000, 0x0000000100000000)
  region size 1024K, 1 young (1024K), 1 survivors (1024K)
 Metaspace       used 128248K, capacity 133013K, committed 133412K, reserved 1165312K
  class space    used 15887K, capacity 17531K, committed 17664K, reserved 1048576K
}
Event: 585.574 GC heap before
{Heap before GC invocations=82 (full 0):
 garbage-first heap   total 225280K, used 187814K [0x0000000080000000, 0x0000000100000000)
  region size 1024K, 45 young (46080K), 1 survivors (1024K)
 Metaspace       used 128297K, capacity 133027K, committed 133412K, reserved 1165312K
  class space    used 15890K, capacity 17535K, committed 17664K, reserved 1048576K
}
Event: 585.588 GC heap after
{Heap after GC invocations=83 (full 0):
 garbage-first heap   total 270336K, used 145770K [0x0000000080000000, 0x0000000100000000)
  region size 1024K, 3 young (3072K), 3 survivors (3072K)
 Metaspace       used 128297K, capacity 133027K, committed 133412K, reserved 1165312K
  class space    used 15890K, capacity 17535K, committed 17664K, reserved 1048576K
}
Event: 585.847 GC heap before
{Heap before GC invocations=84 (full 0):
 garbage-first heap   total 270336K, used 209258K [0x0000000080000000, 0x0000000100000000)
  region size 1024K, 65 young (66560K), 3 survivors (3072K)
 Metaspace       used 128355K, capacity 132981K, committed 133668K, reserved 1165312K
  class space    used 15830K, capacity 17430K, committed 17664K, reserved 1048576K
}
Event: 585.852 GC heap after
{Heap after GC invocations=85 (full 0):
 garbage-first heap   total 270336K, used 146914K [0x0000000080000000, 0x0000000100000000)
  region size 1024K, 4 young (4096K), 4 survivors (4096K)
 Metaspace       used 128355K, capacity 132981K, committed 133668K, reserved 1165312K
  class space    used 15830K, capacity 17430K, committed 17664K, reserved 1048576K
}
Event: 585.867 GC heap before
{Heap before GC invocations=85 (full 0):
 garbage-first heap   total 270336K, used 156130K [0x0000000080000000, 0x0000000100000000)
  region size 1024K, 13 young (13312K), 4 survivors (4096K)
 Metaspace       used 128355K, capacity 132981K, committed 133668K, reserved 1165312K
  class space    used 15830K, capacity 17430K, committed 17664K, reserved 1048576K
}
Event: 585.871 GC heap after
{Heap after GC invocations=86 (full 0):
 garbage-first heap   total 270336K, used 145976K [0x0000000080000000, 0x0000000100000000)
  region size 1024K, 1 young (1024K), 1 survivors (1024K)
 Metaspace       used 128355K, capacity 132981K, committed 133668K, reserved 1165312K
  class space    used 15830K, capacity 17430K, committed 17664K, reserved 1048576K
}
Event: 585.983 GC heap before
{Heap before GC invocations=86 (full 0):
 garbage-first heap   total 270336K, used 212536K [0x0000000080000000, 0x0000000100000000)
  region size 1024K, 66 young (67584K), 1 survivors (1024K)
 Metaspace       used 128386K, capacity 132984K, committed 133668K, reserved 1165312K
  class space    used 15833K, capacity 17431K, committed 17664K, reserved 1048576K
}
Event: 585.987 GC heap after
{Heap after GC invocations=87 (full 0):
 garbage-first heap   total 270336K, used 146650K [0x0000000080000000, 0x0000000100000000)
  region size 1024K, 2 young (2048K), 2 survivors (2048K)
 Metaspace       used 128386K, capacity 132984K, committed 133668K, reserved 1165312K
  class space    used 15833K, capacity 17431K, committed 17664K, reserved 1048576K
}
Event: 586.197 GC heap before
{Heap before GC invocations=87 (full 0):
 garbage-first heap   total 270336K, used 215258K [0x0000000080000000, 0x0000000100000000)
  region size 1024K, 69 young (70656K), 2 survivors (2048K)
 Metaspace       used 128552K, capacity 133195K, committed 133924K, reserved 1165312K
  class space    used 15835K, capacity 17435K, committed 17664K, reserved 1048576K
}
Event: 586.308 GC heap after
{Heap after GC invocations=88 (full 0):
 garbage-first heap   total 327680K, used 147347K [0x0000000080000000, 0x0000000100000000)
  region size 1024K, 2 young (2048K), 2 survivors (2048K)
 Metaspace       used 128552K, capacity 133195K, committed 133924K, reserved 1165312K
  class space    used 15835K, capacity 17435K, committed 17664K, reserved 1048576K
}
Event: 586.963 GC heap before
{Heap before GC invocations=89 (full 0):
 garbage-first heap   total 327680K, used 246675K [0x0000000080000000, 0x0000000100000000)
  region size 1024K, 99 young (101376K), 2 survivors (2048K)
 Metaspace       used 129183K, capacity 133843K, committed 134436K, reserved 1167360K
  class space    used 15849K, capacity 17448K, committed 17664K, reserved 1048576K
}
Event: 586.970 GC heap after
{Heap after GC invocations=90 (full 0):
 garbage-first heap   total 327680K, used 148838K [0x0000000080000000, 0x0000000100000000)
  region size 1024K, 4 young (4096K), 4 survivors (4096K)
 Metaspace       used 129183K, capacity 133843K, committed 134436K, reserved 1167360K
  class space    used 15849K, capacity 17448K, committed 17664K, reserved 1048576K
}
Event: 587.247 GC heap before
{Heap before GC invocations=90 (full 0):
 garbage-first heap   total 327680K, used 253286K [0x0000000080000000, 0x0000000100000000)
  region size 1024K, 106 young (108544K), 4 survivors (4096K)
 Metaspace       used 129344K, capacity 133986K, committed 134692K, reserved 1167360K
  class space    used 15849K, capacity 17448K, committed 17664K, reserved 1048576K
}
Event: 587.289 GC heap after
{Heap after GC invocations=91 (full 0):
 garbage-first heap   total 327680K, used 150383K [0x0000000080000000, 0x0000000100000000)
  region size 1024K, 5 young (5120K), 5 survivors (5120K)
 Metaspace       used 129344K, capacity 133986K, committed 134692K, reserved 1167360K
  class space    used 15849K, capacity 17448K, committed 17664K, reserved 1048576K
}
Event: 587.539 GC heap before
{Heap before GC invocations=91 (full 0):
 garbage-first heap   total 327680K, used 260975K [0x0000000080000000, 0x0000000100000000)
  region size 1024K, 114 young (116736K), 5 survivors (5120K)
 Metaspace       used 129380K, capacity 134054K, committed 134692K, reserved 1167360K
  class space    used 15850K, capacity 17449K, committed 17664K, reserved 1048576K
}
Event: 587.545 GC heap after
{Heap after GC invocations=92 (full 0):
 garbage-first heap   total 327680K, used 152785K [0x0000000080000000, 0x0000000100000000)
  region size 1024K, 8 young (8192K), 8 survivors (8192K)
 Metaspace       used 129380K, capacity 134054K, committed 134692K, reserved 1167360K
  class space    used 15850K, capacity 17449K, committed 17664K, reserved 1048576K
}
Event: 587.787 GC heap before
{Heap before GC invocations=93 (full 0):
 garbage-first heap   total 327680K, used 266449K [0x0000000080000000, 0x0000000100000000)
  region size 1024K, 119 young (121856K), 8 survivors (8192K)
 Metaspace       used 129420K, capacity 134057K, committed 134692K, reserved 1167360K
  class space    used 15851K, capacity 17450K, committed 17664K, reserved 1048576K
}
Event: 587.796 GC heap after
{Heap after GC invocations=94 (full 0):
 garbage-first heap   total 327680K, used 153480K [0x0000000080000000, 0x0000000100000000)
  region size 1024K, 8 young (8192K), 8 survivors (8192K)
 Metaspace       used 129420K, capacity 134057K, committed 134692K, reserved 1167360K
  class space    used 15851K, capacity 17450K, committed 17664K, reserved 1048576K
}
Event: 587.960 GC heap before
{Heap before GC invocations=94 (full 0):
 garbage-first heap   total 327680K, used 274312K [0x0000000080000000, 0x0000000100000000)
  region size 1024K, 126 young (129024K), 8 survivors (8192K)
 Metaspace       used 129503K, capacity 134128K, committed 134692K, reserved 1167360K
  class space    used 15851K, capacity 17450K, committed 17664K, reserved 1048576K
}

