# JRE version: OpenJDK Runtime Environment (11.0.8+10) (build 11.0.8+10-b944.6842174)
# Java VM: OpenJDK 64-Bit Server VM (11.0.8+10-b944.6842174, mixed mode, tiered, compressed oops, g1 gc, windows-amd64)
Heap:
 garbage-first heap   total 596992K, used 154166K [0x0000000080000000, 0x0000000100000000)
  region size 1024K, 7 young (7168K), 7 survivors (7168K)
 Metaspace       used 122180K, capacity 125707K, committed 125824K, reserved 1159168K
  class space    used 14840K, capacity 16149K, committed 16256K, reserved 1048576K
GC Heap History (20 events):
Event: 1759.559 GC heap after
{Heap after GC invocations=98 (full 0):
 garbage-first heap   total 279552K, used 145969K [0x0000000080000000, 0x0000000100000000)
  region size 1024K, 7 young (7168K), 7 survivors (7168K)
 Metaspace       used 121931K, capacity 125448K, committed 125824K, reserved 1159168K
  class space    used 14835K, capacity 16141K, committed 16256K, reserved 1048576K
}
Event: 1759.567 GC heap before
{Heap before GC invocations=98 (full 0):
 garbage-first heap   total 279552K, used 152113K [0x0000000080000000, 0x0000000100000000)
  region size 1024K, 13 young (13312K), 7 survivors (7168K)
 Metaspace       used 121932K, capacity 125448K, committed 125824K, reserved 1159168K
  class space    used 14835K, capacity 16141K, committed 16256K, reserved 1048576K
}
Event: 1759.576 GC heap after
{Heap after GC invocations=99 (full 0):
 garbage-first heap   total 279552K, used 144195K [0x0000000080000000, 0x0000000100000000)
  region size 1024K, 2 young (2048K), 2 survivors (2048K)
 Metaspace       used 121932K, capacity 125448K, committed 125824K, reserved 1159168K
  class space    used 14835K, capacity 16141K, committed 16256K, reserved 1048576K
}
Event: 1759.689 GC heap before
{Heap before GC invocations=99 (full 0):
 garbage-first heap   total 279552K, used 226115K [0x0000000080000000, 0x0000000100000000)
  region size 1024K, 83 young (84992K), 2 survivors (2048K)
 Metaspace       used 121936K, capacity 125448K, committed 125824K, reserved 1159168K
  class space    used 14835K, capacity 16141K, committed 16256K, reserved 1048576K
}
Event: 1759.696 GC heap after
{Heap after GC invocations=100 (full 0):
 garbage-first heap   total 279552K, used 147092K [0x0000000080000000, 0x0000000100000000)
  region size 1024K, 5 young (5120K), 5 survivors (5120K)
 Metaspace       used 121936K, capacity 125448K, committed 125824K, reserved 1159168K
  class space    used 14835K, capacity 16141K, committed 16256K, reserved 1048576K
}
Event: 1759.850 GC heap before
{Heap before GC invocations=100 (full 0):
 garbage-first heap   total 279552K, used 229012K [0x0000000080000000, 0x0000000100000000)
  region size 1024K, 86 young (88064K), 5 survivors (5120K)
 Metaspace       used 122021K, capacity 125539K, committed 125824K, reserved 1159168K
  class space    used 14835K, capacity 16141K, committed 16256K, reserved 1048576K
}
Event: 1759.856 GC heap after
{Heap after GC invocations=101 (full 0):
 garbage-first heap   total 279552K, used 149799K [0x0000000080000000, 0x0000000100000000)
  region size 1024K, 7 young (7168K), 7 survivors (7168K)
 Metaspace       used 122021K, capacity 125539K, committed 125824K, reserved 1159168K
  class space    used 14835K, capacity 16141K, committed 16256K, reserved 1048576K
}
Event: 1760.017 GC heap before
{Heap before GC invocations=102 (full 0):
 garbage-first heap   total 279552K, used 231719K [0x0000000080000000, 0x0000000100000000)
  region size 1024K, 88 young (90112K), 7 survivors (7168K)
 Metaspace       used 122104K, capacity 125635K, committed 125824K, reserved 1159168K
  class space    used 14840K, capacity 16148K, committed 16256K, reserved 1048576K
}
Event: 1760.026 GC heap after
{Heap after GC invocations=103 (full 0):
 garbage-first heap   total 279552K, used 151899K [0x0000000080000000, 0x0000000100000000)
  region size 1024K, 6 young (6144K), 6 survivors (6144K)
 Metaspace       used 122104K, capacity 125635K, committed 125824K, reserved 1159168K
  class space    used 14840K, capacity 16148K, committed 16256K, reserved 1048576K
}
Event: 1760.042 GC heap before
{Heap before GC invocations=103 (full 0):
 garbage-first heap   total 279552K, used 158043K [0x0000000080000000, 0x0000000100000000)
  region size 1024K, 13 young (13312K), 6 survivors (6144K)
 Metaspace       used 122107K, capacity 125635K, committed 125824K, reserved 1159168K
  class space    used 14840K, capacity 16148K, committed 16256K, reserved 1048576K
}
Event: 1760.053 GC heap after
{Heap after GC invocations=104 (full 0):
 garbage-first heap   total 279552K, used 145898K [0x0000000080000000, 0x0000000100000000)
  region size 1024K, 1 young (1024K), 1 survivors (1024K)
 Metaspace       used 122107K, capacity 125635K, committed 125824K, reserved 1159168K
  class space    used 14840K, capacity 16148K, committed 16256K, reserved 1048576K
}
Event: 1760.187 GC heap before
{Heap before GC invocations=104 (full 0):
 garbage-first heap   total 279552K, used 230890K [0x0000000080000000, 0x0000000100000000)
  region size 1024K, 85 young (87040K), 1 survivors (1024K)
 Metaspace       used 122120K, capacity 125636K, committed 125824K, reserved 1159168K
  class space    used 14840K, capacity 16148K, committed 16256K, reserved 1048576K
}
Event: 1760.198 GC heap after
{Heap after GC invocations=105 (full 0):
 garbage-first heap   total 376832K, used 149782K [0x0000000080000000, 0x0000000100000000)
  region size 1024K, 5 young (5120K), 5 survivors (5120K)
 Metaspace       used 122120K, capacity 125636K, committed 125824K, reserved 1159168K
  class space    used 14840K, capacity 16148K, committed 16256K, reserved 1048576K
}
Event: 1760.499 GC heap before
{Heap before GC invocations=106 (full 0):
 garbage-first heap   total 376832K, used 285974K [0x0000000080000000, 0x0000000100000000)
  region size 1024K, 139 young (142336K), 5 survivors (5120K)
 Metaspace       used 122142K, capacity 125704K, committed 125824K, reserved 1159168K
  class space    used 14840K, capacity 16149K, committed 16256K, reserved 1048576K
}
Event: 1760.511 GC heap after
{Heap after GC invocations=107 (full 0):
 garbage-first heap   total 376832K, used 156850K [0x0000000080000000, 0x0000000100000000)
  region size 1024K, 12 young (12288K), 12 survivors (12288K)
 Metaspace       used 122142K, capacity 125704K, committed 125824K, reserved 1159168K
  class space    used 14840K, capacity 16149K, committed 16256K, reserved 1048576K
}
Event: 1760.522 GC heap before
{Heap before GC invocations=107 (full 0):
 garbage-first heap   total 376832K, used 162994K [0x0000000080000000, 0x0000000100000000)
  region size 1024K, 18 young (18432K), 12 survivors (12288K)
 Metaspace       used 122142K, capacity 125704K, committed 125824K, reserved 1159168K
  class space    used 14840K, capacity 16149K, committed 16256K, reserved 1048576K
}
Event: 1760.533 GC heap after
{Heap after GC invocations=108 (full 0):
 garbage-first heap   total 376832K, used 149075K [0x0000000080000000, 0x0000000100000000)
  region size 1024K, 2 young (2048K), 2 survivors (2048K)
 Metaspace       used 122142K, capacity 125704K, committed 125824K, reserved 1159168K
  class space    used 14840K, capacity 16149K, committed 16256K, reserved 1048576K
}
Event: 1760.794 GC heap before
{Heap before GC invocations=108 (full 0):
 garbage-first heap   total 376832K, used 288339K [0x0000000080000000, 0x0000000100000000)
  region size 1024K, 139 young (142336K), 2 survivors (2048K)
 Metaspace       used 122153K, capacity 125704K, committed 125824K, reserved 1159168K
  class space    used 14840K, capacity 16149K, committed 16256K, reserved 1048576K
}
Event: 1760.803 GC heap after
{Heap after GC invocations=109 (full 0):
 garbage-first heap   total 376832K, used 153139K [0x0000000080000000, 0x0000000100000000)
  region size 1024K, 6 young (6144K), 6 survivors (6144K)
 Metaspace       used 122153K, capacity 125704K, committed 125824K, reserved 1159168K
  class space    used 14840K, capacity 16149K, committed 16256K, reserved 1048576K
}
Event: 1761.216 GC heap before
{Heap before GC invocations=110 (full 0):
 garbage-first heap   total 376832K, used 301619K [0x0000000080000000, 0x0000000100000000)
  region size 1024K, 151 young (154624K), 6 survivors (6144K)
 Metaspace       used 122180K, capacity 125707K, committed 125824K, reserved 1159168K
  class space    used 14840K, capacity 16149K, committed 16256K, reserved 1048576K
}

