# JRE version: OpenJDK Runtime Environment (11.0.8+10) (build 11.0.8+10-b944.6842174)
# Java VM: OpenJDK 64-Bit Server VM (11.0.8+10-b944.6842174, mixed mode, tiered, compressed oops, g1 gc, windows-amd64)
Heap:
 garbage-first heap   total 187392K, used 139363K [0x0000000080000000, 0x0000000100000000)
  region size 1024K, 55 young (56320K), 6 survivors (6144K)
 Metaspace       used 92030K, capacity 94546K, committed 94848K, reserved 1130496K
  class space    used 11955K, capacity 12819K, committed 12928K, reserved 1048576K
GC Heap History (20 events):
Event: 6.434 GC heap before
{Heap before GC invocations=12 (full 0):
 garbage-first heap   total 129024K, used 89655K [0x0000000080000000, 0x0000000100000000)
  region size 1024K, 26 young (26624K), 2 survivors (2048K)
 Metaspace       used 58366K, capacity 60036K, committed 60160K, reserved 1101824K
  class space    used 7437K, capacity 8002K, committed 8064K, reserved 1048576K
}
Event: 6.438 GC heap after
{Heap after GC invocations=13 (full 0):
 garbage-first heap   total 129024K, used 68396K [0x0000000080000000, 0x0000000100000000)
  region size 1024K, 4 young (4096K), 4 survivors (4096K)
 Metaspace       used 58366K, capacity 60036K, committed 60160K, reserved 1101824K
  class space    used 7437K, capacity 8002K, committed 8064K, reserved 1048576K
}
Event: 6.672 GC heap before
{Heap before GC invocations=14 (full 0):
 garbage-first heap   total 129024K, used 84780K [0x0000000080000000, 0x0000000100000000)
  region size 1024K, 21 young (21504K), 4 survivors (4096K)
 Metaspace       used 59954K, capacity 61622K, committed 61824K, reserved 1103872K
  class space    used 7618K, capacity 8183K, committed 8320K, reserved 1048576K
}
Event: 6.677 GC heap after
{Heap after GC invocations=15 (full 0):
 garbage-first heap   total 129024K, used 69931K [0x0000000080000000, 0x0000000100000000)
  region size 1024K, 4 young (4096K), 4 survivors (4096K)
 Metaspace       used 59954K, capacity 61622K, committed 61824K, reserved 1103872K
  class space    used 7618K, capacity 8183K, committed 8320K, reserved 1048576K
}
Event: 7.005 GC heap before
{Heap before GC invocations=16 (full 0):
 garbage-first heap   total 129024K, used 100651K [0x0000000080000000, 0x0000000100000000)
  region size 1024K, 33 young (33792K), 4 survivors (4096K)
 Metaspace       used 62689K, capacity 64528K, committed 64640K, reserved 1105920K
  class space    used 7964K, capacity 8570K, committed 8576K, reserved 1048576K
}
Event: 7.011 GC heap after
{Heap after GC invocations=17 (full 0):
 garbage-first heap   total 155648K, used 71601K [0x0000000080000000, 0x0000000100000000)
  region size 1024K, 4 young (4096K), 4 survivors (4096K)
 Metaspace       used 62689K, capacity 64528K, committed 64640K, reserved 1105920K
  class space    used 7964K, capacity 8570K, committed 8576K, reserved 1048576K
}
Event: 7.416 GC heap before
{Heap before GC invocations=17 (full 0):
 garbage-first heap   total 155648K, used 110513K [0x0000000080000000, 0x0000000100000000)
  region size 1024K, 42 young (43008K), 4 survivors (4096K)
 Metaspace       used 65435K, capacity 67272K, committed 67456K, reserved 1107968K
  class space    used 8380K, capacity 8994K, committed 9088K, reserved 1048576K
}
Event: 7.422 GC heap after
{Heap after GC invocations=18 (full 0):
 garbage-first heap   total 155648K, used 74501K [0x0000000080000000, 0x0000000100000000)
  region size 1024K, 6 young (6144K), 6 survivors (6144K)
 Metaspace       used 65435K, capacity 67272K, committed 67456K, reserved 1107968K
  class space    used 8380K, capacity 8994K, committed 9088K, reserved 1048576K
}
Event: 7.882 GC heap before
{Heap before GC invocations=18 (full 0):
 garbage-first heap   total 155648K, used 114437K [0x0000000080000000, 0x0000000100000000)
  region size 1024K, 45 young (46080K), 6 survivors (6144K)
 Metaspace       used 70855K, capacity 72753K, committed 72832K, reserved 1112064K
  class space    used 9167K, capacity 9787K, committed 9856K, reserved 1048576K
}
Event: 7.888 GC heap after
{Heap after GC invocations=19 (full 0):
 garbage-first heap   total 155648K, used 77302K [0x0000000080000000, 0x0000000100000000)
  region size 1024K, 6 young (6144K), 6 survivors (6144K)
 Metaspace       used 70855K, capacity 72753K, committed 72832K, reserved 1112064K
  class space    used 9167K, capacity 9787K, committed 9856K, reserved 1048576K
}
Event: 8.331 GC heap before
{Heap before GC invocations=19 (full 0):
 garbage-first heap   total 155648K, used 118262K [0x0000000080000000, 0x0000000100000000)
  region size 1024K, 46 young (47104K), 6 survivors (6144K)
 Metaspace       used 74887K, capacity 76719K, committed 76928K, reserved 1116160K
  class space    used 9663K, capacity 10269K, committed 10368K, reserved 1048576K
}
Event: 8.339 GC heap after
{Heap after GC invocations=20 (full 0):
 garbage-first heap   total 155648K, used 79101K [0x0000000080000000, 0x0000000100000000)
  region size 1024K, 5 young (5120K), 5 survivors (5120K)
 Metaspace       used 74887K, capacity 76719K, committed 76928K, reserved 1116160K
  class space    used 9663K, capacity 10269K, committed 10368K, reserved 1048576K
}
Event: 8.843 GC heap before
{Heap before GC invocations=21 (full 0):
 garbage-first heap   total 155648K, used 120061K [0x0000000080000000, 0x0000000100000000)
  region size 1024K, 45 young (46080K), 5 survivors (5120K)
 Metaspace       used 77314K, capacity 79304K, committed 79616K, reserved 1118208K
  class space    used 9986K, capacity 10652K, committed 10752K, reserved 1048576K
}
Event: 8.852 GC heap after
{Heap after GC invocations=22 (full 0):
 garbage-first heap   total 187392K, used 81964K [0x0000000080000000, 0x0000000100000000)
  region size 1024K, 5 young (5120K), 5 survivors (5120K)
 Metaspace       used 77314K, capacity 79304K, committed 79616K, reserved 1118208K
  class space    used 9986K, capacity 10652K, committed 10752K, reserved 1048576K
}
Event: 9.437 GC heap before
{Heap before GC invocations=22 (full 0):
 garbage-first heap   total 187392K, used 136236K [0x0000000080000000, 0x0000000100000000)
  region size 1024K, 58 young (59392K), 5 survivors (5120K)
 Metaspace       used 81430K, capacity 83538K, committed 83712K, reserved 1122304K
  class space    used 10568K, capacity 11218K, committed 11264K, reserved 1048576K
}
Event: 9.442 GC heap after
{Heap after GC invocations=23 (full 0):
 garbage-first heap   total 187392K, used 85025K [0x0000000080000000, 0x0000000100000000)
  region size 1024K, 6 young (6144K), 6 survivors (6144K)
 Metaspace       used 81430K, capacity 83538K, committed 83712K, reserved 1122304K
  class space    used 10568K, capacity 11218K, committed 11264K, reserved 1048576K
}
Event: 10.047 GC heap before
{Heap before GC invocations=23 (full 0):
 garbage-first heap   total 187392K, used 140321K [0x0000000080000000, 0x0000000100000000)
  region size 1024K, 60 young (61440K), 6 survivors (6144K)
 Metaspace       used 85445K, capacity 87718K, committed 87936K, reserved 1126400K
  class space    used 11155K, capacity 11902K, committed 11904K, reserved 1048576K
}
Event: 10.053 GC heap after
{Heap after GC invocations=24 (full 0):
 garbage-first heap   total 187392K, used 88288K [0x0000000080000000, 0x0000000100000000)
  region size 1024K, 7 young (7168K), 7 survivors (7168K)
 Metaspace       used 85445K, capacity 87718K, committed 87936K, reserved 1126400K
  class space    used 11155K, capacity 11902K, committed 11904K, reserved 1048576K
}
Event: 10.532 GC heap before
{Heap before GC invocations=24 (full 0):
 garbage-first heap   total 187392K, used 143584K [0x0000000080000000, 0x0000000100000000)
  region size 1024K, 62 young (63488K), 7 survivors (7168K)
 Metaspace       used 89261K, capacity 91604K, committed 91904K, reserved 1128448K
  class space    used 11662K, capacity 12472K, committed 12544K, reserved 1048576K
}
Event: 10.538 GC heap after
{Heap after GC invocations=25 (full 0):
 garbage-first heap   total 187392K, used 90211K [0x0000000080000000, 0x0000000100000000)
  region size 1024K, 6 young (6144K), 6 survivors (6144K)
 Metaspace       used 89261K, capacity 91604K, committed 91904K, reserved 1128448K
  class space    used 11662K, capacity 12472K, committed 12544K, reserved 1048576K
}

