# JRE version: OpenJDK Runtime Environment (8.0_242-b01) (build 1.8.0_242-release-1644-b01)
# Java VM: OpenJDK 64-Bit Server VM (25.242-b01 mixed mode windows-amd64 compressed oops)
Heap:
 PSYoungGen      total 70656K, used 58509K [0x00000000d6780000, 0x00000000db180000, 0x0000000100000000)
  eden space 65536K, 89% used [0x00000000d6780000,0x00000000da0a3560,0x00000000da780000)
  from space 5120K, 0% used [0x00000000da780000,0x00000000da780000,0x00000000dac80000)
  to   space 5120K, 0% used [0x00000000dac80000,0x00000000dac80000,0x00000000db180000)
 ParOldGen       total 66048K, used 19207K [0x0000000083600000, 0x0000000087680000, 0x00000000d6780000)
  object space 66048K, 29% used [0x0000000083600000,0x00000000848c1ce8,0x0000000087680000)
 Metaspace       used 37769K, capacity 38398K, committed 38704K, reserved 1085440K
  class space    used 4747K, capacity 4898K, committed 4912K, reserved 1048576K
GC Heap History (10 events):
Event: 0.896 GC heap before
{Heap before GC invocations=3 (full 0):
 PSYoungGen      total 70656K, used 26335K [0x00000000d6780000, 0x00000000db180000, 0x0000000100000000)
  eden space 65536K, 32% used [0x00000000d6780000,0x00000000d7c3ac88,0x00000000da780000)
  from space 5120K, 99% used [0x00000000dac80000,0x00000000db17d2b0,0x00000000db180000)
  to   space 5120K, 0% used [0x00000000da780000,0x00000000da780000,0x00000000dac80000)
 ParOldGen       total 86016K, used 7321K [0x0000000083600000, 0x0000000088a00000, 0x00000000d6780000)
  object space 86016K, 8% used [0x0000000083600000,0x0000000083d26488,0x0000000088a00000)
 Metaspace       used 20790K, capacity 21192K, committed 21296K, reserved 1069056K
  class space    used 2457K, capacity 2594K, committed 2608K, reserved 1048576K
Event: 0.901 GC heap after
Heap after GC invocations=3 (full 0):
 PSYoungGen      total 70656K, used 5108K [0x00000000d6780000, 0x00000000db180000, 0x0000000100000000)
  eden space 65536K, 0% used [0x00000000d6780000,0x00000000d6780000,0x00000000da780000)
  from space 5120K, 99% used [0x00000000da780000,0x00000000dac7d2d0,0x00000000dac80000)
  to   space 5120K, 0% used [0x00000000dac80000,0x00000000dac80000,0x00000000db180000)
 ParOldGen       total 86016K, used 11972K [0x0000000083600000, 0x0000000088a00000, 0x00000000d6780000)
  object space 86016K, 13% used [0x0000000083600000,0x00000000841b1340,0x0000000088a00000)
 Metaspace       used 20790K, capacity 21192K, committed 21296K, reserved 1069056K
  class space    used 2457K, capacity 2594K, committed 2608K, reserved 1048576K
}
Event: 0.901 GC heap before
{Heap before GC invocations=4 (full 1):
 PSYoungGen      total 70656K, used 5108K [0x00000000d6780000, 0x00000000db180000, 0x0000000100000000)
  eden space 65536K, 0% used [0x00000000d6780000,0x00000000d6780000,0x00000000da780000)
  from space 5120K, 99% used [0x00000000da780000,0x00000000dac7d2d0,0x00000000dac80000)
  to   space 5120K, 0% used [0x00000000dac80000,0x00000000dac80000,0x00000000db180000)
 ParOldGen       total 86016K, used 11972K [0x0000000083600000, 0x0000000088a00000, 0x00000000d6780000)
  object space 86016K, 13% used [0x0000000083600000,0x00000000841b1340,0x0000000088a00000)
 Metaspace       used 20790K, capacity 21192K, committed 21296K, reserved 1069056K
  class space    used 2457K, capacity 2594K, committed 2608K, reserved 1048576K
Event: 0.921 GC heap after
Heap after GC invocations=4 (full 1):
 PSYoungGen      total 70656K, used 0K [0x00000000d6780000, 0x00000000db180000, 0x0000000100000000)
  eden space 65536K, 0% used [0x00000000d6780000,0x00000000d6780000,0x00000000da780000)
  from space 5120K, 0% used [0x00000000da780000,0x00000000da780000,0x00000000dac80000)
  to   space 5120K, 0% used [0x00000000dac80000,0x00000000dac80000,0x00000000db180000)
 ParOldGen       total 66048K, used 9581K [0x0000000083600000, 0x0000000087680000, 0x00000000d6780000)
  object space 66048K, 14% used [0x0000000083600000,0x0000000083f5b470,0x0000000087680000)
 Metaspace       used 20790K, capacity 21192K, committed 21296K, reserved 1069056K
  class space    used 2457K, capacity 2594K, committed 2608K, reserved 1048576K
}
Event: 1.589 GC heap before
{Heap before GC invocations=5 (full 1):
 PSYoungGen      total 70656K, used 65536K [0x00000000d6780000, 0x00000000db180000, 0x0000000100000000)
  eden space 65536K, 100% used [0x00000000d6780000,0x00000000da780000,0x00000000da780000)
  from space 5120K, 0% used [0x00000000da780000,0x00000000da780000,0x00000000dac80000)
  to   space 5120K, 0% used [0x00000000dac80000,0x00000000dac80000,0x00000000db180000)
 ParOldGen       total 66048K, used 9581K [0x0000000083600000, 0x0000000087680000, 0x00000000d6780000)
  object space 66048K, 14% used [0x0000000083600000,0x0000000083f5b470,0x0000000087680000)
 Metaspace       used 29773K, capacity 30288K, committed 30384K, reserved 1075200K
  class space    used 3590K, capacity 3737K, committed 3760K, reserved 1048576K
Event: 1.600 GC heap after
Heap after GC invocations=5 (full 1):
 PSYoungGen      total 70656K, used 5090K [0x00000000d6780000, 0x00000000db180000, 0x0000000100000000)
  eden space 65536K, 0% used [0x00000000d6780000,0x00000000d6780000,0x00000000da780000)
  from space 5120K, 99% used [0x00000000dac80000,0x00000000db178918,0x00000000db180000)
  to   space 5120K, 0% used [0x00000000da780000,0x00000000da780000,0x00000000dac80000)
 ParOldGen       total 66048K, used 20358K [0x0000000083600000, 0x0000000087680000, 0x00000000d6780000)
  object space 66048K, 30% used [0x0000000083600000,0x00000000849e1a98,0x0000000087680000)
 Metaspace       used 29773K, capacity 30288K, committed 30384K, reserved 1075200K
  class space    used 3590K, capacity 3737K, committed 3760K, reserved 1048576K
}
Event: 1.886 GC heap before
{Heap before GC invocations=6 (full 1):
 PSYoungGen      total 70656K, used 31065K [0x00000000d6780000, 0x00000000db180000, 0x0000000100000000)
  eden space 65536K, 39% used [0x00000000d6780000,0x00000000d80ddd88,0x00000000da780000)
  from space 5120K, 99% used [0x00000000dac80000,0x00000000db178918,0x00000000db180000)
  to   space 5120K, 0% used [0x00000000da780000,0x00000000da780000,0x00000000dac80000)
 ParOldGen       total 66048K, used 20358K [0x0000000083600000, 0x0000000087680000, 0x00000000d6780000)
  object space 66048K, 30% used [0x0000000083600000,0x00000000849e1a98,0x0000000087680000)
 Metaspace       used 34643K, capacity 35170K, committed 35496K, reserved 1081344K
  class space    used 4411K, capacity 4548K, committed 4656K, reserved 1048576K
Event: 1.893 GC heap after
Heap after GC invocations=6 (full 1):
 PSYoungGen      total 70656K, used 5099K [0x00000000d6780000, 0x00000000db180000, 0x0000000100000000)
  eden space 65536K, 0% used [0x00000000d6780000,0x00000000d6780000,0x00000000da780000)
  from space 5120K, 99% used [0x00000000da780000,0x00000000dac7add8,0x00000000dac80000)
  to   space 5120K, 0% used [0x00000000dac80000,0x00000000dac80000,0x00000000db180000)
 ParOldGen       total 66048K, used 26914K [0x0000000083600000, 0x0000000087680000, 0x00000000d6780000)
  object space 66048K, 40% used [0x0000000083600000,0x0000000085048af0,0x0000000087680000)
 Metaspace       used 34643K, capacity 35170K, committed 35496K, reserved 1081344K
  class space    used 4411K, capacity 4548K, committed 4656K, reserved 1048576K
}
Event: 1.893 GC heap before
{Heap before GC invocations=7 (full 2):
 PSYoungGen      total 70656K, used 5099K [0x00000000d6780000, 0x00000000db180000, 0x0000000100000000)
  eden space 65536K, 0% used [0x00000000d6780000,0x00000000d6780000,0x00000000da780000)
  from space 5120K, 99% used [0x00000000da780000,0x00000000dac7add8,0x00000000dac80000)
  to   space 5120K, 0% used [0x00000000dac80000,0x00000000dac80000,0x00000000db180000)
 ParOldGen       total 66048K, used 26914K [0x0000000083600000, 0x0000000087680000, 0x00000000d6780000)
  object space 66048K, 40% used [0x0000000083600000,0x0000000085048af0,0x0000000087680000)
 Metaspace       used 34643K, capacity 35170K, committed 35496K, reserved 1081344K
  class space    used 4411K, capacity 4548K, committed 4656K, reserved 1048576K
Event: 1.928 GC heap after
Heap after GC invocations=7 (full 2):
 PSYoungGen      total 70656K, used 0K [0x00000000d6780000, 0x00000000db180000, 0x0000000100000000)
  eden space 65536K, 0% used [0x00000000d6780000,0x00000000d6780000,0x00000000da780000)
  from space 5120K, 0% used [0x00000000da780000,0x00000000da780000,0x00000000dac80000)
  to   space 5120K, 0% used [0x00000000dac80000,0x00000000dac80000,0x00000000db180000)
 ParOldGen       total 66048K, used 19207K [0x0000000083600000, 0x0000000087680000, 0x00000000d6780000)
  object space 66048K, 29% used [0x0000000083600000,0x00000000848c1ce8,0x0000000087680000)
 Metaspace       used 34643K, capacity 35170K, committed 35496K, reserved 1081344K
  class space    used 4411K, capacity 4548K, committed 4656K, reserved 1048576K
}

