# JRE version: OpenJDK Runtime Environment (8.0_242-b01) (build 1.8.0_242-release-1644-b01)
# Java VM: OpenJDK 64-Bit Server VM (25.242-b01 mixed mode windows-amd64 compressed oops)
Heap:
 PSYoungGen      total 414720K, used 106077K [0x00000000d5580000, 0x00000000f4c00000, 0x0000000100000000)
  eden space 351232K, 17% used [0x00000000d5580000,0x00000000d9013160,0x00000000eac80000)
  from space 63488K, 72% used [0x00000000eac80000,0x00000000ed984580,0x00000000eea80000)
  to   space 67584K, 0% used [0x00000000f0a00000,0x00000000f0a00000,0x00000000f4c00000)
 ParOldGen       total 292352K, used 148720K [0x0000000080000000, 0x0000000091d80000, 0x00000000d5580000)
  object space 292352K, 50% used [0x0000000080000000,0x000000008913c250,0x0000000091d80000)
 Metaspace       used 94033K, capacity 99158K, committed 100056K, reserved 1136640K
  class space    used 12299K, capacity 13265K, committed 13568K, reserved 1048576K
GC Heap History (10 events):
Event: 3190.599 GC heap before
{Heap before GC invocations=21 (full 4):
 PSYoungGen      total 320512K, used 42471K [0x00000000d5580000, 0x00000000f1d00000, 0x0000000100000000)
  eden space 278016K, 0% used [0x00000000d5580000,0x00000000d5580000,0x00000000e6500000)
  from space 42496K, 99% used [0x00000000e6500000,0x00000000e8e79ec0,0x00000000e8e80000)
  to   space 73728K, 0% used [0x00000000ed500000,0x00000000ed500000,0x00000000f1d00000)
 ParOldGen       total 152576K, used 151854K [0x0000000080000000, 0x0000000089500000, 0x00000000d5580000)
  object space 152576K, 99% used [0x0000000080000000,0x000000008944b938,0x0000000089500000)
 Metaspace       used 90991K, capacity 96588K, committed 96856K, reserved 1132544K
  class space    used 12298K, capacity 13354K, committed 13440K, reserved 1048576K
Event: 3191.097 GC heap after
Heap after GC invocations=21 (full 4):
 PSYoungGen      total 320512K, used 0K [0x00000000d5580000, 0x00000000f1d00000, 0x0000000100000000)
  eden space 278016K, 0% used [0x00000000d5580000,0x00000000d5580000,0x00000000e6500000)
  from space 42496K, 0% used [0x00000000e6500000,0x00000000e6500000,0x00000000e8e80000)
  to   space 73728K, 0% used [0x00000000ed500000,0x00000000ed500000,0x00000000f1d00000)
 ParOldGen       total 292352K, used 148688K [0x0000000080000000, 0x0000000091d80000, 0x00000000d5580000)
  object space 292352K, 50% used [0x0000000080000000,0x0000000089134250,0x0000000091d80000)
 Metaspace       used 89886K, capacity 94034K, committed 96856K, reserved 1132544K
  class space    used 11974K, capacity 12771K, committed 13440K, reserved 1048576K
}
Event: 3235.417 GC heap before
{Heap before GC invocations=22 (full 4):
 PSYoungGen      total 320512K, used 278016K [0x00000000d5580000, 0x00000000f1d00000, 0x0000000100000000)
  eden space 278016K, 100% used [0x00000000d5580000,0x00000000e6500000,0x00000000e6500000)
  from space 42496K, 0% used [0x00000000e6500000,0x00000000e6500000,0x00000000e8e80000)
  to   space 73728K, 0% used [0x00000000ed500000,0x00000000ed500000,0x00000000f1d00000)
 ParOldGen       total 292352K, used 148688K [0x0000000080000000, 0x0000000091d80000, 0x00000000d5580000)
  object space 292352K, 50% used [0x0000000080000000,0x0000000089134250,0x0000000091d80000)
 Metaspace       used 91505K, capacity 96086K, committed 98008K, reserved 1134592K
  class space    used 12135K, capacity 13009K, committed 13568K, reserved 1048576K
Event: 3235.438 GC heap after
Heap after GC invocations=22 (full 4):
 PSYoungGen      total 387584K, used 16276K [0x00000000d5580000, 0x00000000f1780000, 0x0000000100000000)
  eden space 319488K, 0% used [0x00000000d5580000,0x00000000d5580000,0x00000000e8d80000)
  from space 68096K, 23% used [0x00000000ed500000,0x00000000ee4e5300,0x00000000f1780000)
  to   space 70656K, 0% used [0x00000000e8d80000,0x00000000e8d80000,0x00000000ed280000)
 ParOldGen       total 292352K, used 148696K [0x0000000080000000, 0x0000000091d80000, 0x00000000d5580000)
  object space 292352K, 50% used [0x0000000080000000,0x0000000089136250,0x0000000091d80000)
 Metaspace       used 91505K, capacity 96086K, committed 98008K, reserved 1134592K
  class space    used 12135K, capacity 13009K, committed 13568K, reserved 1048576K
}
Event: 3748.217 GC heap before
{Heap before GC invocations=23 (full 4):
 PSYoungGen      total 387584K, used 335764K [0x00000000d5580000, 0x00000000f1780000, 0x0000000100000000)
  eden space 319488K, 100% used [0x00000000d5580000,0x00000000e8d80000,0x00000000e8d80000)
  from space 68096K, 23% used [0x00000000ed500000,0x00000000ee4e5300,0x00000000f1780000)
  to   space 70656K, 0% used [0x00000000e8d80000,0x00000000e8d80000,0x00000000ed280000)
 ParOldGen       total 292352K, used 148696K [0x0000000080000000, 0x0000000091d80000, 0x00000000d5580000)
  object space 292352K, 50% used [0x0000000080000000,0x0000000089136250,0x0000000091d80000)
 Metaspace       used 92890K, capacity 97842K, committed 99288K, reserved 1134592K
  class space    used 12252K, capacity 13181K, committed 13568K, reserved 1048576K
Event: 3748.232 GC heap after
Heap after GC invocations=23 (full 4):
 PSYoungGen      total 390144K, used 18742K [0x00000000d5580000, 0x00000000f3600000, 0x0000000100000000)
  eden space 319488K, 0% used [0x00000000d5580000,0x00000000d5580000,0x00000000e8d80000)
  from space 70656K, 26% used [0x00000000e8d80000,0x00000000e9fcd828,0x00000000ed280000)
  to   space 66560K, 0% used [0x00000000ef500000,0x00000000ef500000,0x00000000f3600000)
 ParOldGen       total 292352K, used 148704K [0x0000000080000000, 0x0000000091d80000, 0x00000000d5580000)
  object space 292352K, 50% used [0x0000000080000000,0x0000000089138250,0x0000000091d80000)
 Metaspace       used 92890K, capacity 97842K, committed 99288K, reserved 1134592K
  class space    used 12252K, capacity 13181K, committed 13568K, reserved 1048576K
}
Event: 3931.549 GC heap before
{Heap before GC invocations=24 (full 4):
 PSYoungGen      total 390144K, used 338230K [0x00000000d5580000, 0x00000000f3600000, 0x0000000100000000)
  eden space 319488K, 100% used [0x00000000d5580000,0x00000000e8d80000,0x00000000e8d80000)
  from space 70656K, 26% used [0x00000000e8d80000,0x00000000e9fcd828,0x00000000ed280000)
  to   space 66560K, 0% used [0x00000000ef500000,0x00000000ef500000,0x00000000f3600000)
 ParOldGen       total 292352K, used 148704K [0x0000000080000000, 0x0000000091d80000, 0x00000000d5580000)
  object space 292352K, 50% used [0x0000000080000000,0x0000000089138250,0x0000000091d80000)
 Metaspace       used 93436K, capacity 98612K, committed 99544K, reserved 1134592K
  class space    used 12297K, capacity 13264K, committed 13568K, reserved 1048576K
Event: 3931.572 GC heap after
Heap after GC invocations=24 (full 4):
 PSYoungGen      total 403968K, used 19760K [0x00000000d5580000, 0x00000000f2880000, 0x0000000100000000)
  eden space 351232K, 0% used [0x00000000d5580000,0x00000000d5580000,0x00000000eac80000)
  from space 52736K, 37% used [0x00000000ef500000,0x00000000f084c070,0x00000000f2880000)
  to   space 63488K, 0% used [0x00000000eac80000,0x00000000eac80000,0x00000000eea80000)
 ParOldGen       total 292352K, used 148712K [0x0000000080000000, 0x0000000091d80000, 0x00000000d5580000)
  object space 292352K, 50% used [0x0000000080000000,0x000000008913a250,0x0000000091d80000)
 Metaspace       used 93436K, capacity 98612K, committed 99544K, reserved 1134592K
  class space    used 12297K, capacity 13264K, committed 13568K, reserved 1048576K
}
Event: 5196.071 GC heap before
{Heap before GC invocations=25 (full 4):
 PSYoungGen      total 403968K, used 370992K [0x00000000d5580000, 0x00000000f2880000, 0x0000000100000000)
  eden space 351232K, 100% used [0x00000000d5580000,0x00000000eac80000,0x00000000eac80000)
  from space 52736K, 37% used [0x00000000ef500000,0x00000000f084c070,0x00000000f2880000)
  to   space 63488K, 0% used [0x00000000eac80000,0x00000000eac80000,0x00000000eea80000)
 ParOldGen       total 292352K, used 148712K [0x0000000080000000, 0x0000000091d80000, 0x00000000d5580000)
  object space 292352K, 50% used [0x0000000080000000,0x000000008913a250,0x0000000091d80000)
 Metaspace       used 94027K, capacity 99158K, committed 100056K, reserved 1136640K
  class space    used 12299K, capacity 13265K, committed 13568K, reserved 1048576K
Event: 5196.111 GC heap after
Heap after GC invocations=25 (full 4):
 PSYoungGen      total 414720K, used 46097K [0x00000000d5580000, 0x00000000f4c00000, 0x0000000100000000)
  eden space 351232K, 0% used [0x00000000d5580000,0x00000000d5580000,0x00000000eac80000)
  from space 63488K, 72% used [0x00000000eac80000,0x00000000ed984580,0x00000000eea80000)
  to   space 67584K, 0% used [0x00000000f0a00000,0x00000000f0a00000,0x00000000f4c00000)
 ParOldGen       total 292352K, used 148720K [0x0000000080000000, 0x0000000091d80000, 0x00000000d5580000)
  object space 292352K, 50% used [0x0000000080000000,0x000000008913c250,0x0000000091d80000)
 Metaspace       used 94027K, capacity 99158K, committed 100056K, reserved 1136640K
  class space    used 12299K, capacity 13265K, committed 13568K, reserved 1048576K
}

