# JRE version: OpenJDK Runtime Environment (8.0_242-b01) (build 1.8.0_242-release-1644-b01)
# Java VM: OpenJDK 64-Bit Server VM (25.242-b01 mixed mode windows-amd64 compressed oops)
Heap:
 PSYoungGen      total 101376K, used 61318K [0x00000000d6780000, 0x00000000df180000, 0x0000000100000000)
  eden space 96256K, 63% used [0x00000000d6780000,0x00000000da361a88,0x00000000dc580000)
  from space 5120K, 0% used [0x00000000de780000,0x00000000de780000,0x00000000dec80000)
  to   space 5120K, 0% used [0x00000000dec80000,0x00000000dec80000,0x00000000df180000)
 ParOldGen       total 65536K, used 19353K [0x0000000083600000, 0x0000000087600000, 0x00000000d6780000)
  object space 65536K, 29% used [0x0000000083600000,0x00000000848e67d8,0x0000000087600000)
 Metaspace       used 38144K, capacity 38756K, committed 39040K, reserved 1083392K
  class space    used 4791K, capacity 4931K, committed 4992K, reserved 1048576K
GC Heap History (10 events):
Event: 1.073 GC heap before
{Heap before GC invocations=3 (full 0):
 PSYoungGen      total 70656K, used 26461K [0x00000000d6780000, 0x00000000db180000, 0x0000000100000000)
  eden space 65536K, 32% used [0x00000000d6780000,0x00000000d7c5a430,0x00000000da780000)
  from space 5120K, 99% used [0x00000000dac80000,0x00000000db17d2d0,0x00000000db180000)
  to   space 5120K, 0% used [0x00000000da780000,0x00000000da780000,0x00000000dac80000)
 ParOldGen       total 86016K, used 7191K [0x0000000083600000, 0x0000000088a00000, 0x00000000d6780000)
  object space 86016K, 8% used [0x0000000083600000,0x0000000083d05f68,0x0000000088a00000)
 Metaspace       used 20756K, capacity 21126K, committed 21296K, reserved 1069056K
  class space    used 2458K, capacity 2593K, committed 2688K, reserved 1048576K
Event: 1.079 GC heap after
Heap after GC invocations=3 (full 0):
 PSYoungGen      total 70656K, used 5096K [0x00000000d6780000, 0x00000000df180000, 0x0000000100000000)
  eden space 65536K, 0% used [0x00000000d6780000,0x00000000d6780000,0x00000000da780000)
  from space 5120K, 99% used [0x00000000da780000,0x00000000dac7a2c0,0x00000000dac80000)
  to   space 5120K, 0% used [0x00000000dec80000,0x00000000dec80000,0x00000000df180000)
 ParOldGen       total 86016K, used 11845K [0x0000000083600000, 0x0000000088a00000, 0x00000000d6780000)
  object space 86016K, 13% used [0x0000000083600000,0x00000000841916e0,0x0000000088a00000)
 Metaspace       used 20756K, capacity 21126K, committed 21296K, reserved 1069056K
  class space    used 2458K, capacity 2593K, committed 2688K, reserved 1048576K
}
Event: 1.079 GC heap before
{Heap before GC invocations=4 (full 1):
 PSYoungGen      total 70656K, used 5096K [0x00000000d6780000, 0x00000000df180000, 0x0000000100000000)
  eden space 65536K, 0% used [0x00000000d6780000,0x00000000d6780000,0x00000000da780000)
  from space 5120K, 99% used [0x00000000da780000,0x00000000dac7a2c0,0x00000000dac80000)
  to   space 5120K, 0% used [0x00000000dec80000,0x00000000dec80000,0x00000000df180000)
 ParOldGen       total 86016K, used 11845K [0x0000000083600000, 0x0000000088a00000, 0x00000000d6780000)
  object space 86016K, 13% used [0x0000000083600000,0x00000000841916e0,0x0000000088a00000)
 Metaspace       used 20756K, capacity 21126K, committed 21296K, reserved 1069056K
  class space    used 2458K, capacity 2593K, committed 2688K, reserved 1048576K
Event: 1.100 GC heap after
Heap after GC invocations=4 (full 1):
 PSYoungGen      total 70656K, used 0K [0x00000000d6780000, 0x00000000df180000, 0x0000000100000000)
  eden space 65536K, 0% used [0x00000000d6780000,0x00000000d6780000,0x00000000da780000)
  from space 5120K, 0% used [0x00000000da780000,0x00000000da780000,0x00000000dac80000)
  to   space 5120K, 0% used [0x00000000dec80000,0x00000000dec80000,0x00000000df180000)
 ParOldGen       total 65536K, used 9569K [0x0000000083600000, 0x0000000087600000, 0x00000000d6780000)
  object space 65536K, 14% used [0x0000000083600000,0x0000000083f585b0,0x0000000087600000)
 Metaspace       used 20756K, capacity 21126K, committed 21296K, reserved 1069056K
  class space    used 2458K, capacity 2593K, committed 2688K, reserved 1048576K
}
Event: 1.827 GC heap before
{Heap before GC invocations=5 (full 1):
 PSYoungGen      total 70656K, used 65536K [0x00000000d6780000, 0x00000000df180000, 0x0000000100000000)
  eden space 65536K, 100% used [0x00000000d6780000,0x00000000da780000,0x00000000da780000)
  from space 5120K, 0% used [0x00000000da780000,0x00000000da780000,0x00000000dac80000)
  to   space 5120K, 0% used [0x00000000dec80000,0x00000000dec80000,0x00000000df180000)
 ParOldGen       total 65536K, used 9569K [0x0000000083600000, 0x0000000087600000, 0x00000000d6780000)
  object space 65536K, 14% used [0x0000000083600000,0x0000000083f585b0,0x0000000087600000)
 Metaspace       used 29698K, capacity 30224K, committed 30464K, reserved 1075200K
  class space    used 3591K, capacity 3737K, committed 3840K, reserved 1048576K
Event: 1.838 GC heap after
Heap after GC invocations=5 (full 1):
 PSYoungGen      total 101376K, used 5090K [0x00000000d6780000, 0x00000000df180000, 0x0000000100000000)
  eden space 96256K, 0% used [0x00000000d6780000,0x00000000d6780000,0x00000000dc580000)
  from space 5120K, 99% used [0x00000000dec80000,0x00000000df178918,0x00000000df180000)
  to   space 5120K, 0% used [0x00000000de780000,0x00000000de780000,0x00000000dec80000)
 ParOldGen       total 65536K, used 20372K [0x0000000083600000, 0x0000000087600000, 0x00000000d6780000)
  object space 65536K, 31% used [0x0000000083600000,0x00000000849e5320,0x0000000087600000)
 Metaspace       used 29698K, capacity 30224K, committed 30464K, reserved 1075200K
  class space    used 3591K, capacity 3737K, committed 3840K, reserved 1048576K
}
Event: 2.150 GC heap before
{Heap before GC invocations=6 (full 1):
 PSYoungGen      total 101376K, used 32110K [0x00000000d6780000, 0x00000000df180000, 0x0000000100000000)
  eden space 96256K, 28% used [0x00000000d6780000,0x00000000d81e3028,0x00000000dc580000)
  from space 5120K, 99% used [0x00000000dec80000,0x00000000df178918,0x00000000df180000)
  to   space 5120K, 0% used [0x00000000de780000,0x00000000de780000,0x00000000dec80000)
 ParOldGen       total 65536K, used 20372K [0x0000000083600000, 0x0000000087600000, 0x00000000d6780000)
  object space 65536K, 31% used [0x0000000083600000,0x00000000849e5320,0x0000000087600000)
 Metaspace       used 34735K, capacity 35244K, committed 35496K, reserved 1081344K
  class space    used 4414K, capacity 4551K, committed 4608K, reserved 1048576K
Event: 2.159 GC heap after
Heap after GC invocations=6 (full 1):
 PSYoungGen      total 101376K, used 5090K [0x00000000d6780000, 0x00000000df180000, 0x0000000100000000)
  eden space 96256K, 0% used [0x00000000d6780000,0x00000000d6780000,0x00000000dc580000)
  from space 5120K, 99% used [0x00000000de780000,0x00000000dec78918,0x00000000dec80000)
  to   space 5120K, 0% used [0x00000000dec80000,0x00000000dec80000,0x00000000df180000)
 ParOldGen       total 65536K, used 26994K [0x0000000083600000, 0x0000000087600000, 0x00000000d6780000)
  object space 65536K, 41% used [0x0000000083600000,0x000000008505ca90,0x0000000087600000)
 Metaspace       used 34735K, capacity 35244K, committed 35496K, reserved 1081344K
  class space    used 4414K, capacity 4551K, committed 4608K, reserved 1048576K
}
Event: 2.159 GC heap before
{Heap before GC invocations=7 (full 2):
 PSYoungGen      total 101376K, used 5090K [0x00000000d6780000, 0x00000000df180000, 0x0000000100000000)
  eden space 96256K, 0% used [0x00000000d6780000,0x00000000d6780000,0x00000000dc580000)
  from space 5120K, 99% used [0x00000000de780000,0x00000000dec78918,0x00000000dec80000)
  to   space 5120K, 0% used [0x00000000dec80000,0x00000000dec80000,0x00000000df180000)
 ParOldGen       total 65536K, used 26994K [0x0000000083600000, 0x0000000087600000, 0x00000000d6780000)
  object space 65536K, 41% used [0x0000000083600000,0x000000008505ca90,0x0000000087600000)
 Metaspace       used 34735K, capacity 35244K, committed 35496K, reserved 1081344K
  class space    used 4414K, capacity 4551K, committed 4608K, reserved 1048576K
Event: 2.204 GC heap after
Heap after GC invocations=7 (full 2):
 PSYoungGen      total 101376K, used 0K [0x00000000d6780000, 0x00000000df180000, 0x0000000100000000)
  eden space 96256K, 0% used [0x00000000d6780000,0x00000000d6780000,0x00000000dc580000)
  from space 5120K, 0% used [0x00000000de780000,0x00000000de780000,0x00000000dec80000)
  to   space 5120K, 0% used [0x00000000dec80000,0x00000000dec80000,0x00000000df180000)
 ParOldGen       total 65536K, used 19353K [0x0000000083600000, 0x0000000087600000, 0x00000000d6780000)
  object space 65536K, 29% used [0x0000000083600000,0x00000000848e67d8,0x0000000087600000)
 Metaspace       used 34735K, capacity 35244K, committed 35496K, reserved 1081344K
  class space    used 4414K, capacity 4551K, committed 4608K, reserved 1048576K
}

