# JRE version: OpenJDK Runtime Environment (8.0_242-b01) (build 1.8.0_242-release-1644-b01)
# Java VM: OpenJDK 64-Bit Server VM (25.242-b01 mixed mode windows-amd64 compressed oops)
Heap:
 PSYoungGen      total 296960K, used 35165K [0x00000000d5580000, 0x00000000efb80000, 0x0000000100000000)
  eden space 272896K, 10% used [0x00000000d5580000,0x00000000d7106888,0x00000000e6000000)
  from space 24064K, 29% used [0x00000000e6000000,0x00000000e66d0d48,0x00000000e7780000)
  to   space 47104K, 0% used [0x00000000ecd80000,0x00000000ecd80000,0x00000000efb80000)
 ParOldGen       total 111104K, used 111006K [0x0000000080000000, 0x0000000086c80000, 0x00000000d5580000)
  object space 111104K, 99% used [0x0000000080000000,0x0000000086c67860,0x0000000086c80000)
 Metaspace       used 83054K, capacity 87226K, committed 88536K, reserved 1126400K
  class space    used 11479K, capacity 12289K, committed 12544K, reserved 1048576K
GC Heap History (10 events):
Event: 6.141 GC heap before
{Heap before GC invocations=15 (full 3):
 PSYoungGen      total 244224K, used 5341K [0x00000000d5580000, 0x00000000e5b00000, 0x0000000100000000)
  eden space 224768K, 0% used [0x00000000d5580000,0x00000000d5580000,0x00000000e3100000)
  from space 19456K, 27% used [0x00000000e4380000,0x00000000e48b74a8,0x00000000e5680000)
  to   space 18944K, 0% used [0x00000000e3100000,0x00000000e3100000,0x00000000e4380000)
 ParOldGen       total 72704K, used 41218K [0x0000000080000000, 0x0000000084700000, 0x00000000d5580000)
  object space 72704K, 56% used [0x0000000080000000,0x0000000082840a98,0x0000000084700000)
 Metaspace       used 56547K, capacity 58952K, committed 59028K, reserved 1099776K
  class space    used 7671K, capacity 8161K, committed 8192K, reserved 1048576K
Event: 6.277 GC heap after
Heap after GC invocations=15 (full 3):
 PSYoungGen      total 244224K, used 0K [0x00000000d5580000, 0x00000000e5b00000, 0x0000000100000000)
  eden space 224768K, 0% used [0x00000000d5580000,0x00000000d5580000,0x00000000e3100000)
  from space 19456K, 0% used [0x00000000e4380000,0x00000000e4380000,0x00000000e5680000)
  to   space 18944K, 0% used [0x00000000e3100000,0x00000000e3100000,0x00000000e4380000)
 ParOldGen       total 111104K, used 33124K [0x0000000080000000, 0x0000000086c80000, 0x00000000d5580000)
  object space 111104K, 29% used [0x0000000080000000,0x0000000082059260,0x0000000086c80000)
 Metaspace       used 56499K, capacity 58790K, committed 59028K, reserved 1099776K
  class space    used 7656K, capacity 8134K, committed 8192K, reserved 1048576K
}
Event: 8.175 GC heap before
{Heap before GC invocations=16 (full 3):
 PSYoungGen      total 244224K, used 224768K [0x00000000d5580000, 0x00000000e5b00000, 0x0000000100000000)
  eden space 224768K, 100% used [0x00000000d5580000,0x00000000e3100000,0x00000000e3100000)
  from space 19456K, 0% used [0x00000000e4380000,0x00000000e4380000,0x00000000e5680000)
  to   space 18944K, 0% used [0x00000000e3100000,0x00000000e3100000,0x00000000e4380000)
 ParOldGen       total 111104K, used 33124K [0x0000000080000000, 0x0000000086c80000, 0x00000000d5580000)
  object space 111104K, 29% used [0x0000000080000000,0x0000000082059260,0x0000000086c80000)
 Metaspace       used 65954K, capacity 69314K, committed 69336K, reserved 1110016K
  class space    used 9066K, capacity 9728K, committed 9728K, reserved 1048576K
Event: 8.192 GC heap after
Heap after GC invocations=16 (full 3):
 PSYoungGen      total 243712K, used 18936K [0x00000000d5580000, 0x00000000e9280000, 0x0000000100000000)
  eden space 224768K, 0% used [0x00000000d5580000,0x00000000d5580000,0x00000000e3100000)
  from space 18944K, 99% used [0x00000000e3100000,0x00000000e437e2b8,0x00000000e4380000)
  to   space 22016K, 0% used [0x00000000e7d00000,0x00000000e7d00000,0x00000000e9280000)
 ParOldGen       total 111104K, used 34351K [0x0000000080000000, 0x0000000086c80000, 0x00000000d5580000)
  object space 111104K, 30% used [0x0000000080000000,0x000000008218bcf8,0x0000000086c80000)
 Metaspace       used 65954K, capacity 69314K, committed 69336K, reserved 1110016K
  class space    used 9066K, capacity 9728K, committed 9728K, reserved 1048576K
}
Event: 15.876 GC heap before
{Heap before GC invocations=17 (full 3):
 PSYoungGen      total 243712K, used 243704K [0x00000000d5580000, 0x00000000e9280000, 0x0000000100000000)
  eden space 224768K, 100% used [0x00000000d5580000,0x00000000e3100000,0x00000000e3100000)
  from space 18944K, 99% used [0x00000000e3100000,0x00000000e437e2b8,0x00000000e4380000)
  to   space 22016K, 0% used [0x00000000e7d00000,0x00000000e7d00000,0x00000000e9280000)
 ParOldGen       total 111104K, used 34351K [0x0000000080000000, 0x0000000086c80000, 0x00000000d5580000)
  object space 111104K, 30% used [0x0000000080000000,0x000000008218bcf8,0x0000000086c80000)
 Metaspace       used 74062K, capacity 77920K, committed 78040K, reserved 1116160K
  class space    used 10211K, capacity 10920K, committed 11008K, reserved 1048576K
Event: 15.900 GC heap after
Heap after GC invocations=17 (full 3):
 PSYoungGen      total 291328K, used 17656K [0x00000000d5580000, 0x00000000e8f00000, 0x0000000100000000)
  eden space 272896K, 0% used [0x00000000d5580000,0x00000000d5580000,0x00000000e6000000)
  from space 18432K, 95% used [0x00000000e7d00000,0x00000000e8e3e0b0,0x00000000e8f00000)
  to   space 24064K, 0% used [0x00000000e6000000,0x00000000e6000000,0x00000000e7780000)
 ParOldGen       total 111104K, used 47456K [0x0000000080000000, 0x0000000086c80000, 0x00000000d5580000)
  object space 111104K, 42% used [0x0000000080000000,0x0000000082e58198,0x0000000086c80000)
 Metaspace       used 74062K, capacity 77920K, committed 78040K, reserved 1116160K
  class space    used 10211K, capacity 10920K, committed 11008K, reserved 1048576K
}
Event: 17.735 GC heap before
{Heap before GC invocations=18 (full 3):
 PSYoungGen      total 291328K, used 290552K [0x00000000d5580000, 0x00000000e8f00000, 0x0000000100000000)
  eden space 272896K, 100% used [0x00000000d5580000,0x00000000e6000000,0x00000000e6000000)
  from space 18432K, 95% used [0x00000000e7d00000,0x00000000e8e3e0b0,0x00000000e8f00000)
  to   space 24064K, 0% used [0x00000000e6000000,0x00000000e6000000,0x00000000e7780000)
 ParOldGen       total 111104K, used 47456K [0x0000000080000000, 0x0000000086c80000, 0x00000000d5580000)
  object space 111104K, 42% used [0x0000000080000000,0x0000000082e58198,0x0000000086c80000)
 Metaspace       used 83421K, capacity 88260K, committed 88536K, reserved 1126400K
  class space    used 11598K, capacity 12500K, committed 12544K, reserved 1048576K
Event: 17.800 GC heap after
Heap after GC invocations=18 (full 3):
 PSYoungGen      total 296960K, used 24060K [0x00000000d5580000, 0x00000000efb80000, 0x0000000100000000)
  eden space 272896K, 0% used [0x00000000d5580000,0x00000000d5580000,0x00000000e6000000)
  from space 24064K, 99% used [0x00000000e6000000,0x00000000e777f0d0,0x00000000e7780000)
  to   space 47104K, 0% used [0x00000000ecd80000,0x00000000ecd80000,0x00000000efb80000)
 ParOldGen       total 111104K, used 100249K [0x0000000080000000, 0x0000000086c80000, 0x00000000d5580000)
  object space 111104K, 90% used [0x0000000080000000,0x00000000861e67e8,0x0000000086c80000)
 Metaspace       used 83421K, capacity 88260K, committed 88536K, reserved 1126400K
  class space    used 11598K, capacity 12500K, committed 12544K, reserved 1048576K
}
Event: 17.800 GC heap before
{Heap before GC invocations=19 (full 4):
 PSYoungGen      total 296960K, used 24060K [0x00000000d5580000, 0x00000000efb80000, 0x0000000100000000)
  eden space 272896K, 0% used [0x00000000d5580000,0x00000000d5580000,0x00000000e6000000)
  from space 24064K, 99% used [0x00000000e6000000,0x00000000e777f0d0,0x00000000e7780000)
  to   space 47104K, 0% used [0x00000000ecd80000,0x00000000ecd80000,0x00000000efb80000)
 ParOldGen       total 111104K, used 100249K [0x0000000080000000, 0x0000000086c80000, 0x00000000d5580000)
  object space 111104K, 90% used [0x0000000080000000,0x00000000861e67e8,0x0000000086c80000)
 Metaspace       used 83421K, capacity 88260K, committed 88536K, reserved 1126400K
  class space    used 11598K, capacity 12500K, committed 12544K, reserved 1048576K
Event: 18.307 GC heap after
Heap after GC invocations=19 (full 4):
 PSYoungGen      total 296960K, used 6979K [0x00000000d5580000, 0x00000000efb80000, 0x0000000100000000)
  eden space 272896K, 0% used [0x00000000d5580000,0x00000000d5580000,0x00000000e6000000)
  from space 24064K, 29% used [0x00000000e6000000,0x00000000e66d0d48,0x00000000e7780000)
  to   space 47104K, 0% used [0x00000000ecd80000,0x00000000ecd80000,0x00000000efb80000)
 ParOldGen       total 111104K, used 111006K [0x0000000080000000, 0x0000000086c80000, 0x00000000d5580000)
  object space 111104K, 99% used [0x0000000080000000,0x0000000086c67860,0x0000000086c80000)
 Metaspace       used 83052K, capacity 87226K, committed 88536K, reserved 1126400K
  class space    used 11479K, capacity 12289K, committed 12544K, reserved 1048576K
}

