# JRE version: OpenJDK Runtime Environment (8.0_242-b01) (build 1.8.0_242-release-1644-b01)
# Java VM: OpenJDK 64-Bit Server VM (25.242-b01 mixed mode windows-amd64 compressed oops)
Heap:
 PSYoungGen      total 358400K, used 165823K [0x00000000d5580000, 0x00000000ee080000, 0x0000000100000000)
  eden space 311808K, 50% used [0x00000000d5580000,0x00000000dede3df8,0x00000000e8600000)
  from space 46592K, 20% used [0x00000000eb280000,0x00000000ebc0c030,0x00000000ee000000)
  to   space 45568K, 26% used [0x00000000e8600000,0x00000000e91f8040,0x00000000eb280000)
 ParOldGen       total 216064K, used 86593K [0x0000000080000000, 0x000000008d300000, 0x00000000d5580000)
  object space 216064K, 40% used [0x0000000080000000,0x0000000085490458,0x000000008d300000)
 Metaspace       used 96582K, capacity 101530K, committed 103064K, reserved 1142784K
  class space    used 12912K, capacity 13865K, committed 14504K, reserved 1048576K
GC Heap History (10 events):
Event: 35.590 GC heap before
{Heap before GC invocations=20 (full 3):
 PSYoungGen      total 308224K, used 163723K [0x00000000d5580000, 0x00000000ead00000, 0x0000000100000000)
  eden space 271872K, 49% used [0x00000000d5580000,0x00000000dd942ce8,0x00000000e5f00000)
  from space 36352K, 79% used [0x00000000e8980000,0x00000000ea59fff8,0x00000000ead00000)
  to   space 39936K, 0% used [0x00000000e5f00000,0x00000000e5f00000,0x00000000e8600000)
 ParOldGen       total 125440K, used 70637K [0x0000000080000000, 0x0000000087a80000, 0x00000000d5580000)
  object space 125440K, 56% used [0x0000000080000000,0x00000000844fb658,0x0000000087a80000)
 Metaspace       used 92873K, capacity 98574K, committed 98600K, reserved 1134592K
  class space    used 12793K, capacity 13985K, committed 13992K, reserved 1048576K
Event: 35.622 GC heap after
Heap after GC invocations=20 (full 3):
 PSYoungGen      total 311808K, used 39905K [0x00000000d5580000, 0x00000000ee000000, 0x0000000100000000)
  eden space 271872K, 0% used [0x00000000d5580000,0x00000000d5580000,0x00000000e5f00000)
  from space 39936K, 99% used [0x00000000e5f00000,0x00000000e85f8498,0x00000000e8600000)
  to   space 46592K, 0% used [0x00000000eb280000,0x00000000eb280000,0x00000000ee000000)
 ParOldGen       total 125440K, used 71362K [0x0000000080000000, 0x0000000087a80000, 0x00000000d5580000)
  object space 125440K, 56% used [0x0000000080000000,0x00000000845b0978,0x0000000087a80000)
 Metaspace       used 92873K, capacity 98574K, committed 98600K, reserved 1134592K
  class space    used 12793K, capacity 13985K, committed 13992K, reserved 1048576K
}
Event: 35.622 GC heap before
{Heap before GC invocations=21 (full 4):
 PSYoungGen      total 311808K, used 39905K [0x00000000d5580000, 0x00000000ee000000, 0x0000000100000000)
  eden space 271872K, 0% used [0x00000000d5580000,0x00000000d5580000,0x00000000e5f00000)
  from space 39936K, 99% used [0x00000000e5f00000,0x00000000e85f8498,0x00000000e8600000)
  to   space 46592K, 0% used [0x00000000eb280000,0x00000000eb280000,0x00000000ee000000)
 ParOldGen       total 125440K, used 71362K [0x0000000080000000, 0x0000000087a80000, 0x00000000d5580000)
  object space 125440K, 56% used [0x0000000080000000,0x00000000845b0978,0x0000000087a80000)
 Metaspace       used 92873K, capacity 98574K, committed 98600K, reserved 1134592K
  class space    used 12793K, capacity 13985K, committed 13992K, reserved 1048576K
Event: 35.825 GC heap after
Heap after GC invocations=21 (full 4):
 PSYoungGen      total 311808K, used 0K [0x00000000d5580000, 0x00000000ee000000, 0x0000000100000000)
  eden space 271872K, 0% used [0x00000000d5580000,0x00000000d5580000,0x00000000e5f00000)
  from space 39936K, 0% used [0x00000000e5f00000,0x00000000e5f00000,0x00000000e8600000)
  to   space 46592K, 0% used [0x00000000eb280000,0x00000000eb280000,0x00000000ee000000)
 ParOldGen       total 216064K, used 86561K [0x0000000080000000, 0x000000008d300000, 0x00000000d5580000)
  object space 216064K, 40% used [0x0000000080000000,0x0000000085488458,0x000000008d300000)
 Metaspace       used 91478K, capacity 95450K, committed 98600K, reserved 1134592K
  class space    used 12295K, capacity 13087K, committed 13992K, reserved 1048576K
}
Event: 36.971 GC heap before
{Heap before GC invocations=22 (full 4):
 PSYoungGen      total 311808K, used 271872K [0x00000000d5580000, 0x00000000ee000000, 0x0000000100000000)
  eden space 271872K, 100% used [0x00000000d5580000,0x00000000e5f00000,0x00000000e5f00000)
  from space 39936K, 0% used [0x00000000e5f00000,0x00000000e5f00000,0x00000000e8600000)
  to   space 46592K, 0% used [0x00000000eb280000,0x00000000eb280000,0x00000000ee000000)
 ParOldGen       total 216064K, used 86561K [0x0000000080000000, 0x000000008d300000, 0x00000000d5580000)
  object space 216064K, 40% used [0x0000000080000000,0x0000000085488458,0x000000008d300000)
 Metaspace       used 95326K, capacity 100198K, committed 102040K, reserved 1136640K
  class space    used 12854K, capacity 13807K, committed 14504K, reserved 1048576K
Event: 36.985 GC heap after
Heap after GC invocations=22 (full 4):
 PSYoungGen      total 358400K, used 7636K [0x00000000d5580000, 0x00000000ee080000, 0x0000000100000000)
  eden space 311808K, 0% used [0x00000000d5580000,0x00000000d5580000,0x00000000e8600000)
  from space 46592K, 16% used [0x00000000eb280000,0x00000000eb9f5040,0x00000000ee000000)
  to   space 45568K, 0% used [0x00000000e8600000,0x00000000e8600000,0x00000000eb280000)
 ParOldGen       total 216064K, used 86569K [0x0000000080000000, 0x000000008d300000, 0x00000000d5580000)
  object space 216064K, 40% used [0x0000000080000000,0x000000008548a458,0x000000008d300000)
 Metaspace       used 95326K, capacity 100198K, committed 102040K, reserved 1136640K
  class space    used 12854K, capacity 13807K, committed 14504K, reserved 1048576K
}
Event: 37.727 GC heap before
{Heap before GC invocations=23 (full 4):
 PSYoungGen      total 358400K, used 319444K [0x00000000d5580000, 0x00000000ee080000, 0x0000000100000000)
  eden space 311808K, 100% used [0x00000000d5580000,0x00000000e8600000,0x00000000e8600000)
  from space 46592K, 16% used [0x00000000eb280000,0x00000000eb9f5040,0x00000000ee000000)
  to   space 45568K, 0% used [0x00000000e8600000,0x00000000e8600000,0x00000000eb280000)
 ParOldGen       total 216064K, used 86569K [0x0000000080000000, 0x000000008d300000, 0x00000000d5580000)
  object space 216064K, 40% used [0x0000000080000000,0x000000008548a458,0x000000008d300000)
 Metaspace       used 96055K, capacity 101030K, committed 102808K, reserved 1138688K
  class space    used 12876K, capacity 13819K, committed 14504K, reserved 1048576K
Event: 37.738 GC heap after
Heap after GC invocations=23 (full 4):
 PSYoungGen      total 357376K, used 8032K [0x00000000d5580000, 0x00000000ee080000, 0x0000000100000000)
  eden space 311808K, 0% used [0x00000000d5580000,0x00000000d5580000,0x00000000e8600000)
  from space 45568K, 17% used [0x00000000e8600000,0x00000000e8dd8040,0x00000000eb280000)
  to   space 46592K, 0% used [0x00000000eb280000,0x00000000eb280000,0x00000000ee000000)
 ParOldGen       total 216064K, used 86577K [0x0000000080000000, 0x000000008d300000, 0x00000000d5580000)
  object space 216064K, 40% used [0x0000000080000000,0x000000008548c458,0x000000008d300000)
 Metaspace       used 96055K, capacity 101030K, committed 102808K, reserved 1138688K
  class space    used 12876K, capacity 13819K, committed 14504K, reserved 1048576K
}
Event: 38.474 GC heap before
{Heap before GC invocations=24 (full 4):
 PSYoungGen      total 357376K, used 319840K [0x00000000d5580000, 0x00000000ee080000, 0x0000000100000000)
  eden space 311808K, 100% used [0x00000000d5580000,0x00000000e8600000,0x00000000e8600000)
  from space 45568K, 17% used [0x00000000e8600000,0x00000000e8dd8040,0x00000000eb280000)
  to   space 46592K, 0% used [0x00000000eb280000,0x00000000eb280000,0x00000000ee000000)
 ParOldGen       total 216064K, used 86577K [0x0000000080000000, 0x000000008d300000, 0x00000000d5580000)
  object space 216064K, 40% used [0x0000000080000000,0x000000008548c458,0x000000008d300000)
 Metaspace       used 96364K, capacity 101278K, committed 103064K, reserved 1138688K
  class space    used 12883K, capacity 13853K, committed 14504K, reserved 1048576K
Event: 38.483 GC heap after
Heap after GC invocations=24 (full 4):
 PSYoungGen      total 358400K, used 9776K [0x00000000d5580000, 0x00000000ee080000, 0x0000000100000000)
  eden space 311808K, 0% used [0x00000000d5580000,0x00000000d5580000,0x00000000e8600000)
  from space 46592K, 20% used [0x00000000eb280000,0x00000000ebc0c030,0x00000000ee000000)
  to   space 45568K, 0% used [0x00000000e8600000,0x00000000e8600000,0x00000000eb280000)
 ParOldGen       total 216064K, used 86585K [0x0000000080000000, 0x000000008d300000, 0x00000000d5580000)
  object space 216064K, 40% used [0x0000000080000000,0x000000008548e458,0x000000008d300000)
 Metaspace       used 96364K, capacity 101278K, committed 103064K, reserved 1138688K
  class space    used 12883K, capacity 13853K, committed 14504K, reserved 1048576K
}

