# JRE version: OpenJDK Runtime Environment (11.0.8+10) (build 11.0.8+10-b944.6842174)
# Java VM: OpenJDK 64-Bit Server VM (11.0.8+10-b944.6842174, mixed mode, tiered, compressed oops, g1 gc, windows-amd64)
Heap:
 garbage-first heap   total 306176K, used 147989K [0x0000000083600000, 0x0000000100000000)
  region size 1024K, 7 young (7168K), 7 survivors (7168K)
 Metaspace       used 61187K, capacity 62123K, committed 62332K, reserved 1103872K
  class space    used 6621K, capacity 6947K, committed 7088K, reserved 1048576K
GC Heap History (20 events):
Event: 19.792 GC heap after
{Heap after GC invocations=27 (full 0):
 garbage-first heap   total 211968K, used 118556K [0x0000000083600000, 0x0000000100000000)
  region size 1024K, 7 young (7168K), 7 survivors (7168K)
 Metaspace       used 59755K, capacity 60403K, committed 60540K, reserved 1103872K
  class space    used 6494K, capacity 6751K, committed 6832K, reserved 1048576K
}
Event: 20.515 GC heap before
{Heap before GC invocations=27 (full 0):
 garbage-first heap   total 211968K, used 172828K [0x0000000083600000, 0x0000000100000000)
  region size 1024K, 60 young (61440K), 7 survivors (7168K)
 Metaspace       used 59783K, capacity 60467K, committed 60796K, reserved 1103872K
  class space    used 6494K, capacity 6751K, committed 6832K, reserved 1048576K
}
Event: 20.533 GC heap after
{Heap after GC invocations=28 (full 0):
 garbage-first heap   total 211968K, used 122263K [0x0000000083600000, 0x0000000100000000)
  region size 1024K, 7 young (7168K), 7 survivors (7168K)
 Metaspace       used 59783K, capacity 60467K, committed 60796K, reserved 1103872K
  class space    used 6494K, capacity 6751K, committed 6832K, reserved 1048576K
}
Event: 21.183 GC heap before
{Heap before GC invocations=29 (full 0):
 garbage-first heap   total 211968K, used 174487K [0x0000000083600000, 0x0000000100000000)
  region size 1024K, 58 young (59392K), 7 survivors (7168K)
 Metaspace       used 60480K, capacity 61439K, committed 61692K, reserved 1103872K
  class space    used 6582K, capacity 6913K, committed 6960K, reserved 1048576K
}
Event: 21.198 GC heap after
{Heap after GC invocations=30 (full 0):
 garbage-first heap   total 211968K, used 124629K [0x0000000083600000, 0x0000000100000000)
  region size 1024K, 6 young (6144K), 6 survivors (6144K)
 Metaspace       used 60480K, capacity 61439K, committed 61692K, reserved 1103872K
  class space    used 6582K, capacity 6913K, committed 6960K, reserved 1048576K
}
Event: 21.750 GC heap before
{Heap before GC invocations=30 (full 0):
 garbage-first heap   total 211968K, used 176853K [0x0000000083600000, 0x0000000100000000)
  region size 1024K, 57 young (58368K), 6 survivors (6144K)
 Metaspace       used 60513K, capacity 61506K, committed 61692K, reserved 1103872K
  class space    used 6583K, capacity 6913K, committed 6960K, reserved 1048576K
}
Event: 21.760 GC heap after
{Heap after GC invocations=31 (full 0):
 garbage-first heap   total 254976K, used 127123K [0x0000000083600000, 0x0000000100000000)
  region size 1024K, 5 young (5120K), 5 survivors (5120K)
 Metaspace       used 60513K, capacity 61506K, committed 61692K, reserved 1103872K
  class space    used 6583K, capacity 6913K, committed 6960K, reserved 1048576K
}
Event: 22.553 GC heap before
{Heap before GC invocations=32 (full 0):
 garbage-first heap   total 254976K, used 199827K [0x0000000083600000, 0x0000000100000000)
  region size 1024K, 76 young (77824K), 5 survivors (5120K)
 Metaspace       used 60566K, capacity 61508K, committed 61692K, reserved 1103872K
  class space    used 6583K, capacity 6913K, committed 6960K, reserved 1048576K
}
Event: 22.565 GC heap after
{Heap after GC invocations=33 (full 0):
 garbage-first heap   total 254976K, used 130133K [0x0000000083600000, 0x0000000100000000)
  region size 1024K, 8 young (8192K), 8 survivors (8192K)
 Metaspace       used 60566K, capacity 61508K, committed 61692K, reserved 1103872K
  class space    used 6583K, capacity 6913K, committed 6960K, reserved 1048576K
}
Event: 23.370 GC heap before
{Heap before GC invocations=33 (full 0):
 garbage-first heap   total 254976K, used 203861K [0x0000000083600000, 0x0000000100000000)
  region size 1024K, 80 young (81920K), 8 survivors (8192K)
 Metaspace       used 60631K, capacity 61573K, committed 61692K, reserved 1103872K
  class space    used 6583K, capacity 6913K, committed 6960K, reserved 1048576K
}
Event: 23.384 GC heap after
{Heap after GC invocations=34 (full 0):
 garbage-first heap   total 254976K, used 133275K [0x0000000083600000, 0x0000000100000000)
  region size 1024K, 7 young (7168K), 7 survivors (7168K)
 Metaspace       used 60631K, capacity 61573K, committed 61692K, reserved 1103872K
  class space    used 6583K, capacity 6913K, committed 6960K, reserved 1048576K
}
Event: 24.031 GC heap before
{Heap before GC invocations=35 (full 0):
 garbage-first heap   total 254976K, used 207003K [0x0000000083600000, 0x0000000100000000)
  region size 1024K, 79 young (80896K), 7 survivors (7168K)
 Metaspace       used 60751K, capacity 61701K, committed 61948K, reserved 1103872K
  class space    used 6592K, capacity 6913K, committed 6960K, reserved 1048576K
}
Event: 24.046 GC heap after
{Heap after GC invocations=36 (full 0):
 garbage-first heap   total 254976K, used 135146K [0x0000000083600000, 0x0000000100000000)
  region size 1024K, 5 young (5120K), 5 survivors (5120K)
 Metaspace       used 60751K, capacity 61701K, committed 61948K, reserved 1103872K
  class space    used 6592K, capacity 6913K, committed 6960K, reserved 1048576K
}
Event: 24.631 GC heap before
{Heap before GC invocations=36 (full 0):
 garbage-first heap   total 254976K, used 209898K [0x0000000083600000, 0x0000000100000000)
  region size 1024K, 78 young (79872K), 5 survivors (5120K)
 Metaspace       used 60775K, capacity 61701K, committed 61948K, reserved 1103872K
  class space    used 6593K, capacity 6913K, committed 6960K, reserved 1048576K
}
Event: 24.642 GC heap after
{Heap after GC invocations=37 (full 0):
 garbage-first heap   total 254976K, used 138187K [0x0000000083600000, 0x0000000100000000)
  region size 1024K, 8 young (8192K), 8 survivors (8192K)
 Metaspace       used 60775K, capacity 61701K, committed 61948K, reserved 1103872K
  class space    used 6593K, capacity 6913K, committed 6960K, reserved 1048576K
}
Event: 25.370 GC heap before
{Heap before GC invocations=38 (full 0):
 garbage-first heap   total 254976K, used 212939K [0x0000000083600000, 0x0000000100000000)
  region size 1024K, 81 young (82944K), 8 survivors (8192K)
 Metaspace       used 60806K, capacity 61766K, committed 61948K, reserved 1103872K
  class space    used 6595K, capacity 6913K, committed 6960K, reserved 1048576K
}
Event: 25.389 GC heap after
{Heap after GC invocations=39 (full 0):
 garbage-first heap   total 254976K, used 141521K [0x0000000083600000, 0x0000000100000000)
  region size 1024K, 9 young (9216K), 9 survivors (9216K)
 Metaspace       used 60806K, capacity 61766K, committed 61948K, reserved 1103872K
  class space    used 6595K, capacity 6913K, committed 6960K, reserved 1048576K
}
Event: 26.067 GC heap before
{Heap before GC invocations=39 (full 0):
 garbage-first heap   total 254976K, used 215249K [0x0000000083600000, 0x0000000100000000)
  region size 1024K, 81 young (82944K), 9 survivors (9216K)
 Metaspace       used 60846K, capacity 61830K, committed 61948K, reserved 1103872K
  class space    used 6595K, capacity 6913K, committed 6960K, reserved 1048576K
}
Event: 26.083 GC heap after
{Heap after GC invocations=40 (full 0):
 garbage-first heap   total 254976K, used 145262K [0x0000000083600000, 0x0000000100000000)
  region size 1024K, 7 young (7168K), 7 survivors (7168K)
 Metaspace       used 60846K, capacity 61830K, committed 61948K, reserved 1103872K
  class space    used 6595K, capacity 6913K, committed 6960K, reserved 1048576K
}
Event: 26.703 GC heap before
{Heap before GC invocations=41 (full 0):
 garbage-first heap   total 254976K, used 216942K [0x0000000083600000, 0x0000000100000000)
  region size 1024K, 77 young (78848K), 7 survivors (7168K)
 Metaspace       used 61187K, capacity 62123K, committed 62332K, reserved 1103872K
  class space    used 6621K, capacity 6947K, committed 7088K, reserved 1048576K
}

