# JRE version: OpenJDK Runtime Environment (8.0_242-b01) (build 1.8.0_242-release-1644-b01)
# Java VM: OpenJDK 64-Bit Server VM (25.242-b01 mixed mode windows-amd64 compressed oops)
Heap:
 PSYoungGen      total 231936K, used 93936K [0x00000000d5580000, 0x00000000e5500000, 0x0000000100000000)
  eden space 212992K, 44% used [0x00000000d5580000,0x00000000db13c240,0x00000000e2580000)
  from space 18944K, 0% used [0x00000000e3780000,0x00000000e3780000,0x00000000e4a00000)
  to   space 18432K, 0% used [0x00000000e2580000,0x00000000e2580000,0x00000000e3780000)
 ParOldGen       total 118784K, used 33748K [0x0000000080000000, 0x0000000087400000, 0x00000000d5580000)
  object space 118784K, 28% used [0x0000000080000000,0x00000000820f51f0,0x0000000087400000)
 Metaspace       used 63011K, capacity 65564K, committed 65816K, reserved 1105920K
  class space    used 8644K, capacity 9189K, committed 9256K, reserved 1048576K
GC Heap History (10 events):
Event: 3.114 GC heap before
{Heap before GC invocations=11 (full 2):
 PSYoungGen      total 138240K, used 11233K [0x00000000d5580000, 0x00000000e1d00000, 0x0000000100000000)
  eden space 126976K, 0% used [0x00000000d5580000,0x00000000d5580000,0x00000000dd180000)
  from space 11264K, 99% used [0x00000000dd180000,0x00000000ddc78488,0x00000000ddc80000)
  to   space 12800K, 0% used [0x00000000e1080000,0x00000000e1080000,0x00000000e1d00000)
 ParOldGen       total 48128K, used 7349K [0x0000000080000000, 0x0000000082f00000, 0x00000000d5580000)
  object space 48128K, 15% used [0x0000000080000000,0x000000008072d7d8,0x0000000082f00000)
 Metaspace       used 34265K, capacity 35424K, committed 35496K, reserved 1079296K
  class space    used 4717K, capacity 5005K, committed 5032K, reserved 1048576K
Event: 3.171 GC heap after
Heap after GC invocations=11 (full 2):
 PSYoungGen      total 138240K, used 0K [0x00000000d5580000, 0x00000000e1d00000, 0x0000000100000000)
  eden space 126976K, 0% used [0x00000000d5580000,0x00000000d5580000,0x00000000dd180000)
  from space 11264K, 0% used [0x00000000dd180000,0x00000000dd180000,0x00000000ddc80000)
  to   space 12800K, 0% used [0x00000000e1080000,0x00000000e1080000,0x00000000e1d00000)
 ParOldGen       total 75776K, used 17939K [0x0000000080000000, 0x0000000084a00000, 0x00000000d5580000)
  object space 75776K, 23% used [0x0000000080000000,0x0000000081184d08,0x0000000084a00000)
 Metaspace       used 34265K, capacity 35424K, committed 35496K, reserved 1079296K
  class space    used 4717K, capacity 5005K, committed 5032K, reserved 1048576K
}
Event: 3.725 GC heap before
{Heap before GC invocations=12 (full 2):
 PSYoungGen      total 138240K, used 126976K [0x00000000d5580000, 0x00000000e1d00000, 0x0000000100000000)
  eden space 126976K, 100% used [0x00000000d5580000,0x00000000dd180000,0x00000000dd180000)
  from space 11264K, 0% used [0x00000000dd180000,0x00000000dd180000,0x00000000ddc80000)
  to   space 12800K, 0% used [0x00000000e1080000,0x00000000e1080000,0x00000000e1d00000)
 ParOldGen       total 75776K, used 17939K [0x0000000080000000, 0x0000000084a00000, 0x00000000d5580000)
  object space 75776K, 23% used [0x0000000080000000,0x0000000081184d08,0x0000000084a00000)
 Metaspace       used 37731K, capacity 39522K, committed 39720K, reserved 1083392K
  class space    used 5210K, capacity 5590K, committed 5672K, reserved 1048576K
Event: 3.732 GC heap after
Heap after GC invocations=12 (full 2):
 PSYoungGen      total 174080K, used 8514K [0x00000000d5580000, 0x00000000e1900000, 0x0000000100000000)
  eden space 165376K, 0% used [0x00000000d5580000,0x00000000d5580000,0x00000000df700000)
  from space 8704K, 97% used [0x00000000e1080000,0x00000000e18d09a0,0x00000000e1900000)
  to   space 12800K, 0% used [0x00000000e0000000,0x00000000e0000000,0x00000000e0c80000)
 ParOldGen       total 75776K, used 17947K [0x0000000080000000, 0x0000000084a00000, 0x00000000d5580000)
  object space 75776K, 23% used [0x0000000080000000,0x0000000081186d08,0x0000000084a00000)
 Metaspace       used 37731K, capacity 39522K, committed 39720K, reserved 1083392K
  class space    used 5210K, capacity 5590K, committed 5672K, reserved 1048576K
}
Event: 4.824 GC heap before
{Heap before GC invocations=13 (full 2):
 PSYoungGen      total 174080K, used 173890K [0x00000000d5580000, 0x00000000e1900000, 0x0000000100000000)
  eden space 165376K, 100% used [0x00000000d5580000,0x00000000df700000,0x00000000df700000)
  from space 8704K, 97% used [0x00000000e1080000,0x00000000e18d09a0,0x00000000e1900000)
  to   space 12800K, 0% used [0x00000000e0000000,0x00000000e0000000,0x00000000e0c80000)
 ParOldGen       total 75776K, used 17947K [0x0000000080000000, 0x0000000084a00000, 0x00000000d5580000)
  object space 75776K, 23% used [0x0000000080000000,0x0000000081186d08,0x0000000084a00000)
 Metaspace       used 52316K, capacity 54484K, committed 54568K, reserved 1095680K
  class space    used 6974K, capacity 7430K, committed 7464K, reserved 1048576K
Event: 4.843 GC heap after
Heap after GC invocations=13 (full 2):
 PSYoungGen      total 187392K, used 12788K [0x00000000d5580000, 0x00000000e4a00000, 0x0000000100000000)
  eden space 174592K, 0% used [0x00000000d5580000,0x00000000d5580000,0x00000000e0000000)
  from space 12800K, 99% used [0x00000000e0000000,0x00000000e0c7d320,0x00000000e0c80000)
  to   space 18944K, 0% used [0x00000000e3780000,0x00000000e3780000,0x00000000e4a00000)
 ParOldGen       total 75776K, used 30268K [0x0000000080000000, 0x0000000084a00000, 0x00000000d5580000)
  object space 75776K, 39% used [0x0000000080000000,0x0000000081d8f2c8,0x0000000084a00000)
 Metaspace       used 52316K, capacity 54484K, committed 54568K, reserved 1095680K
  class space    used 6974K, capacity 7430K, committed 7464K, reserved 1048576K
}
Event: 5.344 GC heap before
{Heap before GC invocations=14 (full 2):
 PSYoungGen      total 187392K, used 58766K [0x00000000d5580000, 0x00000000e4a00000, 0x0000000100000000)
  eden space 174592K, 26% used [0x00000000d5580000,0x00000000d8266538,0x00000000e0000000)
  from space 12800K, 99% used [0x00000000e0000000,0x00000000e0c7d320,0x00000000e0c80000)
  to   space 18944K, 0% used [0x00000000e3780000,0x00000000e3780000,0x00000000e4a00000)
 ParOldGen       total 75776K, used 30268K [0x0000000080000000, 0x0000000084a00000, 0x00000000d5580000)
  object space 75776K, 39% used [0x0000000080000000,0x0000000081d8f2c8,0x0000000084a00000)
 Metaspace       used 56754K, capacity 59060K, committed 59160K, reserved 1099776K
  class space    used 7697K, capacity 8195K, committed 8232K, reserved 1048576K
Event: 5.361 GC heap after
Heap after GC invocations=14 (full 2):
 PSYoungGen      total 231936K, used 6034K [0x00000000d5580000, 0x00000000e5500000, 0x0000000100000000)
  eden space 212992K, 0% used [0x00000000d5580000,0x00000000d5580000,0x00000000e2580000)
  from space 18944K, 31% used [0x00000000e3780000,0x00000000e3d64b28,0x00000000e4a00000)
  to   space 18432K, 0% used [0x00000000e2580000,0x00000000e2580000,0x00000000e3780000)
 ParOldGen       total 75776K, used 42987K [0x0000000080000000, 0x0000000084a00000, 0x00000000d5580000)
  object space 75776K, 56% used [0x0000000080000000,0x00000000829fadb0,0x0000000084a00000)
 Metaspace       used 56754K, capacity 59060K, committed 59160K, reserved 1099776K
  class space    used 7697K, capacity 8195K, committed 8232K, reserved 1048576K
}
Event: 5.361 GC heap before
{Heap before GC invocations=15 (full 3):
 PSYoungGen      total 231936K, used 6034K [0x00000000d5580000, 0x00000000e5500000, 0x0000000100000000)
  eden space 212992K, 0% used [0x00000000d5580000,0x00000000d5580000,0x00000000e2580000)
  from space 18944K, 31% used [0x00000000e3780000,0x00000000e3d64b28,0x00000000e4a00000)
  to   space 18432K, 0% used [0x00000000e2580000,0x00000000e2580000,0x00000000e3780000)
 ParOldGen       total 75776K, used 42987K [0x0000000080000000, 0x0000000084a00000, 0x00000000d5580000)
  object space 75776K, 56% used [0x0000000080000000,0x00000000829fadb0,0x0000000084a00000)
 Metaspace       used 56754K, capacity 59060K, committed 59160K, reserved 1099776K
  class space    used 7697K, capacity 8195K, committed 8232K, reserved 1048576K
Event: 5.507 GC heap after
Heap after GC invocations=15 (full 3):
 PSYoungGen      total 231936K, used 0K [0x00000000d5580000, 0x00000000e5500000, 0x0000000100000000)
  eden space 212992K, 0% used [0x00000000d5580000,0x00000000d5580000,0x00000000e2580000)
  from space 18944K, 0% used [0x00000000e3780000,0x00000000e3780000,0x00000000e4a00000)
  to   space 18432K, 0% used [0x00000000e2580000,0x00000000e2580000,0x00000000e3780000)
 ParOldGen       total 118784K, used 33748K [0x0000000080000000, 0x0000000087400000, 0x00000000d5580000)
  object space 118784K, 28% used [0x0000000080000000,0x00000000820f51f0,0x0000000087400000)
 Metaspace       used 56704K, capacity 58892K, committed 59160K, reserved 1099776K
  class space    used 7682K, capacity 8167K, committed 8232K, reserved 1048576K
}

