# JRE version: OpenJDK Runtime Environment (8.0_242-b01) (build 1.8.0_242-release-1644-b01)
# Java VM: OpenJDK 64-Bit Server VM (25.242-b01 mixed mode windows-amd64 compressed oops)
Heap:
 PSYoungGen      total 235008K, used 217956K [0x00000000d5580000, 0x00000000e8080000, 0x0000000100000000)
  eden space 216576K, 92% used [0x00000000d5580000,0x00000000e185c688,0x00000000e2900000)
  from space 18432K, 99% used [0x00000000e2900000,0x00000000e3afc988,0x00000000e3b00000)
  to   space 21504K, 0% used [0x00000000e6b80000,0x00000000e6b80000,0x00000000e8080000)
 ParOldGen       total 118272K, used 34183K [0x0000000080000000, 0x0000000087380000, 0x00000000d5580000)
  object space 118272K, 28% used [0x0000000080000000,0x0000000082161f98,0x0000000087380000)
 Metaspace       used 71140K, capacity 74704K, committed 74904K, reserved 1114112K
  class space    used 9628K, capacity 10317K, committed 10408K, reserved 1048576K
GC Heap History (10 events):
Event: 4.608 GC heap before
{Heap before GC invocations=12 (full 2):
 PSYoungGen      total 138240K, used 126976K [0x00000000d5580000, 0x00000000e1480000, 0x0000000100000000)
  eden space 126976K, 100% used [0x00000000d5580000,0x00000000dd180000,0x00000000dd180000)
  from space 11264K, 0% used [0x00000000dd180000,0x00000000dd180000,0x00000000ddc80000)
  to   space 12800K, 0% used [0x00000000e0800000,0x00000000e0800000,0x00000000e1480000)
 ParOldGen       total 76288K, used 17881K [0x0000000080000000, 0x0000000084a80000, 0x00000000d5580000)
  object space 76288K, 23% used [0x0000000080000000,0x0000000081176518,0x0000000084a80000)
 Metaspace       used 37778K, capacity 39512K, committed 39720K, reserved 1083392K
  class space    used 5216K, capacity 5589K, committed 5672K, reserved 1048576K
Event: 4.614 GC heap after
Heap after GC invocations=12 (full 2):
 PSYoungGen      total 177664K, used 8332K [0x00000000d5580000, 0x00000000e1200000, 0x0000000100000000)
  eden space 167424K, 0% used [0x00000000d5580000,0x00000000d5580000,0x00000000df900000)
  from space 10240K, 81% used [0x00000000e0800000,0x00000000e1023328,0x00000000e1200000)
  to   space 12800K, 0% used [0x00000000df900000,0x00000000df900000,0x00000000e0580000)
 ParOldGen       total 76288K, used 17889K [0x0000000080000000, 0x0000000084a80000, 0x00000000d5580000)
  object space 76288K, 23% used [0x0000000080000000,0x0000000081178518,0x0000000084a80000)
 Metaspace       used 37778K, capacity 39512K, committed 39720K, reserved 1083392K
  class space    used 5216K, capacity 5589K, committed 5672K, reserved 1048576K
}
Event: 6.059 GC heap before
{Heap before GC invocations=13 (full 2):
 PSYoungGen      total 177664K, used 175756K [0x00000000d5580000, 0x00000000e1200000, 0x0000000100000000)
  eden space 167424K, 100% used [0x00000000d5580000,0x00000000df900000,0x00000000df900000)
  from space 10240K, 81% used [0x00000000e0800000,0x00000000e1023328,0x00000000e1200000)
  to   space 12800K, 0% used [0x00000000df900000,0x00000000df900000,0x00000000e0580000)
 ParOldGen       total 76288K, used 17889K [0x0000000080000000, 0x0000000084a80000, 0x00000000d5580000)
  object space 76288K, 23% used [0x0000000080000000,0x0000000081178518,0x0000000084a80000)
 Metaspace       used 52334K, capacity 54418K, committed 54568K, reserved 1095680K
  class space    used 6978K, capacity 7431K, committed 7464K, reserved 1048576K
Event: 6.076 GC heap after
Heap after GC invocations=13 (full 2):
 PSYoungGen      total 180224K, used 12782K [0x00000000d5580000, 0x00000000e4e80000, 0x0000000100000000)
  eden space 167424K, 0% used [0x00000000d5580000,0x00000000d5580000,0x00000000df900000)
  from space 12800K, 99% used [0x00000000df900000,0x00000000e057ba48,0x00000000e0580000)
  to   space 18944K, 0% used [0x00000000e3c00000,0x00000000e3c00000,0x00000000e4e80000)
 ParOldGen       total 76288K, used 30131K [0x0000000080000000, 0x0000000084a80000, 0x00000000d5580000)
  object space 76288K, 39% used [0x0000000080000000,0x0000000081d6cf78,0x0000000084a80000)
 Metaspace       used 52334K, capacity 54418K, committed 54568K, reserved 1095680K
  class space    used 6978K, capacity 7431K, committed 7464K, reserved 1048576K
}
Event: 6.627 GC heap before
{Heap before GC invocations=14 (full 2):
 PSYoungGen      total 180224K, used 57807K [0x00000000d5580000, 0x00000000e4e80000, 0x0000000100000000)
  eden space 167424K, 26% used [0x00000000d5580000,0x00000000d8178420,0x00000000df900000)
  from space 12800K, 99% used [0x00000000df900000,0x00000000e057ba48,0x00000000e0580000)
  to   space 18944K, 0% used [0x00000000e3c00000,0x00000000e3c00000,0x00000000e4e80000)
 ParOldGen       total 76288K, used 30131K [0x0000000080000000, 0x0000000084a80000, 0x00000000d5580000)
  object space 76288K, 39% used [0x0000000080000000,0x0000000081d6cf78,0x0000000084a80000)
 Metaspace       used 56820K, capacity 59122K, committed 59160K, reserved 1099776K
  class space    used 7706K, capacity 8196K, committed 8232K, reserved 1048576K
Event: 6.639 GC heap after
Heap after GC invocations=14 (full 2):
 PSYoungGen      total 233984K, used 6051K [0x00000000d5580000, 0x00000000e4d00000, 0x0000000100000000)
  eden space 216576K, 0% used [0x00000000d5580000,0x00000000d5580000,0x00000000e2900000)
  from space 17408K, 34% used [0x00000000e3c00000,0x00000000e41e8ec8,0x00000000e4d00000)
  to   space 18432K, 0% used [0x00000000e2900000,0x00000000e2900000,0x00000000e3b00000)
 ParOldGen       total 76288K, used 40161K [0x0000000080000000, 0x0000000084a80000, 0x00000000d5580000)
  object space 76288K, 52% used [0x0000000080000000,0x0000000082738650,0x0000000084a80000)
 Metaspace       used 56820K, capacity 59122K, committed 59160K, reserved 1099776K
  class space    used 7706K, capacity 8196K, committed 8232K, reserved 1048576K
}
Event: 6.639 GC heap before
{Heap before GC invocations=15 (full 3):
 PSYoungGen      total 233984K, used 6051K [0x00000000d5580000, 0x00000000e4d00000, 0x0000000100000000)
  eden space 216576K, 0% used [0x00000000d5580000,0x00000000d5580000,0x00000000e2900000)
  from space 17408K, 34% used [0x00000000e3c00000,0x00000000e41e8ec8,0x00000000e4d00000)
  to   space 18432K, 0% used [0x00000000e2900000,0x00000000e2900000,0x00000000e3b00000)
 ParOldGen       total 76288K, used 40161K [0x0000000080000000, 0x0000000084a80000, 0x00000000d5580000)
  object space 76288K, 52% used [0x0000000080000000,0x0000000082738650,0x0000000084a80000)
 Metaspace       used 56820K, capacity 59122K, committed 59160K, reserved 1099776K
  class space    used 7706K, capacity 8196K, committed 8232K, reserved 1048576K
Event: 6.800 GC heap after
Heap after GC invocations=15 (full 3):
 PSYoungGen      total 233984K, used 0K [0x00000000d5580000, 0x00000000e4d00000, 0x0000000100000000)
  eden space 216576K, 0% used [0x00000000d5580000,0x00000000d5580000,0x00000000e2900000)
  from space 17408K, 0% used [0x00000000e3c00000,0x00000000e3c00000,0x00000000e4d00000)
  to   space 18432K, 0% used [0x00000000e2900000,0x00000000e2900000,0x00000000e3b00000)
 ParOldGen       total 118272K, used 33607K [0x0000000080000000, 0x0000000087380000, 0x00000000d5580000)
  object space 118272K, 28% used [0x0000000080000000,0x00000000820d1d48,0x0000000087380000)
 Metaspace       used 56772K, capacity 58960K, committed 59160K, reserved 1099776K
  class space    used 7692K, capacity 8169K, committed 8232K, reserved 1048576K
}
Event: 9.913 GC heap before
{Heap before GC invocations=16 (full 3):
 PSYoungGen      total 233984K, used 216576K [0x00000000d5580000, 0x00000000e4d00000, 0x0000000100000000)
  eden space 216576K, 100% used [0x00000000d5580000,0x00000000e2900000,0x00000000e2900000)
  from space 17408K, 0% used [0x00000000e3c00000,0x00000000e3c00000,0x00000000e4d00000)
  to   space 18432K, 0% used [0x00000000e2900000,0x00000000e2900000,0x00000000e3b00000)
 ParOldGen       total 118272K, used 33607K [0x0000000080000000, 0x0000000087380000, 0x00000000d5580000)
  object space 118272K, 28% used [0x0000000080000000,0x00000000820d1d48,0x0000000087380000)
 Metaspace       used 66922K, capacity 70384K, committed 70552K, reserved 1110016K
  class space    used 9205K, capacity 9859K, committed 9896K, reserved 1048576K
Event: 9.930 GC heap after
Heap after GC invocations=16 (full 3):
 PSYoungGen      total 235008K, used 18418K [0x00000000d5580000, 0x00000000e8080000, 0x0000000100000000)
  eden space 216576K, 0% used [0x00000000d5580000,0x00000000d5580000,0x00000000e2900000)
  from space 18432K, 99% used [0x00000000e2900000,0x00000000e3afc988,0x00000000e3b00000)
  to   space 21504K, 0% used [0x00000000e6b80000,0x00000000e6b80000,0x00000000e8080000)
 ParOldGen       total 118272K, used 34183K [0x0000000080000000, 0x0000000087380000, 0x00000000d5580000)
  object space 118272K, 28% used [0x0000000080000000,0x0000000082161f98,0x0000000087380000)
 Metaspace       used 66922K, capacity 70384K, committed 70552K, reserved 1110016K
  class space    used 9205K, capacity 9859K, committed 9896K, reserved 1048576K
}

