# JRE version: OpenJDK Runtime Environment (8.0_242-b01) (build 1.8.0_242-release-1644-b01)
# Java VM: OpenJDK 64-Bit Server VM (25.242-b01 mixed mode windows-amd64 compressed oops)
Heap:
 PSYoungGen      total 70656K, used 29253K [0x00000000d6780000, 0x00000000db180000, 0x0000000100000000)
  eden space 65536K, 36% used [0x00000000d6780000,0x00000000d7f12258,0x00000000da780000)
  from space 5120K, 99% used [0x00000000dac80000,0x00000000db17f3a8,0x00000000db180000)
  to   space 5120K, 0% used [0x00000000da780000,0x00000000da780000,0x00000000dac80000)
 ParOldGen       total 65536K, used 26975K [0x0000000083600000, 0x0000000087600000, 0x00000000d6780000)
  object space 65536K, 41% used [0x0000000083600000,0x0000000085057c28,0x0000000087600000)
 Metaspace       used 39756K, capacity 40422K, committed 40752K, reserved 1085440K
  class space    used 4910K, capacity 5082K, committed 5168K, reserved 1048576K
GC Heap History (10 events):
Event: 1.018 GC heap before
{Heap before GC invocations=4 (full 1):
 PSYoungGen      total 70656K, used 5112K [0x00000000d6780000, 0x00000000db180000, 0x0000000100000000)
  eden space 65536K, 0% used [0x00000000d6780000,0x00000000d6780000,0x00000000da780000)
  from space 5120K, 99% used [0x00000000da780000,0x00000000dac7e2b0,0x00000000dac80000)
  to   space 5120K, 0% used [0x00000000dac80000,0x00000000dac80000,0x00000000db180000)
 ParOldGen       total 86016K, used 11939K [0x0000000083600000, 0x0000000088a00000, 0x00000000d6780000)
  object space 86016K, 13% used [0x0000000083600000,0x00000000841a8f38,0x0000000088a00000)
 Metaspace       used 20801K, capacity 21188K, committed 21296K, reserved 1069056K
  class space    used 2465K, capacity 2594K, committed 2608K, reserved 1048576K
Event: 1.039 GC heap after
Heap after GC invocations=4 (full 1):
 PSYoungGen      total 70656K, used 0K [0x00000000d6780000, 0x00000000db180000, 0x0000000100000000)
  eden space 65536K, 0% used [0x00000000d6780000,0x00000000d6780000,0x00000000da780000)
  from space 5120K, 0% used [0x00000000da780000,0x00000000da780000,0x00000000dac80000)
  to   space 5120K, 0% used [0x00000000dac80000,0x00000000dac80000,0x00000000db180000)
 ParOldGen       total 65536K, used 9593K [0x0000000083600000, 0x0000000087600000, 0x00000000d6780000)
  object space 65536K, 14% used [0x0000000083600000,0x0000000083f5e448,0x0000000087600000)
 Metaspace       used 20801K, capacity 21188K, committed 21296K, reserved 1069056K
  class space    used 2465K, capacity 2594K, committed 2608K, reserved 1048576K
}
Event: 1.828 GC heap before
{Heap before GC invocations=5 (full 1):
 PSYoungGen      total 70656K, used 65536K [0x00000000d6780000, 0x00000000db180000, 0x0000000100000000)
  eden space 65536K, 100% used [0x00000000d6780000,0x00000000da780000,0x00000000da780000)
  from space 5120K, 0% used [0x00000000da780000,0x00000000da780000,0x00000000dac80000)
  to   space 5120K, 0% used [0x00000000dac80000,0x00000000dac80000,0x00000000db180000)
 ParOldGen       total 65536K, used 9593K [0x0000000083600000, 0x0000000087600000, 0x00000000d6780000)
  object space 65536K, 14% used [0x0000000083600000,0x0000000083f5e448,0x0000000087600000)
 Metaspace       used 29943K, capacity 30512K, committed 30768K, reserved 1077248K
  class space    used 3604K, capacity 3769K, committed 3888K, reserved 1048576K
Event: 1.840 GC heap after
Heap after GC invocations=5 (full 1):
 PSYoungGen      total 70656K, used 5090K [0x00000000d6780000, 0x00000000db180000, 0x0000000100000000)
  eden space 65536K, 0% used [0x00000000d6780000,0x00000000d6780000,0x00000000da780000)
  from space 5120K, 99% used [0x00000000dac80000,0x00000000db178918,0x00000000db180000)
  to   space 5120K, 0% used [0x00000000da780000,0x00000000da780000,0x00000000dac80000)
 ParOldGen       total 65536K, used 20839K [0x0000000083600000, 0x0000000087600000, 0x00000000d6780000)
  object space 65536K, 31% used [0x0000000083600000,0x0000000084a59f18,0x0000000087600000)
 Metaspace       used 29943K, capacity 30512K, committed 30768K, reserved 1077248K
  class space    used 3604K, capacity 3769K, committed 3888K, reserved 1048576K
}
Event: 2.197 GC heap before
{Heap before GC invocations=6 (full 1):
 PSYoungGen      total 70656K, used 28866K [0x00000000d6780000, 0x00000000db180000, 0x0000000100000000)
  eden space 65536K, 36% used [0x00000000d6780000,0x00000000d7eb81a8,0x00000000da780000)
  from space 5120K, 99% used [0x00000000dac80000,0x00000000db178918,0x00000000db180000)
  to   space 5120K, 0% used [0x00000000da780000,0x00000000da780000,0x00000000dac80000)
 ParOldGen       total 65536K, used 20839K [0x0000000083600000, 0x0000000087600000, 0x00000000d6780000)
  object space 65536K, 31% used [0x0000000083600000,0x0000000084a59f18,0x0000000087600000)
 Metaspace       used 34629K, capacity 35168K, committed 35496K, reserved 1081344K
  class space    used 4406K, capacity 4547K, committed 4656K, reserved 1048576K
Event: 2.203 GC heap after
Heap after GC invocations=6 (full 1):
 PSYoungGen      total 70656K, used 5099K [0x00000000d6780000, 0x00000000db180000, 0x0000000100000000)
  eden space 65536K, 0% used [0x00000000d6780000,0x00000000d6780000,0x00000000da780000)
  from space 5120K, 99% used [0x00000000da780000,0x00000000dac7add8,0x00000000dac80000)
  to   space 5120K, 0% used [0x00000000dac80000,0x00000000dac80000,0x00000000db180000)
 ParOldGen       total 65536K, used 26824K [0x0000000083600000, 0x0000000087600000, 0x00000000d6780000)
  object space 65536K, 40% used [0x0000000083600000,0x0000000085032310,0x0000000087600000)
 Metaspace       used 34629K, capacity 35168K, committed 35496K, reserved 1081344K
  class space    used 4406K, capacity 4547K, committed 4656K, reserved 1048576K
}
Event: 2.203 GC heap before
{Heap before GC invocations=7 (full 2):
 PSYoungGen      total 70656K, used 5099K [0x00000000d6780000, 0x00000000db180000, 0x0000000100000000)
  eden space 65536K, 0% used [0x00000000d6780000,0x00000000d6780000,0x00000000da780000)
  from space 5120K, 99% used [0x00000000da780000,0x00000000dac7add8,0x00000000dac80000)
  to   space 5120K, 0% used [0x00000000dac80000,0x00000000dac80000,0x00000000db180000)
 ParOldGen       total 65536K, used 26824K [0x0000000083600000, 0x0000000087600000, 0x00000000d6780000)
  object space 65536K, 40% used [0x0000000083600000,0x0000000085032310,0x0000000087600000)
 Metaspace       used 34629K, capacity 35168K, committed 35496K, reserved 1081344K
  class space    used 4406K, capacity 4547K, committed 4656K, reserved 1048576K
Event: 2.245 GC heap after
Heap after GC invocations=7 (full 2):
 PSYoungGen      total 70656K, used 0K [0x00000000d6780000, 0x00000000db180000, 0x0000000100000000)
  eden space 65536K, 0% used [0x00000000d6780000,0x00000000d6780000,0x00000000da780000)
  from space 5120K, 0% used [0x00000000da780000,0x00000000da780000,0x00000000dac80000)
  to   space 5120K, 0% used [0x00000000dac80000,0x00000000dac80000,0x00000000db180000)
 ParOldGen       total 65536K, used 18899K [0x0000000083600000, 0x0000000087600000, 0x00000000d6780000)
  object space 65536K, 28% used [0x0000000083600000,0x0000000084874e20,0x0000000087600000)
 Metaspace       used 34629K, capacity 35168K, committed 35496K, reserved 1081344K
  class space    used 4406K, capacity 4547K, committed 4656K, reserved 1048576K
}
Event: 2.982 GC heap before
{Heap before GC invocations=8 (full 2):
 PSYoungGen      total 70656K, used 65536K [0x00000000d6780000, 0x00000000db180000, 0x0000000100000000)
  eden space 65536K, 100% used [0x00000000d6780000,0x00000000da780000,0x00000000da780000)
  from space 5120K, 0% used [0x00000000da780000,0x00000000da780000,0x00000000dac80000)
  to   space 5120K, 0% used [0x00000000dac80000,0x00000000dac80000,0x00000000db180000)
 ParOldGen       total 65536K, used 18899K [0x0000000083600000, 0x0000000087600000, 0x00000000d6780000)
  object space 65536K, 28% used [0x0000000083600000,0x0000000084874e20,0x0000000087600000)
 Metaspace       used 38638K, capacity 39296K, committed 39600K, reserved 1083392K
  class space    used 4853K, capacity 5003K, committed 5040K, reserved 1048576K
Event: 2.990 GC heap after
Heap after GC invocations=8 (full 2):
 PSYoungGen      total 70656K, used 5116K [0x00000000d6780000, 0x00000000db180000, 0x0000000100000000)
  eden space 65536K, 0% used [0x00000000d6780000,0x00000000d6780000,0x00000000da780000)
  from space 5120K, 99% used [0x00000000dac80000,0x00000000db17f3a8,0x00000000db180000)
  to   space 5120K, 0% used [0x00000000da780000,0x00000000da780000,0x00000000dac80000)
 ParOldGen       total 65536K, used 26975K [0x0000000083600000, 0x0000000087600000, 0x00000000d6780000)
  object space 65536K, 41% used [0x0000000083600000,0x0000000085057c28,0x0000000087600000)
 Metaspace       used 38638K, capacity 39296K, committed 39600K, reserved 1083392K
  class space    used 4853K, capacity 5003K, committed 5040K, reserved 1048576K
}

