# JRE version: OpenJDK Runtime Environment (8.0_242-b01) (build 1.8.0_242-release-1644-b01)
# Java VM: OpenJDK 64-Bit Server VM (25.242-b01 mixed mode windows-amd64 compressed oops)
Heap:
 PSYoungGen      total 269312K, used 185103K [0x00000000d5580000, 0x00000000e7480000, 0x0000000100000000)
  eden space 245248K, 65% used [0x00000000d5580000,0x00000000df2c4208,0x00000000e4500000)
  from space 24064K, 99% used [0x00000000e4580000,0x00000000e5cffa80,0x00000000e5d00000)
  to   space 19968K, 0% used [0x00000000e6100000,0x00000000e6100000,0x00000000e7480000)
 ParOldGen       total 119808K, used 74317K [0x0000000080000000, 0x0000000087500000, 0x00000000d5580000)
  object space 119808K, 62% used [0x0000000080000000,0x0000000084893648,0x0000000087500000)
 Metaspace       used 84395K, capacity 89442K, committed 89688K, reserved 1126400K
  class space    used 11713K, capacity 12631K, committed 12672K, reserved 1048576K
GC Heap History (10 events):
Event: 5.220 GC heap before
{Heap before GC invocations=14 (full 2):
 PSYoungGen      total 183808K, used 55293K [0x00000000d5580000, 0x00000000e4580000, 0x0000000100000000)
  eden space 171008K, 24% used [0x00000000d5580000,0x00000000d7f02430,0x00000000dfc80000)
  from space 12800K, 99% used [0x00000000dfc80000,0x00000000e08fd320,0x00000000e0900000)
  to   space 18944K, 0% used [0x00000000e3300000,0x00000000e3300000,0x00000000e4580000)
 ParOldGen       total 77312K, used 30283K [0x0000000080000000, 0x0000000084b80000, 0x00000000d5580000)
  object space 77312K, 39% used [0x0000000080000000,0x0000000081d92f58,0x0000000084b80000)
 Metaspace       used 56503K, capacity 58898K, committed 59028K, reserved 1099776K
  class space    used 7668K, capacity 8162K, committed 8192K, reserved 1048576K
Event: 5.230 GC heap after
Heap after GC invocations=14 (full 2):
 PSYoungGen      total 227328K, used 5624K [0x00000000d5580000, 0x00000000e4c80000, 0x0000000100000000)
  eden space 208384K, 0% used [0x00000000d5580000,0x00000000d5580000,0x00000000e2100000)
  from space 18944K, 29% used [0x00000000e3300000,0x00000000e387e398,0x00000000e4580000)
  to   space 18432K, 0% used [0x00000000e2100000,0x00000000e2100000,0x00000000e3300000)
 ParOldGen       total 77312K, used 42994K [0x0000000080000000, 0x0000000084b80000, 0x00000000d5580000)
  object space 77312K, 55% used [0x0000000080000000,0x00000000829fc988,0x0000000084b80000)
 Metaspace       used 56503K, capacity 58898K, committed 59028K, reserved 1099776K
  class space    used 7668K, capacity 8162K, committed 8192K, reserved 1048576K
}
Event: 5.230 GC heap before
{Heap before GC invocations=15 (full 3):
 PSYoungGen      total 227328K, used 5624K [0x00000000d5580000, 0x00000000e4c80000, 0x0000000100000000)
  eden space 208384K, 0% used [0x00000000d5580000,0x00000000d5580000,0x00000000e2100000)
  from space 18944K, 29% used [0x00000000e3300000,0x00000000e387e398,0x00000000e4580000)
  to   space 18432K, 0% used [0x00000000e2100000,0x00000000e2100000,0x00000000e3300000)
 ParOldGen       total 77312K, used 42994K [0x0000000080000000, 0x0000000084b80000, 0x00000000d5580000)
  object space 77312K, 55% used [0x0000000080000000,0x00000000829fc988,0x0000000084b80000)
 Metaspace       used 56503K, capacity 58898K, committed 59028K, reserved 1099776K
  class space    used 7668K, capacity 8162K, committed 8192K, reserved 1048576K
Event: 5.367 GC heap after
Heap after GC invocations=15 (full 3):
 PSYoungGen      total 227328K, used 0K [0x00000000d5580000, 0x00000000e4c80000, 0x0000000100000000)
  eden space 208384K, 0% used [0x00000000d5580000,0x00000000d5580000,0x00000000e2100000)
  from space 18944K, 0% used [0x00000000e3300000,0x00000000e3300000,0x00000000e4580000)
  to   space 18432K, 0% used [0x00000000e2100000,0x00000000e2100000,0x00000000e3300000)
 ParOldGen       total 119808K, used 32901K [0x0000000080000000, 0x0000000087500000, 0x00000000d5580000)
  object space 119808K, 27% used [0x0000000080000000,0x0000000082021680,0x0000000087500000)
 Metaspace       used 56454K, capacity 58730K, committed 59028K, reserved 1099776K
  class space    used 7653K, capacity 8134K, committed 8192K, reserved 1048576K
}
Event: 6.917 GC heap before
{Heap before GC invocations=16 (full 3):
 PSYoungGen      total 227328K, used 208384K [0x00000000d5580000, 0x00000000e4c80000, 0x0000000100000000)
  eden space 208384K, 100% used [0x00000000d5580000,0x00000000e2100000,0x00000000e2100000)
  from space 18944K, 0% used [0x00000000e3300000,0x00000000e3300000,0x00000000e4580000)
  to   space 18432K, 0% used [0x00000000e2100000,0x00000000e2100000,0x00000000e3300000)
 ParOldGen       total 119808K, used 32901K [0x0000000080000000, 0x0000000087500000, 0x00000000d5580000)
  object space 119808K, 27% used [0x0000000080000000,0x0000000082021680,0x0000000087500000)
 Metaspace       used 65794K, capacity 69276K, committed 69464K, reserved 1110016K
  class space    used 9067K, capacity 9743K, committed 9856K, reserved 1048576K
Event: 6.932 GC heap after
Heap after GC invocations=16 (full 3):
 PSYoungGen      total 226816K, used 18423K [0x00000000d5580000, 0x00000000e7580000, 0x0000000100000000)
  eden space 208384K, 0% used [0x00000000d5580000,0x00000000d5580000,0x00000000e2100000)
  from space 18432K, 99% used [0x00000000e2100000,0x00000000e32fdea0,0x00000000e3300000)
  to   space 20992K, 0% used [0x00000000e6100000,0x00000000e6100000,0x00000000e7580000)
 ParOldGen       total 119808K, used 33077K [0x0000000080000000, 0x0000000087500000, 0x00000000d5580000)
  object space 119808K, 27% used [0x0000000080000000,0x000000008204d758,0x0000000087500000)
 Metaspace       used 65794K, capacity 69276K, committed 69464K, reserved 1110016K
  class space    used 9067K, capacity 9743K, committed 9856K, reserved 1048576K
}
Event: 100.173 GC heap before
{Heap before GC invocations=17 (full 3):
 PSYoungGen      total 226816K, used 226807K [0x00000000d5580000, 0x00000000e7580000, 0x0000000100000000)
  eden space 208384K, 100% used [0x00000000d5580000,0x00000000e2100000,0x00000000e2100000)
  from space 18432K, 99% used [0x00000000e2100000,0x00000000e32fdea0,0x00000000e3300000)
  to   space 20992K, 0% used [0x00000000e6100000,0x00000000e6100000,0x00000000e7580000)
 ParOldGen       total 119808K, used 33077K [0x0000000080000000, 0x0000000087500000, 0x00000000d5580000)
  object space 119808K, 27% used [0x0000000080000000,0x000000008204d758,0x0000000087500000)
 Metaspace       used 73629K, capacity 77502K, committed 77656K, reserved 1116160K
  class space    used 10138K, capacity 10875K, committed 10880K, reserved 1048576K
Event: 100.201 GC heap after
Heap after GC invocations=17 (full 3):
 PSYoungGen      total 265216K, used 19651K [0x00000000d5580000, 0x00000000e7480000, 0x0000000100000000)
  eden space 245248K, 0% used [0x00000000d5580000,0x00000000d5580000,0x00000000e4500000)
  from space 19968K, 98% used [0x00000000e6100000,0x00000000e7430db8,0x00000000e7480000)
  to   space 24064K, 0% used [0x00000000e4580000,0x00000000e4580000,0x00000000e5d00000)
 ParOldGen       total 119808K, used 44600K [0x0000000080000000, 0x0000000087500000, 0x00000000d5580000)
  object space 119808K, 37% used [0x0000000080000000,0x0000000082b8e298,0x0000000087500000)
 Metaspace       used 73629K, capacity 77502K, committed 77656K, reserved 1116160K
  class space    used 10138K, capacity 10875K, committed 10880K, reserved 1048576K
}
Event: 102.069 GC heap before
{Heap before GC invocations=18 (full 3):
 PSYoungGen      total 265216K, used 264899K [0x00000000d5580000, 0x00000000e7480000, 0x0000000100000000)
  eden space 245248K, 100% used [0x00000000d5580000,0x00000000e4500000,0x00000000e4500000)
  from space 19968K, 98% used [0x00000000e6100000,0x00000000e7430db8,0x00000000e7480000)
  to   space 24064K, 0% used [0x00000000e4580000,0x00000000e4580000,0x00000000e5d00000)
 ParOldGen       total 119808K, used 44600K [0x0000000080000000, 0x0000000087500000, 0x00000000d5580000)
  object space 119808K, 37% used [0x0000000080000000,0x0000000082b8e298,0x0000000087500000)
 Metaspace       used 83340K, capacity 88244K, committed 88536K, reserved 1126400K
  class space    used 11557K, capacity 12466K, committed 12544K, reserved 1048576K
Event: 102.102 GC heap after
Heap after GC invocations=18 (full 3):
 PSYoungGen      total 269312K, used 24062K [0x00000000d5580000, 0x00000000e7480000, 0x0000000100000000)
  eden space 245248K, 0% used [0x00000000d5580000,0x00000000d5580000,0x00000000e4500000)
  from space 24064K, 99% used [0x00000000e4580000,0x00000000e5cffa80,0x00000000e5d00000)
  to   space 19968K, 0% used [0x00000000e6100000,0x00000000e6100000,0x00000000e7480000)
 ParOldGen       total 119808K, used 74317K [0x0000000080000000, 0x0000000087500000, 0x00000000d5580000)
  object space 119808K, 62% used [0x0000000080000000,0x0000000084893648,0x0000000087500000)
 Metaspace       used 83340K, capacity 88244K, committed 88536K, reserved 1126400K
  class space    used 11557K, capacity 12466K, committed 12544K, reserved 1048576K
}

