# JRE version: OpenJDK Runtime Environment (8.0_242-b01) (build 1.8.0_242-release-1644-b01)
# Java VM: OpenJDK 64-Bit Server VM (25.242-b01 mixed mode windows-amd64 compressed oops)
Heap:
 PSYoungGen      total 231936K, used 170499K [0x00000000d5580000, 0x00000000e5180000, 0x0000000100000000)
  eden space 213504K, 71% used [0x00000000d5580000,0x00000000dea047f8,0x00000000e2600000)
  from space 18432K, 99% used [0x00000000e2600000,0x00000000e37fc668,0x00000000e3800000)
  to   space 18944K, 0% used [0x00000000e3800000,0x00000000e3800000,0x00000000e4a80000)
 ParOldGen       total 118784K, used 34781K [0x0000000080000000, 0x0000000087400000, 0x00000000d5580000)
  object space 118784K, 29% used [0x0000000080000000,0x00000000821f75d0,0x0000000087400000)
 Metaspace       used 70792K, capacity 74372K, committed 74648K, reserved 1114112K
  class space    used 9704K, capacity 10393K, committed 10416K, reserved 1048576K
GC Heap History (10 events):
Event: 3.745 GC heap before
{Heap before GC invocations=12 (full 2):
 PSYoungGen      total 138240K, used 126976K [0x00000000d5580000, 0x00000000e1b80000, 0x0000000100000000)
  eden space 126976K, 100% used [0x00000000d5580000,0x00000000dd180000,0x00000000dd180000)
  from space 11264K, 0% used [0x00000000dd180000,0x00000000dd180000,0x00000000ddc80000)
  to   space 12800K, 0% used [0x00000000e0f00000,0x00000000e0f00000,0x00000000e1b80000)
 ParOldGen       total 75776K, used 17818K [0x0000000080000000, 0x0000000084a00000, 0x00000000d5580000)
  object space 75776K, 23% used [0x0000000080000000,0x0000000081166be8,0x0000000084a00000)
 Metaspace       used 37496K, capacity 39272K, committed 39336K, reserved 1083392K
  class space    used 5178K, capacity 5551K, committed 5552K, reserved 1048576K
Event: 3.751 GC heap after
Heap after GC invocations=12 (full 2):
 PSYoungGen      total 174592K, used 8230K [0x00000000d5580000, 0x00000000e1780000, 0x0000000100000000)
  eden space 165888K, 0% used [0x00000000d5580000,0x00000000d5580000,0x00000000df780000)
  from space 8704K, 94% used [0x00000000e0f00000,0x00000000e1709ab0,0x00000000e1780000)
  to   space 12800K, 0% used [0x00000000dfe80000,0x00000000dfe80000,0x00000000e0b00000)
 ParOldGen       total 75776K, used 17826K [0x0000000080000000, 0x0000000084a00000, 0x00000000d5580000)
  object space 75776K, 23% used [0x0000000080000000,0x0000000081168be8,0x0000000084a00000)
 Metaspace       used 37496K, capacity 39272K, committed 39336K, reserved 1083392K
  class space    used 5178K, capacity 5551K, committed 5552K, reserved 1048576K
}
Event: 4.875 GC heap before
{Heap before GC invocations=13 (full 2):
 PSYoungGen      total 174592K, used 174118K [0x00000000d5580000, 0x00000000e1780000, 0x0000000100000000)
  eden space 165888K, 100% used [0x00000000d5580000,0x00000000df780000,0x00000000df780000)
  from space 8704K, 94% used [0x00000000e0f00000,0x00000000e1709ab0,0x00000000e1780000)
  to   space 12800K, 0% used [0x00000000dfe80000,0x00000000dfe80000,0x00000000e0b00000)
 ParOldGen       total 75776K, used 17826K [0x0000000080000000, 0x0000000084a00000, 0x00000000d5580000)
  object space 75776K, 23% used [0x0000000080000000,0x0000000081168be8,0x0000000084a00000)
 Metaspace       used 52318K, capacity 54500K, committed 54568K, reserved 1095680K
  class space    used 6980K, capacity 7460K, committed 7472K, reserved 1048576K
Event: 4.893 GC heap after
Heap after GC invocations=13 (full 2):
 PSYoungGen      total 185856K, used 12772K [0x00000000d5580000, 0x00000000e4a80000, 0x0000000100000000)
  eden space 173056K, 0% used [0x00000000d5580000,0x00000000d5580000,0x00000000dfe80000)
  from space 12800K, 99% used [0x00000000dfe80000,0x00000000e0af9310,0x00000000e0b00000)
  to   space 18944K, 0% used [0x00000000e3800000,0x00000000e3800000,0x00000000e4a80000)
 ParOldGen       total 75776K, used 30437K [0x0000000080000000, 0x0000000084a00000, 0x00000000d5580000)
  object space 75776K, 40% used [0x0000000080000000,0x0000000081db95a0,0x0000000084a00000)
 Metaspace       used 52318K, capacity 54500K, committed 54568K, reserved 1095680K
  class space    used 6980K, capacity 7460K, committed 7472K, reserved 1048576K
}
Event: 5.334 GC heap before
{Heap before GC invocations=14 (full 2):
 PSYoungGen      total 185856K, used 60234K [0x00000000d5580000, 0x00000000e4a80000, 0x0000000100000000)
  eden space 173056K, 27% used [0x00000000d5580000,0x00000000d83d9660,0x00000000dfe80000)
  from space 12800K, 99% used [0x00000000dfe80000,0x00000000e0af9310,0x00000000e0b00000)
  to   space 18944K, 0% used [0x00000000e3800000,0x00000000e3800000,0x00000000e4a80000)
 ParOldGen       total 75776K, used 30437K [0x0000000080000000, 0x0000000084a00000, 0x00000000d5580000)
  object space 75776K, 40% used [0x0000000080000000,0x0000000081db95a0,0x0000000084a00000)
 Metaspace       used 56770K, capacity 59112K, committed 59160K, reserved 1099776K
  class space    used 7704K, capacity 8193K, committed 8240K, reserved 1048576K
Event: 5.347 GC heap after
Heap after GC invocations=14 (full 2):
 PSYoungGen      total 232448K, used 6197K [0x00000000d5580000, 0x00000000e5180000, 0x0000000100000000)
  eden space 213504K, 0% used [0x00000000d5580000,0x00000000d5580000,0x00000000e2600000)
  from space 18944K, 32% used [0x00000000e3800000,0x00000000e3e0d5b8,0x00000000e4a80000)
  to   space 18432K, 0% used [0x00000000e2600000,0x00000000e2600000,0x00000000e3800000)
 ParOldGen       total 75776K, used 43120K [0x0000000080000000, 0x0000000084a00000, 0x00000000d5580000)
  object space 75776K, 56% used [0x0000000080000000,0x0000000082a1c298,0x0000000084a00000)
 Metaspace       used 56770K, capacity 59112K, committed 59160K, reserved 1099776K
  class space    used 7704K, capacity 8193K, committed 8240K, reserved 1048576K
}
Event: 5.347 GC heap before
{Heap before GC invocations=15 (full 3):
 PSYoungGen      total 232448K, used 6197K [0x00000000d5580000, 0x00000000e5180000, 0x0000000100000000)
  eden space 213504K, 0% used [0x00000000d5580000,0x00000000d5580000,0x00000000e2600000)
  from space 18944K, 32% used [0x00000000e3800000,0x00000000e3e0d5b8,0x00000000e4a80000)
  to   space 18432K, 0% used [0x00000000e2600000,0x00000000e2600000,0x00000000e3800000)
 ParOldGen       total 75776K, used 43120K [0x0000000080000000, 0x0000000084a00000, 0x00000000d5580000)
  object space 75776K, 56% used [0x0000000080000000,0x0000000082a1c298,0x0000000084a00000)
 Metaspace       used 56770K, capacity 59112K, committed 59160K, reserved 1099776K
  class space    used 7704K, capacity 8193K, committed 8240K, reserved 1048576K
Event: 5.487 GC heap after
Heap after GC invocations=15 (full 3):
 PSYoungGen      total 232448K, used 0K [0x00000000d5580000, 0x00000000e5180000, 0x0000000100000000)
  eden space 213504K, 0% used [0x00000000d5580000,0x00000000d5580000,0x00000000e2600000)
  from space 18944K, 0% used [0x00000000e3800000,0x00000000e3800000,0x00000000e4a80000)
  to   space 18432K, 0% used [0x00000000e2600000,0x00000000e2600000,0x00000000e3800000)
 ParOldGen       total 118784K, used 33773K [0x0000000080000000, 0x0000000087400000, 0x00000000d5580000)
  object space 118784K, 28% used [0x0000000080000000,0x00000000820fb5a8,0x0000000087400000)
 Metaspace       used 56724K, capacity 58956K, committed 59160K, reserved 1099776K
  class space    used 7690K, capacity 8167K, committed 8240K, reserved 1048576K
}
Event: 7.267 GC heap before
{Heap before GC invocations=16 (full 3):
 PSYoungGen      total 232448K, used 213504K [0x00000000d5580000, 0x00000000e5180000, 0x0000000100000000)
  eden space 213504K, 100% used [0x00000000d5580000,0x00000000e2600000,0x00000000e2600000)
  from space 18944K, 0% used [0x00000000e3800000,0x00000000e3800000,0x00000000e4a80000)
  to   space 18432K, 0% used [0x00000000e2600000,0x00000000e2600000,0x00000000e3800000)
 ParOldGen       total 118784K, used 33773K [0x0000000080000000, 0x0000000087400000, 0x00000000d5580000)
  object space 118784K, 28% used [0x0000000080000000,0x00000000820fb5a8,0x0000000087400000)
 Metaspace       used 65908K, capacity 69388K, committed 69656K, reserved 1110016K
  class space    used 9073K, capacity 9751K, committed 9776K, reserved 1048576K
Event: 7.289 GC heap after
Heap after GC invocations=16 (full 3):
 PSYoungGen      total 231936K, used 18417K [0x00000000d5580000, 0x00000000e5180000, 0x0000000100000000)
  eden space 213504K, 0% used [0x00000000d5580000,0x00000000d5580000,0x00000000e2600000)
  from space 18432K, 99% used [0x00000000e2600000,0x00000000e37fc668,0x00000000e3800000)
  to   space 18944K, 0% used [0x00000000e3800000,0x00000000e3800000,0x00000000e4a80000)
 ParOldGen       total 118784K, used 34781K [0x0000000080000000, 0x0000000087400000, 0x00000000d5580000)
  object space 118784K, 29% used [0x0000000080000000,0x00000000821f75d0,0x0000000087400000)
 Metaspace       used 65908K, capacity 69388K, committed 69656K, reserved 1110016K
  class space    used 9073K, capacity 9751K, committed 9776K, reserved 1048576K
}

