# JRE version: OpenJDK Runtime Environment (11.0.8+10) (build 11.0.8+10-b944.6842174)
# Java VM: OpenJDK 64-Bit Server VM (11.0.8+10-b944.6842174, mixed mode, tiered, compressed oops, g1 gc, windows-amd64)
Heap:
 garbage-first heap   total 187392K, used 89648K [0x0000000080000000, 0x0000000100000000)
  region size 1024K, 21 young (21504K), 9 survivors (9216K)
 Metaspace       used 87697K, capacity 90134K, committed 90368K, reserved 1128448K
  class space    used 11374K, capacity 12235K, committed 12288K, reserved 1048576K
GC Heap History (20 events):
Event: 4.507 GC heap before
{Heap before GC invocations=8 (full 0):
 garbage-first heap   total 129024K, used 83161K [0x0000000080000000, 0x0000000100000000)
  region size 1024K, 64 young (65536K), 7 survivors (7168K)
 Metaspace       used 44270K, capacity 45283K, committed 45568K, reserved 1089536K
  class space    used 5686K, capacity 6071K, committed 6144K, reserved 1048576K
}
Event: 4.515 GC heap after
{Heap after GC invocations=9 (full 0):
 garbage-first heap   total 155648K, used 27979K [0x0000000080000000, 0x0000000100000000)
  region size 1024K, 7 young (7168K), 7 survivors (7168K)
 Metaspace       used 44270K, capacity 45283K, committed 45568K, reserved 1089536K
  class space    used 5686K, capacity 6071K, committed 6144K, reserved 1048576K
}
Event: 5.291 GC heap before
{Heap before GC invocations=9 (full 0):
 garbage-first heap   total 155648K, used 104779K [0x0000000080000000, 0x0000000100000000)
  region size 1024K, 77 young (78848K), 7 survivors (7168K)
 Metaspace       used 51782K, capacity 53168K, committed 53504K, reserved 1095680K
  class space    used 6584K, capacity 7041K, committed 7168K, reserved 1048576K
}
Event: 5.298 GC heap after
{Heap after GC invocations=10 (full 0):
 garbage-first heap   total 155648K, used 42398K [0x0000000080000000, 0x0000000100000000)
  region size 1024K, 10 young (10240K), 10 survivors (10240K)
 Metaspace       used 51782K, capacity 53168K, committed 53504K, reserved 1095680K
  class space    used 6584K, capacity 7041K, committed 7168K, reserved 1048576K
}
Event: 5.933 GC heap before
{Heap before GC invocations=10 (full 0):
 garbage-first heap   total 155648K, used 100766K [0x0000000080000000, 0x0000000100000000)
  region size 1024K, 68 young (69632K), 10 survivors (10240K)
 Metaspace       used 58585K, capacity 60076K, committed 60160K, reserved 1101824K
  class space    used 7435K, capacity 7987K, committed 8064K, reserved 1048576K
}
Event: 5.942 GC heap after
{Heap after GC invocations=11 (full 0):
 garbage-first heap   total 155648K, used 47357K [0x0000000080000000, 0x0000000100000000)
  region size 1024K, 5 young (5120K), 5 survivors (5120K)
 Metaspace       used 58585K, capacity 60076K, committed 60160K, reserved 1101824K
  class space    used 7435K, capacity 7987K, committed 8064K, reserved 1048576K
}
Event: 6.576 GC heap before
{Heap before GC invocations=12 (full 0):
 garbage-first heap   total 155648K, used 108797K [0x0000000080000000, 0x0000000100000000)
  region size 1024K, 65 young (66560K), 5 survivors (5120K)
 Metaspace       used 64662K, capacity 66303K, committed 66560K, reserved 1107968K
  class space    used 8296K, capacity 8892K, committed 8960K, reserved 1048576K
}
Event: 6.582 GC heap after
{Heap after GC invocations=13 (full 0):
 garbage-first heap   total 155648K, used 52060K [0x0000000080000000, 0x0000000100000000)
  region size 1024K, 9 young (9216K), 9 survivors (9216K)
 Metaspace       used 64662K, capacity 66303K, committed 66560K, reserved 1107968K
  class space    used 8296K, capacity 8892K, committed 8960K, reserved 1048576K
}
Event: 7.339 GC heap before
{Heap before GC invocations=14 (full 0):
 garbage-first heap   total 155648K, used 113500K [0x0000000080000000, 0x0000000100000000)
  region size 1024K, 69 young (70656K), 9 survivors (9216K)
 Metaspace       used 70883K, capacity 72657K, committed 72960K, reserved 1112064K
  class space    used 9229K, capacity 9860K, committed 9984K, reserved 1048576K
}
Event: 7.348 GC heap after
{Heap after GC invocations=15 (full 0):
 garbage-first heap   total 155648K, used 55678K [0x0000000080000000, 0x0000000100000000)
  region size 1024K, 4 young (4096K), 4 survivors (4096K)
 Metaspace       used 70883K, capacity 72657K, committed 72960K, reserved 1112064K
  class space    used 9229K, capacity 9860K, committed 9984K, reserved 1048576K
}
Event: 8.206 GC heap before
{Heap before GC invocations=15 (full 0):
 garbage-first heap   total 155648K, used 117118K [0x0000000080000000, 0x0000000100000000)
  region size 1024K, 64 young (65536K), 4 survivors (4096K)
 Metaspace       used 75598K, capacity 77581K, committed 77824K, reserved 1116160K
  class space    used 9918K, capacity 10637K, committed 10752K, reserved 1048576K
}
Event: 8.214 GC heap after
{Heap after GC invocations=16 (full 0):
 garbage-first heap   total 187392K, used 59731K [0x0000000080000000, 0x0000000100000000)
  region size 1024K, 8 young (8192K), 8 survivors (8192K)
 Metaspace       used 75598K, capacity 77581K, committed 77824K, reserved 1116160K
  class space    used 9918K, capacity 10637K, committed 10752K, reserved 1048576K
}
Event: 9.067 GC heap before
{Heap before GC invocations=16 (full 0):
 garbage-first heap   total 187392K, used 133459K [0x0000000080000000, 0x0000000100000000)
  region size 1024K, 81 young (82944K), 8 survivors (8192K)
 Metaspace       used 77233K, capacity 79321K, committed 79488K, reserved 1118208K
  class space    used 10056K, capacity 10796K, committed 10880K, reserved 1048576K
}
Event: 9.077 GC heap after
{Heap after GC invocations=17 (full 0):
 garbage-first heap   total 187392K, used 64221K [0x0000000080000000, 0x0000000100000000)
  region size 1024K, 9 young (9216K), 9 survivors (9216K)
 Metaspace       used 77233K, capacity 79321K, committed 79488K, reserved 1118208K
  class space    used 10056K, capacity 10796K, committed 10880K, reserved 1048576K
}
Event: 9.799 GC heap before
{Heap before GC invocations=17 (full 0):
 garbage-first heap   total 187392K, used 137949K [0x0000000080000000, 0x0000000100000000)
  region size 1024K, 82 young (83968K), 9 survivors (9216K)
 Metaspace       used 81173K, capacity 83287K, committed 83584K, reserved 1122304K
  class space    used 10544K, capacity 11308K, committed 11392K, reserved 1048576K
}
Event: 9.809 GC heap after
{Heap after GC invocations=18 (full 0):
 garbage-first heap   total 187392K, used 67618K [0x0000000080000000, 0x0000000100000000)
  region size 1024K, 8 young (8192K), 8 survivors (8192K)
 Metaspace       used 81173K, capacity 83287K, committed 83584K, reserved 1122304K
  class space    used 10544K, capacity 11308K, committed 11392K, reserved 1048576K
}
Event: 11.895 GC heap before
{Heap before GC invocations=18 (full 0):
 garbage-first heap   total 187392K, used 141346K [0x0000000080000000, 0x0000000100000000)
  region size 1024K, 81 young (82944K), 8 survivors (8192K)
 Metaspace       used 82896K, capacity 85130K, committed 85376K, reserved 1122304K
  class space    used 10719K, capacity 11530K, committed 11648K, reserved 1048576K
}
Event: 11.903 GC heap after
{Heap after GC invocations=19 (full 0):
 garbage-first heap   total 187392K, used 73185K [0x0000000080000000, 0x0000000100000000)
  region size 1024K, 10 young (10240K), 10 survivors (10240K)
 Metaspace       used 82896K, capacity 85130K, committed 85376K, reserved 1122304K
  class space    used 10719K, capacity 11530K, committed 11648K, reserved 1048576K
}
Event: 12.797 GC heap before
{Heap before GC invocations=19 (full 0):
 garbage-first heap   total 187392K, used 144865K [0x0000000080000000, 0x0000000100000000)
  region size 1024K, 81 young (82944K), 10 survivors (10240K)
 Metaspace       used 85833K, capacity 88077K, committed 88192K, reserved 1126400K
  class space    used 11070K, capacity 11870K, committed 11904K, reserved 1048576K
}
Event: 12.805 GC heap after
{Heap after GC invocations=20 (full 0):
 garbage-first heap   total 187392K, used 79408K [0x0000000080000000, 0x0000000100000000)
  region size 1024K, 9 young (9216K), 9 survivors (9216K)
 Metaspace       used 85833K, capacity 88077K, committed 88192K, reserved 1126400K
  class space    used 11070K, capacity 11870K, committed 11904K, reserved 1048576K
}

