# JRE version: OpenJDK Runtime Environment (11.0.8+10) (build 11.0.8+10-b944.6842174)
# Java VM: OpenJDK 64-Bit Server VM (11.0.8+10-b944.6842174, mixed mode, tiered, compressed oops, g1 gc, windows-amd64)
Heap:
 garbage-first heap   total 155648K, used 53217K [0x0000000083600000, 0x0000000100000000)
  region size 1024K, 26 young (26624K), 9 survivors (9216K)
 Metaspace       used 48725K, capacity 49262K, committed 49456K, reserved 1093632K
  class space    used 5644K, capacity 5853K, committed 5936K, reserved 1048576K
GC Heap History (12 events):
Event: 0.425 GC heap before
{Heap before GC invocations=0 (full 0):
 garbage-first heap   total 129024K, used 27648K [0x0000000083600000, 0x0000000100000000)
  region size 1024K, 24 young (24576K), 0 survivors (0K)
 Metaspace       used 12502K, capacity 12622K, committed 12800K, reserved 1060864K
  class space    used 1207K, capacity 1248K, committed 1280K, reserved 1048576K
}
Event: 0.428 GC heap after
{Heap after GC invocations=1 (full 0):
 garbage-first heap   total 129024K, used 6290K [0x0000000083600000, 0x0000000100000000)
  region size 1024K, 3 young (3072K), 3 survivors (3072K)
 Metaspace       used 12502K, capacity 12622K, committed 12800K, reserved 1060864K
  class space    used 1207K, capacity 1248K, committed 1280K, reserved 1048576K
}
Event: 0.881 GC heap before
{Heap before GC invocations=1 (full 0):
 garbage-first heap   total 129024K, used 40082K [0x0000000083600000, 0x0000000100000000)
  region size 1024K, 37 young (37888K), 3 survivors (3072K)
 Metaspace       used 20828K, capacity 21058K, committed 21296K, reserved 1069056K
  class space    used 2234K, capacity 2315K, committed 2352K, reserved 1048576K
}
Event: 0.888 GC heap after
{Heap after GC invocations=2 (full 0):
 garbage-first heap   total 129024K, used 9476K [0x0000000083600000, 0x0000000100000000)
  region size 1024K, 7 young (7168K), 7 survivors (7168K)
 Metaspace       used 20828K, capacity 21058K, committed 21296K, reserved 1069056K
  class space    used 2234K, capacity 2315K, committed 2352K, reserved 1048576K
}
Event: 1.562 GC heap before
{Heap before GC invocations=3 (full 0):
 garbage-first heap   total 129024K, used 61700K [0x0000000083600000, 0x0000000100000000)
  region size 1024K, 52 young (53248K), 7 survivors (7168K)
 Metaspace       used 30597K, capacity 30904K, committed 31280K, reserved 1077248K
  class space    used 3422K, capacity 3561K, committed 3632K, reserved 1048576K
}
Event: 1.576 GC heap after
{Heap after GC invocations=4 (full 0):
 garbage-first heap   total 129024K, used 17008K [0x0000000083600000, 0x0000000100000000)
  region size 1024K, 7 young (7168K), 7 survivors (7168K)
 Metaspace       used 30597K, capacity 30904K, committed 31280K, reserved 1077248K
  class space    used 3422K, capacity 3561K, committed 3632K, reserved 1048576K
}
Event: 1.771 GC heap before
{Heap before GC invocations=4 (full 0):
 garbage-first heap   total 129024K, used 36464K [0x0000000083600000, 0x0000000100000000)
  region size 1024K, 27 young (27648K), 7 survivors (7168K)
 Metaspace       used 35176K, capacity 35501K, committed 35632K, reserved 1081344K
  class space    used 4213K, capacity 4366K, committed 4400K, reserved 1048576K
}
Event: 1.781 GC heap after
{Heap after GC invocations=5 (full 0):
 garbage-first heap   total 129024K, used 19879K [0x0000000083600000, 0x0000000100000000)
  region size 1024K, 8 young (8192K), 8 survivors (8192K)
 Metaspace       used 35176K, capacity 35501K, committed 35632K, reserved 1081344K
  class space    used 4213K, capacity 4366K, committed 4400K, reserved 1048576K
}
Event: 2.543 GC heap before
{Heap before GC invocations=6 (full 0):
 garbage-first heap   total 129024K, used 68007K [0x0000000083600000, 0x0000000100000000)
  region size 1024K, 56 young (57344K), 8 survivors (8192K)
 Metaspace       used 41872K, capacity 42296K, committed 42672K, reserved 1087488K
  class space    used 5012K, capacity 5171K, committed 5296K, reserved 1048576K
}
Event: 2.555 GC heap after
{Heap after GC invocations=7 (full 0):
 garbage-first heap   total 155648K, used 27542K [0x0000000083600000, 0x0000000100000000)
  region size 1024K, 7 young (7168K), 7 survivors (7168K)
 Metaspace       used 41872K, capacity 42296K, committed 42672K, reserved 1087488K
  class space    used 5012K, capacity 5171K, committed 5296K, reserved 1048576K
}
Event: 3.422 GC heap before
{Heap before GC invocations=7 (full 0):
 garbage-first heap   total 155648K, used 88982K [0x0000000083600000, 0x0000000100000000)
  region size 1024K, 66 young (67584K), 7 survivors (7168K)
 Metaspace       used 46740K, capacity 47325K, committed 47536K, reserved 1091584K
  class space    used 5475K, capacity 5682K, committed 5808K, reserved 1048576K
}
Event: 3.438 GC heap after
{Heap after GC invocations=8 (full 0):
 garbage-first heap   total 155648K, used 36833K [0x0000000083600000, 0x0000000100000000)
  region size 1024K, 9 young (9216K), 9 survivors (9216K)
 Metaspace       used 46740K, capacity 47325K, committed 47536K, reserved 1091584K
  class space    used 5475K, capacity 5682K, committed 5808K, reserved 1048576K
}

