# JRE version: OpenJDK Runtime Environment (8.0_242-b01) (build 1.8.0_242-release-1644-b01)
# Java VM: OpenJDK 64-Bit Server VM (25.242-b01 mixed mode windows-amd64 compressed oops)
Heap:
 PSYoungGen      total 174080K, used 23329K [0x00000000d5580000, 0x00000000e1980000, 0x0000000100000000)
  eden space 165888K, 9% used [0x00000000d5580000,0x00000000d64afff0,0x00000000df780000)
  from space 8192K, 94% used [0x00000000e1180000,0x00000000e1918520,0x00000000e1980000)
  to   space 12800K, 0% used [0x00000000e0080000,0x00000000e0080000,0x00000000e0d00000)
 ParOldGen       total 47616K, used 18155K [0x0000000080000000, 0x0000000082e80000, 0x00000000d5580000)
  object space 47616K, 38% used [0x0000000080000000,0x00000000811bae28,0x0000000082e80000)
 Metaspace       used 39230K, capacity 41032K, committed 41176K, reserved 1085440K
  class space    used 5407K, capacity 5761K, committed 5888K, reserved 1048576K
GC Heap History (10 events):
Event: 2.376 GC heap before
{Heap before GC invocations=8 (full 1):
 PSYoungGen      total 75264K, used 3952K [0x00000000d5580000, 0x00000000de880000, 0x0000000100000000)
  eden space 64512K, 0% used [0x00000000d5580000,0x00000000d5580000,0x00000000d9480000)
  from space 10752K, 36% used [0x00000000d9480000,0x00000000d985c040,0x00000000d9f00000)
  to   space 10752K, 0% used [0x00000000dde00000,0x00000000dde00000,0x00000000de880000)
 ParOldGen       total 86016K, used 8436K [0x0000000080000000, 0x0000000085400000, 0x00000000d5580000)
  object space 86016K, 9% used [0x0000000080000000,0x000000008083d1d8,0x0000000085400000)
 Metaspace       used 20493K, capacity 21204K, committed 21248K, reserved 1067008K
  class space    used 2860K, capacity 3048K, committed 3072K, reserved 1048576K
Event: 2.402 GC heap after
Heap after GC invocations=8 (full 1):
 PSYoungGen      total 75264K, used 0K [0x00000000d5580000, 0x00000000de880000, 0x0000000100000000)
  eden space 64512K, 0% used [0x00000000d5580000,0x00000000d5580000,0x00000000d9480000)
  from space 10752K, 0% used [0x00000000d9480000,0x00000000d9480000,0x00000000d9f00000)
  to   space 10752K, 0% used [0x00000000dde00000,0x00000000dde00000,0x00000000de880000)
 ParOldGen       total 47616K, used 6680K [0x0000000080000000, 0x0000000082e80000, 0x00000000d5580000)
  object space 47616K, 14% used [0x0000000080000000,0x0000000080686280,0x0000000082e80000)
 Metaspace       used 20493K, capacity 21204K, committed 21248K, reserved 1067008K
  class space    used 2860K, capacity 3048K, committed 3072K, reserved 1048576K
}
Event: 2.805 GC heap before
{Heap before GC invocations=9 (full 1):
 PSYoungGen      total 75264K, used 64512K [0x00000000d5580000, 0x00000000de880000, 0x0000000100000000)
  eden space 64512K, 100% used [0x00000000d5580000,0x00000000d9480000,0x00000000d9480000)
  from space 10752K, 0% used [0x00000000d9480000,0x00000000d9480000,0x00000000d9f00000)
  to   space 10752K, 0% used [0x00000000dde00000,0x00000000dde00000,0x00000000de880000)
 ParOldGen       total 47616K, used 6680K [0x0000000080000000, 0x0000000082e80000, 0x00000000d5580000)
  object space 47616K, 14% used [0x0000000080000000,0x0000000080686280,0x0000000082e80000)
 Metaspace       used 28200K, capacity 29060K, committed 29312K, reserved 1075200K
  class space    used 3885K, capacity 4132K, committed 4224K, reserved 1048576K
Event: 2.810 GC heap after
Heap after GC invocations=9 (full 1):
 PSYoungGen      total 128000K, used 8056K [0x00000000d5580000, 0x00000000de600000, 0x0000000100000000)
  eden space 119808K, 0% used [0x00000000d5580000,0x00000000d5580000,0x00000000dca80000)
  from space 8192K, 98% used [0x00000000dde00000,0x00000000de5de190,0x00000000de600000)
  to   space 11264K, 0% used [0x00000000dd000000,0x00000000dd000000,0x00000000ddb00000)
 ParOldGen       total 47616K, used 6688K [0x0000000080000000, 0x0000000082e80000, 0x00000000d5580000)
  object space 47616K, 14% used [0x0000000080000000,0x0000000080688280,0x0000000082e80000)
 Metaspace       used 28200K, capacity 29060K, committed 29312K, reserved 1075200K
  class space    used 3885K, capacity 4132K, committed 4224K, reserved 1048576K
}
Event: 3.363 GC heap before
{Heap before GC invocations=10 (full 1):
 PSYoungGen      total 128000K, used 109053K [0x00000000d5580000, 0x00000000de600000, 0x0000000100000000)
  eden space 119808K, 84% used [0x00000000d5580000,0x00000000db821428,0x00000000dca80000)
  from space 8192K, 98% used [0x00000000dde00000,0x00000000de5de190,0x00000000de600000)
  to   space 11264K, 0% used [0x00000000dd000000,0x00000000dd000000,0x00000000ddb00000)
 ParOldGen       total 47616K, used 6688K [0x0000000080000000, 0x0000000082e80000, 0x00000000d5580000)
  object space 47616K, 14% used [0x0000000080000000,0x0000000080688280,0x0000000082e80000)
 Metaspace       used 34211K, capacity 35392K, committed 35416K, reserved 1079296K
  class space    used 4712K, capacity 4973K, committed 4992K, reserved 1048576K
Event: 3.374 GC heap after
Heap after GC invocations=10 (full 1):
 PSYoungGen      total 136704K, used 11258K [0x00000000d5580000, 0x00000000e1e00000, 0x0000000100000000)
  eden space 125440K, 0% used [0x00000000d5580000,0x00000000d5580000,0x00000000dd000000)
  from space 11264K, 99% used [0x00000000dd000000,0x00000000ddafea10,0x00000000ddb00000)
  to   space 12800K, 0% used [0x00000000e1180000,0x00000000e1180000,0x00000000e1e00000)
 ParOldGen       total 47616K, used 7430K [0x0000000080000000, 0x0000000082e80000, 0x00000000d5580000)
  object space 47616K, 15% used [0x0000000080000000,0x0000000080741800,0x0000000082e80000)
 Metaspace       used 34211K, capacity 35392K, committed 35416K, reserved 1079296K
  class space    used 4712K, capacity 4973K, committed 4992K, reserved 1048576K
}
Event: 3.374 GC heap before
{Heap before GC invocations=11 (full 2):
 PSYoungGen      total 136704K, used 11258K [0x00000000d5580000, 0x00000000e1e00000, 0x0000000100000000)
  eden space 125440K, 0% used [0x00000000d5580000,0x00000000d5580000,0x00000000dd000000)
  from space 11264K, 99% used [0x00000000dd000000,0x00000000ddafea10,0x00000000ddb00000)
  to   space 12800K, 0% used [0x00000000e1180000,0x00000000e1180000,0x00000000e1e00000)
 ParOldGen       total 47616K, used 7430K [0x0000000080000000, 0x0000000082e80000, 0x00000000d5580000)
  object space 47616K, 15% used [0x0000000080000000,0x0000000080741800,0x0000000082e80000)
 Metaspace       used 34211K, capacity 35392K, committed 35416K, reserved 1079296K
  class space    used 4712K, capacity 4973K, committed 4992K, reserved 1048576K
Event: 3.436 GC heap after
Heap after GC invocations=11 (full 2):
 PSYoungGen      total 136704K, used 0K [0x00000000d5580000, 0x00000000e1e00000, 0x0000000100000000)
  eden space 125440K, 0% used [0x00000000d5580000,0x00000000d5580000,0x00000000dd000000)
  from space 11264K, 0% used [0x00000000dd000000,0x00000000dd000000,0x00000000ddb00000)
  to   space 12800K, 0% used [0x00000000e1180000,0x00000000e1180000,0x00000000e1e00000)
 ParOldGen       total 47616K, used 18147K [0x0000000080000000, 0x0000000082e80000, 0x00000000d5580000)
  object space 47616K, 38% used [0x0000000080000000,0x00000000811b8e28,0x0000000082e80000)
 Metaspace       used 34211K, capacity 35392K, committed 35416K, reserved 1079296K
  class space    used 4712K, capacity 4973K, committed 4992K, reserved 1048576K
}
Event: 4.025 GC heap before
{Heap before GC invocations=12 (full 2):
 PSYoungGen      total 136704K, used 125440K [0x00000000d5580000, 0x00000000e1e00000, 0x0000000100000000)
  eden space 125440K, 100% used [0x00000000d5580000,0x00000000dd000000,0x00000000dd000000)
  from space 11264K, 0% used [0x00000000dd000000,0x00000000dd000000,0x00000000ddb00000)
  to   space 12800K, 0% used [0x00000000e1180000,0x00000000e1180000,0x00000000e1e00000)
 ParOldGen       total 47616K, used 18147K [0x0000000080000000, 0x0000000082e80000, 0x00000000d5580000)
  object space 47616K, 38% used [0x0000000080000000,0x00000000811b8e28,0x0000000082e80000)
 Metaspace       used 37476K, capacity 39188K, committed 39384K, reserved 1083392K
  class space    used 5165K, capacity 5521K, committed 5632K, reserved 1048576K
Event: 4.034 GC heap after
Heap after GC invocations=12 (full 2):
 PSYoungGen      total 174080K, used 7777K [0x00000000d5580000, 0x00000000e1980000, 0x0000000100000000)
  eden space 165888K, 0% used [0x00000000d5580000,0x00000000d5580000,0x00000000df780000)
  from space 8192K, 94% used [0x00000000e1180000,0x00000000e1918520,0x00000000e1980000)
  to   space 12800K, 0% used [0x00000000e0080000,0x00000000e0080000,0x00000000e0d00000)
 ParOldGen       total 47616K, used 18155K [0x0000000080000000, 0x0000000082e80000, 0x00000000d5580000)
  object space 47616K, 38% used [0x0000000080000000,0x00000000811bae28,0x0000000082e80000)
 Metaspace       used 37476K, capacity 39188K, committed 39384K, reserved 1083392K
  class space    used 5165K, capacity 5521K, committed 5632K, reserved 1048576K
}

