# JRE version: OpenJDK Runtime Environment (8.0_242-b01) (build 1.8.0_242-release-1644-b01)
# Java VM: OpenJDK 64-Bit Server VM (25.242-b01 mixed mode windows-amd64 compressed oops)
Heap:
 PSYoungGen      total 358400K, used 281928K [0x00000000d5580000, 0x00000000eef00000, 0x0000000100000000)
  eden space 304640K, 83% used [0x00000000d5580000,0x00000000e4eab508,0x00000000e7f00000)
  from space 53760K, 49% used [0x00000000e7f00000,0x00000000e9926d88,0x00000000eb380000)
  to   space 54272K, 0% used [0x00000000eb380000,0x00000000eb380000,0x00000000ee880000)
 ParOldGen       total 267264K, used 127743K [0x0000000080000000, 0x0000000090500000, 0x00000000d5580000)
  object space 267264K, 47% used [0x0000000080000000,0x0000000087cbff60,0x0000000090500000)
 Metaspace       used 96655K, capacity 101592K, committed 101656K, reserved 1136640K
  class space    used 12942K, capacity 13860K, committed 13872K, reserved 1048576K
GC Heap History (10 events):
Event: 15.329 GC heap before
{Heap before GC invocations=19 (full 3):
 PSYoungGen      total 273408K, used 273394K [0x00000000d5580000, 0x00000000eb580000, 0x0000000100000000)
  eden space 252928K, 100% used [0x00000000d5580000,0x00000000e4c80000,0x00000000e4c80000)
  from space 20480K, 99% used [0x00000000e4c80000,0x00000000e607ca78,0x00000000e6080000)
  to   space 30720K, 0% used [0x00000000e9780000,0x00000000e9780000,0x00000000eb580000)
 ParOldGen       total 120832K, used 64642K [0x0000000080000000, 0x0000000087600000, 0x00000000d5580000)
  object space 120832K, 53% used [0x0000000080000000,0x0000000083f20bc8,0x0000000087600000)
 Metaspace       used 83274K, capacity 87896K, committed 88088K, reserved 1124352K
  class space    used 11334K, capacity 12209K, committed 12336K, reserved 1048576K
Event: 15.403 GC heap after
Heap after GC invocations=19 (full 3):
 PSYoungGen      total 302592K, used 30700K [0x00000000d5580000, 0x00000000ef400000, 0x0000000100000000)
  eden space 271872K, 0% used [0x00000000d5580000,0x00000000d5580000,0x00000000e5f00000)
  from space 30720K, 99% used [0x00000000e9780000,0x00000000eb57b300,0x00000000eb580000)
  to   space 57856K, 0% used [0x00000000e5f00000,0x00000000e5f00000,0x00000000e9780000)
 ParOldGen       total 124416K, used 124002K [0x0000000080000000, 0x0000000087980000, 0x00000000d5580000)
  object space 124416K, 99% used [0x0000000080000000,0x0000000087918810,0x0000000087980000)
 Metaspace       used 83274K, capacity 87896K, committed 88088K, reserved 1124352K
  class space    used 11334K, capacity 12209K, committed 12336K, reserved 1048576K
}
Event: 15.403 GC heap before
{Heap before GC invocations=20 (full 4):
 PSYoungGen      total 302592K, used 30700K [0x00000000d5580000, 0x00000000ef400000, 0x0000000100000000)
  eden space 271872K, 0% used [0x00000000d5580000,0x00000000d5580000,0x00000000e5f00000)
  from space 30720K, 99% used [0x00000000e9780000,0x00000000eb57b300,0x00000000eb580000)
  to   space 57856K, 0% used [0x00000000e5f00000,0x00000000e5f00000,0x00000000e9780000)
 ParOldGen       total 124416K, used 124002K [0x0000000080000000, 0x0000000087980000, 0x00000000d5580000)
  object space 124416K, 99% used [0x0000000080000000,0x0000000087918810,0x0000000087980000)
 Metaspace       used 83274K, capacity 87896K, committed 88088K, reserved 1124352K
  class space    used 11334K, capacity 12209K, committed 12336K, reserved 1048576K
Event: 15.967 GC heap after
Heap after GC invocations=20 (full 4):
 PSYoungGen      total 302592K, used 3557K [0x00000000d5580000, 0x00000000ef400000, 0x0000000100000000)
  eden space 271872K, 0% used [0x00000000d5580000,0x00000000d5580000,0x00000000e5f00000)
  from space 30720K, 11% used [0x00000000e9780000,0x00000000e9af9438,0x00000000eb580000)
  to   space 57856K, 0% used [0x00000000e5f00000,0x00000000e5f00000,0x00000000e9780000)
 ParOldGen       total 267264K, used 124186K [0x0000000080000000, 0x0000000090500000, 0x00000000d5580000)
  object space 267264K, 46% used [0x0000000080000000,0x0000000087946930,0x0000000090500000)
 Metaspace       used 82876K, capacity 86732K, committed 88088K, reserved 1124352K
  class space    used 11207K, capacity 11985K, committed 12336K, reserved 1048576K
}
Event: 35.826 GC heap before
{Heap before GC invocations=21 (full 4):
 PSYoungGen      total 302592K, used 275429K [0x00000000d5580000, 0x00000000ef400000, 0x0000000100000000)
  eden space 271872K, 100% used [0x00000000d5580000,0x00000000e5f00000,0x00000000e5f00000)
  from space 30720K, 11% used [0x00000000e9780000,0x00000000e9af9438,0x00000000eb580000)
  to   space 57856K, 0% used [0x00000000e5f00000,0x00000000e5f00000,0x00000000e9780000)
 ParOldGen       total 267264K, used 124186K [0x0000000080000000, 0x0000000090500000, 0x00000000d5580000)
  object space 267264K, 46% used [0x0000000080000000,0x0000000087946930,0x0000000090500000)
 Metaspace       used 92034K, capacity 96322K, committed 96792K, reserved 1132544K
  class space    used 12413K, capacity 13251K, committed 13360K, reserved 1048576K
Event: 35.885 GC heap after
Heap after GC invocations=21 (full 4):
 PSYoungGen      total 329728K, used 20286K [0x00000000d5580000, 0x00000000ee880000, 0x0000000100000000)
  eden space 271872K, 0% used [0x00000000d5580000,0x00000000d5580000,0x00000000e5f00000)
  from space 57856K, 35% used [0x00000000e5f00000,0x00000000e72cf820,0x00000000e9780000)
  to   space 54272K, 0% used [0x00000000eb380000,0x00000000eb380000,0x00000000ee880000)
 ParOldGen       total 267264K, used 127727K [0x0000000080000000, 0x0000000090500000, 0x00000000d5580000)
  object space 267264K, 47% used [0x0000000080000000,0x0000000087cbbf60,0x0000000090500000)
 Metaspace       used 92034K, capacity 96322K, committed 96792K, reserved 1132544K
  class space    used 12413K, capacity 13251K, committed 13360K, reserved 1048576K
}
Event: 37.663 GC heap before
{Heap before GC invocations=22 (full 4):
 PSYoungGen      total 329728K, used 292158K [0x00000000d5580000, 0x00000000ee880000, 0x0000000100000000)
  eden space 271872K, 100% used [0x00000000d5580000,0x00000000e5f00000,0x00000000e5f00000)
  from space 57856K, 35% used [0x00000000e5f00000,0x00000000e72cf820,0x00000000e9780000)
  to   space 54272K, 0% used [0x00000000eb380000,0x00000000eb380000,0x00000000ee880000)
 ParOldGen       total 267264K, used 127727K [0x0000000080000000, 0x0000000090500000, 0x00000000d5580000)
  object space 267264K, 47% used [0x0000000080000000,0x0000000087cbbf60,0x0000000090500000)
 Metaspace       used 95998K, capacity 100846K, committed 100888K, reserved 1136640K
  class space    used 12923K, capacity 13849K, committed 13872K, reserved 1048576K
Event: 37.752 GC heap after
Heap after GC invocations=22 (full 4):
 PSYoungGen      total 358912K, used 28665K [0x00000000d5580000, 0x00000000eef00000, 0x0000000100000000)
  eden space 304640K, 0% used [0x00000000d5580000,0x00000000d5580000,0x00000000e7f00000)
  from space 54272K, 52% used [0x00000000eb380000,0x00000000ecf7e568,0x00000000ee880000)
  to   space 53760K, 0% used [0x00000000e7f00000,0x00000000e7f00000,0x00000000eb380000)
 ParOldGen       total 267264K, used 127735K [0x0000000080000000, 0x0000000090500000, 0x00000000d5580000)
  object space 267264K, 47% used [0x0000000080000000,0x0000000087cbdf60,0x0000000090500000)
 Metaspace       used 95998K, capacity 100846K, committed 100888K, reserved 1136640K
  class space    used 12923K, capacity 13849K, committed 13872K, reserved 1048576K
}
Event: 38.719 GC heap before
{Heap before GC invocations=23 (full 4):
 PSYoungGen      total 358912K, used 333305K [0x00000000d5580000, 0x00000000eef00000, 0x0000000100000000)
  eden space 304640K, 100% used [0x00000000d5580000,0x00000000e7f00000,0x00000000e7f00000)
  from space 54272K, 52% used [0x00000000eb380000,0x00000000ecf7e568,0x00000000ee880000)
  to   space 53760K, 0% used [0x00000000e7f00000,0x00000000e7f00000,0x00000000eb380000)
 ParOldGen       total 267264K, used 127735K [0x0000000080000000, 0x0000000090500000, 0x00000000d5580000)
  object space 267264K, 47% used [0x0000000080000000,0x0000000087cbdf60,0x0000000090500000)
 Metaspace       used 96264K, capacity 101182K, committed 101400K, reserved 1136640K
  class space    used 12931K, capacity 13851K, committed 13872K, reserved 1048576K
Event: 38.745 GC heap after
Heap after GC invocations=23 (full 4):
 PSYoungGen      total 358400K, used 26779K [0x00000000d5580000, 0x00000000eef00000, 0x0000000100000000)
  eden space 304640K, 0% used [0x00000000d5580000,0x00000000d5580000,0x00000000e7f00000)
  from space 53760K, 49% used [0x00000000e7f00000,0x00000000e9926d88,0x00000000eb380000)
  to   space 54272K, 0% used [0x00000000eb380000,0x00000000eb380000,0x00000000ee880000)
 ParOldGen       total 267264K, used 127743K [0x0000000080000000, 0x0000000090500000, 0x00000000d5580000)
  object space 267264K, 47% used [0x0000000080000000,0x0000000087cbff60,0x0000000090500000)
 Metaspace       used 96264K, capacity 101182K, committed 101400K, reserved 1136640K
  class space    used 12931K, capacity 13851K, committed 13872K, reserved 1048576K
}

