# JRE version: OpenJDK Runtime Environment (8.0_242-b01) (build 1.8.0_242-release-1644-b01)
# Java VM: OpenJDK 64-Bit Server VM (25.242-b01 mixed mode windows-amd64 compressed oops)
Heap:
 PSYoungGen      total 230400K, used 90102K [0x00000000d5580000, 0x00000000e5080000, 0x0000000100000000)
  eden space 211968K, 33% used [0x00000000d5580000,0x00000000d9b83b58,0x00000000e2480000)
  from space 18432K, 99% used [0x00000000e2480000,0x00000000e3679ea8,0x00000000e3680000)
  to   space 18944K, 0% used [0x00000000e3680000,0x00000000e3680000,0x00000000e4900000)
 ParOldGen       total 76800K, used 34568K [0x0000000080000000, 0x0000000084b00000, 0x00000000d5580000)
  object space 76800K, 45% used [0x0000000080000000,0x00000000821c23e8,0x0000000084b00000)
 Metaspace       used 68106K, capacity 71540K, committed 71704K, reserved 1112064K
  class space    used 9371K, capacity 10013K, committed 10032K, reserved 1048576K
GC Heap History (10 events):
Event: 3.886 GC heap before
{Heap before GC invocations=12 (full 2):
 PSYoungGen      total 138240K, used 126976K [0x00000000d5580000, 0x00000000e1a80000, 0x0000000100000000)
  eden space 126976K, 100% used [0x00000000d5580000,0x00000000dd180000,0x00000000dd180000)
  from space 11264K, 0% used [0x00000000dd180000,0x00000000dd180000,0x00000000ddc80000)
  to   space 12800K, 0% used [0x00000000e0e00000,0x00000000e0e00000,0x00000000e1a80000)
 ParOldGen       total 76800K, used 17822K [0x0000000080000000, 0x0000000084b00000, 0x00000000d5580000)
  object space 76800K, 23% used [0x0000000080000000,0x0000000081167a30,0x0000000084b00000)
 Metaspace       used 37472K, capacity 39218K, committed 39336K, reserved 1083392K
  class space    used 5171K, capacity 5516K, committed 5552K, reserved 1048576K
Event: 3.892 GC heap after
Heap after GC invocations=12 (full 2):
 PSYoungGen      total 173568K, used 8262K [0x00000000d5580000, 0x00000000e1680000, 0x0000000100000000)
  eden space 164864K, 0% used [0x00000000d5580000,0x00000000d5580000,0x00000000df680000)
  from space 8704K, 94% used [0x00000000e0e00000,0x00000000e16119d8,0x00000000e1680000)
  to   space 12800K, 0% used [0x00000000dfd80000,0x00000000dfd80000,0x00000000e0a00000)
 ParOldGen       total 76800K, used 17830K [0x0000000080000000, 0x0000000084b00000, 0x00000000d5580000)
  object space 76800K, 23% used [0x0000000080000000,0x0000000081169a30,0x0000000084b00000)
 Metaspace       used 37472K, capacity 39218K, committed 39336K, reserved 1083392K
  class space    used 5171K, capacity 5516K, committed 5552K, reserved 1048576K
}
Event: 4.993 GC heap before
{Heap before GC invocations=13 (full 2):
 PSYoungGen      total 173568K, used 173126K [0x00000000d5580000, 0x00000000e1680000, 0x0000000100000000)
  eden space 164864K, 100% used [0x00000000d5580000,0x00000000df680000,0x00000000df680000)
  from space 8704K, 94% used [0x00000000e0e00000,0x00000000e16119d8,0x00000000e1680000)
  to   space 12800K, 0% used [0x00000000dfd80000,0x00000000dfd80000,0x00000000e0a00000)
 ParOldGen       total 76800K, used 17830K [0x0000000080000000, 0x0000000084b00000, 0x00000000d5580000)
  object space 76800K, 23% used [0x0000000080000000,0x0000000081169a30,0x0000000084b00000)
 Metaspace       used 52309K, capacity 54482K, committed 54568K, reserved 1095680K
  class space    used 6980K, capacity 7457K, committed 7472K, reserved 1048576K
Event: 5.014 GC heap after
Heap after GC invocations=13 (full 2):
 PSYoungGen      total 184832K, used 12788K [0x00000000d5580000, 0x00000000e4900000, 0x0000000100000000)
  eden space 172032K, 0% used [0x00000000d5580000,0x00000000d5580000,0x00000000dfd80000)
  from space 12800K, 99% used [0x00000000dfd80000,0x00000000e09fd300,0x00000000e0a00000)
  to   space 18944K, 0% used [0x00000000e3680000,0x00000000e3680000,0x00000000e4900000)
 ParOldGen       total 76800K, used 30484K [0x0000000080000000, 0x0000000084b00000, 0x00000000d5580000)
  object space 76800K, 39% used [0x0000000080000000,0x0000000081dc5200,0x0000000084b00000)
 Metaspace       used 52309K, capacity 54482K, committed 54568K, reserved 1095680K
  class space    used 6980K, capacity 7457K, committed 7472K, reserved 1048576K
}
Event: 5.586 GC heap before
{Heap before GC invocations=14 (full 2):
 PSYoungGen      total 184832K, used 60146K [0x00000000d5580000, 0x00000000e4900000, 0x0000000100000000)
  eden space 172032K, 27% used [0x00000000d5580000,0x00000000d83bf530,0x00000000dfd80000)
  from space 12800K, 99% used [0x00000000dfd80000,0x00000000e09fd300,0x00000000e0a00000)
  to   space 18944K, 0% used [0x00000000e3680000,0x00000000e3680000,0x00000000e4900000)
 ParOldGen       total 76800K, used 30484K [0x0000000080000000, 0x0000000084b00000, 0x00000000d5580000)
  object space 76800K, 39% used [0x0000000080000000,0x0000000081dc5200,0x0000000084b00000)
 Metaspace       used 56741K, capacity 59090K, committed 59160K, reserved 1099776K
  class space    used 7702K, capacity 8190K, committed 8240K, reserved 1048576K
Event: 5.602 GC heap after
Heap after GC invocations=14 (full 2):
 PSYoungGen      total 230912K, used 6101K [0x00000000d5580000, 0x00000000e5080000, 0x0000000100000000)
  eden space 211968K, 0% used [0x00000000d5580000,0x00000000d5580000,0x00000000e2480000)
  from space 18944K, 32% used [0x00000000e3680000,0x00000000e3c75560,0x00000000e4900000)
  to   space 18432K, 0% used [0x00000000e2480000,0x00000000e2480000,0x00000000e3680000)
 ParOldGen       total 76800K, used 43201K [0x0000000080000000, 0x0000000084b00000, 0x00000000d5580000)
  object space 76800K, 56% used [0x0000000080000000,0x0000000082a30480,0x0000000084b00000)
 Metaspace       used 56741K, capacity 59090K, committed 59160K, reserved 1099776K
  class space    used 7702K, capacity 8190K, committed 8240K, reserved 1048576K
}
Event: 5.602 GC heap before
{Heap before GC invocations=15 (full 3):
 PSYoungGen      total 230912K, used 6101K [0x00000000d5580000, 0x00000000e5080000, 0x0000000100000000)
  eden space 211968K, 0% used [0x00000000d5580000,0x00000000d5580000,0x00000000e2480000)
  from space 18944K, 32% used [0x00000000e3680000,0x00000000e3c75560,0x00000000e4900000)
  to   space 18432K, 0% used [0x00000000e2480000,0x00000000e2480000,0x00000000e3680000)
 ParOldGen       total 76800K, used 43201K [0x0000000080000000, 0x0000000084b00000, 0x00000000d5580000)
  object space 76800K, 56% used [0x0000000080000000,0x0000000082a30480,0x0000000084b00000)
 Metaspace       used 56741K, capacity 59090K, committed 59160K, reserved 1099776K
  class space    used 7702K, capacity 8190K, committed 8240K, reserved 1048576K
Event: 5.758 GC heap after
Heap after GC invocations=15 (full 3):
 PSYoungGen      total 230912K, used 0K [0x00000000d5580000, 0x00000000e5080000, 0x0000000100000000)
  eden space 211968K, 0% used [0x00000000d5580000,0x00000000d5580000,0x00000000e2480000)
  from space 18944K, 0% used [0x00000000e3680000,0x00000000e3680000,0x00000000e4900000)
  to   space 18432K, 0% used [0x00000000e2480000,0x00000000e2480000,0x00000000e3680000)
 ParOldGen       total 76800K, used 33755K [0x0000000080000000, 0x0000000084b00000, 0x00000000d5580000)
  object space 76800K, 43% used [0x0000000080000000,0x00000000820f6ef0,0x0000000084b00000)
 Metaspace       used 56700K, capacity 58952K, committed 59160K, reserved 1099776K
  class space    used 7690K, capacity 8167K, committed 8240K, reserved 1048576K
}
Event: 7.434 GC heap before
{Heap before GC invocations=16 (full 3):
 PSYoungGen      total 230912K, used 211968K [0x00000000d5580000, 0x00000000e5080000, 0x0000000100000000)
  eden space 211968K, 100% used [0x00000000d5580000,0x00000000e2480000,0x00000000e2480000)
  from space 18944K, 0% used [0x00000000e3680000,0x00000000e3680000,0x00000000e4900000)
  to   space 18432K, 0% used [0x00000000e2480000,0x00000000e2480000,0x00000000e3680000)
 ParOldGen       total 76800K, used 33755K [0x0000000080000000, 0x0000000084b00000, 0x00000000d5580000)
  object space 76800K, 43% used [0x0000000080000000,0x00000000820f6ef0,0x0000000084b00000)
 Metaspace       used 65856K, capacity 69310K, committed 69400K, reserved 1110016K
  class space    used 9075K, capacity 9750K, committed 9776K, reserved 1048576K
Event: 7.452 GC heap after
Heap after GC invocations=16 (full 3):
 PSYoungGen      total 230400K, used 18407K [0x00000000d5580000, 0x00000000e5080000, 0x0000000100000000)
  eden space 211968K, 0% used [0x00000000d5580000,0x00000000d5580000,0x00000000e2480000)
  from space 18432K, 99% used [0x00000000e2480000,0x00000000e3679ea8,0x00000000e3680000)
  to   space 18944K, 0% used [0x00000000e3680000,0x00000000e3680000,0x00000000e4900000)
 ParOldGen       total 76800K, used 34568K [0x0000000080000000, 0x0000000084b00000, 0x00000000d5580000)
  object space 76800K, 45% used [0x0000000080000000,0x00000000821c23e8,0x0000000084b00000)
 Metaspace       used 65856K, capacity 69310K, committed 69400K, reserved 1110016K
  class space    used 9075K, capacity 9750K, committed 9776K, reserved 1048576K
}

