# JRE version: OpenJDK Runtime Environment (8.0_242-b01) (build 1.8.0_242-release-1644-b01)
# Java VM: OpenJDK 64-Bit Server VM (25.242-b01 mixed mode windows-amd64 compressed oops)
Heap:
 PSYoungGen      total 317952K, used 101667K [0x00000000d5580000, 0x00000000ead80000, 0x0000000100000000)
  eden space 301056K, 28% used [0x00000000d5580000,0x00000000da948cf8,0x00000000e7b80000)
  from space 16896K, 93% used [0x00000000e9d00000,0x00000000eac80010,0x00000000ead80000)
  to   space 25600K, 0% used [0x00000000e7b80000,0x00000000e7b80000,0x00000000e9480000)
 ParOldGen       total 112640K, used 46151K [0x0000000080000000, 0x0000000086e00000, 0x00000000d5580000)
  object space 112640K, 40% used [0x0000000080000000,0x0000000082d11fc0,0x0000000086e00000)
 Metaspace       used 80054K, capacity 84283K, committed 84568K, reserved 1122304K
  class space    used 10510K, capacity 11308K, committed 11392K, reserved 1048576K
GC Heap History (10 events):
Event: 5.398 GC heap before
{Heap before GC invocations=15 (full 3):
 PSYoungGen      total 241152K, used 5346K [0x00000000d5580000, 0x00000000e5600000, 0x0000000100000000)
  eden space 222208K, 0% used [0x00000000d5580000,0x00000000d5580000,0x00000000e2e80000)
  from space 18944K, 28% used [0x00000000e4080000,0x00000000e45b8910,0x00000000e5300000)
  to   space 18432K, 0% used [0x00000000e2e80000,0x00000000e2e80000,0x00000000e4080000)
 ParOldGen       total 73728K, used 40977K [0x0000000080000000, 0x0000000084800000, 0x00000000d5580000)
  object space 73728K, 55% used [0x0000000080000000,0x0000000082804728,0x0000000084800000)
 Metaspace       used 56634K, capacity 58971K, committed 59028K, reserved 1099776K
  class space    used 7676K, capacity 8192K, committed 8192K, reserved 1048576K
Event: 5.542 GC heap after
Heap after GC invocations=15 (full 3):
 PSYoungGen      total 241152K, used 0K [0x00000000d5580000, 0x00000000e5600000, 0x0000000100000000)
  eden space 222208K, 0% used [0x00000000d5580000,0x00000000d5580000,0x00000000e2e80000)
  from space 18944K, 0% used [0x00000000e4080000,0x00000000e4080000,0x00000000e5300000)
  to   space 18432K, 0% used [0x00000000e2e80000,0x00000000e2e80000,0x00000000e4080000)
 ParOldGen       total 112640K, used 32842K [0x0000000080000000, 0x0000000086e00000, 0x00000000d5580000)
  object space 112640K, 29% used [0x0000000080000000,0x00000000820128b8,0x0000000086e00000)
 Metaspace       used 56588K, capacity 58815K, committed 59028K, reserved 1099776K
  class space    used 7661K, capacity 8166K, committed 8192K, reserved 1048576K
}
Event: 7.221 GC heap before
{Heap before GC invocations=16 (full 3):
 PSYoungGen      total 241152K, used 222208K [0x00000000d5580000, 0x00000000e5600000, 0x0000000100000000)
  eden space 222208K, 100% used [0x00000000d5580000,0x00000000e2e80000,0x00000000e2e80000)
  from space 18944K, 0% used [0x00000000e4080000,0x00000000e4080000,0x00000000e5300000)
  to   space 18432K, 0% used [0x00000000e2e80000,0x00000000e2e80000,0x00000000e4080000)
 ParOldGen       total 112640K, used 32842K [0x0000000080000000, 0x0000000086e00000, 0x00000000d5580000)
  object space 112640K, 29% used [0x0000000080000000,0x00000000820128b8,0x0000000086e00000)
 Metaspace       used 65860K, capacity 69241K, committed 69336K, reserved 1110016K
  class space    used 9063K, capacity 9712K, committed 9728K, reserved 1048576K
Event: 7.238 GC heap after
Heap after GC invocations=16 (full 3):
 PSYoungGen      total 240640K, used 18426K [0x00000000d5580000, 0x00000000e8c80000, 0x0000000100000000)
  eden space 222208K, 0% used [0x00000000d5580000,0x00000000d5580000,0x00000000e2e80000)
  from space 18432K, 99% used [0x00000000e2e80000,0x00000000e407eb78,0x00000000e4080000)
  to   space 22016K, 0% used [0x00000000e7700000,0x00000000e7700000,0x00000000e8c80000)
 ParOldGen       total 112640K, used 34186K [0x0000000080000000, 0x0000000086e00000, 0x00000000d5580000)
  object space 112640K, 30% used [0x0000000080000000,0x0000000082162830,0x0000000086e00000)
 Metaspace       used 65860K, capacity 69241K, committed 69336K, reserved 1110016K
  class space    used 9063K, capacity 9712K, committed 9728K, reserved 1048576K
}
Event: 20.039 GC heap before
{Heap before GC invocations=17 (full 3):
 PSYoungGen      total 240640K, used 240634K [0x00000000d5580000, 0x00000000e8c80000, 0x0000000100000000)
  eden space 222208K, 100% used [0x00000000d5580000,0x00000000e2e80000,0x00000000e2e80000)
  from space 18432K, 99% used [0x00000000e2e80000,0x00000000e407eb78,0x00000000e4080000)
  to   space 22016K, 0% used [0x00000000e7700000,0x00000000e7700000,0x00000000e8c80000)
 ParOldGen       total 112640K, used 34186K [0x0000000080000000, 0x0000000086e00000, 0x00000000d5580000)
  object space 112640K, 30% used [0x0000000080000000,0x0000000082162830,0x0000000086e00000)
 Metaspace       used 76252K, capacity 80049K, committed 80344K, reserved 1118208K
  class space    used 10258K, capacity 10947K, committed 11008K, reserved 1048576K
Event: 20.068 GC heap after
Heap after GC invocations=17 (full 3):
 PSYoungGen      total 283136K, used 16817K [0x00000000d5580000, 0x00000000e8780000, 0x0000000100000000)
  eden space 266240K, 0% used [0x00000000d5580000,0x00000000d5580000,0x00000000e5980000)
  from space 16896K, 99% used [0x00000000e7700000,0x00000000e876c6b8,0x00000000e8780000)
  to   space 23552K, 0% used [0x00000000e5980000,0x00000000e5980000,0x00000000e7080000)
 ParOldGen       total 112640K, used 46135K [0x0000000080000000, 0x0000000086e00000, 0x00000000d5580000)
  object space 112640K, 40% used [0x0000000080000000,0x0000000082d0dfc0,0x0000000086e00000)
 Metaspace       used 76252K, capacity 80049K, committed 80344K, reserved 1118208K
  class space    used 10258K, capacity 10947K, committed 11008K, reserved 1048576K
}
Event: 50.858 GC heap before
{Heap before GC invocations=18 (full 3):
 PSYoungGen      total 283136K, used 283054K [0x00000000d5580000, 0x00000000e8780000, 0x0000000100000000)
  eden space 266240K, 99% used [0x00000000d5580000,0x00000000e597f3b8,0x00000000e5980000)
  from space 16896K, 99% used [0x00000000e7700000,0x00000000e876c6b8,0x00000000e8780000)
  to   space 23552K, 0% used [0x00000000e5980000,0x00000000e5980000,0x00000000e7080000)
 ParOldGen       total 112640K, used 46135K [0x0000000080000000, 0x0000000086e00000, 0x00000000d5580000)
  object space 112640K, 40% used [0x0000000080000000,0x0000000082d0dfc0,0x0000000086e00000)
 Metaspace       used 79026K, capacity 83043K, committed 83160K, reserved 1122304K
  class space    used 10457K, capacity 11204K, committed 11264K, reserved 1048576K
Event: 50.875 GC heap after
Heap after GC invocations=18 (full 3):
 PSYoungGen      total 289792K, used 19425K [0x00000000d5580000, 0x00000000eb600000, 0x0000000100000000)
  eden space 266240K, 0% used [0x00000000d5580000,0x00000000d5580000,0x00000000e5980000)
  from space 23552K, 82% used [0x00000000e5980000,0x00000000e6c784e0,0x00000000e7080000)
  to   space 25600K, 0% used [0x00000000e9d00000,0x00000000e9d00000,0x00000000eb600000)
 ParOldGen       total 112640K, used 46143K [0x0000000080000000, 0x0000000086e00000, 0x00000000d5580000)
  object space 112640K, 40% used [0x0000000080000000,0x0000000082d0ffc0,0x0000000086e00000)
 Metaspace       used 79026K, capacity 83043K, committed 83160K, reserved 1122304K
  class space    used 10457K, capacity 11204K, committed 11264K, reserved 1048576K
}
Event: 192.146 GC heap before
{Heap before GC invocations=19 (full 3):
 PSYoungGen      total 289792K, used 285665K [0x00000000d5580000, 0x00000000eb600000, 0x0000000100000000)
  eden space 266240K, 100% used [0x00000000d5580000,0x00000000e5980000,0x00000000e5980000)
  from space 23552K, 82% used [0x00000000e5980000,0x00000000e6c784e0,0x00000000e7080000)
  to   space 25600K, 0% used [0x00000000e9d00000,0x00000000e9d00000,0x00000000eb600000)
 ParOldGen       total 112640K, used 46143K [0x0000000080000000, 0x0000000086e00000, 0x00000000d5580000)
  object space 112640K, 40% used [0x0000000080000000,0x0000000082d0ffc0,0x0000000086e00000)
 Metaspace       used 79944K, capacity 84165K, committed 84312K, reserved 1122304K
  class space    used 10502K, capacity 11299K, committed 11392K, reserved 1048576K
Event: 192.159 GC heap after
Heap after GC invocations=19 (full 3):
 PSYoungGen      total 317952K, used 15872K [0x00000000d5580000, 0x00000000ead80000, 0x0000000100000000)
  eden space 301056K, 0% used [0x00000000d5580000,0x00000000d5580000,0x00000000e7b80000)
  from space 16896K, 93% used [0x00000000e9d00000,0x00000000eac80010,0x00000000ead80000)
  to   space 25600K, 0% used [0x00000000e7b80000,0x00000000e7b80000,0x00000000e9480000)
 ParOldGen       total 112640K, used 46151K [0x0000000080000000, 0x0000000086e00000, 0x00000000d5580000)
  object space 112640K, 40% used [0x0000000080000000,0x0000000082d11fc0,0x0000000086e00000)
 Metaspace       used 79944K, capacity 84165K, committed 84312K, reserved 1122304K
  class space    used 10502K, capacity 11299K, committed 11392K, reserved 1048576K
}

