# JRE version: OpenJDK Runtime Environment (8.0_242-b01) (build 1.8.0_242-release-1644-b01)
# Java VM: OpenJDK 64-Bit Server VM (25.242-b01 mixed mode windows-amd64 compressed oops)
Heap:
 PSYoungGen      total 292864K, used 277641K [0x00000000d5580000, 0x00000000e9780000, 0x0000000100000000)
  eden space 277504K, 94% used [0x00000000d5580000,0x00000000e56164d0,0x00000000e6480000)
  from space 15360K, 96% used [0x00000000e7080000,0x00000000e7f0c020,0x00000000e7f80000)
  to   space 24576K, 0% used [0x00000000e7f80000,0x00000000e7f80000,0x00000000e9780000)
 ParOldGen       total 118272K, used 45559K [0x0000000080000000, 0x0000000087380000, 0x00000000d5580000)
  object space 118272K, 38% used [0x0000000080000000,0x0000000082c7df10,0x0000000087380000)
 Metaspace       used 83398K, capacity 88000K, committed 88152K, reserved 1126400K
  class space    used 10829K, capacity 11640K, committed 11648K, reserved 1048576K
GC Heap History (10 events):
Event: 8.146 GC heap before
{Heap before GC invocations=16 (full 3):
 PSYoungGen      total 230400K, used 211456K [0x00000000d5580000, 0x00000000e5080000, 0x0000000100000000)
  eden space 211456K, 100% used [0x00000000d5580000,0x00000000e2400000,0x00000000e2400000)
  from space 18944K, 0% used [0x00000000e3600000,0x00000000e3600000,0x00000000e4880000)
  to   space 18432K, 0% used [0x00000000e2400000,0x00000000e2400000,0x00000000e3600000)
 ParOldGen       total 118272K, used 33373K [0x0000000080000000, 0x0000000087380000, 0x00000000d5580000)
  object space 118272K, 28% used [0x0000000080000000,0x00000000820975f0,0x0000000087380000)
 Metaspace       used 65837K, capacity 69154K, committed 69336K, reserved 1110016K
  class space    used 9047K, capacity 9686K, committed 9728K, reserved 1048576K
Event: 8.162 GC heap after
Heap after GC invocations=16 (full 3):
 PSYoungGen      total 229888K, used 18411K [0x00000000d5580000, 0x00000000e7c00000, 0x0000000100000000)
  eden space 211456K, 0% used [0x00000000d5580000,0x00000000d5580000,0x00000000e2400000)
  from space 18432K, 99% used [0x00000000e2400000,0x00000000e35fafe0,0x00000000e3600000)
  to   space 21504K, 0% used [0x00000000e6700000,0x00000000e6700000,0x00000000e7c00000)
 ParOldGen       total 118272K, used 34110K [0x0000000080000000, 0x0000000087380000, 0x00000000d5580000)
  object space 118272K, 28% used [0x0000000080000000,0x000000008214fb60,0x0000000087380000)
 Metaspace       used 65837K, capacity 69154K, committed 69336K, reserved 1110016K
  class space    used 9047K, capacity 9686K, committed 9728K, reserved 1048576K
}
Event: 9.818 GC heap before
{Heap before GC invocations=17 (full 3):
 PSYoungGen      total 229888K, used 229754K [0x00000000d5580000, 0x00000000e7c00000, 0x0000000100000000)
  eden space 211456K, 99% used [0x00000000d5580000,0x00000000e23e3a48,0x00000000e2400000)
  from space 18432K, 99% used [0x00000000e2400000,0x00000000e35fafe0,0x00000000e3600000)
  to   space 21504K, 0% used [0x00000000e6700000,0x00000000e6700000,0x00000000e7c00000)
 ParOldGen       total 118272K, used 34110K [0x0000000080000000, 0x0000000087380000, 0x00000000d5580000)
  object space 118272K, 28% used [0x0000000080000000,0x000000008214fb60,0x0000000087380000)
 Metaspace       used 71696K, capacity 75174K, committed 75480K, reserved 1114112K
  class space    used 9771K, capacity 10440K, committed 10496K, reserved 1048576K
Event: 9.836 GC heap after
Heap after GC invocations=17 (full 3):
 PSYoungGen      total 274944K, used 16232K [0x00000000d5580000, 0x00000000e7b00000, 0x0000000100000000)
  eden space 254464K, 0% used [0x00000000d5580000,0x00000000d5580000,0x00000000e4e00000)
  from space 20480K, 79% used [0x00000000e6700000,0x00000000e76da270,0x00000000e7b00000)
  to   space 23040K, 0% used [0x00000000e4e00000,0x00000000e4e00000,0x00000000e6480000)
 ParOldGen       total 118272K, used 45535K [0x0000000080000000, 0x0000000087380000, 0x00000000d5580000)
  object space 118272K, 38% used [0x0000000080000000,0x0000000082c77f10,0x0000000087380000)
 Metaspace       used 71696K, capacity 75174K, committed 75480K, reserved 1114112K
  class space    used 9771K, capacity 10440K, committed 10496K, reserved 1048576K
}
Event: 1150.116 GC heap before
{Heap before GC invocations=18 (full 3):
 PSYoungGen      total 274944K, used 270696K [0x00000000d5580000, 0x00000000e7b00000, 0x0000000100000000)
  eden space 254464K, 100% used [0x00000000d5580000,0x00000000e4e00000,0x00000000e4e00000)
  from space 20480K, 79% used [0x00000000e6700000,0x00000000e76da270,0x00000000e7b00000)
  to   space 23040K, 0% used [0x00000000e4e00000,0x00000000e4e00000,0x00000000e6480000)
 ParOldGen       total 118272K, used 45535K [0x0000000080000000, 0x0000000087380000, 0x00000000d5580000)
  object space 118272K, 38% used [0x0000000080000000,0x0000000082c77f10,0x0000000087380000)
 Metaspace       used 75172K, capacity 78752K, committed 78936K, reserved 1118208K
  class space    used 9945K, capacity 10601K, committed 10624K, reserved 1048576K
Event: 1150.208 GC heap after
Heap after GC invocations=18 (full 3):
 PSYoungGen      total 277504K, used 14879K [0x00000000d5580000, 0x00000000ea480000, 0x0000000100000000)
  eden space 254464K, 0% used [0x00000000d5580000,0x00000000d5580000,0x00000000e4e00000)
  from space 23040K, 64% used [0x00000000e4e00000,0x00000000e5c87ff0,0x00000000e6480000)
  to   space 23040K, 0% used [0x00000000e8e00000,0x00000000e8e00000,0x00000000ea480000)
 ParOldGen       total 118272K, used 45543K [0x0000000080000000, 0x0000000087380000, 0x00000000d5580000)
  object space 118272K, 38% used [0x0000000080000000,0x0000000082c79f10,0x0000000087380000)
 Metaspace       used 75172K, capacity 78752K, committed 78936K, reserved 1118208K
  class space    used 9945K, capacity 10601K, committed 10624K, reserved 1048576K
}
Event: 1526.319 GC heap before
{Heap before GC invocations=19 (full 3):
 PSYoungGen      total 277504K, used 269343K [0x00000000d5580000, 0x00000000ea480000, 0x0000000100000000)
  eden space 254464K, 100% used [0x00000000d5580000,0x00000000e4e00000,0x00000000e4e00000)
  from space 23040K, 64% used [0x00000000e4e00000,0x00000000e5c87ff0,0x00000000e6480000)
  to   space 23040K, 0% used [0x00000000e8e00000,0x00000000e8e00000,0x00000000ea480000)
 ParOldGen       total 118272K, used 45543K [0x0000000080000000, 0x0000000087380000, 0x00000000d5580000)
  object space 118272K, 38% used [0x0000000080000000,0x0000000082c79f10,0x0000000087380000)
 Metaspace       used 76960K, capacity 80834K, committed 80984K, reserved 1120256K
  class space    used 10147K, capacity 10847K, committed 10880K, reserved 1048576K
Event: 1526.372 GC heap after
Heap after GC invocations=19 (full 3):
 PSYoungGen      total 311808K, used 22939K [0x00000000d5580000, 0x00000000ea480000, 0x0000000100000000)
  eden space 288768K, 0% used [0x00000000d5580000,0x00000000d5580000,0x00000000e6f80000)
  from space 23040K, 99% used [0x00000000e8e00000,0x00000000ea466c50,0x00000000ea480000)
  to   space 26624K, 0% used [0x00000000e7080000,0x00000000e7080000,0x00000000e8a80000)
 ParOldGen       total 118272K, used 45551K [0x0000000080000000, 0x0000000087380000, 0x00000000d5580000)
  object space 118272K, 38% used [0x0000000080000000,0x0000000082c7bf10,0x0000000087380000)
 Metaspace       used 76960K, capacity 80834K, committed 80984K, reserved 1120256K
  class space    used 10147K, capacity 10847K, committed 10880K, reserved 1048576K
}
Event: 1598.791 GC heap before
{Heap before GC invocations=20 (full 3):
 PSYoungGen      total 311808K, used 311707K [0x00000000d5580000, 0x00000000ea480000, 0x0000000100000000)
  eden space 288768K, 100% used [0x00000000d5580000,0x00000000e6f80000,0x00000000e6f80000)
  from space 23040K, 99% used [0x00000000e8e00000,0x00000000ea466c50,0x00000000ea480000)
  to   space 26624K, 0% used [0x00000000e7080000,0x00000000e7080000,0x00000000e8a80000)
 ParOldGen       total 118272K, used 45551K [0x0000000080000000, 0x0000000087380000, 0x00000000d5580000)
  object space 118272K, 38% used [0x0000000080000000,0x0000000082c7bf10,0x0000000087380000)
 Metaspace       used 78289K, capacity 82532K, committed 82776K, reserved 1120256K
  class space    used 10280K, capacity 11050K, committed 11136K, reserved 1048576K
Event: 1598.866 GC heap after
Heap after GC invocations=20 (full 3):
 PSYoungGen      total 292864K, used 14896K [0x00000000d5580000, 0x00000000e9780000, 0x0000000100000000)
  eden space 277504K, 0% used [0x00000000d5580000,0x00000000d5580000,0x00000000e6480000)
  from space 15360K, 96% used [0x00000000e7080000,0x00000000e7f0c020,0x00000000e7f80000)
  to   space 24576K, 0% used [0x00000000e7f80000,0x00000000e7f80000,0x00000000e9780000)
 ParOldGen       total 118272K, used 45559K [0x0000000080000000, 0x0000000087380000, 0x00000000d5580000)
  object space 118272K, 38% used [0x0000000080000000,0x0000000082c7df10,0x0000000087380000)
 Metaspace       used 78289K, capacity 82532K, committed 82776K, reserved 1120256K
  class space    used 10280K, capacity 11050K, committed 11136K, reserved 1048576K
}

