# JRE version: OpenJDK Runtime Environment (11.0.8+10) (build 11.0.8+10-b944.6842174)
# Java VM: OpenJDK 64-Bit Server VM (11.0.8+10-b944.6842174, mixed mode, tiered, compressed oops, g1 gc, windows-amd64)
Heap:
 garbage-first heap   total 556032K, used 173420K [0x0000000080000000, 0x0000000100000000)
  region size 1024K, 2 young (2048K), 2 survivors (2048K)
 Metaspace       used 103643K, capacity 106340K, committed 106572K, reserved 1142784K
  class space    used 13119K, capacity 14093K, committed 14208K, reserved 1048576K
GC Heap History (20 events):
Event: 45.484 GC heap after
{Heap after GC invocations=32 (full 0):
 garbage-first heap   total 187392K, used 126477K [0x0000000080000000, 0x0000000100000000)
  region size 1024K, 6 young (6144K), 6 survivors (6144K)
 Metaspace       used 98665K, capacity 101103K, committed 101324K, reserved 1136640K
  class space    used 12354K, capacity 13205K, committed 13312K, reserved 1048576K
}
Event: 45.495 GC heap before
{Heap before GC invocations=32 (full 0):
 garbage-first heap   total 187392K, used 129549K [0x0000000080000000, 0x0000000100000000)
  region size 1024K, 9 young (9216K), 6 survivors (6144K)
 Metaspace       used 98665K, capacity 101103K, committed 101324K, reserved 1136640K
  class space    used 12354K, capacity 13205K, committed 13312K, reserved 1048576K
}
Event: 45.506 GC heap after
{Heap after GC invocations=33 (full 0):
 garbage-first heap   total 187392K, used 121802K [0x0000000080000000, 0x0000000100000000)
  region size 1024K, 2 young (2048K), 2 survivors (2048K)
 Metaspace       used 98665K, capacity 101103K, committed 101324K, reserved 1136640K
  class space    used 12354K, capacity 13205K, committed 13312K, reserved 1048576K
}
Event: 45.511 GC heap before
{Heap before GC invocations=33 (full 0):
 garbage-first heap   total 187392K, used 122826K [0x0000000080000000, 0x0000000100000000)
  region size 1024K, 4 young (4096K), 2 survivors (2048K)
 Metaspace       used 98666K, capacity 101103K, committed 101324K, reserved 1136640K
  class space    used 12354K, capacity 13205K, committed 13312K, reserved 1048576K
}
Event: 45.516 GC heap after
{Heap after GC invocations=34 (full 0):
 garbage-first heap   total 187392K, used 121944K [0x0000000080000000, 0x0000000100000000)
  region size 1024K, 2 young (2048K), 2 survivors (2048K)
 Metaspace       used 98666K, capacity 101103K, committed 101324K, reserved 1136640K
  class space    used 12354K, capacity 13205K, committed 13312K, reserved 1048576K
}
Event: 45.731 GC heap before
{Heap before GC invocations=35 (full 0):
 garbage-first heap   total 187392K, used 152664K [0x0000000080000000, 0x0000000100000000)
  region size 1024K, 31 young (31744K), 2 survivors (2048K)
 Metaspace       used 100469K, capacity 102973K, committed 103244K, reserved 1138688K
  class space    used 12708K, capacity 13574K, committed 13696K, reserved 1048576K
}
Event: 45.746 GC heap after
{Heap after GC invocations=36 (full 0):
 garbage-first heap   total 187392K, used 134802K [0x0000000080000000, 0x0000000100000000)
  region size 1024K, 4 young (4096K), 4 survivors (4096K)
 Metaspace       used 100469K, capacity 102973K, committed 103244K, reserved 1138688K
  class space    used 12708K, capacity 13574K, committed 13696K, reserved 1048576K
}
Event: 45.761 GC heap before
{Heap before GC invocations=36 (full 0):
 garbage-first heap   total 187392K, used 139922K [0x0000000080000000, 0x0000000100000000)
  region size 1024K, 9 young (9216K), 4 survivors (4096K)
 Metaspace       used 100504K, capacity 102975K, committed 103244K, reserved 1138688K
  class space    used 12708K, capacity 13574K, committed 13696K, reserved 1048576K
}
Event: 45.771 GC heap after
{Heap after GC invocations=37 (full 0):
 garbage-first heap   total 187392K, used 137124K [0x0000000080000000, 0x0000000100000000)
  region size 1024K, 2 young (2048K), 2 survivors (2048K)
 Metaspace       used 100504K, capacity 102975K, committed 103244K, reserved 1138688K
  class space    used 12708K, capacity 13574K, committed 13696K, reserved 1048576K
}
Event: 45.806 GC heap before
{Heap before GC invocations=37 (full 0):
 garbage-first heap   total 187392K, used 152484K [0x0000000080000000, 0x0000000100000000)
  region size 1024K, 17 young (17408K), 2 survivors (2048K)
 Metaspace       used 100553K, capacity 103048K, committed 103244K, reserved 1138688K
  class space    used 12708K, capacity 13574K, committed 13696K, reserved 1048576K
}
Event: 45.819 GC heap after
{Heap after GC invocations=38 (full 0):
 garbage-first heap   total 187392K, used 145992K [0x0000000080000000, 0x0000000100000000)
  region size 1024K, 3 young (3072K), 3 survivors (3072K)
 Metaspace       used 100553K, capacity 103048K, committed 103244K, reserved 1138688K
  class space    used 12708K, capacity 13574K, committed 13696K, reserved 1048576K
}
Event: 45.851 GC heap before
{Heap before GC invocations=38 (full 0):
 garbage-first heap   total 187392K, used 155208K [0x0000000080000000, 0x0000000100000000)
  region size 1024K, 12 young (12288K), 3 survivors (3072K)
 Metaspace       used 100569K, capacity 103051K, committed 103244K, reserved 1138688K
  class space    used 12708K, capacity 13574K, committed 13696K, reserved 1048576K
}
Event: 45.861 GC heap after
{Heap after GC invocations=39 (full 0):
 garbage-first heap   total 262144K, used 151552K [0x0000000080000000, 0x0000000100000000)
  region size 1024K, 2 young (2048K), 2 survivors (2048K)
 Metaspace       used 100569K, capacity 103051K, committed 103244K, reserved 1138688K
  class space    used 12708K, capacity 13574K, committed 13696K, reserved 1048576K
}
Event: 46.171 GC heap before
{Heap before GC invocations=40 (full 0):
 garbage-first heap   total 262144K, used 188416K [0x0000000080000000, 0x0000000100000000)
  region size 1024K, 39 young (39936K), 2 survivors (2048K)
 Metaspace       used 102418K, capacity 105086K, committed 105420K, reserved 1140736K
  class space    used 12999K, capacity 13985K, committed 14080K, reserved 1048576K
}
Event: 46.184 GC heap after
{Heap after GC invocations=41 (full 0):
 garbage-first heap   total 262144K, used 165019K [0x0000000080000000, 0x0000000100000000)
  region size 1024K, 5 young (5120K), 5 survivors (5120K)
 Metaspace       used 102418K, capacity 105086K, committed 105420K, reserved 1140736K
  class space    used 12999K, capacity 13985K, committed 14080K, reserved 1048576K
}
Event: 46.628 GC heap before
{Heap before GC invocations=41 (full 0):
 garbage-first heap   total 262144K, used 197787K [0x0000000080000000, 0x0000000100000000)
  region size 1024K, 37 young (37888K), 5 survivors (5120K)
 Metaspace       used 102831K, capacity 105565K, committed 105676K, reserved 1140736K
  class space    used 13040K, capacity 14009K, committed 14080K, reserved 1048576K
}
Event: 46.679 GC heap after
{Heap after GC invocations=42 (full 0):
 garbage-first heap   total 262144K, used 171762K [0x0000000080000000, 0x0000000100000000)
  region size 1024K, 5 young (5120K), 5 survivors (5120K)
 Metaspace       used 102831K, capacity 105565K, committed 105676K, reserved 1140736K
  class space    used 13040K, capacity 14009K, committed 14080K, reserved 1048576K
}
Event: 47.490 GC heap before
{Heap before GC invocations=43 (full 0):
 garbage-first heap   total 262144K, used 209650K [0x0000000080000000, 0x0000000100000000)
  region size 1024K, 37 young (37888K), 5 survivors (5120K)
 Metaspace       used 103554K, capacity 106275K, committed 106572K, reserved 1142784K
  class space    used 13110K, capacity 14093K, committed 14208K, reserved 1048576K
}
Event: 47.509 GC heap after
{Heap after GC invocations=44 (full 0):
 garbage-first heap   total 262144K, used 182528K [0x0000000080000000, 0x0000000100000000)
  region size 1024K, 5 young (5120K), 5 survivors (5120K)
 Metaspace       used 103554K, capacity 106275K, committed 106572K, reserved 1142784K
  class space    used 13110K, capacity 14093K, committed 14208K, reserved 1048576K
}
Event: 47.565 GC heap before
{Heap before GC invocations=44 (full 0):
 garbage-first heap   total 262144K, used 189696K [0x0000000080000000, 0x0000000100000000)
  region size 1024K, 12 young (12288K), 5 survivors (5120K)
 Metaspace       used 103643K, capacity 106340K, committed 106572K, reserved 1142784K
  class space    used 13119K, capacity 14093K, committed 14208K, reserved 1048576K
}

