# JRE version: OpenJDK Runtime Environment (11.0.8+10) (build 11.0.8+10-b944.6842174)
# Java VM: OpenJDK 64-Bit Server VM (11.0.8+10-b944.6842174, mixed mode, tiered, compressed oops, g1 gc, windows-amd64)
Heap:
 garbage-first heap   total 209920K, used 80864K [0x0000000083600000, 0x0000000100000000)
  region size 1024K, 23 young (23552K), 8 survivors (8192K)
 Metaspace       used 55386K, capacity 55995K, committed 56240K, reserved 1099776K
  class space    used 6230K, capacity 6483K, committed 6576K, reserved 1048576K
GC Heap History (20 events):
Event: 1.131 GC heap before
{Heap before GC invocations=1 (full 0):
 garbage-first heap   total 129024K, used 39887K [0x0000000083600000, 0x0000000100000000)
  region size 1024K, 37 young (37888K), 3 survivors (3072K)
 Metaspace       used 20840K, capacity 21126K, committed 21296K, reserved 1069056K
  class space    used 2235K, capacity 2317K, committed 2352K, reserved 1048576K
}
Event: 1.139 GC heap after
{Heap after GC invocations=2 (full 0):
 garbage-first heap   total 129024K, used 9417K [0x0000000083600000, 0x0000000100000000)
  region size 1024K, 7 young (7168K), 7 survivors (7168K)
 Metaspace       used 20840K, capacity 21126K, committed 21296K, reserved 1069056K
  class space    used 2235K, capacity 2317K, committed 2352K, reserved 1048576K
}
Event: 2.160 GC heap before
{Heap before GC invocations=3 (full 0):
 garbage-first heap   total 129024K, used 62665K [0x0000000083600000, 0x0000000100000000)
  region size 1024K, 53 young (54272K), 7 survivors (7168K)
 Metaspace       used 30862K, capacity 31204K, committed 31536K, reserved 1077248K
  class space    used 3450K, capacity 3597K, committed 3632K, reserved 1048576K
}
Event: 2.174 GC heap after
{Heap after GC invocations=4 (full 0):
 garbage-first heap   total 129024K, used 17547K [0x0000000083600000, 0x0000000100000000)
  region size 1024K, 7 young (7168K), 7 survivors (7168K)
 Metaspace       used 30862K, capacity 31204K, committed 31536K, reserved 1077248K
  class space    used 3450K, capacity 3597K, committed 3632K, reserved 1048576K
}
Event: 2.249 GC heap before
{Heap before GC invocations=4 (full 0):
 garbage-first heap   total 129024K, used 22667K [0x0000000083600000, 0x0000000100000000)
  region size 1024K, 12 young (12288K), 7 survivors (7168K)
 Metaspace       used 31803K, capacity 32166K, committed 32432K, reserved 1077248K
  class space    used 3573K, capacity 3725K, committed 3760K, reserved 1048576K
}
Event: 2.258 GC heap after
{Heap after GC invocations=5 (full 0):
 garbage-first heap   total 129024K, used 18836K [0x0000000083600000, 0x0000000100000000)
  region size 1024K, 1 young (1024K), 1 survivors (1024K)
 Metaspace       used 31803K, capacity 32166K, committed 32432K, reserved 1077248K
  class space    used 3573K, capacity 3725K, committed 3760K, reserved 1048576K
}
Event: 2.465 GC heap before
{Heap before GC invocations=5 (full 0):
 garbage-first heap   total 129024K, used 33172K [0x0000000083600000, 0x0000000100000000)
  region size 1024K, 16 young (16384K), 1 survivors (1024K)
 Metaspace       used 35170K, capacity 35500K, committed 35632K, reserved 1081344K
  class space    used 4210K, capacity 4366K, committed 4400K, reserved 1048576K
}
Event: 2.468 GC heap after
{Heap after GC invocations=6 (full 0):
 garbage-first heap   total 155648K, used 19773K [0x0000000083600000, 0x0000000100000000)
  region size 1024K, 2 young (2048K), 2 survivors (2048K)
 Metaspace       used 35170K, capacity 35500K, committed 35632K, reserved 1081344K
  class space    used 4210K, capacity 4366K, committed 4400K, reserved 1048576K
}
Event: 3.686 GC heap before
{Heap before GC invocations=7 (full 0):
 garbage-first heap   total 155648K, used 74045K [0x0000000083600000, 0x0000000100000000)
  region size 1024K, 54 young (55296K), 2 survivors (2048K)
 Metaspace       used 42572K, capacity 43064K, committed 43184K, reserved 1087488K
  class space    used 5081K, capacity 5235K, committed 5296K, reserved 1048576K
}
Event: 3.701 GC heap after
{Heap after GC invocations=8 (full 0):
 garbage-first heap   total 155648K, used 28139K [0x0000000083600000, 0x0000000100000000)
  region size 1024K, 7 young (7168K), 7 survivors (7168K)
 Metaspace       used 42572K, capacity 43064K, committed 43184K, reserved 1087488K
  class space    used 5081K, capacity 5235K, committed 5296K, reserved 1048576K
}
Event: 4.755 GC heap before
{Heap before GC invocations=8 (full 0):
 garbage-first heap   total 155648K, used 83435K [0x0000000083600000, 0x0000000100000000)
  region size 1024K, 61 young (62464K), 7 survivors (7168K)
 Metaspace       used 46688K, capacity 47197K, committed 47536K, reserved 1091584K
  class space    used 5466K, capacity 5682K, committed 5808K, reserved 1048576K
}
Event: 4.775 GC heap after
{Heap after GC invocations=9 (full 0):
 garbage-first heap   total 155648K, used 36521K [0x0000000083600000, 0x0000000100000000)
  region size 1024K, 8 young (8192K), 8 survivors (8192K)
 Metaspace       used 46688K, capacity 47197K, committed 47536K, reserved 1091584K
  class space    used 5466K, capacity 5682K, committed 5808K, reserved 1048576K
}
Event: 6.506 GC heap before
{Heap before GC invocations=9 (full 0):
 garbage-first heap   total 155648K, used 93865K [0x0000000083600000, 0x0000000100000000)
  region size 1024K, 62 young (63488K), 8 survivors (8192K)
 Metaspace       used 50445K, capacity 50994K, committed 51248K, reserved 1095680K
  class space    used 5674K, capacity 5891K, committed 5936K, reserved 1048576K
}
Event: 6.541 GC heap after
{Heap after GC invocations=10 (full 0):
 garbage-first heap   total 155648K, used 48128K [0x0000000083600000, 0x0000000100000000)
  region size 1024K, 8 young (8192K), 8 survivors (8192K)
 Metaspace       used 50445K, capacity 50994K, committed 51248K, reserved 1095680K
  class space    used 5674K, capacity 5891K, committed 5936K, reserved 1048576K
}
Event: 7.284 GC heap before
{Heap before GC invocations=10 (full 0):
 garbage-first heap   total 155648K, used 101376K [0x0000000083600000, 0x0000000100000000)
  region size 1024K, 60 young (61440K), 8 survivors (8192K)
 Metaspace       used 50765K, capacity 51261K, committed 51504K, reserved 1095680K
  class space    used 5690K, capacity 5895K, committed 5936K, reserved 1048576K
}
Event: 7.315 GC heap after
{Heap after GC invocations=11 (full 0):
 garbage-first heap   total 155648K, used 57856K [0x0000000083600000, 0x0000000100000000)
  region size 1024K, 8 young (8192K), 8 survivors (8192K)
 Metaspace       used 50765K, capacity 51261K, committed 51504K, reserved 1095680K
  class space    used 5690K, capacity 5895K, committed 5936K, reserved 1048576K
}
Event: 7.614 GC heap before
{Heap before GC invocations=11 (full 0):
 garbage-first heap   total 155648K, used 105984K [0x0000000083600000, 0x0000000100000000)
  region size 1024K, 55 young (56320K), 8 survivors (8192K)
 Metaspace       used 50932K, capacity 51497K, committed 51632K, reserved 1095680K
  class space    used 5706K, capacity 5931K, committed 6064K, reserved 1048576K
}
Event: 7.642 GC heap after
{Heap after GC invocations=12 (full 0):
 garbage-first heap   total 209920K, used 62976K [0x0000000083600000, 0x0000000100000000)
  region size 1024K, 5 young (5120K), 5 survivors (5120K)
 Metaspace       used 50932K, capacity 51497K, committed 51632K, reserved 1095680K
  class space    used 5706K, capacity 5931K, committed 6064K, reserved 1048576K
}
Event: 8.992 GC heap before
{Heap before GC invocations=12 (full 0):
 garbage-first heap   total 209920K, used 127488K [0x0000000083600000, 0x0000000100000000)
  region size 1024K, 68 young (69632K), 5 survivors (5120K)
 Metaspace       used 54955K, capacity 55561K, committed 55728K, reserved 1097728K
  class space    used 6215K, capacity 6447K, committed 6576K, reserved 1048576K
}
Event: 9.006 GC heap after
{Heap after GC invocations=13 (full 0):
 garbage-first heap   total 209920K, used 66528K [0x0000000083600000, 0x0000000100000000)
  region size 1024K, 8 young (8192K), 8 survivors (8192K)
 Metaspace       used 54955K, capacity 55561K, committed 55728K, reserved 1097728K
  class space    used 6215K, capacity 6447K, committed 6576K, reserved 1048576K
}

