# JRE version: OpenJDK Runtime Environment (8.0_242-b01) (build 1.8.0_242-release-1644-b01)
# Java VM: OpenJDK 64-Bit Server VM (25.242-b01 mixed mode windows-amd64 compressed oops)
Heap:
 PSYoungGen      total 349696K, used 36586K [0x00000000d5580000, 0x00000000ede00000, 0x0000000100000000)
  eden space 322048K, 8% used [0x00000000d5580000,0x00000000d70da818,0x00000000e9000000)
  from space 27648K, 31% used [0x00000000e9000000,0x00000000e9860020,0x00000000eab00000)
  to   space 26624K, 0% used [0x00000000ec400000,0x00000000ec400000,0x00000000ede00000)
 ParOldGen       total 110080K, used 69318K [0x0000000080000000, 0x0000000086b80000, 0x00000000d5580000)
  object space 110080K, 62% used [0x0000000080000000,0x00000000843b1958,0x0000000086b80000)
 Metaspace       used 81791K, capacity 86060K, committed 86232K, reserved 1124352K
  class space    used 10699K, capacity 11480K, committed 11520K, reserved 1048576K
GC Heap History (10 events):
Event: 8.511 GC heap before
{Heap before GC invocations=16 (full 3):
 PSYoungGen      total 246272K, used 227328K [0x00000000d5580000, 0x00000000e5d00000, 0x0000000100000000)
  eden space 227328K, 100% used [0x00000000d5580000,0x00000000e3380000,0x00000000e3380000)
  from space 18944K, 0% used [0x00000000e4580000,0x00000000e4580000,0x00000000e5800000)
  to   space 18432K, 0% used [0x00000000e3380000,0x00000000e3380000,0x00000000e4580000)
 ParOldGen       total 110080K, used 32983K [0x0000000080000000, 0x0000000086b80000, 0x00000000d5580000)
  object space 110080K, 29% used [0x0000000080000000,0x0000000082035d30,0x0000000086b80000)
 Metaspace       used 66806K, capacity 70092K, committed 70232K, reserved 1110016K
  class space    used 9165K, capacity 9801K, committed 9856K, reserved 1048576K
Event: 8.528 GC heap after
Heap after GC invocations=16 (full 3):
 PSYoungGen      total 245760K, used 18416K [0x00000000d5580000, 0x00000000e9600000, 0x0000000100000000)
  eden space 227328K, 0% used [0x00000000d5580000,0x00000000d5580000,0x00000000e3380000)
  from space 18432K, 99% used [0x00000000e3380000,0x00000000e457c248,0x00000000e4580000)
  to   space 21504K, 0% used [0x00000000e8100000,0x00000000e8100000,0x00000000e9600000)
 ParOldGen       total 110080K, used 34220K [0x0000000080000000, 0x0000000086b80000, 0x00000000d5580000)
  object space 110080K, 31% used [0x0000000080000000,0x000000008216b278,0x0000000086b80000)
 Metaspace       used 66806K, capacity 70092K, committed 70232K, reserved 1110016K
  class space    used 9165K, capacity 9801K, committed 9856K, reserved 1048576K
}
Event: 11.405 GC heap before
{Heap before GC invocations=17 (full 3):
 PSYoungGen      total 245760K, used 245744K [0x00000000d5580000, 0x00000000e9600000, 0x0000000100000000)
  eden space 227328K, 100% used [0x00000000d5580000,0x00000000e3380000,0x00000000e3380000)
  from space 18432K, 99% used [0x00000000e3380000,0x00000000e457c248,0x00000000e4580000)
  to   space 21504K, 0% used [0x00000000e8100000,0x00000000e8100000,0x00000000e9600000)
 ParOldGen       total 110080K, used 34220K [0x0000000080000000, 0x0000000086b80000, 0x00000000d5580000)
  object space 110080K, 31% used [0x0000000080000000,0x000000008216b278,0x0000000086b80000)
 Metaspace       used 73034K, capacity 76692K, committed 76888K, reserved 1116160K
  class space    used 9907K, capacity 10619K, committed 10624K, reserved 1048576K
Event: 11.424 GC heap after
Heap after GC invocations=17 (full 3):
 PSYoungGen      total 296448K, used 15903K [0x00000000d5580000, 0x00000000e9200000, 0x0000000100000000)
  eden space 279040K, 0% used [0x00000000d5580000,0x00000000d5580000,0x00000000e6600000)
  from space 17408K, 91% used [0x00000000e8100000,0x00000000e9087c38,0x00000000e9200000)
  to   space 22528K, 0% used [0x00000000e6600000,0x00000000e6600000,0x00000000e7c00000)
 ParOldGen       total 110080K, used 45895K [0x0000000080000000, 0x0000000086b80000, 0x00000000d5580000)
  object space 110080K, 41% used [0x0000000080000000,0x0000000082cd1dd8,0x0000000086b80000)
 Metaspace       used 73034K, capacity 76692K, committed 76888K, reserved 1116160K
  class space    used 9907K, capacity 10619K, committed 10624K, reserved 1048576K
}
Event: 52.148 GC heap before
{Heap before GC invocations=18 (full 3):
 PSYoungGen      total 296448K, used 294943K [0x00000000d5580000, 0x00000000e9200000, 0x0000000100000000)
  eden space 279040K, 100% used [0x00000000d5580000,0x00000000e6600000,0x00000000e6600000)
  from space 17408K, 91% used [0x00000000e8100000,0x00000000e9087c38,0x00000000e9200000)
  to   space 22528K, 0% used [0x00000000e6600000,0x00000000e6600000,0x00000000e7c00000)
 ParOldGen       total 110080K, used 45895K [0x0000000080000000, 0x0000000086b80000, 0x00000000d5580000)
  object space 110080K, 41% used [0x0000000080000000,0x0000000082cd1dd8,0x0000000086b80000)
 Metaspace       used 80277K, capacity 84234K, committed 84312K, reserved 1122304K
  class space    used 10645K, capacity 11387K, committed 11392K, reserved 1048576K
Event: 52.169 GC heap after
Heap after GC invocations=18 (full 3):
 PSYoungGen      total 301568K, used 22508K [0x00000000d5580000, 0x00000000ed100000, 0x0000000100000000)
  eden space 279040K, 0% used [0x00000000d5580000,0x00000000d5580000,0x00000000e6600000)
  from space 22528K, 99% used [0x00000000e6600000,0x00000000e7bfb2b8,0x00000000e7c00000)
  to   space 28672K, 0% used [0x00000000eb500000,0x00000000eb500000,0x00000000ed100000)
 ParOldGen       total 110080K, used 52987K [0x0000000080000000, 0x0000000086b80000, 0x00000000d5580000)
  object space 110080K, 48% used [0x0000000080000000,0x00000000833beec0,0x0000000086b80000)
 Metaspace       used 80277K, capacity 84234K, committed 84312K, reserved 1122304K
  class space    used 10645K, capacity 11387K, committed 11392K, reserved 1048576K
}
Event: 282.931 GC heap before
{Heap before GC invocations=19 (full 3):
 PSYoungGen      total 301568K, used 301548K [0x00000000d5580000, 0x00000000ed100000, 0x0000000100000000)
  eden space 279040K, 100% used [0x00000000d5580000,0x00000000e6600000,0x00000000e6600000)
  from space 22528K, 99% used [0x00000000e6600000,0x00000000e7bfb2b8,0x00000000e7c00000)
  to   space 28672K, 0% used [0x00000000eb500000,0x00000000eb500000,0x00000000ed100000)
 ParOldGen       total 110080K, used 52987K [0x0000000080000000, 0x0000000086b80000, 0x00000000d5580000)
  object space 110080K, 48% used [0x0000000080000000,0x00000000833beec0,0x0000000086b80000)
 Metaspace       used 81190K, capacity 85298K, committed 85464K, reserved 1124352K
  class space    used 10678K, capacity 11441K, committed 11520K, reserved 1048576K
Event: 282.956 GC heap after
Heap after GC invocations=19 (full 3):
 PSYoungGen      total 339456K, used 6912K [0x00000000d5580000, 0x00000000ec600000, 0x0000000100000000)
  eden space 322048K, 0% used [0x00000000d5580000,0x00000000d5580000,0x00000000e9000000)
  from space 17408K, 39% used [0x00000000eb500000,0x00000000ebbc0248,0x00000000ec600000)
  to   space 27648K, 0% used [0x00000000e9000000,0x00000000e9000000,0x00000000eab00000)
 ParOldGen       total 110080K, used 69310K [0x0000000080000000, 0x0000000086b80000, 0x00000000d5580000)
  object space 110080K, 62% used [0x0000000080000000,0x00000000843af958,0x0000000086b80000)
 Metaspace       used 81190K, capacity 85298K, committed 85464K, reserved 1124352K
  class space    used 10678K, capacity 11441K, committed 11520K, reserved 1048576K
}
Event: 362.614 GC heap before
{Heap before GC invocations=20 (full 3):
 PSYoungGen      total 339456K, used 328960K [0x00000000d5580000, 0x00000000ec600000, 0x0000000100000000)
  eden space 322048K, 100% used [0x00000000d5580000,0x00000000e9000000,0x00000000e9000000)
  from space 17408K, 39% used [0x00000000eb500000,0x00000000ebbc0248,0x00000000ec600000)
  to   space 27648K, 0% used [0x00000000e9000000,0x00000000e9000000,0x00000000eab00000)
 ParOldGen       total 110080K, used 69310K [0x0000000080000000, 0x0000000086b80000, 0x00000000d5580000)
  object space 110080K, 62% used [0x0000000080000000,0x00000000843af958,0x0000000086b80000)
 Metaspace       used 81751K, capacity 85992K, committed 86232K, reserved 1124352K
  class space    used 10699K, capacity 11480K, committed 11520K, reserved 1048576K
Event: 362.624 GC heap after
Heap after GC invocations=20 (full 3):
 PSYoungGen      total 349696K, used 8576K [0x00000000d5580000, 0x00000000ede00000, 0x0000000100000000)
  eden space 322048K, 0% used [0x00000000d5580000,0x00000000d5580000,0x00000000e9000000)
  from space 27648K, 31% used [0x00000000e9000000,0x00000000e9860020,0x00000000eab00000)
  to   space 26624K, 0% used [0x00000000ec400000,0x00000000ec400000,0x00000000ede00000)
 ParOldGen       total 110080K, used 69318K [0x0000000080000000, 0x0000000086b80000, 0x00000000d5580000)
  object space 110080K, 62% used [0x0000000080000000,0x00000000843b1958,0x0000000086b80000)
 Metaspace       used 81751K, capacity 85992K, committed 86232K, reserved 1124352K
  class space    used 10699K, capacity 11480K, committed 11520K, reserved 1048576K
}

