# JRE version: OpenJDK Runtime Environment (8.0_242-b01) (build 1.8.0_242-release-1644-b01)
# Java VM: OpenJDK 64-Bit Server VM (25.242-b01 mixed mode windows-amd64 compressed oops)
Heap:
 PSYoungGen      total 275968K, used 74232K [0x00000000d5580000, 0x00000000e8780000, 0x0000000100000000)
  eden space 254976K, 20% used [0x00000000d5580000,0x00000000d897f710,0x00000000e4e80000)
  from space 20992K, 99% used [0x00000000e6980000,0x00000000e7dfe9e0,0x00000000e7e00000)
  to   space 27648K, 0% used [0x00000000e4e80000,0x00000000e4e80000,0x00000000e6980000)
 ParOldGen       total 117760K, used 43268K [0x0000000080000000, 0x0000000087300000, 0x00000000d5580000)
  object space 117760K, 36% used [0x0000000080000000,0x0000000082a410c8,0x0000000087300000)
 Metaspace       used 74131K, capacity 77736K, committed 77912K, reserved 1116160K
  class space    used 9805K, capacity 10521K, committed 10624K, reserved 1048576K
GC Heap History (10 events):
Event: 6.445 GC heap before
{Heap before GC invocations=13 (full 2):
 PSYoungGen      total 173056K, used 172728K [0x00000000d5580000, 0x00000000e1300000, 0x0000000100000000)
  eden space 164864K, 100% used [0x00000000d5580000,0x00000000df680000,0x00000000df680000)
  from space 8192K, 95% used [0x00000000e0b00000,0x00000000e12ae0e8,0x00000000e1300000)
  to   space 12800K, 0% used [0x00000000dfa00000,0x00000000dfa00000,0x00000000e0680000)
 ParOldGen       total 76288K, used 18163K [0x0000000080000000, 0x0000000084a80000, 0x00000000d5580000)
  object space 76288K, 23% used [0x0000000080000000,0x00000000811bcfd8,0x0000000084a80000)
 Metaspace       used 52305K, capacity 54442K, committed 54616K, reserved 1095680K
  class space    used 6976K, capacity 7461K, committed 7552K, reserved 1048576K
Event: 6.479 GC heap after
Heap after GC invocations=13 (full 2):
 PSYoungGen      total 181248K, used 12796K [0x00000000d5580000, 0x00000000e4c80000, 0x0000000100000000)
  eden space 168448K, 0% used [0x00000000d5580000,0x00000000d5580000,0x00000000dfa00000)
  from space 12800K, 99% used [0x00000000dfa00000,0x00000000e067f340,0x00000000e0680000)
  to   space 18944K, 0% used [0x00000000e3a00000,0x00000000e3a00000,0x00000000e4c80000)
 ParOldGen       total 76288K, used 30370K [0x0000000080000000, 0x0000000084a80000, 0x00000000d5580000)
  object space 76288K, 39% used [0x0000000080000000,0x0000000081da8800,0x0000000084a80000)
 Metaspace       used 52305K, capacity 54442K, committed 54616K, reserved 1095680K
  class space    used 6976K, capacity 7461K, committed 7552K, reserved 1048576K
}
Event: 7.295 GC heap before
{Heap before GC invocations=14 (full 2):
 PSYoungGen      total 181248K, used 56554K [0x00000000d5580000, 0x00000000e4c80000, 0x0000000100000000)
  eden space 168448K, 25% used [0x00000000d5580000,0x00000000d803b4f0,0x00000000dfa00000)
  from space 12800K, 99% used [0x00000000dfa00000,0x00000000e067f340,0x00000000e0680000)
  to   space 18944K, 0% used [0x00000000e3a00000,0x00000000e3a00000,0x00000000e4c80000)
 ParOldGen       total 76288K, used 30370K [0x0000000080000000, 0x0000000084a80000, 0x00000000d5580000)
  object space 76288K, 39% used [0x0000000080000000,0x0000000081da8800,0x0000000084a80000)
 Metaspace       used 56503K, capacity 58888K, committed 59028K, reserved 1099776K
  class space    used 7667K, capacity 8161K, committed 8192K, reserved 1048576K
Event: 7.312 GC heap after
Heap after GC invocations=14 (full 2):
 PSYoungGen      total 234496K, used 5737K [0x00000000d5580000, 0x00000000e4e00000, 0x0000000100000000)
  eden space 215552K, 0% used [0x00000000d5580000,0x00000000d5580000,0x00000000e2800000)
  from space 18944K, 30% used [0x00000000e3a00000,0x00000000e3f9a690,0x00000000e4c80000)
  to   space 18432K, 0% used [0x00000000e2800000,0x00000000e2800000,0x00000000e3a00000)
 ParOldGen       total 76288K, used 43093K [0x0000000080000000, 0x0000000084a80000, 0x00000000d5580000)
  object space 76288K, 56% used [0x0000000080000000,0x0000000082a154f8,0x0000000084a80000)
 Metaspace       used 56503K, capacity 58888K, committed 59028K, reserved 1099776K
  class space    used 7667K, capacity 8161K, committed 8192K, reserved 1048576K
}
Event: 7.312 GC heap before
{Heap before GC invocations=15 (full 3):
 PSYoungGen      total 234496K, used 5737K [0x00000000d5580000, 0x00000000e4e00000, 0x0000000100000000)
  eden space 215552K, 0% used [0x00000000d5580000,0x00000000d5580000,0x00000000e2800000)
  from space 18944K, 30% used [0x00000000e3a00000,0x00000000e3f9a690,0x00000000e4c80000)
  to   space 18432K, 0% used [0x00000000e2800000,0x00000000e2800000,0x00000000e3a00000)
 ParOldGen       total 76288K, used 43093K [0x0000000080000000, 0x0000000084a80000, 0x00000000d5580000)
  object space 76288K, 56% used [0x0000000080000000,0x0000000082a154f8,0x0000000084a80000)
 Metaspace       used 56503K, capacity 58888K, committed 59028K, reserved 1099776K
  class space    used 7667K, capacity 8161K, committed 8192K, reserved 1048576K
Event: 7.490 GC heap after
Heap after GC invocations=15 (full 3):
 PSYoungGen      total 234496K, used 0K [0x00000000d5580000, 0x00000000e4e00000, 0x0000000100000000)
  eden space 215552K, 0% used [0x00000000d5580000,0x00000000d5580000,0x00000000e2800000)
  from space 18944K, 0% used [0x00000000e3a00000,0x00000000e3a00000,0x00000000e4c80000)
  to   space 18432K, 0% used [0x00000000e2800000,0x00000000e2800000,0x00000000e3a00000)
 ParOldGen       total 117760K, used 33089K [0x0000000080000000, 0x0000000087300000, 0x00000000d5580000)
  object space 117760K, 28% used [0x0000000080000000,0x0000000082050480,0x0000000087300000)
 Metaspace       used 56455K, capacity 58726K, committed 59028K, reserved 1099776K
  class space    used 7652K, capacity 8134K, committed 8192K, reserved 1048576K
}
Event: 20.564 GC heap before
{Heap before GC invocations=16 (full 3):
 PSYoungGen      total 234496K, used 215552K [0x00000000d5580000, 0x00000000e4e00000, 0x0000000100000000)
  eden space 215552K, 100% used [0x00000000d5580000,0x00000000e2800000,0x00000000e2800000)
  from space 18944K, 0% used [0x00000000e3a00000,0x00000000e3a00000,0x00000000e4c80000)
  to   space 18432K, 0% used [0x00000000e2800000,0x00000000e2800000,0x00000000e3a00000)
 ParOldGen       total 117760K, used 33089K [0x0000000080000000, 0x0000000087300000, 0x00000000d5580000)
  object space 117760K, 28% used [0x0000000080000000,0x0000000082050480,0x0000000087300000)
 Metaspace       used 68093K, capacity 70954K, committed 71128K, reserved 1110016K
  class space    used 9139K, capacity 9720K, committed 9728K, reserved 1048576K
Event: 20.583 GC heap after
Heap after GC invocations=16 (full 3):
 PSYoungGen      total 233984K, used 17822K [0x00000000d5580000, 0x00000000e7e00000, 0x0000000100000000)
  eden space 215552K, 0% used [0x00000000d5580000,0x00000000d5580000,0x00000000e2800000)
  from space 18432K, 96% used [0x00000000e2800000,0x00000000e3967ab0,0x00000000e3a00000)
  to   space 20992K, 0% used [0x00000000e6980000,0x00000000e6980000,0x00000000e7e00000)
 ParOldGen       total 117760K, used 33097K [0x0000000080000000, 0x0000000087300000, 0x00000000d5580000)
  object space 117760K, 28% used [0x0000000080000000,0x0000000082052480,0x0000000087300000)
 Metaspace       used 68093K, capacity 70954K, committed 71128K, reserved 1110016K
  class space    used 9139K, capacity 9720K, committed 9728K, reserved 1048576K
}
Event: 22.863 GC heap before
{Heap before GC invocations=17 (full 3):
 PSYoungGen      total 233984K, used 233374K [0x00000000d5580000, 0x00000000e7e00000, 0x0000000100000000)
  eden space 215552K, 100% used [0x00000000d5580000,0x00000000e2800000,0x00000000e2800000)
  from space 18432K, 96% used [0x00000000e2800000,0x00000000e3967ab0,0x00000000e3a00000)
  to   space 20992K, 0% used [0x00000000e6980000,0x00000000e6980000,0x00000000e7e00000)
 ParOldGen       total 117760K, used 33097K [0x0000000080000000, 0x0000000087300000, 0x00000000d5580000)
  object space 117760K, 28% used [0x0000000080000000,0x0000000082052480,0x0000000087300000)
 Metaspace       used 71868K, capacity 75440K, committed 75608K, reserved 1114112K
  class space    used 9580K, capacity 10281K, committed 10368K, reserved 1048576K
Event: 22.887 GC heap after
Heap after GC invocations=17 (full 3):
 PSYoungGen      total 275968K, used 20986K [0x00000000d5580000, 0x00000000e8780000, 0x0000000100000000)
  eden space 254976K, 0% used [0x00000000d5580000,0x00000000d5580000,0x00000000e4e80000)
  from space 20992K, 99% used [0x00000000e6980000,0x00000000e7dfe9e0,0x00000000e7e00000)
  to   space 27648K, 0% used [0x00000000e4e80000,0x00000000e4e80000,0x00000000e6980000)
 ParOldGen       total 117760K, used 43268K [0x0000000080000000, 0x0000000087300000, 0x00000000d5580000)
  object space 117760K, 36% used [0x0000000080000000,0x0000000082a410c8,0x0000000087300000)
 Metaspace       used 71868K, capacity 75440K, committed 75608K, reserved 1114112K
  class space    used 9580K, capacity 10281K, committed 10368K, reserved 1048576K
}

