# JRE version: OpenJDK Runtime Environment (8.0_242-b01) (build 1.8.0_242-release-1644-b01)
# Java VM: OpenJDK 64-Bit Server VM (25.242-b01 mixed mode windows-amd64 compressed oops)
Heap:
 PSYoungGen      total 82432K, used 58536K [0x00000000d6780000, 0x00000000dcf00000, 0x0000000100000000)
  eden space 65536K, 89% used [0x00000000d6780000,0x00000000da0aa0b8,0x00000000da780000)
  from space 16896K, 0% used [0x00000000dbe80000,0x00000000dbe80000,0x00000000dcf00000)
  to   space 5120K, 0% used [0x00000000da780000,0x00000000da780000,0x00000000dac80000)
 ParOldGen       total 65024K, used 23893K [0x0000000083600000, 0x0000000087580000, 0x00000000d6780000)
  object space 65024K, 36% used [0x0000000083600000,0x0000000084d557b8,0x0000000087580000)
 Metaspace       used 37832K, capacity 38462K, committed 38704K, reserved 1083392K
  class space    used 4750K, capacity 4898K, committed 4912K, reserved 1048576K
GC Heap History (10 events):
Event: 0.945 GC heap before
{Heap before GC invocations=4 (full 1):
 PSYoungGen      total 37888K, used 5096K [0x00000000d6780000, 0x00000000db180000, 0x0000000100000000)
  eden space 32768K, 0% used [0x00000000d6780000,0x00000000d6780000,0x00000000d8780000)
  from space 5120K, 99% used [0x00000000d8780000,0x00000000d8c7a2c0,0x00000000d8c80000)
  to   space 5120K, 0% used [0x00000000dac80000,0x00000000dac80000,0x00000000db180000)
 ParOldGen       total 86016K, used 11937K [0x0000000083600000, 0x0000000088a00000, 0x00000000d6780000)
  object space 86016K, 13% used [0x0000000083600000,0x00000000841a8568,0x0000000088a00000)
 Metaspace       used 20800K, capacity 21196K, committed 21296K, reserved 1069056K
  class space    used 2465K, capacity 2594K, committed 2608K, reserved 1048576K
Event: 0.965 GC heap after
Heap after GC invocations=4 (full 1):
 PSYoungGen      total 37888K, used 0K [0x00000000d6780000, 0x00000000db180000, 0x0000000100000000)
  eden space 32768K, 0% used [0x00000000d6780000,0x00000000d6780000,0x00000000d8780000)
  from space 5120K, 0% used [0x00000000d8780000,0x00000000d8780000,0x00000000d8c80000)
  to   space 5120K, 0% used [0x00000000dac80000,0x00000000dac80000,0x00000000db180000)
 ParOldGen       total 65024K, used 9580K [0x0000000083600000, 0x0000000087580000, 0x00000000d6780000)
  object space 65024K, 14% used [0x0000000083600000,0x0000000083f5b1e0,0x0000000087580000)
 Metaspace       used 20800K, capacity 21196K, committed 21296K, reserved 1069056K
  class space    used 2465K, capacity 2594K, committed 2608K, reserved 1048576K
}
Event: 1.304 GC heap before
{Heap before GC invocations=5 (full 1):
 PSYoungGen      total 37888K, used 32768K [0x00000000d6780000, 0x00000000db180000, 0x0000000100000000)
  eden space 32768K, 100% used [0x00000000d6780000,0x00000000d8780000,0x00000000d8780000)
  from space 5120K, 0% used [0x00000000d8780000,0x00000000d8780000,0x00000000d8c80000)
  to   space 5120K, 0% used [0x00000000dac80000,0x00000000dac80000,0x00000000db180000)
 ParOldGen       total 65024K, used 9580K [0x0000000083600000, 0x0000000087580000, 0x00000000d6780000)
  object space 65024K, 14% used [0x0000000083600000,0x0000000083f5b1e0,0x0000000087580000)
 Metaspace       used 24406K, capacity 24919K, committed 25136K, reserved 1071104K
  class space    used 2912K, capacity 3061K, committed 3120K, reserved 1048576K
Event: 1.310 GC heap after
Heap after GC invocations=5 (full 1):
 PSYoungGen      total 53760K, used 5113K [0x00000000d6780000, 0x00000000db180000, 0x0000000100000000)
  eden space 48640K, 0% used [0x00000000d6780000,0x00000000d6780000,0x00000000d9700000)
  from space 5120K, 99% used [0x00000000dac80000,0x00000000db17e458,0x00000000db180000)
  to   space 5120K, 0% used [0x00000000da780000,0x00000000da780000,0x00000000dac80000)
 ParOldGen       total 65024K, used 11672K [0x0000000083600000, 0x0000000087580000, 0x00000000d6780000)
  object space 65024K, 17% used [0x0000000083600000,0x00000000841661d8,0x0000000087580000)
 Metaspace       used 24406K, capacity 24919K, committed 25136K, reserved 1071104K
  class space    used 2912K, capacity 3061K, committed 3120K, reserved 1048576K
}
Event: 1.920 GC heap before
{Heap before GC invocations=6 (full 1):
 PSYoungGen      total 53760K, used 53753K [0x00000000d6780000, 0x00000000db180000, 0x0000000100000000)
  eden space 48640K, 100% used [0x00000000d6780000,0x00000000d9700000,0x00000000d9700000)
  from space 5120K, 99% used [0x00000000dac80000,0x00000000db17e458,0x00000000db180000)
  to   space 5120K, 0% used [0x00000000da780000,0x00000000da780000,0x00000000dac80000)
 ParOldGen       total 65024K, used 11672K [0x0000000083600000, 0x0000000087580000, 0x00000000d6780000)
  object space 65024K, 17% used [0x0000000083600000,0x00000000841661d8,0x0000000087580000)
 Metaspace       used 32611K, capacity 33180K, committed 33456K, reserved 1079296K
  class space    used 4110K, capacity 4251K, committed 4272K, reserved 1048576K
Event: 1.933 GC heap after
Heap after GC invocations=6 (full 1):
 PSYoungGen      total 70656K, used 5090K [0x00000000d6780000, 0x00000000dcf00000, 0x0000000100000000)
  eden space 65536K, 0% used [0x00000000d6780000,0x00000000d6780000,0x00000000da780000)
  from space 5120K, 99% used [0x00000000da780000,0x00000000dac78908,0x00000000dac80000)
  to   space 16896K, 0% used [0x00000000dbe80000,0x00000000dbe80000,0x00000000dcf00000)
 ParOldGen       total 65024K, used 23869K [0x0000000083600000, 0x0000000087580000, 0x00000000d6780000)
  object space 65024K, 36% used [0x0000000083600000,0x0000000084d4f580,0x0000000087580000)
 Metaspace       used 32611K, capacity 33180K, committed 33456K, reserved 1079296K
  class space    used 4110K, capacity 4251K, committed 4272K, reserved 1048576K
}
Event: 2.038 GC heap before
{Heap before GC invocations=7 (full 1):
 PSYoungGen      total 70656K, used 12985K [0x00000000d6780000, 0x00000000dcf00000, 0x0000000100000000)
  eden space 65536K, 12% used [0x00000000d6780000,0x00000000d6f35d20,0x00000000da780000)
  from space 5120K, 99% used [0x00000000da780000,0x00000000dac78908,0x00000000dac80000)
  to   space 16896K, 0% used [0x00000000dbe80000,0x00000000dbe80000,0x00000000dcf00000)
 ParOldGen       total 65024K, used 23869K [0x0000000083600000, 0x0000000087580000, 0x00000000d6780000)
  object space 65024K, 36% used [0x0000000083600000,0x0000000084d4f580,0x0000000087580000)
 Metaspace       used 34630K, capacity 35168K, committed 35496K, reserved 1081344K
  class space    used 4405K, capacity 4547K, committed 4656K, reserved 1048576K
Event: 2.044 GC heap after
Heap after GC invocations=7 (full 1):
 PSYoungGen      total 82432K, used 7271K [0x00000000d6780000, 0x00000000dcf00000, 0x0000000100000000)
  eden space 65536K, 0% used [0x00000000d6780000,0x00000000d6780000,0x00000000da780000)
  from space 16896K, 43% used [0x00000000dbe80000,0x00000000dc599f18,0x00000000dcf00000)
  to   space 5120K, 0% used [0x00000000da780000,0x00000000da780000,0x00000000dac80000)
 ParOldGen       total 65024K, used 23877K [0x0000000083600000, 0x0000000087580000, 0x00000000d6780000)
  object space 65024K, 36% used [0x0000000083600000,0x0000000084d51580,0x0000000087580000)
 Metaspace       used 34630K, capacity 35168K, committed 35496K, reserved 1081344K
  class space    used 4405K, capacity 4547K, committed 4656K, reserved 1048576K
}
Event: 2.044 GC heap before
{Heap before GC invocations=8 (full 2):
 PSYoungGen      total 82432K, used 7271K [0x00000000d6780000, 0x00000000dcf00000, 0x0000000100000000)
  eden space 65536K, 0% used [0x00000000d6780000,0x00000000d6780000,0x00000000da780000)
  from space 16896K, 43% used [0x00000000dbe80000,0x00000000dc599f18,0x00000000dcf00000)
  to   space 5120K, 0% used [0x00000000da780000,0x00000000da780000,0x00000000dac80000)
 ParOldGen       total 65024K, used 23877K [0x0000000083600000, 0x0000000087580000, 0x00000000d6780000)
  object space 65024K, 36% used [0x0000000083600000,0x0000000084d51580,0x0000000087580000)
 Metaspace       used 34630K, capacity 35168K, committed 35496K, reserved 1081344K
  class space    used 4405K, capacity 4547K, committed 4656K, reserved 1048576K
Event: 2.081 GC heap after
Heap after GC invocations=8 (full 2):
 PSYoungGen      total 82432K, used 0K [0x00000000d6780000, 0x00000000dcf00000, 0x0000000100000000)
  eden space 65536K, 0% used [0x00000000d6780000,0x00000000d6780000,0x00000000da780000)
  from space 16896K, 0% used [0x00000000dbe80000,0x00000000dbe80000,0x00000000dcf00000)
  to   space 5120K, 0% used [0x00000000da780000,0x00000000da780000,0x00000000dac80000)
 ParOldGen       total 65024K, used 23893K [0x0000000083600000, 0x0000000087580000, 0x00000000d6780000)
  object space 65024K, 36% used [0x0000000083600000,0x0000000084d557b8,0x0000000087580000)
 Metaspace       used 34630K, capacity 35168K, committed 35496K, reserved 1081344K
  class space    used 4405K, capacity 4547K, committed 4656K, reserved 1048576K
}

