# JRE version: OpenJDK Runtime Environment (11.0.8+10) (build 11.0.8+10-b944.6842174)
# Java VM: OpenJDK 64-Bit Server VM (11.0.8+10-b944.6842174, mixed mode, tiered, compressed oops, g1 gc, windows-amd64)
Heap:
 garbage-first heap   total 129024K, used 47127K [0x0000000080000000, 0x0000000100000000)
  region size 1024K, 32 young (32768K), 3 survivors (3072K)
 Metaspace       used 30410K, capacity 31033K, committed 31232K, reserved 1077248K
  class space    used 4054K, capacity 4261K, committed 4352K, reserved 1048576K
GC Heap History (8 events):
Event: 1.144 GC heap before
{Heap before GC invocations=0 (full 0):
 garbage-first heap   total 129024K, used 29696K [0x0000000080000000, 0x0000000100000000)
  region size 1024K, 24 young (24576K), 0 survivors (0K)
 Metaspace       used 10668K, capacity 10932K, committed 11264K, reserved 1058816K
  class space    used 1128K, capacity 1200K, committed 1280K, reserved 1048576K
}
Event: 1.149 GC heap after
{Heap after GC invocations=1 (full 0):
 garbage-first heap   total 129024K, used 9062K [0x0000000080000000, 0x0000000100000000)
  region size 1024K, 3 young (3072K), 3 survivors (3072K)
 Metaspace       used 10668K, capacity 10932K, committed 11264K, reserved 1058816K
  class space    used 1128K, capacity 1200K, committed 1280K, reserved 1048576K
}
Event: 2.965 GC heap before
{Heap before GC invocations=1 (full 0):
 garbage-first heap   total 129024K, used 81766K [0x0000000080000000, 0x0000000100000000)
  region size 1024K, 75 young (76800K), 3 survivors (3072K)
 Metaspace       used 18988K, capacity 19454K, committed 19712K, reserved 1067008K
  class space    used 2301K, capacity 2458K, committed 2560K, reserved 1048576K
}
Event: 2.971 GC heap after
{Heap after GC invocations=2 (full 0):
 garbage-first heap   total 129024K, used 15626K [0x0000000080000000, 0x0000000100000000)
  region size 1024K, 10 young (10240K), 10 survivors (10240K)
 Metaspace       used 18988K, capacity 19454K, committed 19712K, reserved 1067008K
  class space    used 2301K, capacity 2458K, committed 2560K, reserved 1048576K
}
Event: 3.132 GC heap before
{Heap before GC invocations=2 (full 0):
 garbage-first heap   total 129024K, used 26890K [0x0000000080000000, 0x0000000100000000)
  region size 1024K, 22 young (22528K), 10 survivors (10240K)
 Metaspace       used 20595K, capacity 21095K, committed 21248K, reserved 1067008K
  class space    used 2526K, capacity 2712K, committed 2816K, reserved 1048576K
}
Event: 3.137 GC heap after
{Heap after GC invocations=3 (full 0):
 garbage-first heap   total 129024K, used 16598K [0x0000000080000000, 0x0000000100000000)
  region size 1024K, 1 young (1024K), 1 survivors (1024K)
 Metaspace       used 20595K, capacity 21095K, committed 21248K, reserved 1067008K
  class space    used 2526K, capacity 2712K, committed 2816K, reserved 1048576K
}
Event: 3.727 GC heap before
{Heap before GC invocations=4 (full 0):
 garbage-first heap   total 129024K, used 71894K [0x0000000080000000, 0x0000000100000000)
  region size 1024K, 56 young (57344K), 1 survivors (1024K)
 Metaspace       used 26688K, capacity 27359K, committed 27648K, reserved 1073152K
  class space    used 3509K, capacity 3720K, committed 3840K, reserved 1048576K
}
Event: 3.732 GC heap after
{Heap after GC invocations=5 (full 0):
 garbage-first heap   total 129024K, used 18455K [0x0000000080000000, 0x0000000100000000)
  region size 1024K, 3 young (3072K), 3 survivors (3072K)
 Metaspace       used 26688K, capacity 27359K, committed 27648K, reserved 1073152K
  class space    used 3509K, capacity 3720K, committed 3840K, reserved 1048576K
}

