# JRE version: OpenJDK Runtime Environment (8.0_242-b01) (build 1.8.0_242-release-1644-b01)
# Java VM: OpenJDK 64-Bit Server VM (25.242-b01 mixed mode windows-amd64 compressed oops)
Heap:
 PSYoungGen      total 473088K, used 452489K [0x00000000d5580000, 0x00000000fe380000, 0x0000000100000000)
  eden space 441856K, 99% used [0x00000000d5580000,0x00000000f04fe3a0,0x00000000f0500000)
  from space 31232K, 34% used [0x00000000f0500000,0x00000000f0f64060,0x00000000f2380000)
  to   space 67584K, 0% used [0x00000000fa180000,0x00000000fa180000,0x00000000fe380000)
 ParOldGen       total 297472K, used 133661K [0x0000000080000000, 0x0000000092280000, 0x00000000d5580000)
  object space 297472K, 44% used [0x0000000080000000,0x0000000088287588,0x0000000092280000)
 Metaspace       used 89341K, capacity 93944K, committed 94360K, reserved 1130496K
  class space    used 11976K, capacity 12868K, committed 12968K, reserved 1048576K
GC Heap History (10 events):
Event: 5.427 GC heap before
{Heap before GC invocations=11 (full 2):
 PSYoungGen      total 376320K, used 157965K [0x00000000d5580000, 0x00000000ef780000, 0x0000000100000000)
  eden space 360960K, 39% used [0x00000000d5580000,0x00000000de0c9168,0x00000000eb600000)
  from space 15360K, 99% used [0x00000000ee880000,0x00000000ef77a388,0x00000000ef780000)
  to   space 18944K, 0% used [0x00000000ed280000,0x00000000ed280000,0x00000000ee500000)
 ParOldGen       total 84992K, used 17869K [0x0000000080000000, 0x0000000085300000, 0x00000000d5580000)
  object space 84992K, 21% used [0x0000000080000000,0x0000000081173510,0x0000000085300000)
 Metaspace       used 56772K, capacity 59120K, committed 59160K, reserved 1099776K
  class space    used 7702K, capacity 8195K, committed 8232K, reserved 1048576K
Event: 5.450 GC heap after
Heap after GC invocations=11 (full 2):
 PSYoungGen      total 409088K, used 18926K [0x00000000d5580000, 0x00000000f3b80000, 0x0000000100000000)
  eden space 390144K, 0% used [0x00000000d5580000,0x00000000d5580000,0x00000000ed280000)
  from space 18944K, 99% used [0x00000000ed280000,0x00000000ee4fb8d8,0x00000000ee500000)
  to   space 24576K, 0% used [0x00000000f2380000,0x00000000f2380000,0x00000000f3b80000)
 ParOldGen       total 84992K, used 24912K [0x0000000080000000, 0x0000000085300000, 0x00000000d5580000)
  object space 84992K, 29% used [0x0000000080000000,0x0000000081854368,0x0000000085300000)
 Metaspace       used 56772K, capacity 59120K, committed 59160K, reserved 1099776K
  class space    used 7702K, capacity 8195K, committed 8232K, reserved 1048576K
}
Event: 5.450 GC heap before
{Heap before GC invocations=12 (full 3):
 PSYoungGen      total 409088K, used 18926K [0x00000000d5580000, 0x00000000f3b80000, 0x0000000100000000)
  eden space 390144K, 0% used [0x00000000d5580000,0x00000000d5580000,0x00000000ed280000)
  from space 18944K, 99% used [0x00000000ed280000,0x00000000ee4fb8d8,0x00000000ee500000)
  to   space 24576K, 0% used [0x00000000f2380000,0x00000000f2380000,0x00000000f3b80000)
 ParOldGen       total 84992K, used 24912K [0x0000000080000000, 0x0000000085300000, 0x00000000d5580000)
  object space 84992K, 29% used [0x0000000080000000,0x0000000081854368,0x0000000085300000)
 Metaspace       used 56772K, capacity 59120K, committed 59160K, reserved 1099776K
  class space    used 7702K, capacity 8195K, committed 8232K, reserved 1048576K
Event: 5.607 GC heap after
Heap after GC invocations=12 (full 3):
 PSYoungGen      total 409088K, used 0K [0x00000000d5580000, 0x00000000f3b80000, 0x0000000100000000)
  eden space 390144K, 0% used [0x00000000d5580000,0x00000000d5580000,0x00000000ed280000)
  from space 18944K, 0% used [0x00000000ed280000,0x00000000ed280000,0x00000000ee500000)
  to   space 24576K, 0% used [0x00000000f2380000,0x00000000f2380000,0x00000000f3b80000)
 ParOldGen       total 134144K, used 38239K [0x0000000080000000, 0x0000000088300000, 0x00000000d5580000)
  object space 134144K, 28% used [0x0000000080000000,0x0000000082557cb0,0x0000000088300000)
 Metaspace       used 56722K, capacity 58952K, committed 59160K, reserved 1099776K
  class space    used 7687K, capacity 8167K, committed 8232K, reserved 1048576K
}
Event: 8.249 GC heap before
{Heap before GC invocations=13 (full 3):
 PSYoungGen      total 409088K, used 390144K [0x00000000d5580000, 0x00000000f3b80000, 0x0000000100000000)
  eden space 390144K, 100% used [0x00000000d5580000,0x00000000ed280000,0x00000000ed280000)
  from space 18944K, 0% used [0x00000000ed280000,0x00000000ed280000,0x00000000ee500000)
  to   space 24576K, 0% used [0x00000000f2380000,0x00000000f2380000,0x00000000f3b80000)
 ParOldGen       total 134144K, used 38239K [0x0000000080000000, 0x0000000088300000, 0x00000000d5580000)
  object space 134144K, 28% used [0x0000000080000000,0x0000000082557cb0,0x0000000088300000)
 Metaspace       used 70884K, capacity 74582K, committed 74648K, reserved 1114112K
  class space    used 9704K, capacity 10394K, committed 10408K, reserved 1048576K
Event: 8.286 GC heap after
Heap after GC invocations=13 (full 3):
 PSYoungGen      total 466432K, used 24554K [0x00000000d5580000, 0x00000000f5900000, 0x0000000100000000)
  eden space 441856K, 0% used [0x00000000d5580000,0x00000000d5580000,0x00000000f0500000)
  from space 24576K, 99% used [0x00000000f2380000,0x00000000f3b7a950,0x00000000f3b80000)
  to   space 31232K, 0% used [0x00000000f0500000,0x00000000f0500000,0x00000000f2380000)
 ParOldGen       total 134144K, used 46950K [0x0000000080000000, 0x0000000088300000, 0x00000000d5580000)
  object space 134144K, 34% used [0x0000000080000000,0x0000000082dd98e0,0x0000000088300000)
 Metaspace       used 70884K, capacity 74582K, committed 74648K, reserved 1114112K
  class space    used 9704K, capacity 10394K, committed 10408K, reserved 1048576K
}
Event: 11.302 GC heap before
{Heap before GC invocations=14 (full 3):
 PSYoungGen      total 466432K, used 464314K [0x00000000d5580000, 0x00000000f5900000, 0x0000000100000000)
  eden space 441856K, 99% used [0x00000000d5580000,0x00000000f02f41a8,0x00000000f0500000)
  from space 24576K, 99% used [0x00000000f2380000,0x00000000f3b7a950,0x00000000f3b80000)
  to   space 31232K, 0% used [0x00000000f0500000,0x00000000f0500000,0x00000000f2380000)
 ParOldGen       total 134144K, used 46950K [0x0000000080000000, 0x0000000088300000, 0x00000000d5580000)
  object space 134144K, 34% used [0x0000000080000000,0x0000000082dd98e0,0x0000000088300000)
 Metaspace       used 81599K, capacity 86436K, committed 86552K, reserved 1124352K
  class space    used 11311K, capacity 12213K, committed 12328K, reserved 1048576K
Event: 11.406 GC heap after
Heap after GC invocations=14 (full 3):
 PSYoungGen      total 473088K, used 31205K [0x00000000d5580000, 0x00000000fe380000, 0x0000000100000000)
  eden space 441856K, 0% used [0x00000000d5580000,0x00000000d5580000,0x00000000f0500000)
  from space 31232K, 99% used [0x00000000f0500000,0x00000000f2379608,0x00000000f2380000)
  to   space 67584K, 0% used [0x00000000fa180000,0x00000000fa180000,0x00000000fe380000)
 ParOldGen       total 134144K, used 131658K [0x0000000080000000, 0x0000000088300000, 0x00000000d5580000)
  object space 134144K, 98% used [0x0000000080000000,0x0000000088092938,0x0000000088300000)
 Metaspace       used 81599K, capacity 86436K, committed 86552K, reserved 1124352K
  class space    used 11311K, capacity 12213K, committed 12328K, reserved 1048576K
}
Event: 11.406 GC heap before
{Heap before GC invocations=15 (full 4):
 PSYoungGen      total 473088K, used 31205K [0x00000000d5580000, 0x00000000fe380000, 0x0000000100000000)
  eden space 441856K, 0% used [0x00000000d5580000,0x00000000d5580000,0x00000000f0500000)
  from space 31232K, 99% used [0x00000000f0500000,0x00000000f2379608,0x00000000f2380000)
  to   space 67584K, 0% used [0x00000000fa180000,0x00000000fa180000,0x00000000fe380000)
 ParOldGen       total 134144K, used 131658K [0x0000000080000000, 0x0000000088300000, 0x00000000d5580000)
  object space 134144K, 98% used [0x0000000080000000,0x0000000088092938,0x0000000088300000)
 Metaspace       used 81599K, capacity 86436K, committed 86552K, reserved 1124352K
  class space    used 11311K, capacity 12213K, committed 12328K, reserved 1048576K
Event: 11.857 GC heap after
Heap after GC invocations=15 (full 4):
 PSYoungGen      total 473088K, used 10640K [0x00000000d5580000, 0x00000000fe380000, 0x0000000100000000)
  eden space 441856K, 0% used [0x00000000d5580000,0x00000000d5580000,0x00000000f0500000)
  from space 31232K, 34% used [0x00000000f0500000,0x00000000f0f64060,0x00000000f2380000)
  to   space 67584K, 0% used [0x00000000fa180000,0x00000000fa180000,0x00000000fe380000)
 ParOldGen       total 297472K, used 133661K [0x0000000080000000, 0x0000000092280000, 0x00000000d5580000)
  object space 297472K, 44% used [0x0000000080000000,0x0000000088287588,0x0000000092280000)
 Metaspace       used 81159K, capacity 85192K, committed 86552K, reserved 1124352K
  class space    used 11169K, capacity 11961K, committed 12328K, reserved 1048576K
}

