# JRE version: OpenJDK Runtime Environment (11.0.8+10) (build 11.0.8+10-b944.6842174)
# Java VM: OpenJDK 64-Bit Server VM (11.0.8+10-b944.6842174, mixed mode, tiered, compressed oops, g1 gc, windows-amd64)
Heap:
 garbage-first heap   total 253952K, used 82212K [0x0000000083600000, 0x0000000100000000)
  region size 1024K, 9 young (9216K), 9 survivors (9216K)
 Metaspace       used 58231K, capacity 58871K, committed 59004K, reserved 1101824K
  class space    used 6435K, capacity 6678K, committed 6780K, reserved 1048576K
GC Heap History (20 events):
Event: 1.710 GC heap after
{Heap after GC invocations=4 (full 0):
 garbage-first heap   total 129024K, used 17696K [0x0000000083600000, 0x0000000100000000)
  region size 1024K, 7 young (7168K), 7 survivors (7168K)
 Metaspace       used 31233K, capacity 31619K, committed 31920K, reserved 1077248K
  class space    used 3495K, capacity 3629K, committed 3760K, reserved 1048576K
}
Event: 1.885 GC heap before
{Heap before GC invocations=4 (full 0):
 garbage-first heap   total 129024K, used 34080K [0x0000000083600000, 0x0000000100000000)
  region size 1024K, 25 young (25600K), 7 survivors (7168K)
 Metaspace       used 35256K, capacity 35593K, committed 35708K, reserved 1081344K
  class space    used 4233K, capacity 4398K, committed 4476K, reserved 1048576K
}
Event: 1.896 GC heap after
{Heap after GC invocations=5 (full 0):
 garbage-first heap   total 129024K, used 20084K [0x0000000083600000, 0x0000000100000000)
  region size 1024K, 7 young (7168K), 7 survivors (7168K)
 Metaspace       used 35256K, capacity 35593K, committed 35708K, reserved 1081344K
  class space    used 4233K, capacity 4398K, committed 4476K, reserved 1048576K
}
Event: 2.467 GC heap before
{Heap before GC invocations=6 (full 0):
 garbage-first heap   total 129024K, used 50804K [0x0000000083600000, 0x0000000100000000)
  region size 1024K, 37 young (37888K), 7 survivors (7168K)
 Metaspace       used 39579K, capacity 40005K, committed 40316K, reserved 1085440K
  class space    used 4728K, capacity 4860K, committed 4988K, reserved 1048576K
}
Event: 2.484 GC heap after
{Heap after GC invocations=7 (full 0):
 garbage-first heap   total 155648K, used 25132K [0x0000000083600000, 0x0000000100000000)
  region size 1024K, 5 young (5120K), 5 survivors (5120K)
 Metaspace       used 39579K, capacity 40005K, committed 40316K, reserved 1085440K
  class space    used 4728K, capacity 4860K, committed 4988K, reserved 1048576K
}
Event: 3.359 GC heap before
{Heap before GC invocations=7 (full 0):
 garbage-first heap   total 155648K, used 87596K [0x0000000083600000, 0x0000000100000000)
  region size 1024K, 65 young (66560K), 5 survivors (5120K)
 Metaspace       used 44786K, capacity 45309K, committed 45436K, reserved 1089536K
  class space    used 5254K, capacity 5416K, committed 5500K, reserved 1048576K
}
Event: 3.373 GC heap after
{Heap after GC invocations=8 (full 0):
 garbage-first heap   total 155648K, used 33199K [0x0000000083600000, 0x0000000100000000)
  region size 1024K, 9 young (9216K), 9 survivors (9216K)
 Metaspace       used 44786K, capacity 45309K, committed 45436K, reserved 1089536K
  class space    used 5254K, capacity 5416K, committed 5500K, reserved 1048576K
}
Event: 4.924 GC heap before
{Heap before GC invocations=8 (full 0):
 garbage-first heap   total 155648K, used 95663K [0x0000000083600000, 0x0000000100000000)
  region size 1024K, 68 young (69632K), 9 survivors (9216K)
 Metaspace       used 50217K, capacity 50800K, committed 51068K, reserved 1093632K
  class space    used 5673K, capacity 5891K, committed 6012K, reserved 1048576K
}
Event: 4.947 GC heap after
{Heap after GC invocations=9 (full 0):
 garbage-first heap   total 155648K, used 46590K [0x0000000083600000, 0x0000000100000000)
  region size 1024K, 9 young (9216K), 9 survivors (9216K)
 Metaspace       used 50217K, capacity 50800K, committed 51068K, reserved 1093632K
  class space    used 5673K, capacity 5891K, committed 6012K, reserved 1048576K
}
Event: 5.471 GC heap before
{Heap before GC invocations=9 (full 0):
 garbage-first heap   total 155648K, used 102910K [0x0000000083600000, 0x0000000100000000)
  region size 1024K, 64 young (65536K), 9 survivors (9216K)
 Metaspace       used 50752K, capacity 51261K, committed 51580K, reserved 1095680K
  class space    used 5691K, capacity 5895K, committed 6012K, reserved 1048576K
}
Event: 5.500 GC heap after
{Heap after GC invocations=10 (full 0):
 garbage-first heap   total 155648K, used 56320K [0x0000000083600000, 0x0000000100000000)
  region size 1024K, 8 young (8192K), 8 survivors (8192K)
 Metaspace       used 50752K, capacity 51261K, committed 51580K, reserved 1095680K
  class space    used 5691K, capacity 5895K, committed 6012K, reserved 1048576K
}
Event: 5.767 GC heap before
{Heap before GC invocations=10 (full 0):
 garbage-first heap   total 155648K, used 108544K [0x0000000083600000, 0x0000000100000000)
  region size 1024K, 59 young (60416K), 8 survivors (8192K)
 Metaspace       used 50937K, capacity 51497K, committed 51580K, reserved 1095680K
  class space    used 5707K, capacity 5931K, committed 6012K, reserved 1048576K
}
Event: 5.793 GC heap after
{Heap after GC invocations=11 (full 0):
 garbage-first heap   total 210944K, used 62464K [0x0000000083600000, 0x0000000100000000)
  region size 1024K, 5 young (5120K), 5 survivors (5120K)
 Metaspace       used 50937K, capacity 51497K, committed 51580K, reserved 1095680K
  class space    used 5707K, capacity 5931K, committed 6012K, reserved 1048576K
}
Event: 6.962 GC heap before
{Heap before GC invocations=11 (full 0):
 garbage-first heap   total 210944K, used 131072K [0x0000000083600000, 0x0000000100000000)
  region size 1024K, 72 young (73728K), 5 survivors (5120K)
 Metaspace       used 55128K, capacity 55693K, committed 55932K, reserved 1099776K
  class space    used 6211K, capacity 6447K, committed 6524K, reserved 1048576K
}
Event: 6.977 GC heap after
{Heap after GC invocations=12 (full 0):
 garbage-first heap   total 210944K, used 67181K [0x0000000083600000, 0x0000000100000000)
  region size 1024K, 5 young (5120K), 5 survivors (5120K)
 Metaspace       used 55128K, capacity 55693K, committed 55932K, reserved 1099776K
  class space    used 6211K, capacity 6447K, committed 6524K, reserved 1048576K
}
Event: 8.849 GC heap before
{Heap before GC invocations=12 (full 0):
 garbage-first heap   total 210944K, used 140909K [0x0000000083600000, 0x0000000100000000)
  region size 1024K, 76 young (77824K), 5 survivors (5120K)
 Metaspace       used 57496K, capacity 58109K, committed 58236K, reserved 1101824K
  class space    used 6413K, capacity 6668K, committed 6780K, reserved 1048576K
}
Event: 8.864 GC heap after
{Heap after GC invocations=13 (full 0):
 garbage-first heap   total 210944K, used 73546K [0x0000000083600000, 0x0000000100000000)
  region size 1024K, 10 young (10240K), 10 survivors (10240K)
 Metaspace       used 57496K, capacity 58109K, committed 58236K, reserved 1101824K
  class space    used 6413K, capacity 6668K, committed 6780K, reserved 1048576K
}
Event: 10.699 GC heap before
{Heap before GC invocations=13 (full 0):
 garbage-first heap   total 210944K, used 148298K [0x0000000083600000, 0x0000000100000000)
  region size 1024K, 83 young (84992K), 10 survivors (10240K)
 Metaspace       used 57981K, capacity 58654K, committed 59004K, reserved 1101824K
  class space    used 6432K, capacity 6674K, committed 6780K, reserved 1048576K
}
Event: 10.725 GC heap after
{Heap after GC invocations=14 (full 0):
 garbage-first heap   total 210944K, used 79007K [0x0000000083600000, 0x0000000100000000)
  region size 1024K, 6 young (6144K), 6 survivors (6144K)
 Metaspace       used 57981K, capacity 58654K, committed 59004K, reserved 1101824K
  class space    used 6432K, capacity 6674K, committed 6780K, reserved 1048576K
}
Event: 12.368 GC heap before
{Heap before GC invocations=14 (full 0):
 garbage-first heap   total 210944K, used 154783K [0x0000000083600000, 0x0000000100000000)
  region size 1024K, 80 young (81920K), 6 survivors (6144K)
 Metaspace       used 58231K, capacity 58871K, committed 59004K, reserved 1101824K
  class space    used 6435K, capacity 6678K, committed 6780K, reserved 1048576K
}

