# JRE version: OpenJDK Runtime Environment (8.0_242-b01) (build 1.8.0_242-release-1644-b01)
# Java VM: OpenJDK 64-Bit Server VM (25.242-b01 mixed mode windows-amd64 compressed oops)
Heap:
 PSYoungGen      total 101376K, used 18395K [0x00000000d6780000, 0x00000000df180000, 0x0000000100000000)
  eden space 96256K, 19% used [0x00000000d6780000,0x00000000d7976db8,0x00000000dc580000)
  from space 5120K, 0% used [0x00000000de780000,0x00000000de780000,0x00000000dec80000)
  to   space 5120K, 0% used [0x00000000dec80000,0x00000000dec80000,0x00000000df180000)
 ParOldGen       total 65536K, used 19236K [0x0000000083600000, 0x0000000087600000, 0x00000000d6780000)
  object space 65536K, 29% used [0x0000000083600000,0x00000000848c9130,0x0000000087600000)
 Metaspace       used 34996K, capacity 35530K, committed 36008K, reserved 1081344K
  class space    used 4413K, capacity 4554K, committed 4656K, reserved 1048576K
GC Heap History (10 events):
Event: 0.928 GC heap before
{Heap before GC invocations=3 (full 0):
 PSYoungGen      total 70656K, used 26344K [0x00000000d6780000, 0x00000000db180000, 0x0000000100000000)
  eden space 65536K, 32% used [0x00000000d6780000,0x00000000d7c40f68,0x00000000da780000)
  from space 5120K, 99% used [0x00000000dac80000,0x00000000db1792c0,0x00000000db180000)
  to   space 5120K, 0% used [0x00000000da780000,0x00000000da780000,0x00000000dac80000)
 ParOldGen       total 86016K, used 7203K [0x0000000083600000, 0x0000000088a00000, 0x00000000d6780000)
  object space 86016K, 8% used [0x0000000083600000,0x0000000083d08eb8,0x0000000088a00000)
 Metaspace       used 20802K, capacity 21188K, committed 21296K, reserved 1069056K
  class space    used 2462K, capacity 2594K, committed 2608K, reserved 1048576K
Event: 0.933 GC heap after
Heap after GC invocations=3 (full 0):
 PSYoungGen      total 70656K, used 5111K [0x00000000d6780000, 0x00000000df180000, 0x0000000100000000)
  eden space 65536K, 0% used [0x00000000d6780000,0x00000000d6780000,0x00000000da780000)
  from space 5120K, 99% used [0x00000000da780000,0x00000000dac7ded8,0x00000000dac80000)
  to   space 5120K, 0% used [0x00000000dec80000,0x00000000dec80000,0x00000000df180000)
 ParOldGen       total 86016K, used 11826K [0x0000000083600000, 0x0000000088a00000, 0x00000000d6780000)
  object space 86016K, 13% used [0x0000000083600000,0x000000008418c820,0x0000000088a00000)
 Metaspace       used 20802K, capacity 21188K, committed 21296K, reserved 1069056K
  class space    used 2462K, capacity 2594K, committed 2608K, reserved 1048576K
}
Event: 0.933 GC heap before
{Heap before GC invocations=4 (full 1):
 PSYoungGen      total 70656K, used 5111K [0x00000000d6780000, 0x00000000df180000, 0x0000000100000000)
  eden space 65536K, 0% used [0x00000000d6780000,0x00000000d6780000,0x00000000da780000)
  from space 5120K, 99% used [0x00000000da780000,0x00000000dac7ded8,0x00000000dac80000)
  to   space 5120K, 0% used [0x00000000dec80000,0x00000000dec80000,0x00000000df180000)
 ParOldGen       total 86016K, used 11826K [0x0000000083600000, 0x0000000088a00000, 0x00000000d6780000)
  object space 86016K, 13% used [0x0000000083600000,0x000000008418c820,0x0000000088a00000)
 Metaspace       used 20802K, capacity 21188K, committed 21296K, reserved 1069056K
  class space    used 2462K, capacity 2594K, committed 2608K, reserved 1048576K
Event: 0.953 GC heap after
Heap after GC invocations=4 (full 1):
 PSYoungGen      total 70656K, used 0K [0x00000000d6780000, 0x00000000df180000, 0x0000000100000000)
  eden space 65536K, 0% used [0x00000000d6780000,0x00000000d6780000,0x00000000da780000)
  from space 5120K, 0% used [0x00000000da780000,0x00000000da780000,0x00000000dac80000)
  to   space 5120K, 0% used [0x00000000dec80000,0x00000000dec80000,0x00000000df180000)
 ParOldGen       total 65536K, used 9580K [0x0000000083600000, 0x0000000087600000, 0x00000000d6780000)
  object space 65536K, 14% used [0x0000000083600000,0x0000000083f5b200,0x0000000087600000)
 Metaspace       used 20802K, capacity 21188K, committed 21296K, reserved 1069056K
  class space    used 2462K, capacity 2594K, committed 2608K, reserved 1048576K
}
Event: 1.630 GC heap before
{Heap before GC invocations=5 (full 1):
 PSYoungGen      total 70656K, used 65536K [0x00000000d6780000, 0x00000000df180000, 0x0000000100000000)
  eden space 65536K, 100% used [0x00000000d6780000,0x00000000da780000,0x00000000da780000)
  from space 5120K, 0% used [0x00000000da780000,0x00000000da780000,0x00000000dac80000)
  to   space 5120K, 0% used [0x00000000dec80000,0x00000000dec80000,0x00000000df180000)
 ParOldGen       total 65536K, used 9580K [0x0000000083600000, 0x0000000087600000, 0x00000000d6780000)
  object space 65536K, 14% used [0x0000000083600000,0x0000000083f5b200,0x0000000087600000)
 Metaspace       used 29771K, capacity 30352K, committed 30640K, reserved 1077248K
  class space    used 3589K, capacity 3737K, committed 3760K, reserved 1048576K
Event: 1.641 GC heap after
Heap after GC invocations=5 (full 1):
 PSYoungGen      total 101376K, used 5090K [0x00000000d6780000, 0x00000000df180000, 0x0000000100000000)
  eden space 96256K, 0% used [0x00000000d6780000,0x00000000d6780000,0x00000000dc580000)
  from space 5120K, 99% used [0x00000000dec80000,0x00000000df178918,0x00000000df180000)
  to   space 5120K, 0% used [0x00000000de780000,0x00000000de780000,0x00000000dec80000)
 ParOldGen       total 65536K, used 20357K [0x0000000083600000, 0x0000000087600000, 0x00000000d6780000)
  object space 65536K, 31% used [0x0000000083600000,0x00000000849e1640,0x0000000087600000)
 Metaspace       used 29771K, capacity 30352K, committed 30640K, reserved 1077248K
  class space    used 3589K, capacity 3737K, committed 3760K, reserved 1048576K
}
Event: 1.931 GC heap before
{Heap before GC invocations=6 (full 1):
 PSYoungGen      total 101376K, used 29987K [0x00000000d6780000, 0x00000000df180000, 0x0000000100000000)
  eden space 96256K, 25% used [0x00000000d6780000,0x00000000d7fd03a0,0x00000000dc580000)
  from space 5120K, 99% used [0x00000000dec80000,0x00000000df178918,0x00000000df180000)
  to   space 5120K, 0% used [0x00000000de780000,0x00000000de780000,0x00000000dec80000)
 ParOldGen       total 65536K, used 20357K [0x0000000083600000, 0x0000000087600000, 0x00000000d6780000)
  object space 65536K, 31% used [0x0000000083600000,0x00000000849e1640,0x0000000087600000)
 Metaspace       used 34648K, capacity 35168K, committed 35496K, reserved 1081344K
  class space    used 4409K, capacity 4547K, committed 4656K, reserved 1048576K
Event: 1.938 GC heap after
Heap after GC invocations=6 (full 1):
 PSYoungGen      total 101376K, used 5099K [0x00000000d6780000, 0x00000000df180000, 0x0000000100000000)
  eden space 96256K, 0% used [0x00000000d6780000,0x00000000d6780000,0x00000000dc580000)
  from space 5120K, 99% used [0x00000000de780000,0x00000000dec7adc8,0x00000000dec80000)
  to   space 5120K, 0% used [0x00000000dec80000,0x00000000dec80000,0x00000000df180000)
 ParOldGen       total 65536K, used 26817K [0x0000000083600000, 0x0000000087600000, 0x00000000d6780000)
  object space 65536K, 40% used [0x0000000083600000,0x00000000850305c8,0x0000000087600000)
 Metaspace       used 34648K, capacity 35168K, committed 35496K, reserved 1081344K
  class space    used 4409K, capacity 4547K, committed 4656K, reserved 1048576K
}
Event: 1.938 GC heap before
{Heap before GC invocations=7 (full 2):
 PSYoungGen      total 101376K, used 5099K [0x00000000d6780000, 0x00000000df180000, 0x0000000100000000)
  eden space 96256K, 0% used [0x00000000d6780000,0x00000000d6780000,0x00000000dc580000)
  from space 5120K, 99% used [0x00000000de780000,0x00000000dec7adc8,0x00000000dec80000)
  to   space 5120K, 0% used [0x00000000dec80000,0x00000000dec80000,0x00000000df180000)
 ParOldGen       total 65536K, used 26817K [0x0000000083600000, 0x0000000087600000, 0x00000000d6780000)
  object space 65536K, 40% used [0x0000000083600000,0x00000000850305c8,0x0000000087600000)
 Metaspace       used 34648K, capacity 35168K, committed 35496K, reserved 1081344K
  class space    used 4409K, capacity 4547K, committed 4656K, reserved 1048576K
Event: 1.979 GC heap after
Heap after GC invocations=7 (full 2):
 PSYoungGen      total 101376K, used 0K [0x00000000d6780000, 0x00000000df180000, 0x0000000100000000)
  eden space 96256K, 0% used [0x00000000d6780000,0x00000000d6780000,0x00000000dc580000)
  from space 5120K, 0% used [0x00000000de780000,0x00000000de780000,0x00000000dec80000)
  to   space 5120K, 0% used [0x00000000dec80000,0x00000000dec80000,0x00000000df180000)
 ParOldGen       total 65536K, used 19236K [0x0000000083600000, 0x0000000087600000, 0x00000000d6780000)
  object space 65536K, 29% used [0x0000000083600000,0x00000000848c9130,0x0000000087600000)
 Metaspace       used 34648K, capacity 35168K, committed 35496K, reserved 1081344K
  class space    used 4409K, capacity 4547K, committed 4656K, reserved 1048576K
}

