# JRE version: OpenJDK Runtime Environment (11.0.8+10) (build 11.0.8+10-b944.6842174)
# Java VM: OpenJDK 64-Bit Server VM (11.0.8+10-b944.6842174, mixed mode, tiered, compressed oops, g1 gc, windows-amd64)
Heap:
 garbage-first heap   total 209920K, used 64000K [0x0000000083600000, 0x0000000100000000)
  region size 1024K, 4 young (4096K), 4 survivors (4096K)
 Metaspace       used 50932K, capacity 51497K, committed 51632K, reserved 1095680K
  class space    used 5706K, capacity 5931K, committed 6064K, reserved 1048576K
GC Heap History (17 events):
Event: 0.442 GC heap before
{Heap before GC invocations=0 (full 0):
 garbage-first heap   total 129024K, used 27648K [0x0000000083600000, 0x0000000100000000)
  region size 1024K, 24 young (24576K), 0 survivors (0K)
 Metaspace       used 12515K, capacity 12622K, committed 12800K, reserved 1060864K
  class space    used 1207K, capacity 1248K, committed 1280K, reserved 1048576K
}
Event: 0.446 GC heap after
{Heap after GC invocations=1 (full 0):
 garbage-first heap   total 129024K, used 6263K [0x0000000083600000, 0x0000000100000000)
  region size 1024K, 3 young (3072K), 3 survivors (3072K)
 Metaspace       used 12515K, capacity 12622K, committed 12800K, reserved 1060864K
  class space    used 1207K, capacity 1248K, committed 1280K, reserved 1048576K
}
Event: 0.922 GC heap before
{Heap before GC invocations=1 (full 0):
 garbage-first heap   total 129024K, used 40055K [0x0000000083600000, 0x0000000100000000)
  region size 1024K, 37 young (37888K), 3 survivors (3072K)
 Metaspace       used 20862K, capacity 21126K, committed 21296K, reserved 1069056K
  class space    used 2235K, capacity 2317K, committed 2352K, reserved 1048576K
}
Event: 0.927 GC heap after
{Heap after GC invocations=2 (full 0):
 garbage-first heap   total 129024K, used 9453K [0x0000000083600000, 0x0000000100000000)
  region size 1024K, 7 young (7168K), 7 survivors (7168K)
 Metaspace       used 20862K, capacity 21126K, committed 21296K, reserved 1069056K
  class space    used 2235K, capacity 2317K, committed 2352K, reserved 1048576K
}
Event: 1.838 GC heap before
{Heap before GC invocations=3 (full 0):
 garbage-first heap   total 129024K, used 63725K [0x0000000083600000, 0x0000000100000000)
  region size 1024K, 54 young (55296K), 7 survivors (7168K)
 Metaspace       used 30955K, capacity 31333K, committed 31536K, reserved 1077248K
  class space    used 3453K, capacity 3597K, committed 3632K, reserved 1048576K
}
Event: 1.852 GC heap after
{Heap after GC invocations=4 (full 0):
 garbage-first heap   total 129024K, used 17876K [0x0000000083600000, 0x0000000100000000)
  region size 1024K, 7 young (7168K), 7 survivors (7168K)
 Metaspace       used 30955K, capacity 31333K, committed 31536K, reserved 1077248K
  class space    used 3453K, capacity 3597K, committed 3632K, reserved 1048576K
}
Event: 2.038 GC heap before
{Heap before GC invocations=4 (full 0):
 garbage-first heap   total 129024K, used 36308K [0x0000000083600000, 0x0000000100000000)
  region size 1024K, 26 young (26624K), 7 survivors (7168K)
 Metaspace       used 35178K, capacity 35501K, committed 35632K, reserved 1081344K
  class space    used 4210K, capacity 4366K, committed 4400K, reserved 1048576K
}
Event: 2.050 GC heap after
{Heap after GC invocations=5 (full 0):
 garbage-first heap   total 129024K, used 19928K [0x0000000083600000, 0x0000000100000000)
  region size 1024K, 2 young (2048K), 2 survivors (2048K)
 Metaspace       used 35178K, capacity 35501K, committed 35632K, reserved 1081344K
  class space    used 4210K, capacity 4366K, committed 4400K, reserved 1048576K
}
Event: 2.837 GC heap before
{Heap before GC invocations=6 (full 0):
 garbage-first heap   total 129024K, used 68056K [0x0000000083600000, 0x0000000100000000)
  region size 1024K, 49 young (50176K), 2 survivors (2048K)
 Metaspace       used 41799K, capacity 42264K, committed 42544K, reserved 1087488K
  class space    used 4996K, capacity 5139K, committed 5168K, reserved 1048576K
}
Event: 2.846 GC heap after
{Heap after GC invocations=7 (full 0):
 garbage-first heap   total 155648K, used 28035K [0x0000000083600000, 0x0000000100000000)
  region size 1024K, 7 young (7168K), 7 survivors (7168K)
 Metaspace       used 41799K, capacity 42264K, committed 42544K, reserved 1087488K
  class space    used 4996K, capacity 5139K, committed 5168K, reserved 1048576K
}
Event: 3.911 GC heap before
{Heap before GC invocations=7 (full 0):
 garbage-first heap   total 155648K, used 86403K [0x0000000083600000, 0x0000000100000000)
  region size 1024K, 63 young (64512K), 7 survivors (7168K)
 Metaspace       used 46268K, capacity 46778K, committed 46896K, reserved 1091584K
  class space    used 5407K, capacity 5585K, committed 5680K, reserved 1048576K
}
Event: 3.938 GC heap after
{Heap after GC invocations=8 (full 0):
 garbage-first heap   total 155648K, used 36222K [0x0000000083600000, 0x0000000100000000)
  region size 1024K, 8 young (8192K), 8 survivors (8192K)
 Metaspace       used 46268K, capacity 46778K, committed 46896K, reserved 1091584K
  class space    used 5407K, capacity 5585K, committed 5680K, reserved 1048576K
}
Event: 5.613 GC heap before
{Heap before GC invocations=8 (full 0):
 garbage-first heap   total 155648K, used 96638K [0x0000000083600000, 0x0000000100000000)
  region size 1024K, 65 young (66560K), 8 survivors (8192K)
 Metaspace       used 50454K, capacity 50994K, committed 51248K, reserved 1095680K
  class space    used 5673K, capacity 5891K, committed 5936K, reserved 1048576K
}
Event: 5.653 GC heap after
{Heap after GC invocations=9 (full 0):
 garbage-first heap   total 155648K, used 48937K [0x0000000083600000, 0x0000000100000000)
  region size 1024K, 9 young (9216K), 9 survivors (9216K)
 Metaspace       used 50454K, capacity 50994K, committed 51248K, reserved 1095680K
  class space    used 5673K, capacity 5891K, committed 5936K, reserved 1048576K
}
Event: 6.136 GC heap before
{Heap before GC invocations=9 (full 0):
 garbage-first heap   total 155648K, used 104233K [0x0000000083600000, 0x0000000100000000)
  region size 1024K, 63 young (64512K), 9 survivors (9216K)
 Metaspace       used 50763K, capacity 51261K, committed 51504K, reserved 1095680K
  class space    used 5689K, capacity 5895K, committed 5936K, reserved 1048576K
}
Event: 6.156 GC heap after
{Heap after GC invocations=10 (full 0):
 garbage-first heap   total 155648K, used 59392K [0x0000000083600000, 0x0000000100000000)
  region size 1024K, 8 young (8192K), 8 survivors (8192K)
 Metaspace       used 50763K, capacity 51261K, committed 51504K, reserved 1095680K
  class space    used 5689K, capacity 5895K, committed 5936K, reserved 1048576K
}
Event: 6.336 GC heap before
{Heap before GC invocations=10 (full 0):
 garbage-first heap   total 155648K, used 109568K [0x0000000083600000, 0x0000000100000000)
  region size 1024K, 57 young (58368K), 8 survivors (8192K)
 Metaspace       used 50932K, capacity 51497K, committed 51632K, reserved 1095680K
  class space    used 5706K, capacity 5931K, committed 6064K, reserved 1048576K
}

