# JRE version: OpenJDK Runtime Environment (8.0_242-b01) (build 1.8.0_242-release-1644-b01)
# Java VM: OpenJDK 64-Bit Server VM (25.242-b01 mixed mode windows-amd64 compressed oops)
Heap:
 PSYoungGen      total 248832K, used 107286K [0x00000000d5580000, 0x00000000e5880000, 0x0000000100000000)
  eden space 235520K, 45% used [0x00000000d5580000,0x00000000dbe45908,0x00000000e3b80000)
  from space 13312K, 0% used [0x00000000e4b80000,0x00000000e4b80000,0x00000000e5880000)
  to   space 14848K, 0% used [0x00000000e3b80000,0x00000000e3b80000,0x00000000e4a00000)
 ParOldGen       total 73728K, used 15233K [0x0000000080000000, 0x0000000084800000, 0x00000000d5580000)
  object space 73728K, 20% used [0x0000000080000000,0x0000000080ee04f8,0x0000000084800000)
 Metaspace       used 36514K, capacity 38126K, committed 38360K, reserved 1083392K
  class space    used 5020K, capacity 5328K, committed 5376K, reserved 1048576K
GC Heap History (10 events):
Event: 2.254 GC heap before
{Heap before GC invocations=6 (full 0):
 PSYoungGen      total 70656K, used 7931K [0x00000000d5580000, 0x00000000ded80000, 0x0000000100000000)
  eden space 65536K, 4% used [0x00000000d5580000,0x00000000d5845eb8,0x00000000d9580000)
  from space 5120K, 99% used [0x00000000d9580000,0x00000000d9a79050,0x00000000d9a80000)
  to   space 12288K, 0% used [0x00000000de180000,0x00000000de180000,0x00000000ded80000)
 ParOldGen       total 86016K, used 9858K [0x0000000080000000, 0x0000000085400000, 0x00000000d5580000)
  object space 86016K, 11% used [0x0000000080000000,0x00000000809a0a38,0x0000000085400000)
 Metaspace       used 20503K, capacity 21204K, committed 21248K, reserved 1067008K
  class space    used 2860K, capacity 3048K, committed 3072K, reserved 1048576K
Event: 2.258 GC heap after
Heap after GC invocations=6 (full 0):
 PSYoungGen      total 142336K, used 5232K [0x00000000d5580000, 0x00000000dec80000, 0x0000000100000000)
  eden space 131072K, 0% used [0x00000000d5580000,0x00000000d5580000,0x00000000dd580000)
  from space 11264K, 46% used [0x00000000de180000,0x00000000de69c040,0x00000000dec80000)
  to   space 11776K, 0% used [0x00000000dd580000,0x00000000dd580000,0x00000000de100000)
 ParOldGen       total 86016K, used 9858K [0x0000000080000000, 0x0000000085400000, 0x00000000d5580000)
  object space 86016K, 11% used [0x0000000080000000,0x00000000809a0a38,0x0000000085400000)
 Metaspace       used 20503K, capacity 21204K, committed 21248K, reserved 1067008K
  class space    used 2860K, capacity 3048K, committed 3072K, reserved 1048576K
}
Event: 2.259 GC heap before
{Heap before GC invocations=7 (full 1):
 PSYoungGen      total 142336K, used 5232K [0x00000000d5580000, 0x00000000dec80000, 0x0000000100000000)
  eden space 131072K, 0% used [0x00000000d5580000,0x00000000d5580000,0x00000000dd580000)
  from space 11264K, 46% used [0x00000000de180000,0x00000000de69c040,0x00000000dec80000)
  to   space 11776K, 0% used [0x00000000dd580000,0x00000000dd580000,0x00000000de100000)
 ParOldGen       total 86016K, used 9858K [0x0000000080000000, 0x0000000085400000, 0x00000000d5580000)
  object space 86016K, 11% used [0x0000000080000000,0x00000000809a0a38,0x0000000085400000)
 Metaspace       used 20503K, capacity 21204K, committed 21248K, reserved 1067008K
  class space    used 2860K, capacity 3048K, committed 3072K, reserved 1048576K
Event: 2.285 GC heap after
Heap after GC invocations=7 (full 1):
 PSYoungGen      total 142336K, used 0K [0x00000000d5580000, 0x00000000dec80000, 0x0000000100000000)
  eden space 131072K, 0% used [0x00000000d5580000,0x00000000d5580000,0x00000000dd580000)
  from space 11264K, 0% used [0x00000000de180000,0x00000000de180000,0x00000000dec80000)
  to   space 11776K, 0% used [0x00000000dd580000,0x00000000dd580000,0x00000000de100000)
 ParOldGen       total 51200K, used 6680K [0x0000000080000000, 0x0000000083200000, 0x00000000d5580000)
  object space 51200K, 13% used [0x0000000080000000,0x0000000080686000,0x0000000083200000)
 Metaspace       used 20503K, capacity 21204K, committed 21248K, reserved 1067008K
  class space    used 2860K, capacity 3048K, committed 3072K, reserved 1048576K
}
Event: 3.068 GC heap before
{Heap before GC invocations=8 (full 1):
 PSYoungGen      total 142336K, used 131072K [0x00000000d5580000, 0x00000000dec80000, 0x0000000100000000)
  eden space 131072K, 100% used [0x00000000d5580000,0x00000000dd580000,0x00000000dd580000)
  from space 11264K, 0% used [0x00000000de180000,0x00000000de180000,0x00000000dec80000)
  to   space 11776K, 0% used [0x00000000dd580000,0x00000000dd580000,0x00000000de100000)
 ParOldGen       total 51200K, used 6680K [0x0000000080000000, 0x0000000083200000, 0x00000000d5580000)
  object space 51200K, 13% used [0x0000000080000000,0x0000000080686000,0x0000000083200000)
 Metaspace       used 32670K, capacity 33680K, committed 33920K, reserved 1079296K
  class space    used 4448K, capacity 4690K, committed 4736K, reserved 1048576K
Event: 3.077 GC heap after
Heap after GC invocations=8 (full 1):
 PSYoungGen      total 142848K, used 11747K [0x00000000d5580000, 0x00000000e5a00000, 0x0000000100000000)
  eden space 131072K, 0% used [0x00000000d5580000,0x00000000d5580000,0x00000000dd580000)
  from space 11776K, 99% used [0x00000000dd580000,0x00000000de0f8ef0,0x00000000de100000)
  to   space 14848K, 0% used [0x00000000e4b80000,0x00000000e4b80000,0x00000000e5a00000)
 ParOldGen       total 51200K, used 9188K [0x0000000080000000, 0x0000000083200000, 0x00000000d5580000)
  object space 51200K, 17% used [0x0000000080000000,0x00000000808f9288,0x0000000083200000)
 Metaspace       used 32670K, capacity 33680K, committed 33920K, reserved 1079296K
  class space    used 4448K, capacity 4690K, committed 4736K, reserved 1048576K
}
Event: 3.271 GC heap before
{Heap before GC invocations=9 (full 1):
 PSYoungGen      total 142848K, used 47864K [0x00000000d5580000, 0x00000000e5a00000, 0x0000000100000000)
  eden space 131072K, 27% used [0x00000000d5580000,0x00000000d78c5280,0x00000000dd580000)
  from space 11776K, 99% used [0x00000000dd580000,0x00000000de0f8ef0,0x00000000de100000)
  to   space 14848K, 0% used [0x00000000e4b80000,0x00000000e4b80000,0x00000000e5a00000)
 ParOldGen       total 51200K, used 9188K [0x0000000080000000, 0x0000000083200000, 0x00000000d5580000)
  object space 51200K, 17% used [0x0000000080000000,0x00000000808f9288,0x0000000083200000)
 Metaspace       used 34215K, capacity 35392K, committed 35416K, reserved 1079296K
  class space    used 4706K, capacity 4973K, committed 4992K, reserved 1048576K
Event: 3.278 GC heap after
Heap after GC invocations=9 (full 1):
 PSYoungGen      total 248832K, used 8903K [0x00000000d5580000, 0x00000000e5880000, 0x0000000100000000)
  eden space 235520K, 0% used [0x00000000d5580000,0x00000000d5580000,0x00000000e3b80000)
  from space 13312K, 66% used [0x00000000e4b80000,0x00000000e5431c18,0x00000000e5880000)
  to   space 14848K, 0% used [0x00000000e3b80000,0x00000000e3b80000,0x00000000e4a00000)
 ParOldGen       total 51200K, used 9196K [0x0000000080000000, 0x0000000083200000, 0x00000000d5580000)
  object space 51200K, 17% used [0x0000000080000000,0x00000000808fb288,0x0000000083200000)
 Metaspace       used 34215K, capacity 35392K, committed 35416K, reserved 1079296K
  class space    used 4706K, capacity 4973K, committed 4992K, reserved 1048576K
}
Event: 3.278 GC heap before
{Heap before GC invocations=10 (full 2):
 PSYoungGen      total 248832K, used 8903K [0x00000000d5580000, 0x00000000e5880000, 0x0000000100000000)
  eden space 235520K, 0% used [0x00000000d5580000,0x00000000d5580000,0x00000000e3b80000)
  from space 13312K, 66% used [0x00000000e4b80000,0x00000000e5431c18,0x00000000e5880000)
  to   space 14848K, 0% used [0x00000000e3b80000,0x00000000e3b80000,0x00000000e4a00000)
 ParOldGen       total 51200K, used 9196K [0x0000000080000000, 0x0000000083200000, 0x00000000d5580000)
  object space 51200K, 17% used [0x0000000080000000,0x00000000808fb288,0x0000000083200000)
 Metaspace       used 34215K, capacity 35392K, committed 35416K, reserved 1079296K
  class space    used 4706K, capacity 4973K, committed 4992K, reserved 1048576K
Event: 3.319 GC heap after
Heap after GC invocations=10 (full 2):
 PSYoungGen      total 248832K, used 0K [0x00000000d5580000, 0x00000000e5880000, 0x0000000100000000)
  eden space 235520K, 0% used [0x00000000d5580000,0x00000000d5580000,0x00000000e3b80000)
  from space 13312K, 0% used [0x00000000e4b80000,0x00000000e4b80000,0x00000000e5880000)
  to   space 14848K, 0% used [0x00000000e3b80000,0x00000000e3b80000,0x00000000e4a00000)
 ParOldGen       total 73728K, used 15233K [0x0000000080000000, 0x0000000084800000, 0x00000000d5580000)
  object space 73728K, 20% used [0x0000000080000000,0x0000000080ee04f8,0x0000000084800000)
 Metaspace       used 34215K, capacity 35392K, committed 35416K, reserved 1079296K
  class space    used 4706K, capacity 4973K, committed 4992K, reserved 1048576K
}

