# JRE version: OpenJDK Runtime Environment (11.0.8+10) (build 11.0.8+10-b944.6842174)
# Java VM: OpenJDK 64-Bit Server VM (11.0.8+10-b944.6842174, mixed mode, tiered, compressed oops, g1 gc, windows-amd64)
Heap:
 garbage-first heap   total 129024K, used 46715K [0x0000000083600000, 0x0000000100000000)
  region size 1024K, 29 young (29696K), 2 survivors (2048K)
 Metaspace       used 39564K, capacity 40005K, committed 40112K, reserved 1085440K
  class space    used 4727K, capacity 4860K, committed 4864K, reserved 1048576K
GC Heap History (8 events):
Event: 0.438 GC heap before
{Heap before GC invocations=0 (full 0):
 garbage-first heap   total 129024K, used 27648K [0x0000000083600000, 0x0000000100000000)
  region size 1024K, 24 young (24576K), 0 survivors (0K)
 Metaspace       used 12519K, capacity 12622K, committed 12800K, reserved 1060864K
  class space    used 1207K, capacity 1248K, committed 1280K, reserved 1048576K
}
Event: 0.443 GC heap after
{Heap after GC invocations=1 (full 0):
 garbage-first heap   total 129024K, used 6112K [0x0000000083600000, 0x0000000100000000)
  region size 1024K, 3 young (3072K), 3 survivors (3072K)
 Metaspace       used 12519K, capacity 12622K, committed 12800K, reserved 1060864K
  class space    used 1207K, capacity 1248K, committed 1280K, reserved 1048576K
}
Event: 0.907 GC heap before
{Heap before GC invocations=1 (full 0):
 garbage-first heap   total 129024K, used 40928K [0x0000000083600000, 0x0000000100000000)
  region size 1024K, 38 young (38912K), 3 survivors (3072K)
 Metaspace       used 20940K, capacity 21180K, committed 21296K, reserved 1069056K
  class space    used 2251K, capacity 2358K, committed 2432K, reserved 1048576K
}
Event: 0.913 GC heap after
{Heap after GC invocations=2 (full 0):
 garbage-first heap   total 129024K, used 9627K [0x0000000083600000, 0x0000000100000000)
  region size 1024K, 7 young (7168K), 7 survivors (7168K)
 Metaspace       used 20940K, capacity 21180K, committed 21296K, reserved 1069056K
  class space    used 2251K, capacity 2358K, committed 2432K, reserved 1048576K
}
Event: 1.641 GC heap before
{Heap before GC invocations=3 (full 0):
 garbage-first heap   total 129024K, used 63899K [0x0000000083600000, 0x0000000100000000)
  region size 1024K, 54 young (55296K), 7 survivors (7168K)
 Metaspace       used 30903K, capacity 31203K, committed 31536K, reserved 1077248K
  class space    used 3462K, capacity 3597K, committed 3712K, reserved 1048576K
}
Event: 1.655 GC heap after
{Heap after GC invocations=4 (full 0):
 garbage-first heap   total 129024K, used 17718K [0x0000000083600000, 0x0000000100000000)
  region size 1024K, 7 young (7168K), 7 survivors (7168K)
 Metaspace       used 30903K, capacity 31203K, committed 31536K, reserved 1077248K
  class space    used 3462K, capacity 3597K, committed 3712K, reserved 1048576K
}
Event: 1.859 GC heap before
{Heap before GC invocations=4 (full 0):
 garbage-first heap   total 129024K, used 37174K [0x0000000083600000, 0x0000000100000000)
  region size 1024K, 27 young (27648K), 7 survivors (7168K)
 Metaspace       used 35411K, capacity 35759K, committed 35888K, reserved 1081344K
  class space    used 4252K, capacity 4432K, committed 4480K, reserved 1048576K
}
Event: 1.870 GC heap after
{Heap after GC invocations=5 (full 0):
 garbage-first heap   total 129024K, used 20091K [0x0000000083600000, 0x0000000100000000)
  region size 1024K, 2 young (2048K), 2 survivors (2048K)
 Metaspace       used 35411K, capacity 35759K, committed 35888K, reserved 1081344K
  class space    used 4252K, capacity 4432K, committed 4480K, reserved 1048576K
}

