# JRE version: OpenJDK Runtime Environment (11.0.8+10) (build 11.0.8+10-b944.6842174)
# Java VM: OpenJDK 64-Bit Server VM (11.0.8+10-b944.6842174, mixed mode, tiered, compressed oops, g1 gc, windows-amd64)
Heap:
 garbage-first heap   total 438272K, used 316806K [0x0000000080000000, 0x0000000100000000)
  region size 1024K, 176 young (180224K), 3 survivors (3072K)
 Metaspace       used 107812K, capacity 111257K, committed 111488K, reserved 1146880K
  class space    used 13448K, capacity 14685K, committed 14720K, reserved 1048576K
GC Heap History (20 events):
Event: 3433.034 GC heap before
{Heap before GC invocations=72 (full 0):
 garbage-first heap   total 438272K, used 186252K [0x0000000080000000, 0x0000000100000000)
  region size 1024K, 88 young (90112K), 2 survivors (2048K)
 Metaspace       used 106295K, capacity 109175K, committed 109568K, reserved 1144832K
  class space    used 13226K, capacity 14313K, committed 14592K, reserved 1048576K
}
Event: 3433.041 GC heap after
{Heap after GC invocations=73 (full 0):
 garbage-first heap   total 438272K, used 103128K [0x0000000080000000, 0x0000000100000000)
  region size 1024K, 5 young (5120K), 5 survivors (5120K)
 Metaspace       used 106295K, capacity 109175K, committed 109568K, reserved 1144832K
  class space    used 13226K, capacity 14313K, committed 14592K, reserved 1048576K
}
Event: 3433.555 GC heap before
{Heap before GC invocations=74 (full 0):
 garbage-first heap   total 438272K, used 283352K [0x0000000080000000, 0x0000000100000000)
  region size 1024K, 154 young (157696K), 5 survivors (5120K)
 Metaspace       used 106300K, capacity 109176K, committed 109568K, reserved 1144832K
  class space    used 13226K, capacity 14313K, committed 14592K, reserved 1048576K
}
Event: 3433.611 GC heap after
{Heap after GC invocations=75 (full 0):
 garbage-first heap   total 438272K, used 174523K [0x0000000080000000, 0x0000000100000000)
  region size 1024K, 20 young (20480K), 20 survivors (20480K)
 Metaspace       used 106300K, capacity 109176K, committed 109568K, reserved 1144832K
  class space    used 13226K, capacity 14313K, committed 14592K, reserved 1048576K
}
Event: 3433.621 GC heap before
{Heap before GC invocations=75 (full 0):
 garbage-first heap   total 438272K, used 175547K [0x0000000080000000, 0x0000000100000000)
  region size 1024K, 21 young (21504K), 20 survivors (20480K)
 Metaspace       used 106300K, capacity 109176K, committed 109568K, reserved 1144832K
  class space    used 13226K, capacity 14313K, committed 14592K, reserved 1048576K
}
Event: 3433.659 GC heap after
{Heap after GC invocations=76 (full 0):
 garbage-first heap   total 438272K, used 174290K [0x0000000080000000, 0x0000000100000000)
  region size 1024K, 3 young (3072K), 3 survivors (3072K)
 Metaspace       used 106300K, capacity 109176K, committed 109568K, reserved 1144832K
  class space    used 13226K, capacity 14313K, committed 14592K, reserved 1048576K
}
Event: 3433.693 GC heap before
{Heap before GC invocations=76 (full 0):
 garbage-first heap   total 438272K, used 181458K [0x0000000080000000, 0x0000000100000000)
  region size 1024K, 11 young (11264K), 3 survivors (3072K)
 Metaspace       used 106300K, capacity 109176K, committed 109568K, reserved 1144832K
  class space    used 13226K, capacity 14313K, committed 14592K, reserved 1048576K
}
Event: 3433.701 GC heap after
{Heap after GC invocations=77 (full 0):
 garbage-first heap   total 438272K, used 175491K [0x0000000080000000, 0x0000000100000000)
  region size 1024K, 4 young (4096K), 4 survivors (4096K)
 Metaspace       used 106300K, capacity 109176K, committed 109568K, reserved 1144832K
  class space    used 13226K, capacity 14313K, committed 14592K, reserved 1048576K
}
Event: 3500.440 GC heap before
{Heap before GC invocations=78 (full 0):
 garbage-first heap   total 438272K, used 357763K [0x0000000080000000, 0x0000000100000000)
  region size 1024K, 123 young (125952K), 4 survivors (4096K)
 Metaspace       used 106366K, capacity 109258K, committed 109824K, reserved 1144832K
  class space    used 13227K, capacity 14316K, committed 14592K, reserved 1048576K
}
Event: 3500.453 GC heap after
{Heap after GC invocations=79 (full 0):
 garbage-first heap   total 438272K, used 196751K [0x0000000080000000, 0x0000000100000000)
  region size 1024K, 13 young (13312K), 13 survivors (13312K)
 Metaspace       used 106366K, capacity 109258K, committed 109824K, reserved 1144832K
  class space    used 13227K, capacity 14316K, committed 14592K, reserved 1048576K
}
Event: 3500.524 GC heap before
{Heap before GC invocations=79 (full 0):
 garbage-first heap   total 438272K, used 203919K [0x0000000080000000, 0x0000000100000000)
  region size 1024K, 21 young (21504K), 13 survivors (13312K)
 Metaspace       used 106519K, capacity 109508K, committed 109824K, reserved 1144832K
  class space    used 13251K, capacity 14360K, committed 14592K, reserved 1048576K
}
Event: 3500.536 GC heap after
{Heap after GC invocations=80 (full 0):
 garbage-first heap   total 438272K, used 196574K [0x0000000080000000, 0x0000000100000000)
  region size 1024K, 3 young (3072K), 3 survivors (3072K)
 Metaspace       used 106519K, capacity 109508K, committed 109824K, reserved 1144832K
  class space    used 13251K, capacity 14360K, committed 14592K, reserved 1048576K
}
Event: 3508.744 GC heap before
{Heap before GC invocations=80 (full 0):
 garbage-first heap   total 438272K, used 315358K [0x0000000080000000, 0x0000000100000000)
  region size 1024K, 120 young (122880K), 3 survivors (3072K)
 Metaspace       used 107593K, capacity 110931K, committed 111232K, reserved 1146880K
  class space    used 13414K, capacity 14622K, committed 14720K, reserved 1048576K
}
Event: 3508.757 GC heap after
{Heap after GC invocations=81 (full 0):
 garbage-first heap   total 438272K, used 201546K [0x0000000080000000, 0x0000000100000000)
  region size 1024K, 8 young (8192K), 8 survivors (8192K)
 Metaspace       used 107593K, capacity 110931K, committed 111232K, reserved 1146880K
  class space    used 13414K, capacity 14622K, committed 14720K, reserved 1048576K
}
Event: 3511.249 GC heap before
{Heap before GC invocations=82 (full 0):
 garbage-first heap   total 438272K, used 252746K [0x0000000080000000, 0x0000000100000000)
  region size 1024K, 129 young (132096K), 8 survivors (8192K)
 Metaspace       used 107774K, capacity 111179K, committed 111232K, reserved 1146880K
  class space    used 13446K, capacity 14681K, committed 14720K, reserved 1048576K
}
Event: 3511.259 GC heap after
{Heap after GC invocations=83 (full 0):
 garbage-first heap   total 438272K, used 132927K [0x0000000080000000, 0x0000000100000000)
  region size 1024K, 11 young (11264K), 11 survivors (11264K)
 Metaspace       used 107774K, capacity 111179K, committed 111232K, reserved 1146880K
  class space    used 13446K, capacity 14681K, committed 14720K, reserved 1048576K
}
Event: 3511.331 GC heap before
{Heap before GC invocations=83 (full 0):
 garbage-first heap   total 438272K, used 142143K [0x0000000080000000, 0x0000000100000000)
  region size 1024K, 21 young (21504K), 11 survivors (11264K)
 Metaspace       used 107789K, capacity 111245K, committed 111488K, reserved 1146880K
  class space    used 13446K, capacity 14681K, committed 14720K, reserved 1048576K
}
Event: 3511.343 GC heap after
{Heap after GC invocations=84 (full 0):
 garbage-first heap   total 438272K, used 101186K [0x0000000080000000, 0x0000000100000000)
  region size 1024K, 2 young (2048K), 2 survivors (2048K)
 Metaspace       used 107789K, capacity 111245K, committed 111488K, reserved 1146880K
  class space    used 13446K, capacity 14681K, committed 14720K, reserved 1048576K
}
Event: 3511.503 GC heap before
{Heap before GC invocations=84 (full 0):
 garbage-first heap   total 438272K, used 110402K [0x0000000080000000, 0x0000000100000000)
  region size 1024K, 12 young (12288K), 2 survivors (2048K)
 Metaspace       used 107807K, capacity 111257K, committed 111488K, reserved 1146880K
  class space    used 13448K, capacity 14685K, committed 14720K, reserved 1048576K
}
Event: 3511.509 GC heap after
{Heap after GC invocations=85 (full 0):
 garbage-first heap   total 438272K, used 102790K [0x0000000080000000, 0x0000000100000000)
  region size 1024K, 3 young (3072K), 3 survivors (3072K)
 Metaspace       used 107807K, capacity 111257K, committed 111488K, reserved 1146880K
  class space    used 13448K, capacity 14685K, committed 14720K, reserved 1048576K
}

