# JRE version: OpenJDK Runtime Environment (8.0_242-b01) (build 1.8.0_242-release-1644-b01)
# Java VM: OpenJDK 64-Bit Server VM (25.242-b01 mixed mode windows-amd64 compressed oops)
Heap:
 PSYoungGen      total 70656K, used 30778K [0x00000000d6780000, 0x00000000dce00000, 0x0000000100000000)
  eden space 65536K, 39% used [0x00000000d6780000,0x00000000d80918f0,0x00000000da780000)
  from space 5120K, 99% used [0x00000000da780000,0x00000000dac7d0c0,0x00000000dac80000)
  to   space 15872K, 0% used [0x00000000dbe80000,0x00000000dbe80000,0x00000000dce00000)
 ParOldGen       total 66048K, used 25254K [0x0000000083600000, 0x0000000087680000, 0x00000000d6780000)
  object space 66048K, 38% used [0x0000000083600000,0x0000000084ea98e8,0x0000000087680000)
 Metaspace       used 39868K, capacity 40560K, committed 40752K, reserved 1085440K
  class space    used 4920K, capacity 5083K, committed 5168K, reserved 1048576K
GC Heap History (10 events):
Event: 1.479 GC heap before
{Heap before GC invocations=5 (full 1):
 PSYoungGen      total 37888K, used 32768K [0x00000000d6780000, 0x00000000db180000, 0x0000000100000000)
  eden space 32768K, 100% used [0x00000000d6780000,0x00000000d8780000,0x00000000d8780000)
  from space 5120K, 0% used [0x00000000d8780000,0x00000000d8780000,0x00000000d8c80000)
  to   space 5120K, 0% used [0x00000000dac80000,0x00000000dac80000,0x00000000db180000)
 ParOldGen       total 66048K, used 9591K [0x0000000083600000, 0x0000000087680000, 0x00000000d6780000)
  object space 66048K, 14% used [0x0000000083600000,0x0000000083f5dfa8,0x0000000087680000)
 Metaspace       used 24423K, capacity 24919K, committed 25136K, reserved 1071104K
  class space    used 2908K, capacity 3061K, committed 3120K, reserved 1048576K
Event: 1.485 GC heap after
Heap after GC invocations=5 (full 1):
 PSYoungGen      total 53248K, used 5107K [0x00000000d6780000, 0x00000000db180000, 0x0000000100000000)
  eden space 48128K, 0% used [0x00000000d6780000,0x00000000d6780000,0x00000000d9680000)
  from space 5120K, 99% used [0x00000000dac80000,0x00000000db17cdc8,0x00000000db180000)
  to   space 5120K, 0% used [0x00000000da780000,0x00000000da780000,0x00000000dac80000)
 ParOldGen       total 66048K, used 11681K [0x0000000083600000, 0x0000000087680000, 0x00000000d6780000)
  object space 66048K, 17% used [0x0000000083600000,0x0000000084168758,0x0000000087680000)
 Metaspace       used 24423K, capacity 24919K, committed 25136K, reserved 1071104K
  class space    used 2908K, capacity 3061K, committed 3120K, reserved 1048576K
}
Event: 2.036 GC heap before
{Heap before GC invocations=6 (full 1):
 PSYoungGen      total 53248K, used 53235K [0x00000000d6780000, 0x00000000db180000, 0x0000000100000000)
  eden space 48128K, 100% used [0x00000000d6780000,0x00000000d9680000,0x00000000d9680000)
  from space 5120K, 99% used [0x00000000dac80000,0x00000000db17cdc8,0x00000000db180000)
  to   space 5120K, 0% used [0x00000000da780000,0x00000000da780000,0x00000000dac80000)
 ParOldGen       total 66048K, used 11681K [0x0000000083600000, 0x0000000087680000, 0x00000000d6780000)
  object space 66048K, 17% used [0x0000000083600000,0x0000000084168758,0x0000000087680000)
 Metaspace       used 32164K, capacity 32700K, committed 32944K, reserved 1077248K
  class space    used 4065K, capacity 4219K, committed 4272K, reserved 1048576K
Event: 2.053 GC heap after
Heap after GC invocations=6 (full 1):
 PSYoungGen      total 70656K, used 5090K [0x00000000d6780000, 0x00000000dce00000, 0x0000000100000000)
  eden space 65536K, 0% used [0x00000000d6780000,0x00000000d6780000,0x00000000da780000)
  from space 5120K, 99% used [0x00000000da780000,0x00000000dac78918,0x00000000dac80000)
  to   space 15872K, 0% used [0x00000000dbe80000,0x00000000dbe80000,0x00000000dce00000)
 ParOldGen       total 66048K, used 22729K [0x0000000083600000, 0x0000000087680000, 0x00000000d6780000)
  object space 66048K, 34% used [0x0000000083600000,0x0000000084c324d8,0x0000000087680000)
 Metaspace       used 32164K, capacity 32700K, committed 32944K, reserved 1077248K
  class space    used 4065K, capacity 4219K, committed 4272K, reserved 1048576K
}
Event: 2.253 GC heap before
{Heap before GC invocations=7 (full 1):
 PSYoungGen      total 70656K, used 16867K [0x00000000d6780000, 0x00000000dce00000, 0x0000000100000000)
  eden space 65536K, 17% used [0x00000000d6780000,0x00000000d7300530,0x00000000da780000)
  from space 5120K, 99% used [0x00000000da780000,0x00000000dac78918,0x00000000dac80000)
  to   space 15872K, 0% used [0x00000000dbe80000,0x00000000dbe80000,0x00000000dce00000)
 ParOldGen       total 66048K, used 22729K [0x0000000083600000, 0x0000000087680000, 0x00000000d6780000)
  object space 66048K, 34% used [0x0000000083600000,0x0000000084c324d8,0x0000000087680000)
 Metaspace       used 34649K, capacity 35168K, committed 35496K, reserved 1081344K
  class space    used 4407K, capacity 4547K, committed 4656K, reserved 1048576K
Event: 2.259 GC heap after
Heap after GC invocations=7 (full 1):
 PSYoungGen      total 81408K, used 8421K [0x00000000d6780000, 0x00000000dce00000, 0x0000000100000000)
  eden space 65536K, 0% used [0x00000000d6780000,0x00000000d6780000,0x00000000da780000)
  from space 15872K, 53% used [0x00000000dbe80000,0x00000000dc6b97b0,0x00000000dce00000)
  to   space 5120K, 0% used [0x00000000da780000,0x00000000da780000,0x00000000dac80000)
 ParOldGen       total 66048K, used 22737K [0x0000000083600000, 0x0000000087680000, 0x00000000d6780000)
  object space 66048K, 34% used [0x0000000083600000,0x0000000084c344d8,0x0000000087680000)
 Metaspace       used 34649K, capacity 35168K, committed 35496K, reserved 1081344K
  class space    used 4407K, capacity 4547K, committed 4656K, reserved 1048576K
}
Event: 2.259 GC heap before
{Heap before GC invocations=8 (full 2):
 PSYoungGen      total 81408K, used 8421K [0x00000000d6780000, 0x00000000dce00000, 0x0000000100000000)
  eden space 65536K, 0% used [0x00000000d6780000,0x00000000d6780000,0x00000000da780000)
  from space 15872K, 53% used [0x00000000dbe80000,0x00000000dc6b97b0,0x00000000dce00000)
  to   space 5120K, 0% used [0x00000000da780000,0x00000000da780000,0x00000000dac80000)
 ParOldGen       total 66048K, used 22737K [0x0000000083600000, 0x0000000087680000, 0x00000000d6780000)
  object space 66048K, 34% used [0x0000000083600000,0x0000000084c344d8,0x0000000087680000)
 Metaspace       used 34649K, capacity 35168K, committed 35496K, reserved 1081344K
  class space    used 4407K, capacity 4547K, committed 4656K, reserved 1048576K
Event: 2.299 GC heap after
Heap after GC invocations=8 (full 2):
 PSYoungGen      total 81408K, used 0K [0x00000000d6780000, 0x00000000dce00000, 0x0000000100000000)
  eden space 65536K, 0% used [0x00000000d6780000,0x00000000d6780000,0x00000000da780000)
  from space 15872K, 0% used [0x00000000dbe80000,0x00000000dbe80000,0x00000000dce00000)
  to   space 5120K, 0% used [0x00000000da780000,0x00000000da780000,0x00000000dac80000)
 ParOldGen       total 66048K, used 16904K [0x0000000083600000, 0x0000000087680000, 0x00000000d6780000)
  object space 66048K, 25% used [0x0000000083600000,0x00000000846821c8,0x0000000087680000)
 Metaspace       used 34649K, capacity 35168K, committed 35496K, reserved 1081344K
  class space    used 4407K, capacity 4547K, committed 4656K, reserved 1048576K
}
Event: 2.965 GC heap before
{Heap before GC invocations=9 (full 2):
 PSYoungGen      total 81408K, used 65536K [0x00000000d6780000, 0x00000000dce00000, 0x0000000100000000)
  eden space 65536K, 100% used [0x00000000d6780000,0x00000000da780000,0x00000000da780000)
  from space 15872K, 0% used [0x00000000dbe80000,0x00000000dbe80000,0x00000000dce00000)
  to   space 5120K, 0% used [0x00000000da780000,0x00000000da780000,0x00000000dac80000)
 ParOldGen       total 66048K, used 16904K [0x0000000083600000, 0x0000000087680000, 0x00000000d6780000)
  object space 66048K, 25% used [0x0000000083600000,0x00000000846821c8,0x0000000087680000)
 Metaspace       used 38654K, capacity 39296K, committed 39600K, reserved 1083392K
  class space    used 4855K, capacity 5003K, committed 5040K, reserved 1048576K
Event: 2.972 GC heap after
Heap after GC invocations=9 (full 2):
 PSYoungGen      total 70656K, used 5108K [0x00000000d6780000, 0x00000000dce00000, 0x0000000100000000)
  eden space 65536K, 0% used [0x00000000d6780000,0x00000000d6780000,0x00000000da780000)
  from space 5120K, 99% used [0x00000000da780000,0x00000000dac7d0c0,0x00000000dac80000)
  to   space 15872K, 0% used [0x00000000dbe80000,0x00000000dbe80000,0x00000000dce00000)
 ParOldGen       total 66048K, used 25254K [0x0000000083600000, 0x0000000087680000, 0x00000000d6780000)
  object space 66048K, 38% used [0x0000000083600000,0x0000000084ea98e8,0x0000000087680000)
 Metaspace       used 38654K, capacity 39296K, committed 39600K, reserved 1083392K
  class space    used 4855K, capacity 5003K, committed 5040K, reserved 1048576K
}

