# JRE version: OpenJDK Runtime Environment (8.0_242-b01) (build 1.8.0_242-release-1644-b01)
# Java VM: OpenJDK 64-Bit Server VM (25.242-b01 mixed mode windows-amd64 compressed oops)
Heap:
 PSYoungGen      total 382976K, used 160665K [0x00000000d5580000, 0x00000000f5b80000, 0x0000000100000000)
  eden space 318976K, 46% used [0x00000000d5580000,0x00000000de644e70,0x00000000e8d00000)
  from space 64000K, 19% used [0x00000000ede00000,0x00000000eea21880,0x00000000f1c80000)
  to   space 82944K, 0% used [0x00000000e8d00000,0x00000000e8d00000,0x00000000ede00000)
 ParOldGen       total 276480K, used 222904K [0x0000000080000000, 0x0000000090e00000, 0x00000000d5580000)
  object space 276480K, 80% used [0x0000000080000000,0x000000008d9ae188,0x0000000090e00000)
 Metaspace       used 103924K, capacity 109308K, committed 109592K, reserved 1144832K
  class space    used 13494K, capacity 14516K, committed 14640K, reserved 1048576K
GC Heap History (10 events):
Event: 269.105 GC heap before
{Heap before GC invocations=24 (full 4):
 PSYoungGen      total 366080K, used 347073K [0x00000000d5580000, 0x00000000f1c80000, 0x0000000100000000)
  eden space 305152K, 100% used [0x00000000d5580000,0x00000000e7f80000,0x00000000e7f80000)
  from space 60928K, 68% used [0x00000000e7f80000,0x00000000ea870578,0x00000000ebb00000)
  to   space 64000K, 0% used [0x00000000ede00000,0x00000000ede00000,0x00000000f1c80000)
 ParOldGen       total 276480K, used 141201K [0x0000000080000000, 0x0000000090e00000, 0x00000000d5580000)
  object space 276480K, 51% used [0x0000000080000000,0x00000000889e44e8,0x0000000090e00000)
 Metaspace       used 97217K, capacity 102274K, committed 102296K, reserved 1138688K
  class space    used 12767K, capacity 13725K, committed 13744K, reserved 1048576K
Event: 269.195 GC heap after
Heap after GC invocations=24 (full 4):
 PSYoungGen      total 369152K, used 63989K [0x00000000d5580000, 0x00000000f1c80000, 0x0000000100000000)
  eden space 305152K, 0% used [0x00000000d5580000,0x00000000d5580000,0x00000000e7f80000)
  from space 64000K, 99% used [0x00000000ede00000,0x00000000f1c7d780,0x00000000f1c80000)
  to   space 60928K, 0% used [0x00000000e7f80000,0x00000000e7f80000,0x00000000ebb00000)
 ParOldGen       total 276480K, used 178189K [0x0000000080000000, 0x0000000090e00000, 0x00000000d5580000)
  object space 276480K, 64% used [0x0000000080000000,0x000000008ae03488,0x0000000090e00000)
 Metaspace       used 97217K, capacity 102274K, committed 102296K, reserved 1138688K
  class space    used 12767K, capacity 13725K, committed 13744K, reserved 1048576K
}
Event: 314.853 GC heap before
{Heap before GC invocations=25 (full 4):
 PSYoungGen      total 369152K, used 369141K [0x00000000d5580000, 0x00000000f1c80000, 0x0000000100000000)
  eden space 305152K, 100% used [0x00000000d5580000,0x00000000e7f80000,0x00000000e7f80000)
  from space 64000K, 99% used [0x00000000ede00000,0x00000000f1c7d780,0x00000000f1c80000)
  to   space 60928K, 0% used [0x00000000e7f80000,0x00000000e7f80000,0x00000000ebb00000)
 ParOldGen       total 276480K, used 178189K [0x0000000080000000, 0x0000000090e00000, 0x00000000d5580000)
  object space 276480K, 64% used [0x0000000080000000,0x000000008ae03488,0x0000000090e00000)
 Metaspace       used 102916K, capacity 108132K, committed 108440K, reserved 1142784K
  class space    used 13439K, capacity 14424K, committed 14512K, reserved 1048576K
Event: 314.939 GC heap after
Heap after GC invocations=25 (full 4):
 PSYoungGen      total 366080K, used 41063K [0x00000000d5580000, 0x00000000f1c80000, 0x0000000100000000)
  eden space 305152K, 0% used [0x00000000d5580000,0x00000000d5580000,0x00000000e7f80000)
  from space 60928K, 67% used [0x00000000e7f80000,0x00000000ea799f98,0x00000000ebb00000)
  to   space 64000K, 0% used [0x00000000ede00000,0x00000000ede00000,0x00000000f1c80000)
 ParOldGen       total 276480K, used 192458K [0x0000000080000000, 0x0000000090e00000, 0x00000000d5580000)
  object space 276480K, 69% used [0x0000000080000000,0x000000008bbf2830,0x0000000090e00000)
 Metaspace       used 102916K, capacity 108132K, committed 108440K, reserved 1142784K
  class space    used 13439K, capacity 14424K, committed 14512K, reserved 1048576K
}
Event: 316.015 GC heap before
{Heap before GC invocations=26 (full 4):
 PSYoungGen      total 366080K, used 346215K [0x00000000d5580000, 0x00000000f1c80000, 0x0000000100000000)
  eden space 305152K, 100% used [0x00000000d5580000,0x00000000e7f80000,0x00000000e7f80000)
  from space 60928K, 67% used [0x00000000e7f80000,0x00000000ea799f98,0x00000000ebb00000)
  to   space 64000K, 0% used [0x00000000ede00000,0x00000000ede00000,0x00000000f1c80000)
 ParOldGen       total 276480K, used 192458K [0x0000000080000000, 0x0000000090e00000, 0x00000000d5580000)
  object space 276480K, 69% used [0x0000000080000000,0x000000008bbf2830,0x0000000090e00000)
 Metaspace       used 103430K, capacity 108730K, committed 108952K, reserved 1144832K
  class space    used 13448K, capacity 14429K, committed 14512K, reserved 1048576K
Event: 316.088 GC heap after
Heap after GC invocations=26 (full 4):
 PSYoungGen      total 382976K, used 40591K [0x00000000d5580000, 0x00000000f5b80000, 0x0000000100000000)
  eden space 318976K, 0% used [0x00000000d5580000,0x00000000d5580000,0x00000000e8d00000)
  from space 64000K, 63% used [0x00000000ede00000,0x00000000f05a3e88,0x00000000f1c80000)
  to   space 82944K, 0% used [0x00000000e8d00000,0x00000000e8d00000,0x00000000ede00000)
 ParOldGen       total 276480K, used 192466K [0x0000000080000000, 0x0000000090e00000, 0x00000000d5580000)
  object space 276480K, 69% used [0x0000000080000000,0x000000008bbf4830,0x0000000090e00000)
 Metaspace       used 103430K, capacity 108730K, committed 108952K, reserved 1144832K
  class space    used 13448K, capacity 14429K, committed 14512K, reserved 1048576K
}
Event: 316.995 GC heap before
{Heap before GC invocations=27 (full 4):
 PSYoungGen      total 382976K, used 359567K [0x00000000d5580000, 0x00000000f5b80000, 0x0000000100000000)
  eden space 318976K, 100% used [0x00000000d5580000,0x00000000e8d00000,0x00000000e8d00000)
  from space 64000K, 63% used [0x00000000ede00000,0x00000000f05a3e88,0x00000000f1c80000)
  to   space 82944K, 0% used [0x00000000e8d00000,0x00000000e8d00000,0x00000000ede00000)
 ParOldGen       total 276480K, used 192466K [0x0000000080000000, 0x0000000090e00000, 0x00000000d5580000)
  object space 276480K, 69% used [0x0000000080000000,0x000000008bbf4830,0x0000000090e00000)
 Metaspace       used 103631K, capacity 108912K, committed 109208K, reserved 1144832K
  class space    used 13459K, capacity 14438K, committed 14512K, reserved 1048576K
Event: 317.077 GC heap after
Heap after GC invocations=27 (full 4):
 PSYoungGen      total 401920K, used 31817K [0x00000000d5580000, 0x00000000f5b80000, 0x0000000100000000)
  eden space 318976K, 0% used [0x00000000d5580000,0x00000000d5580000,0x00000000e8d00000)
  from space 82944K, 38% used [0x00000000e8d00000,0x00000000eac12428,0x00000000ede00000)
  to   space 64000K, 0% used [0x00000000ede00000,0x00000000ede00000,0x00000000f1c80000)
 ParOldGen       total 276480K, used 199021K [0x0000000080000000, 0x0000000090e00000, 0x00000000d5580000)
  object space 276480K, 71% used [0x0000000080000000,0x000000008c25b6c0,0x0000000090e00000)
 Metaspace       used 103631K, capacity 108912K, committed 109208K, reserved 1144832K
  class space    used 13459K, capacity 14438K, committed 14512K, reserved 1048576K
}
Event: 318.060 GC heap before
{Heap before GC invocations=28 (full 4):
 PSYoungGen      total 401920K, used 350793K [0x00000000d5580000, 0x00000000f5b80000, 0x0000000100000000)
  eden space 318976K, 100% used [0x00000000d5580000,0x00000000e8d00000,0x00000000e8d00000)
  from space 82944K, 38% used [0x00000000e8d00000,0x00000000eac12428,0x00000000ede00000)
  to   space 64000K, 0% used [0x00000000ede00000,0x00000000ede00000,0x00000000f1c80000)
 ParOldGen       total 276480K, used 199021K [0x0000000080000000, 0x0000000090e00000, 0x00000000d5580000)
  object space 276480K, 71% used [0x0000000080000000,0x000000008c25b6c0,0x0000000090e00000)
 Metaspace       used 103714K, capacity 109008K, committed 109208K, reserved 1144832K
  class space    used 13467K, capacity 14442K, committed 14512K, reserved 1048576K
Event: 318.156 GC heap after
Heap after GC invocations=28 (full 4):
 PSYoungGen      total 382976K, used 12422K [0x00000000d5580000, 0x00000000f5b80000, 0x0000000100000000)
  eden space 318976K, 0% used [0x00000000d5580000,0x00000000d5580000,0x00000000e8d00000)
  from space 64000K, 19% used [0x00000000ede00000,0x00000000eea21880,0x00000000f1c80000)
  to   space 82944K, 0% used [0x00000000e8d00000,0x00000000e8d00000,0x00000000ede00000)
 ParOldGen       total 276480K, used 222904K [0x0000000080000000, 0x0000000090e00000, 0x00000000d5580000)
  object space 276480K, 80% used [0x0000000080000000,0x000000008d9ae188,0x0000000090e00000)
 Metaspace       used 103714K, capacity 109008K, committed 109208K, reserved 1144832K
  class space    used 13467K, capacity 14442K, committed 14512K, reserved 1048576K
}

