# JRE version: OpenJDK Runtime Environment (8.0_242-b01) (build 1.8.0_242-release-1644-b01)
# Java VM: OpenJDK 64-Bit Server VM (25.242-b01 mixed mode windows-amd64 compressed oops)
Heap:
 PSYoungGen      total 241152K, used 111377K [0x00000000d5580000, 0x00000000e6e80000, 0x0000000100000000)
  eden space 228352K, 43% used [0x00000000d5580000,0x00000000db5c9608,0x00000000e3480000)
  from space 12800K, 99% used [0x00000000e6200000,0x00000000e6e7adf8,0x00000000e6e80000)
  to   space 16384K, 0% used [0x00000000e4e80000,0x00000000e4e80000,0x00000000e5e80000)
 ParOldGen       total 81920K, used 18074K [0x0000000080000000, 0x0000000085000000, 0x00000000d5580000)
  object space 81920K, 22% used [0x0000000080000000,0x00000000811a69f0,0x0000000085000000)
 Metaspace       used 52330K, capacity 54478K, committed 54616K, reserved 1095680K
  class space    used 6977K, capacity 7455K, committed 7552K, reserved 1048576K
GC Heap History (10 events):
Event: 2.099 GC heap before
{Heap before GC invocations=6 (full 1):
 PSYoungGen      total 136192K, used 5108K [0x00000000d5580000, 0x00000000e6e80000, 0x0000000100000000)
  eden space 131072K, 0% used [0x00000000d5580000,0x00000000d5580000,0x00000000dd580000)
  from space 5120K, 99% used [0x00000000dd580000,0x00000000dda7d040,0x00000000dda80000)
  to   space 12800K, 0% used [0x00000000e6200000,0x00000000e6200000,0x00000000e6e80000)
 ParOldGen       total 86016K, used 10864K [0x0000000080000000, 0x0000000085400000, 0x00000000d5580000)
  object space 86016K, 12% used [0x0000000080000000,0x0000000080a9c2a0,0x0000000085400000)
 Metaspace       used 20499K, capacity 21204K, committed 21248K, reserved 1067008K
  class space    used 2859K, capacity 3048K, committed 3072K, reserved 1048576K
Event: 2.123 GC heap after
Heap after GC invocations=6 (full 1):
 PSYoungGen      total 136192K, used 0K [0x00000000d5580000, 0x00000000e6e80000, 0x0000000100000000)
  eden space 131072K, 0% used [0x00000000d5580000,0x00000000d5580000,0x00000000dd580000)
  from space 5120K, 0% used [0x00000000dd580000,0x00000000dd580000,0x00000000dda80000)
  to   space 12800K, 0% used [0x00000000e6200000,0x00000000e6200000,0x00000000e6e80000)
 ParOldGen       total 56832K, used 8871K [0x0000000080000000, 0x0000000083780000, 0x00000000d5580000)
  object space 56832K, 15% used [0x0000000080000000,0x00000000808a9d48,0x0000000083780000)
 Metaspace       used 20499K, capacity 21204K, committed 21248K, reserved 1067008K
  class space    used 2859K, capacity 3048K, committed 3072K, reserved 1048576K
}
Event: 2.901 GC heap before
{Heap before GC invocations=7 (full 1):
 PSYoungGen      total 136192K, used 131072K [0x00000000d5580000, 0x00000000e6e80000, 0x0000000100000000)
  eden space 131072K, 100% used [0x00000000d5580000,0x00000000dd580000,0x00000000dd580000)
  from space 5120K, 0% used [0x00000000dd580000,0x00000000dd580000,0x00000000dda80000)
  to   space 12800K, 0% used [0x00000000e6200000,0x00000000e6200000,0x00000000e6e80000)
 ParOldGen       total 56832K, used 8871K [0x0000000080000000, 0x0000000083780000, 0x00000000d5580000)
  object space 56832K, 15% used [0x0000000080000000,0x00000000808a9d48,0x0000000083780000)
 Metaspace       used 32664K, capacity 33712K, committed 33920K, reserved 1079296K
  class space    used 4455K, capacity 4722K, committed 4736K, reserved 1048576K
Event: 2.911 GC heap after
Heap after GC invocations=7 (full 1):
 PSYoungGen      total 241152K, used 12779K [0x00000000d5580000, 0x00000000e6e80000, 0x0000000100000000)
  eden space 228352K, 0% used [0x00000000d5580000,0x00000000d5580000,0x00000000e3480000)
  from space 12800K, 99% used [0x00000000e6200000,0x00000000e6e7ad48,0x00000000e6e80000)
  to   space 16384K, 0% used [0x00000000e4e80000,0x00000000e4e80000,0x00000000e5e80000)
 ParOldGen       total 56832K, used 10607K [0x0000000080000000, 0x0000000083780000, 0x00000000d5580000)
  object space 56832K, 18% used [0x0000000080000000,0x0000000080a5bd98,0x0000000083780000)
 Metaspace       used 32664K, capacity 33712K, committed 33920K, reserved 1079296K
  class space    used 4455K, capacity 4722K, committed 4736K, reserved 1048576K
}
Event: 3.081 GC heap before
{Heap before GC invocations=8 (full 1):
 PSYoungGen      total 241152K, used 51217K [0x00000000d5580000, 0x00000000e6e80000, 0x0000000100000000)
  eden space 228352K, 16% used [0x00000000d5580000,0x00000000d7b09948,0x00000000e3480000)
  from space 12800K, 99% used [0x00000000e6200000,0x00000000e6e7ad48,0x00000000e6e80000)
  to   space 16384K, 0% used [0x00000000e4e80000,0x00000000e4e80000,0x00000000e5e80000)
 ParOldGen       total 56832K, used 10607K [0x0000000080000000, 0x0000000083780000, 0x00000000d5580000)
  object space 56832K, 18% used [0x0000000080000000,0x0000000080a5bd98,0x0000000083780000)
 Metaspace       used 34209K, capacity 35392K, committed 35416K, reserved 1079296K
  class space    used 4712K, capacity 4973K, committed 4992K, reserved 1048576K
Event: 3.090 GC heap after
Heap after GC invocations=8 (full 1):
 PSYoungGen      total 244736K, used 8901K [0x00000000d5580000, 0x00000000e6e80000, 0x0000000100000000)
  eden space 228352K, 0% used [0x00000000d5580000,0x00000000d5580000,0x00000000e3480000)
  from space 16384K, 54% used [0x00000000e4e80000,0x00000000e5731760,0x00000000e5e80000)
  to   space 12800K, 0% used [0x00000000e6200000,0x00000000e6200000,0x00000000e6e80000)
 ParOldGen       total 56832K, used 10615K [0x0000000080000000, 0x0000000083780000, 0x00000000d5580000)
  object space 56832K, 18% used [0x0000000080000000,0x0000000080a5dd98,0x0000000083780000)
 Metaspace       used 34209K, capacity 35392K, committed 35416K, reserved 1079296K
  class space    used 4712K, capacity 4973K, committed 4992K, reserved 1048576K
}
Event: 3.090 GC heap before
{Heap before GC invocations=9 (full 2):
 PSYoungGen      total 244736K, used 8901K [0x00000000d5580000, 0x00000000e6e80000, 0x0000000100000000)
  eden space 228352K, 0% used [0x00000000d5580000,0x00000000d5580000,0x00000000e3480000)
  from space 16384K, 54% used [0x00000000e4e80000,0x00000000e5731760,0x00000000e5e80000)
  to   space 12800K, 0% used [0x00000000e6200000,0x00000000e6200000,0x00000000e6e80000)
 ParOldGen       total 56832K, used 10615K [0x0000000080000000, 0x0000000083780000, 0x00000000d5580000)
  object space 56832K, 18% used [0x0000000080000000,0x0000000080a5dd98,0x0000000083780000)
 Metaspace       used 34209K, capacity 35392K, committed 35416K, reserved 1079296K
  class space    used 4712K, capacity 4973K, committed 4992K, reserved 1048576K
Event: 3.153 GC heap after
Heap after GC invocations=9 (full 2):
 PSYoungGen      total 244736K, used 0K [0x00000000d5580000, 0x00000000e6e80000, 0x0000000100000000)
  eden space 228352K, 0% used [0x00000000d5580000,0x00000000d5580000,0x00000000e3480000)
  from space 16384K, 0% used [0x00000000e4e80000,0x00000000e4e80000,0x00000000e5e80000)
  to   space 12800K, 0% used [0x00000000e6200000,0x00000000e6200000,0x00000000e6e80000)
 ParOldGen       total 81920K, used 15174K [0x0000000080000000, 0x0000000085000000, 0x00000000d5580000)
  object space 81920K, 18% used [0x0000000080000000,0x0000000080ed1b48,0x0000000085000000)
 Metaspace       used 34209K, capacity 35392K, committed 35416K, reserved 1079296K
  class space    used 4712K, capacity 4973K, committed 4992K, reserved 1048576K
}
Event: 4.204 GC heap before
{Heap before GC invocations=10 (full 2):
 PSYoungGen      total 244736K, used 228352K [0x00000000d5580000, 0x00000000e6e80000, 0x0000000100000000)
  eden space 228352K, 100% used [0x00000000d5580000,0x00000000e3480000,0x00000000e3480000)
  from space 16384K, 0% used [0x00000000e4e80000,0x00000000e4e80000,0x00000000e5e80000)
  to   space 12800K, 0% used [0x00000000e6200000,0x00000000e6200000,0x00000000e6e80000)
 ParOldGen       total 81920K, used 15174K [0x0000000080000000, 0x0000000085000000, 0x00000000d5580000)
  object space 81920K, 18% used [0x0000000080000000,0x0000000080ed1b48,0x0000000085000000)
 Metaspace       used 45426K, capacity 47366K, committed 47448K, reserved 1089536K
  class space    used 6142K, capacity 6520K, committed 6528K, reserved 1048576K
Event: 4.214 GC heap after
Heap after GC invocations=10 (full 2):
 PSYoungGen      total 241152K, used 12779K [0x00000000d5580000, 0x00000000e6e80000, 0x0000000100000000)
  eden space 228352K, 0% used [0x00000000d5580000,0x00000000d5580000,0x00000000e3480000)
  from space 12800K, 99% used [0x00000000e6200000,0x00000000e6e7adf8,0x00000000e6e80000)
  to   space 16384K, 0% used [0x00000000e4e80000,0x00000000e4e80000,0x00000000e5e80000)
 ParOldGen       total 81920K, used 18074K [0x0000000080000000, 0x0000000085000000, 0x00000000d5580000)
  object space 81920K, 22% used [0x0000000080000000,0x00000000811a69f0,0x0000000085000000)
 Metaspace       used 45426K, capacity 47366K, committed 47448K, reserved 1089536K
  class space    used 6142K, capacity 6520K, committed 6528K, reserved 1048576K
}

