# JRE version: OpenJDK Runtime Environment (8.0_242-b01) (build 1.8.0_242-release-1644-b01)
# Java VM: OpenJDK 64-Bit Server VM (25.242-b01 mixed mode windows-amd64 compressed oops)
Heap:
 PSYoungGen      total 273408K, used 128736K [0x00000000d5580000, 0x00000000eac00000, 0x0000000100000000)
  eden space 250880K, 42% used [0x00000000d5580000,0x00000000dbd3d110,0x00000000e4a80000)
  from space 22528K, 99% used [0x00000000e4a80000,0x00000000e607b260,0x00000000e6080000)
  to   space 28672K, 0% used [0x00000000e9000000,0x00000000e9000000,0x00000000eac00000)
 ParOldGen       total 118272K, used 53071K [0x0000000080000000, 0x0000000087380000, 0x00000000d5580000)
  object space 118272K, 44% used [0x0000000080000000,0x00000000833d3f30,0x0000000087380000)
 Metaspace       used 86641K, capacity 91638K, committed 91736K, reserved 1128448K
  class space    used 11946K, capacity 12905K, committed 12928K, reserved 1048576K
GC Heap History (10 events):
Event: 6.116 GC heap before
{Heap before GC invocations=14 (full 2):
 PSYoungGen      total 183296K, used 67874K [0x00000000d5580000, 0x00000000e4500000, 0x0000000100000000)
  eden space 171008K, 32% used [0x00000000d5580000,0x00000000d8bcd4f0,0x00000000dfc80000)
  from space 12288K, 99% used [0x00000000dfc80000,0x00000000e087b310,0x00000000e0880000)
  to   space 18432K, 0% used [0x00000000e3300000,0x00000000e3300000,0x00000000e4500000)
 ParOldGen       total 76800K, used 30456K [0x0000000080000000, 0x0000000084b00000, 0x00000000d5580000)
  object space 76800K, 39% used [0x0000000080000000,0x0000000081dbe3d0,0x0000000084b00000)
 Metaspace       used 56519K, capacity 58892K, committed 59028K, reserved 1099776K
  class space    used 7668K, capacity 8161K, committed 8192K, reserved 1048576K
Event: 6.128 GC heap after
Heap after GC invocations=14 (full 2):
 PSYoungGen      total 227328K, used 6613K [0x00000000d5580000, 0x00000000e4c80000, 0x0000000100000000)
  eden space 208896K, 0% used [0x00000000d5580000,0x00000000d5580000,0x00000000e2180000)
  from space 18432K, 35% used [0x00000000e3300000,0x00000000e39754e8,0x00000000e4500000)
  to   space 17920K, 0% used [0x00000000e2180000,0x00000000e2180000,0x00000000e3300000)
 ParOldGen       total 76800K, used 42697K [0x0000000080000000, 0x0000000084b00000, 0x00000000d5580000)
  object space 76800K, 55% used [0x0000000080000000,0x00000000829b2600,0x0000000084b00000)
 Metaspace       used 56519K, capacity 58892K, committed 59028K, reserved 1099776K
  class space    used 7668K, capacity 8161K, committed 8192K, reserved 1048576K
}
Event: 6.128 GC heap before
{Heap before GC invocations=15 (full 3):
 PSYoungGen      total 227328K, used 6613K [0x00000000d5580000, 0x00000000e4c80000, 0x0000000100000000)
  eden space 208896K, 0% used [0x00000000d5580000,0x00000000d5580000,0x00000000e2180000)
  from space 18432K, 35% used [0x00000000e3300000,0x00000000e39754e8,0x00000000e4500000)
  to   space 17920K, 0% used [0x00000000e2180000,0x00000000e2180000,0x00000000e3300000)
 ParOldGen       total 76800K, used 42697K [0x0000000080000000, 0x0000000084b00000, 0x00000000d5580000)
  object space 76800K, 55% used [0x0000000080000000,0x00000000829b2600,0x0000000084b00000)
 Metaspace       used 56519K, capacity 58892K, committed 59028K, reserved 1099776K
  class space    used 7668K, capacity 8161K, committed 8192K, reserved 1048576K
Event: 6.249 GC heap after
Heap after GC invocations=15 (full 3):
 PSYoungGen      total 227328K, used 0K [0x00000000d5580000, 0x00000000e4c80000, 0x0000000100000000)
  eden space 208896K, 0% used [0x00000000d5580000,0x00000000d5580000,0x00000000e2180000)
  from space 18432K, 0% used [0x00000000e3300000,0x00000000e3300000,0x00000000e4500000)
  to   space 17920K, 0% used [0x00000000e2180000,0x00000000e2180000,0x00000000e3300000)
 ParOldGen       total 118272K, used 32973K [0x0000000080000000, 0x0000000087380000, 0x00000000d5580000)
  object space 118272K, 27% used [0x0000000080000000,0x0000000082033490,0x0000000087380000)
 Metaspace       used 56471K, capacity 58730K, committed 59028K, reserved 1099776K
  class space    used 7653K, capacity 8134K, committed 8192K, reserved 1048576K
}
Event: 7.983 GC heap before
{Heap before GC invocations=16 (full 3):
 PSYoungGen      total 227328K, used 208896K [0x00000000d5580000, 0x00000000e4c80000, 0x0000000100000000)
  eden space 208896K, 100% used [0x00000000d5580000,0x00000000e2180000,0x00000000e2180000)
  from space 18432K, 0% used [0x00000000e3300000,0x00000000e3300000,0x00000000e4500000)
  to   space 17920K, 0% used [0x00000000e2180000,0x00000000e2180000,0x00000000e3300000)
 ParOldGen       total 118272K, used 32973K [0x0000000080000000, 0x0000000087380000, 0x00000000d5580000)
  object space 118272K, 27% used [0x0000000080000000,0x0000000082033490,0x0000000087380000)
 Metaspace       used 66477K, capacity 69708K, committed 69976K, reserved 1110016K
  class space    used 9135K, capacity 9751K, committed 9856K, reserved 1048576K
Event: 8.003 GC heap after
Heap after GC invocations=16 (full 3):
 PSYoungGen      total 226816K, used 17894K [0x00000000d5580000, 0x00000000e7900000, 0x0000000100000000)
  eden space 208896K, 0% used [0x00000000d5580000,0x00000000d5580000,0x00000000e2180000)
  from space 17920K, 99% used [0x00000000e2180000,0x00000000e32f9be0,0x00000000e3300000)
  to   space 20992K, 0% used [0x00000000e6480000,0x00000000e6480000,0x00000000e7900000)
 ParOldGen       total 118272K, used 34168K [0x0000000080000000, 0x0000000087380000, 0x00000000d5580000)
  object space 118272K, 28% used [0x0000000080000000,0x000000008215e2f0,0x0000000087380000)
 Metaspace       used 66477K, capacity 69708K, committed 69976K, reserved 1110016K
  class space    used 9135K, capacity 9751K, committed 9856K, reserved 1048576K
}
Event: 10.588 GC heap before
{Heap before GC invocations=17 (full 3):
 PSYoungGen      total 226816K, used 226790K [0x00000000d5580000, 0x00000000e7900000, 0x0000000100000000)
  eden space 208896K, 100% used [0x00000000d5580000,0x00000000e2180000,0x00000000e2180000)
  from space 17920K, 99% used [0x00000000e2180000,0x00000000e32f9be0,0x00000000e3300000)
  to   space 20992K, 0% used [0x00000000e6480000,0x00000000e6480000,0x00000000e7900000)
 ParOldGen       total 118272K, used 34168K [0x0000000080000000, 0x0000000087380000, 0x00000000d5580000)
  object space 118272K, 28% used [0x0000000080000000,0x000000008215e2f0,0x0000000087380000)
 Metaspace       used 72094K, capacity 75596K, committed 75736K, reserved 1114112K
  class space    used 9776K, capacity 10479K, committed 10496K, reserved 1048576K
Event: 10.605 GC heap after
Heap after GC invocations=17 (full 3):
 PSYoungGen      total 269312K, used 16415K [0x00000000d5580000, 0x00000000e7680000, 0x0000000100000000)
  eden space 250880K, 0% used [0x00000000d5580000,0x00000000d5580000,0x00000000e4a80000)
  from space 18432K, 89% used [0x00000000e6480000,0x00000000e7487c18,0x00000000e7680000)
  to   space 22528K, 0% used [0x00000000e4a80000,0x00000000e4a80000,0x00000000e6080000)
 ParOldGen       total 118272K, used 45543K [0x0000000080000000, 0x0000000087380000, 0x00000000d5580000)
  object space 118272K, 38% used [0x0000000080000000,0x0000000082c79da0,0x0000000087380000)
 Metaspace       used 72094K, capacity 75596K, committed 75736K, reserved 1114112K
  class space    used 9776K, capacity 10479K, committed 10496K, reserved 1048576K
}
Event: 20.155 GC heap before
{Heap before GC invocations=18 (full 3):
 PSYoungGen      total 269312K, used 267295K [0x00000000d5580000, 0x00000000e7680000, 0x0000000100000000)
  eden space 250880K, 100% used [0x00000000d5580000,0x00000000e4a80000,0x00000000e4a80000)
  from space 18432K, 89% used [0x00000000e6480000,0x00000000e7487c18,0x00000000e7680000)
  to   space 22528K, 0% used [0x00000000e4a80000,0x00000000e4a80000,0x00000000e6080000)
 ParOldGen       total 118272K, used 45543K [0x0000000080000000, 0x0000000087380000, 0x00000000d5580000)
  object space 118272K, 38% used [0x0000000080000000,0x0000000082c79da0,0x0000000087380000)
 Metaspace       used 85584K, capacity 90384K, committed 90584K, reserved 1126400K
  class space    used 11766K, capacity 12712K, committed 12800K, reserved 1048576K
Event: 20.178 GC heap after
Heap after GC invocations=18 (full 3):
 PSYoungGen      total 273408K, used 22508K [0x00000000d5580000, 0x00000000eac00000, 0x0000000100000000)
  eden space 250880K, 0% used [0x00000000d5580000,0x00000000d5580000,0x00000000e4a80000)
  from space 22528K, 99% used [0x00000000e4a80000,0x00000000e607b260,0x00000000e6080000)
  to   space 28672K, 0% used [0x00000000e9000000,0x00000000e9000000,0x00000000eac00000)
 ParOldGen       total 118272K, used 53071K [0x0000000080000000, 0x0000000087380000, 0x00000000d5580000)
  object space 118272K, 44% used [0x0000000080000000,0x00000000833d3f30,0x0000000087380000)
 Metaspace       used 85584K, capacity 90384K, committed 90584K, reserved 1126400K
  class space    used 11766K, capacity 12712K, committed 12800K, reserved 1048576K
}

