# JRE version: OpenJDK Runtime Environment (8.0_242-b01) (build 1.8.0_242-release-1644-b01)
# Java VM: OpenJDK 64-Bit Server VM (25.242-b01 mixed mode windows-amd64 compressed oops)
Heap:
 PSYoungGen      total 417280K, used 29744K [0x00000000d5580000, 0x00000000f6300000, 0x0000000100000000)
  eden space 355328K, 2% used [0x00000000d5580000,0x00000000d5fc8328,0x00000000eb080000)
  from space 61952K, 31% used [0x00000000eb080000,0x00000000ec343e90,0x00000000eed00000)
  to   space 58880K, 0% used [0x00000000f2980000,0x00000000f2980000,0x00000000f6300000)
 ParOldGen       total 242176K, used 75542K [0x0000000080000000, 0x000000008ec80000, 0x00000000d5580000)
  object space 242176K, 31% used [0x0000000080000000,0x00000000849c5ab0,0x000000008ec80000)
 Metaspace       used 94298K, capacity 99290K, committed 102040K, reserved 1136640K
  class space    used 12364K, capacity 13327K, committed 14248K, reserved 1048576K
GC Heap History (10 events):
Event: 14.983 GC heap before
{Heap before GC invocations=22 (full 3):
 PSYoungGen      total 367616K, used 345275K [0x00000000d5580000, 0x00000000ee000000, 0x0000000100000000)
  eden space 334336K, 99% used [0x00000000d5580000,0x00000000e9bf5ea0,0x00000000e9c00000)
  from space 33280K, 32% used [0x00000000ebf80000,0x00000000eca38df8,0x00000000ee000000)
  to   space 34816K, 0% used [0x00000000e9c00000,0x00000000e9c00000,0x00000000ebe00000)
 ParOldGen       total 121856K, used 81213K [0x0000000080000000, 0x0000000087700000, 0x00000000d5580000)
  object space 121856K, 66% used [0x0000000080000000,0x0000000084f4f5a8,0x0000000087700000)
 Metaspace       used 86627K, capacity 93044K, committed 93336K, reserved 1128448K
  class space    used 12109K, capacity 13420K, committed 13480K, reserved 1048576K
Event: 14.996 GC heap after
Heap after GC invocations=22 (full 3):
 PSYoungGen      total 369152K, used 13423K [0x00000000d5580000, 0x00000000f0d80000, 0x0000000100000000)
  eden space 334336K, 0% used [0x00000000d5580000,0x00000000d5580000,0x00000000e9c00000)
  from space 34816K, 38% used [0x00000000e9c00000,0x00000000ea91bf90,0x00000000ebe00000)
  to   space 33280K, 0% used [0x00000000eed00000,0x00000000eed00000,0x00000000f0d80000)
 ParOldGen       total 121856K, used 81221K [0x0000000080000000, 0x0000000087700000, 0x00000000d5580000)
  object space 121856K, 66% used [0x0000000080000000,0x0000000084f515a8,0x0000000087700000)
 Metaspace       used 86627K, capacity 93044K, committed 93336K, reserved 1128448K
  class space    used 12109K, capacity 13420K, committed 13480K, reserved 1048576K
}
Event: 17.154 GC heap before
{Heap before GC invocations=23 (full 3):
 PSYoungGen      total 369152K, used 347759K [0x00000000d5580000, 0x00000000f0d80000, 0x0000000100000000)
  eden space 334336K, 100% used [0x00000000d5580000,0x00000000e9c00000,0x00000000e9c00000)
  from space 34816K, 38% used [0x00000000e9c00000,0x00000000ea91bf90,0x00000000ebe00000)
  to   space 33280K, 0% used [0x00000000eed00000,0x00000000eed00000,0x00000000f0d80000)
 ParOldGen       total 121856K, used 81221K [0x0000000080000000, 0x0000000087700000, 0x00000000d5580000)
  object space 121856K, 66% used [0x0000000080000000,0x0000000084f515a8,0x0000000087700000)
 Metaspace       used 87569K, capacity 94250K, committed 94488K, reserved 1130496K
  class space    used 12226K, capacity 13561K, committed 13608K, reserved 1048576K
Event: 17.388 GC heap after
Heap after GC invocations=23 (full 3):
 PSYoungGen      total 388608K, used 33276K [0x00000000d5580000, 0x00000000f5900000, 0x0000000100000000)
  eden space 355328K, 0% used [0x00000000d5580000,0x00000000d5580000,0x00000000eb080000)
  from space 33280K, 99% used [0x00000000eed00000,0x00000000f0d7f2e0,0x00000000f0d80000)
  to   space 61952K, 0% used [0x00000000eb080000,0x00000000eb080000,0x00000000eed00000)
 ParOldGen       total 146432K, used 146029K [0x0000000080000000, 0x0000000088f00000, 0x00000000d5580000)
  object space 146432K, 99% used [0x0000000080000000,0x0000000088e9b620,0x0000000088f00000)
 Metaspace       used 87569K, capacity 94250K, committed 94488K, reserved 1130496K
  class space    used 12226K, capacity 13561K, committed 13608K, reserved 1048576K
}
Event: 17.391 GC heap before
{Heap before GC invocations=24 (full 4):
 PSYoungGen      total 388608K, used 33276K [0x00000000d5580000, 0x00000000f5900000, 0x0000000100000000)
  eden space 355328K, 0% used [0x00000000d5580000,0x00000000d5580000,0x00000000eb080000)
  from space 33280K, 99% used [0x00000000eed00000,0x00000000f0d7f2e0,0x00000000f0d80000)
  to   space 61952K, 0% used [0x00000000eb080000,0x00000000eb080000,0x00000000eed00000)
 ParOldGen       total 146432K, used 146029K [0x0000000080000000, 0x0000000088f00000, 0x00000000d5580000)
  object space 146432K, 99% used [0x0000000080000000,0x0000000088e9b620,0x0000000088f00000)
 Metaspace       used 87569K, capacity 94250K, committed 94488K, reserved 1130496K
  class space    used 12226K, capacity 13561K, committed 13608K, reserved 1048576K
Event: 18.301 GC heap after
Heap after GC invocations=24 (full 4):
 PSYoungGen      total 388608K, used 0K [0x00000000d5580000, 0x00000000f5900000, 0x0000000100000000)
  eden space 355328K, 0% used [0x00000000d5580000,0x00000000d5580000,0x00000000eb080000)
  from space 33280K, 0% used [0x00000000eed00000,0x00000000eed00000,0x00000000f0d80000)
  to   space 61952K, 0% used [0x00000000eb080000,0x00000000eb080000,0x00000000eed00000)
 ParOldGen       total 146432K, used 141650K [0x0000000080000000, 0x0000000088f00000, 0x00000000d5580000)
  object space 146432K, 96% used [0x0000000080000000,0x0000000088a54af8,0x0000000088f00000)
 Metaspace       used 85978K, capacity 90572K, committed 94488K, reserved 1130496K
  class space    used 11653K, capacity 12528K, committed 13608K, reserved 1048576K
}
Event: 39.608 GC heap before
{Heap before GC invocations=25 (full 5):
 PSYoungGen      total 388608K, used 355328K [0x00000000d5580000, 0x00000000f5900000, 0x0000000100000000)
  eden space 355328K, 100% used [0x00000000d5580000,0x00000000eb080000,0x00000000eb080000)
  from space 33280K, 0% used [0x00000000eed00000,0x00000000eed00000,0x00000000f0d80000)
  to   space 61952K, 0% used [0x00000000eb080000,0x00000000eb080000,0x00000000eed00000)
 ParOldGen       total 146432K, used 141650K [0x0000000080000000, 0x0000000088f00000, 0x00000000d5580000)
  object space 146432K, 96% used [0x0000000080000000,0x0000000088a54af8,0x0000000088f00000)
 Metaspace       used 91616K, capacity 96426K, committed 99480K, reserved 1134592K
  class space    used 12147K, capacity 13079K, committed 13992K, reserved 1048576K
Event: 39.730 GC heap after
Heap after GC invocations=25 (full 5):
 PSYoungGen      total 388608K, used 0K [0x00000000d5580000, 0x00000000f5900000, 0x0000000100000000)
  eden space 355328K, 0% used [0x00000000d5580000,0x00000000d5580000,0x00000000eb080000)
  from space 33280K, 0% used [0x00000000eed00000,0x00000000eed00000,0x00000000f0d80000)
  to   space 61952K, 0% used [0x00000000eb080000,0x00000000eb080000,0x00000000eed00000)
 ParOldGen       total 242176K, used 75534K [0x0000000080000000, 0x000000008ec80000, 0x00000000d5580000)
  object space 242176K, 31% used [0x0000000080000000,0x00000000849c3ab0,0x000000008ec80000)
 Metaspace       used 91616K, capacity 96426K, committed 99480K, reserved 1134592K
  class space    used 12147K, capacity 13079K, committed 13992K, reserved 1048576K
}
Event: 62.875 GC heap before
{Heap before GC invocations=26 (full 5):
 PSYoungGen      total 388608K, used 355328K [0x00000000d5580000, 0x00000000f5900000, 0x0000000100000000)
  eden space 355328K, 100% used [0x00000000d5580000,0x00000000eb080000,0x00000000eb080000)
  from space 33280K, 0% used [0x00000000eed00000,0x00000000eed00000,0x00000000f0d80000)
  to   space 61952K, 0% used [0x00000000eb080000,0x00000000eb080000,0x00000000eed00000)
 ParOldGen       total 242176K, used 75534K [0x0000000080000000, 0x000000008ec80000, 0x00000000d5580000)
  object space 242176K, 31% used [0x0000000080000000,0x00000000849c3ab0,0x000000008ec80000)
 Metaspace       used 94259K, capacity 99274K, committed 102040K, reserved 1136640K
  class space    used 12363K, capacity 13325K, committed 14248K, reserved 1048576K
Event: 62.896 GC heap after
Heap after GC invocations=26 (full 5):
 PSYoungGen      total 417280K, used 19215K [0x00000000d5580000, 0x00000000f6300000, 0x0000000100000000)
  eden space 355328K, 0% used [0x00000000d5580000,0x00000000d5580000,0x00000000eb080000)
  from space 61952K, 31% used [0x00000000eb080000,0x00000000ec343e90,0x00000000eed00000)
  to   space 58880K, 0% used [0x00000000f2980000,0x00000000f2980000,0x00000000f6300000)
 ParOldGen       total 242176K, used 75542K [0x0000000080000000, 0x000000008ec80000, 0x00000000d5580000)
  object space 242176K, 31% used [0x0000000080000000,0x00000000849c5ab0,0x000000008ec80000)
 Metaspace       used 94259K, capacity 99274K, committed 102040K, reserved 1136640K
  class space    used 12363K, capacity 13325K, committed 14248K, reserved 1048576K
}

