# JRE version: OpenJDK Runtime Environment (8.0_242-b01) (build 1.8.0_242-release-1644-b01)
# Java VM: OpenJDK 64-Bit Server VM (25.242-b01 mixed mode windows-amd64 compressed oops)
Heap:
 PSYoungGen      total 268288K, used 82153K [0x00000000d5580000, 0x00000000ee100000, 0x0000000100000000)
  eden space 231936K, 35% used [0x00000000d5580000,0x00000000da5ba7c0,0x00000000e3800000)
  from space 36352K, 0% used [0x00000000e7600000,0x00000000e7600000,0x00000000e9980000)
  to   space 63488K, 0% used [0x00000000e3800000,0x00000000e3800000,0x00000000e7600000)
 ParOldGen       total 126464K, used 126136K [0x0000000080000000, 0x0000000087b80000, 0x00000000d5580000)
  object space 126464K, 99% used [0x0000000080000000,0x0000000087b2e040,0x0000000087b80000)
 Metaspace       used 88202K, capacity 92346K, committed 92952K, reserved 1130496K
  class space    used 11908K, capacity 12736K, committed 12840K, reserved 1048576K
GC Heap History (10 events):
Event: 16.433 GC heap before
{Heap before GC invocations=17 (full 3):
 PSYoungGen      total 217088K, used 215555K [0x00000000d5580000, 0x00000000e6400000, 0x0000000100000000)
  eden space 197120K, 100% used [0x00000000d5580000,0x00000000e1600000,0x00000000e1600000)
  from space 19968K, 92% used [0x00000000e1600000,0x00000000e2800c38,0x00000000e2980000)
  to   space 22016K, 0% used [0x00000000e4e80000,0x00000000e4e80000,0x00000000e6400000)
 ParOldGen       total 126464K, used 33796K [0x0000000080000000, 0x0000000087b80000, 0x00000000d5580000)
  object space 126464K, 26% used [0x0000000080000000,0x0000000082101188,0x0000000087b80000)
 Metaspace       used 70911K, capacity 74498K, committed 74648K, reserved 1114112K
  class space    used 9600K, capacity 10314K, committed 10408K, reserved 1048576K
Event: 16.464 GC heap after
Heap after GC invocations=17 (full 3):
 PSYoungGen      total 248320K, used 22007K [0x00000000d5580000, 0x00000000e6c00000, 0x0000000100000000)
  eden space 226304K, 0% used [0x00000000d5580000,0x00000000d5580000,0x00000000e3280000)
  from space 22016K, 99% used [0x00000000e4e80000,0x00000000e63fdcd8,0x00000000e6400000)
  to   space 28672K, 0% used [0x00000000e3280000,0x00000000e3280000,0x00000000e4e80000)
 ParOldGen       total 126464K, used 43256K [0x0000000080000000, 0x0000000087b80000, 0x00000000d5580000)
  object space 126464K, 34% used [0x0000000080000000,0x0000000082a3e1c8,0x0000000087b80000)
 Metaspace       used 70911K, capacity 74498K, committed 74648K, reserved 1114112K
  class space    used 9600K, capacity 10314K, committed 10408K, reserved 1048576K
}
Event: 19.649 GC heap before
{Heap before GC invocations=18 (full 3):
 PSYoungGen      total 248320K, used 248311K [0x00000000d5580000, 0x00000000e6c00000, 0x0000000100000000)
  eden space 226304K, 100% used [0x00000000d5580000,0x00000000e3280000,0x00000000e3280000)
  from space 22016K, 99% used [0x00000000e4e80000,0x00000000e63fdcd8,0x00000000e6400000)
  to   space 28672K, 0% used [0x00000000e3280000,0x00000000e3280000,0x00000000e4e80000)
 ParOldGen       total 126464K, used 43256K [0x0000000080000000, 0x0000000087b80000, 0x00000000d5580000)
  object space 126464K, 34% used [0x0000000080000000,0x0000000082a3e1c8,0x0000000087b80000)
 Metaspace       used 76588K, capacity 80432K, committed 80664K, reserved 1118208K
  class space    used 10306K, capacity 11047K, committed 11048K, reserved 1048576K
Event: 19.677 GC heap after
Heap after GC invocations=18 (full 3):
 PSYoungGen      total 254976K, used 28658K [0x00000000d5580000, 0x00000000e9980000, 0x0000000100000000)
  eden space 226304K, 0% used [0x00000000d5580000,0x00000000d5580000,0x00000000e3280000)
  from space 28672K, 99% used [0x00000000e3280000,0x00000000e4e7c970,0x00000000e4e80000)
  to   space 36352K, 0% used [0x00000000e7600000,0x00000000e7600000,0x00000000e9980000)
 ParOldGen       total 126464K, used 51664K [0x0000000080000000, 0x0000000087b80000, 0x00000000d5580000)
  object space 126464K, 40% used [0x0000000080000000,0x0000000083274308,0x0000000087b80000)
 Metaspace       used 76588K, capacity 80432K, committed 80664K, reserved 1118208K
  class space    used 10306K, capacity 11047K, committed 11048K, reserved 1048576K
}
Event: 21.991 GC heap before
{Heap before GC invocations=19 (full 3):
 PSYoungGen      total 254976K, used 254962K [0x00000000d5580000, 0x00000000e9980000, 0x0000000100000000)
  eden space 226304K, 100% used [0x00000000d5580000,0x00000000e3280000,0x00000000e3280000)
  from space 28672K, 99% used [0x00000000e3280000,0x00000000e4e7c970,0x00000000e4e80000)
  to   space 36352K, 0% used [0x00000000e7600000,0x00000000e7600000,0x00000000e9980000)
 ParOldGen       total 126464K, used 51664K [0x0000000080000000, 0x0000000087b80000, 0x00000000d5580000)
  object space 126464K, 40% used [0x0000000080000000,0x0000000083274308,0x0000000087b80000)
 Metaspace       used 82366K, capacity 86910K, committed 87192K, reserved 1124352K
  class space    used 11226K, capacity 12082K, committed 12200K, reserved 1048576K
Event: 22.150 GC heap after
Heap after GC invocations=19 (full 3):
 PSYoungGen      total 268288K, used 36338K [0x00000000d5580000, 0x00000000ee100000, 0x0000000100000000)
  eden space 231936K, 0% used [0x00000000d5580000,0x00000000d5580000,0x00000000e3800000)
  from space 36352K, 99% used [0x00000000e7600000,0x00000000e997c8b0,0x00000000e9980000)
  to   space 63488K, 0% used [0x00000000e3800000,0x00000000e3800000,0x00000000e7600000)
 ParOldGen       total 126464K, used 108581K [0x0000000080000000, 0x0000000087b80000, 0x00000000d5580000)
  object space 126464K, 85% used [0x0000000080000000,0x0000000086a09448,0x0000000087b80000)
 Metaspace       used 82366K, capacity 86910K, committed 87192K, reserved 1124352K
  class space    used 11226K, capacity 12082K, committed 12200K, reserved 1048576K
}
Event: 22.151 GC heap before
{Heap before GC invocations=20 (full 4):
 PSYoungGen      total 268288K, used 36338K [0x00000000d5580000, 0x00000000ee100000, 0x0000000100000000)
  eden space 231936K, 0% used [0x00000000d5580000,0x00000000d5580000,0x00000000e3800000)
  from space 36352K, 99% used [0x00000000e7600000,0x00000000e997c8b0,0x00000000e9980000)
  to   space 63488K, 0% used [0x00000000e3800000,0x00000000e3800000,0x00000000e7600000)
 ParOldGen       total 126464K, used 108581K [0x0000000080000000, 0x0000000087b80000, 0x00000000d5580000)
  object space 126464K, 85% used [0x0000000080000000,0x0000000086a09448,0x0000000087b80000)
 Metaspace       used 82366K, capacity 86910K, committed 87192K, reserved 1124352K
  class space    used 11226K, capacity 12082K, committed 12200K, reserved 1048576K
Event: 23.402 GC heap after
Heap after GC invocations=20 (full 4):
 PSYoungGen      total 268288K, used 0K [0x00000000d5580000, 0x00000000ee100000, 0x0000000100000000)
  eden space 231936K, 0% used [0x00000000d5580000,0x00000000d5580000,0x00000000e3800000)
  from space 36352K, 0% used [0x00000000e7600000,0x00000000e7600000,0x00000000e9980000)
  to   space 63488K, 0% used [0x00000000e3800000,0x00000000e3800000,0x00000000e7600000)
 ParOldGen       total 126464K, used 118578K [0x0000000080000000, 0x0000000087b80000, 0x00000000d5580000)
  object space 126464K, 93% used [0x0000000080000000,0x00000000873cca70,0x0000000087b80000)
 Metaspace       used 81960K, capacity 85768K, committed 87192K, reserved 1124352K
  class space    used 11100K, capacity 11859K, committed 12200K, reserved 1048576K
}
Event: 24.847 GC heap before
{Heap before GC invocations=21 (full 5):
 PSYoungGen      total 268288K, used 231936K [0x00000000d5580000, 0x00000000ee100000, 0x0000000100000000)
  eden space 231936K, 100% used [0x00000000d5580000,0x00000000e3800000,0x00000000e3800000)
  from space 36352K, 0% used [0x00000000e7600000,0x00000000e7600000,0x00000000e9980000)
  to   space 63488K, 0% used [0x00000000e3800000,0x00000000e3800000,0x00000000e7600000)
 ParOldGen       total 126464K, used 118578K [0x0000000080000000, 0x0000000087b80000, 0x00000000d5580000)
  object space 126464K, 93% used [0x0000000080000000,0x00000000873cca70,0x0000000087b80000)
 Metaspace       used 85867K, capacity 89872K, committed 90904K, reserved 1128448K
  class space    used 11573K, capacity 12392K, committed 12584K, reserved 1048576K
Event: 25.645 GC heap after
Heap after GC invocations=21 (full 5):
 PSYoungGen      total 268288K, used 11535K [0x00000000d5580000, 0x00000000ee100000, 0x0000000100000000)
  eden space 231936K, 4% used [0x00000000d5580000,0x00000000d60c3fb0,0x00000000e3800000)
  from space 36352K, 0% used [0x00000000e7600000,0x00000000e7600000,0x00000000e9980000)
  to   space 63488K, 0% used [0x00000000e3800000,0x00000000e3800000,0x00000000e7600000)
 ParOldGen       total 126464K, used 126136K [0x0000000080000000, 0x0000000087b80000, 0x00000000d5580000)
  object space 126464K, 99% used [0x0000000080000000,0x0000000087b2e040,0x0000000087b80000)
 Metaspace       used 85867K, capacity 89872K, committed 90904K, reserved 1128448K
  class space    used 11573K, capacity 12392K, committed 12584K, reserved 1048576K
}

