# JRE version: OpenJDK Runtime Environment (8.0_242-b01) (build 1.8.0_242-release-1644-b01)
# Java VM: OpenJDK 64-Bit Server VM (25.242-b01 mixed mode windows-amd64 compressed oops)
Heap:
 PSYoungGen      total 239104K, used 85763K [0x00000000d5580000, 0x00000000e5980000, 0x0000000100000000)
  eden space 220672K, 30% used [0x00000000d5580000,0x00000000d97447c0,0x00000000e2d00000)
  from space 18432K, 99% used [0x00000000e2d00000,0x00000000e3efc4c0,0x00000000e3f00000)
  to   space 18944K, 0% used [0x00000000e3f00000,0x00000000e3f00000,0x00000000e5180000)
 ParOldGen       total 73216K, used 34200K [0x0000000080000000, 0x0000000084780000, 0x00000000d5580000)
  object space 73216K, 46% used [0x0000000080000000,0x0000000082166260,0x0000000084780000)
 Metaspace       used 68085K, capacity 71558K, committed 71768K, reserved 1112064K
  class space    used 9366K, capacity 10014K, committed 10112K, reserved 1048576K
GC Heap History (10 events):
Event: 3.878 GC heap before
{Heap before GC invocations=12 (full 2):
 PSYoungGen      total 136704K, used 125440K [0x00000000d5580000, 0x00000000e1f00000, 0x0000000100000000)
  eden space 125440K, 100% used [0x00000000d5580000,0x00000000dd000000,0x00000000dd000000)
  from space 11264K, 0% used [0x00000000dd000000,0x00000000dd000000,0x00000000ddb00000)
  to   space 12800K, 0% used [0x00000000e1280000,0x00000000e1280000,0x00000000e1f00000)
 ParOldGen       total 73216K, used 18185K [0x0000000080000000, 0x0000000084780000, 0x00000000d5580000)
  object space 73216K, 24% used [0x0000000080000000,0x00000000811c2640,0x0000000084780000)
 Metaspace       used 37387K, capacity 39148K, committed 39384K, reserved 1083392K
  class space    used 5157K, capacity 5515K, committed 5632K, reserved 1048576K
Event: 3.883 GC heap after
Heap after GC invocations=12 (full 2):
 PSYoungGen      total 175616K, used 7713K [0x00000000d5580000, 0x00000000e1a80000, 0x0000000100000000)
  eden space 167424K, 0% used [0x00000000d5580000,0x00000000d5580000,0x00000000df900000)
  from space 8192K, 94% used [0x00000000e1280000,0x00000000e1a08778,0x00000000e1a80000)
  to   space 12800K, 0% used [0x00000000e0180000,0x00000000e0180000,0x00000000e0e00000)
 ParOldGen       total 73216K, used 18193K [0x0000000080000000, 0x0000000084780000, 0x00000000d5580000)
  object space 73216K, 24% used [0x0000000080000000,0x00000000811c4640,0x0000000084780000)
 Metaspace       used 37387K, capacity 39148K, committed 39384K, reserved 1083392K
  class space    used 5157K, capacity 5515K, committed 5632K, reserved 1048576K
}
Event: 5.057 GC heap before
{Heap before GC invocations=13 (full 2):
 PSYoungGen      total 175616K, used 175137K [0x00000000d5580000, 0x00000000e1a80000, 0x0000000100000000)
  eden space 167424K, 100% used [0x00000000d5580000,0x00000000df900000,0x00000000df900000)
  from space 8192K, 94% used [0x00000000e1280000,0x00000000e1a08778,0x00000000e1a80000)
  to   space 12800K, 0% used [0x00000000e0180000,0x00000000e0180000,0x00000000e0e00000)
 ParOldGen       total 73216K, used 18193K [0x0000000080000000, 0x0000000084780000, 0x00000000d5580000)
  object space 73216K, 24% used [0x0000000080000000,0x00000000811c4640,0x0000000084780000)
 Metaspace       used 52402K, capacity 54488K, committed 54616K, reserved 1095680K
  class space    used 6991K, capacity 7458K, committed 7552K, reserved 1048576K
Event: 5.078 GC heap after
Heap after GC invocations=13 (full 2):
 PSYoungGen      total 188928K, used 12798K [0x00000000d5580000, 0x00000000e5180000, 0x0000000100000000)
  eden space 176128K, 0% used [0x00000000d5580000,0x00000000d5580000,0x00000000e0180000)
  from space 12800K, 99% used [0x00000000e0180000,0x00000000e0dffa50,0x00000000e0e00000)
  to   space 18944K, 0% used [0x00000000e3f00000,0x00000000e3f00000,0x00000000e5180000)
 ParOldGen       total 73216K, used 30813K [0x0000000080000000, 0x0000000084780000, 0x00000000d5580000)
  object space 73216K, 42% used [0x0000000080000000,0x0000000081e17610,0x0000000084780000)
 Metaspace       used 52402K, capacity 54488K, committed 54616K, reserved 1095680K
  class space    used 6991K, capacity 7458K, committed 7552K, reserved 1048576K
}
Event: 5.564 GC heap before
{Heap before GC invocations=14 (full 2):
 PSYoungGen      total 188928K, used 58262K [0x00000000d5580000, 0x00000000e5180000, 0x0000000100000000)
  eden space 176128K, 25% used [0x00000000d5580000,0x00000000d81e5f58,0x00000000e0180000)
  from space 12800K, 99% used [0x00000000e0180000,0x00000000e0dffa50,0x00000000e0e00000)
  to   space 18944K, 0% used [0x00000000e3f00000,0x00000000e3f00000,0x00000000e5180000)
 ParOldGen       total 73216K, used 30813K [0x0000000080000000, 0x0000000084780000, 0x00000000d5580000)
  object space 73216K, 42% used [0x0000000080000000,0x0000000081e17610,0x0000000084780000)
 Metaspace       used 56709K, capacity 59020K, committed 59028K, reserved 1099776K
  class space    used 7693K, capacity 8189K, committed 8192K, reserved 1048576K
Event: 5.576 GC heap after
Heap after GC invocations=14 (full 2):
 PSYoungGen      total 239616K, used 5738K [0x00000000d5580000, 0x00000000e5980000, 0x0000000100000000)
  eden space 220672K, 0% used [0x00000000d5580000,0x00000000d5580000,0x00000000e2d00000)
  from space 18944K, 30% used [0x00000000e3f00000,0x00000000e449ab68,0x00000000e5180000)
  to   space 18432K, 0% used [0x00000000e2d00000,0x00000000e2d00000,0x00000000e3f00000)
 ParOldGen       total 73216K, used 40958K [0x0000000080000000, 0x0000000084780000, 0x00000000d5580000)
  object space 73216K, 55% used [0x0000000080000000,0x00000000827ffbd0,0x0000000084780000)
 Metaspace       used 56709K, capacity 59020K, committed 59028K, reserved 1099776K
  class space    used 7693K, capacity 8189K, committed 8192K, reserved 1048576K
}
Event: 5.576 GC heap before
{Heap before GC invocations=15 (full 3):
 PSYoungGen      total 239616K, used 5738K [0x00000000d5580000, 0x00000000e5980000, 0x0000000100000000)
  eden space 220672K, 0% used [0x00000000d5580000,0x00000000d5580000,0x00000000e2d00000)
  from space 18944K, 30% used [0x00000000e3f00000,0x00000000e449ab68,0x00000000e5180000)
  to   space 18432K, 0% used [0x00000000e2d00000,0x00000000e2d00000,0x00000000e3f00000)
 ParOldGen       total 73216K, used 40958K [0x0000000080000000, 0x0000000084780000, 0x00000000d5580000)
  object space 73216K, 55% used [0x0000000080000000,0x00000000827ffbd0,0x0000000084780000)
 Metaspace       used 56709K, capacity 59020K, committed 59028K, reserved 1099776K
  class space    used 7693K, capacity 8189K, committed 8192K, reserved 1048576K
Event: 5.734 GC heap after
Heap after GC invocations=15 (full 3):
 PSYoungGen      total 239616K, used 0K [0x00000000d5580000, 0x00000000e5980000, 0x0000000100000000)
  eden space 220672K, 0% used [0x00000000d5580000,0x00000000d5580000,0x00000000e2d00000)
  from space 18944K, 0% used [0x00000000e3f00000,0x00000000e3f00000,0x00000000e5180000)
  to   space 18432K, 0% used [0x00000000e2d00000,0x00000000e2d00000,0x00000000e3f00000)
 ParOldGen       total 73216K, used 33250K [0x0000000080000000, 0x0000000084780000, 0x00000000d5580000)
  object space 73216K, 45% used [0x0000000080000000,0x0000000082078b68,0x0000000084780000)
 Metaspace       used 56669K, capacity 58888K, committed 59028K, reserved 1099776K
  class space    used 7681K, capacity 8167K, committed 8192K, reserved 1048576K
}
Event: 7.453 GC heap before
{Heap before GC invocations=16 (full 3):
 PSYoungGen      total 239616K, used 220672K [0x00000000d5580000, 0x00000000e5980000, 0x0000000100000000)
  eden space 220672K, 100% used [0x00000000d5580000,0x00000000e2d00000,0x00000000e2d00000)
  from space 18944K, 0% used [0x00000000e3f00000,0x00000000e3f00000,0x00000000e5180000)
  to   space 18432K, 0% used [0x00000000e2d00000,0x00000000e2d00000,0x00000000e3f00000)
 ParOldGen       total 73216K, used 33250K [0x0000000080000000, 0x0000000084780000, 0x00000000d5580000)
  object space 73216K, 45% used [0x0000000080000000,0x0000000082078b68,0x0000000084780000)
 Metaspace       used 65912K, capacity 69328K, committed 69464K, reserved 1110016K
  class space    used 9076K, capacity 9751K, committed 9856K, reserved 1048576K
Event: 7.473 GC heap after
Heap after GC invocations=16 (full 3):
 PSYoungGen      total 239104K, used 18417K [0x00000000d5580000, 0x00000000e5980000, 0x0000000100000000)
  eden space 220672K, 0% used [0x00000000d5580000,0x00000000d5580000,0x00000000e2d00000)
  from space 18432K, 99% used [0x00000000e2d00000,0x00000000e3efc4c0,0x00000000e3f00000)
  to   space 18944K, 0% used [0x00000000e3f00000,0x00000000e3f00000,0x00000000e5180000)
 ParOldGen       total 73216K, used 34200K [0x0000000080000000, 0x0000000084780000, 0x00000000d5580000)
  object space 73216K, 46% used [0x0000000080000000,0x0000000082166260,0x0000000084780000)
 Metaspace       used 65912K, capacity 69328K, committed 69464K, reserved 1110016K
  class space    used 9076K, capacity 9751K, committed 9856K, reserved 1048576K
}

