# JRE version: OpenJDK Runtime Environment (8.0_242-b01) (build 1.8.0_242-release-1644-b01)
# Java VM: OpenJDK 64-Bit Server VM (25.242-b01 mixed mode windows-amd64 compressed oops)
Heap:
 PSYoungGen      total 176640K, used 8840K [0x00000000d5580000, 0x00000000e1800000, 0x0000000100000000)
  eden space 168448K, 5% used [0x00000000d5580000,0x00000000d5e22050,0x00000000dfa00000)
  from space 8192K, 0% used [0x00000000e1000000,0x00000000e1000000,0x00000000e1800000)
  to   space 12800K, 0% used [0x00000000dff00000,0x00000000dff00000,0x00000000e0b80000)
 ParOldGen       total 112640K, used 32704K [0x0000000080000000, 0x0000000086e00000, 0x00000000d5580000)
  object space 112640K, 29% used [0x0000000080000000,0x0000000081ff03b8,0x0000000086e00000)
 Metaspace       used 56787K, capacity 59098K, committed 59412K, reserved 1099776K
  class space    used 7710K, capacity 8208K, committed 8320K, reserved 1048576K
GC Heap History (10 events):
Event: 3.199 GC heap before
{Heap before GC invocations=11 (full 2):
 PSYoungGen      total 136704K, used 11252K [0x00000000d5580000, 0x00000000e1c80000, 0x0000000100000000)
  eden space 125440K, 0% used [0x00000000d5580000,0x00000000d5580000,0x00000000dd000000)
  from space 11264K, 99% used [0x00000000dd000000,0x00000000ddafd218,0x00000000ddb00000)
  to   space 12800K, 0% used [0x00000000e1000000,0x00000000e1000000,0x00000000e1c80000)
 ParOldGen       total 48128K, used 7395K [0x0000000080000000, 0x0000000082f00000, 0x00000000d5580000)
  object space 48128K, 15% used [0x0000000080000000,0x0000000080738f80,0x0000000082f00000)
 Metaspace       used 34218K, capacity 35392K, committed 35416K, reserved 1079296K
  class space    used 4705K, capacity 4973K, committed 4992K, reserved 1048576K
Event: 3.251 GC heap after
Heap after GC invocations=11 (full 2):
 PSYoungGen      total 136704K, used 0K [0x00000000d5580000, 0x00000000e1c80000, 0x0000000100000000)
  eden space 125440K, 0% used [0x00000000d5580000,0x00000000d5580000,0x00000000dd000000)
  from space 11264K, 0% used [0x00000000dd000000,0x00000000dd000000,0x00000000ddb00000)
  to   space 12800K, 0% used [0x00000000e1000000,0x00000000e1000000,0x00000000e1c80000)
 ParOldGen       total 73728K, used 18086K [0x0000000080000000, 0x0000000084800000, 0x00000000d5580000)
  object space 73728K, 24% used [0x0000000080000000,0x00000000811a9b40,0x0000000084800000)
 Metaspace       used 34218K, capacity 35392K, committed 35416K, reserved 1079296K
  class space    used 4705K, capacity 4973K, committed 4992K, reserved 1048576K
}
Event: 3.846 GC heap before
{Heap before GC invocations=12 (full 2):
 PSYoungGen      total 136704K, used 125440K [0x00000000d5580000, 0x00000000e1c80000, 0x0000000100000000)
  eden space 125440K, 100% used [0x00000000d5580000,0x00000000dd000000,0x00000000dd000000)
  from space 11264K, 0% used [0x00000000dd000000,0x00000000dd000000,0x00000000ddb00000)
  to   space 12800K, 0% used [0x00000000e1000000,0x00000000e1000000,0x00000000e1c80000)
 ParOldGen       total 73728K, used 18086K [0x0000000080000000, 0x0000000084800000, 0x00000000d5580000)
  object space 73728K, 24% used [0x0000000080000000,0x00000000811a9b40,0x0000000084800000)
 Metaspace       used 37528K, capacity 39268K, committed 39384K, reserved 1083392K
  class space    used 5172K, capacity 5551K, committed 5632K, reserved 1048576K
Event: 3.854 GC heap after
Heap after GC invocations=12 (full 2):
 PSYoungGen      total 176640K, used 7860K [0x00000000d5580000, 0x00000000e1800000, 0x0000000100000000)
  eden space 168448K, 0% used [0x00000000d5580000,0x00000000d5580000,0x00000000dfa00000)
  from space 8192K, 95% used [0x00000000e1000000,0x00000000e17ad168,0x00000000e1800000)
  to   space 12800K, 0% used [0x00000000dff00000,0x00000000dff00000,0x00000000e0b80000)
 ParOldGen       total 73728K, used 18094K [0x0000000080000000, 0x0000000084800000, 0x00000000d5580000)
  object space 73728K, 24% used [0x0000000080000000,0x00000000811abb40,0x0000000084800000)
 Metaspace       used 37528K, capacity 39268K, committed 39384K, reserved 1083392K
  class space    used 5172K, capacity 5551K, committed 5632K, reserved 1048576K
}
Event: 5.002 GC heap before
{Heap before GC invocations=13 (full 2):
 PSYoungGen      total 176640K, used 176308K [0x00000000d5580000, 0x00000000e1800000, 0x0000000100000000)
  eden space 168448K, 100% used [0x00000000d5580000,0x00000000dfa00000,0x00000000dfa00000)
  from space 8192K, 95% used [0x00000000e1000000,0x00000000e17ad168,0x00000000e1800000)
  to   space 12800K, 0% used [0x00000000dff00000,0x00000000dff00000,0x00000000e0b80000)
 ParOldGen       total 73728K, used 18094K [0x0000000080000000, 0x0000000084800000, 0x00000000d5580000)
  object space 73728K, 24% used [0x0000000080000000,0x00000000811abb40,0x0000000084800000)
 Metaspace       used 52606K, capacity 54798K, committed 55128K, reserved 1097728K
  class space    used 7008K, capacity 7469K, committed 7552K, reserved 1048576K
Event: 5.021 GC heap after
Heap after GC invocations=13 (full 2):
 PSYoungGen      total 181248K, used 12773K [0x00000000d5580000, 0x00000000e1800000, 0x0000000100000000)
  eden space 168448K, 0% used [0x00000000d5580000,0x00000000d5580000,0x00000000dfa00000)
  from space 12800K, 99% used [0x00000000dff00000,0x00000000e0b794e8,0x00000000e0b80000)
  to   space 8192K, 0% used [0x00000000e1000000,0x00000000e1000000,0x00000000e1800000)
 ParOldGen       total 73728K, used 30902K [0x0000000080000000, 0x0000000084800000, 0x00000000d5580000)
  object space 73728K, 41% used [0x0000000080000000,0x0000000081e2d898,0x0000000084800000)
 Metaspace       used 52606K, capacity 54798K, committed 55128K, reserved 1097728K
  class space    used 7008K, capacity 7469K, committed 7552K, reserved 1048576K
}
Event: 5.364 GC heap before
{Heap before GC invocations=14 (full 2):
 PSYoungGen      total 181248K, used 52048K [0x00000000d5580000, 0x00000000e1800000, 0x0000000100000000)
  eden space 168448K, 23% used [0x00000000d5580000,0x00000000d7bdae38,0x00000000dfa00000)
  from space 12800K, 99% used [0x00000000dff00000,0x00000000e0b794e8,0x00000000e0b80000)
  to   space 8192K, 0% used [0x00000000e1000000,0x00000000e1000000,0x00000000e1800000)
 ParOldGen       total 73728K, used 30902K [0x0000000080000000, 0x0000000084800000, 0x00000000d5580000)
  object space 73728K, 41% used [0x0000000080000000,0x0000000081e2d898,0x0000000084800000)
 Metaspace       used 56582K, capacity 58974K, committed 59028K, reserved 1099776K
  class space    used 7673K, capacity 8192K, committed 8192K, reserved 1048576K
Event: 5.373 GC heap after
Heap after GC invocations=14 (full 2):
 PSYoungGen      total 176640K, used 5126K [0x00000000d5580000, 0x00000000e1800000, 0x0000000100000000)
  eden space 168448K, 0% used [0x00000000d5580000,0x00000000d5580000,0x00000000dfa00000)
  from space 8192K, 62% used [0x00000000e1000000,0x00000000e15019a8,0x00000000e1800000)
  to   space 12800K, 0% used [0x00000000dff00000,0x00000000dff00000,0x00000000e0b80000)
 ParOldGen       total 73728K, used 41086K [0x0000000080000000, 0x0000000084800000, 0x00000000d5580000)
  object space 73728K, 55% used [0x0000000080000000,0x000000008281f860,0x0000000084800000)
 Metaspace       used 56582K, capacity 58974K, committed 59028K, reserved 1099776K
  class space    used 7673K, capacity 8192K, committed 8192K, reserved 1048576K
}
Event: 5.373 GC heap before
{Heap before GC invocations=15 (full 3):
 PSYoungGen      total 176640K, used 5126K [0x00000000d5580000, 0x00000000e1800000, 0x0000000100000000)
  eden space 168448K, 0% used [0x00000000d5580000,0x00000000d5580000,0x00000000dfa00000)
  from space 8192K, 62% used [0x00000000e1000000,0x00000000e15019a8,0x00000000e1800000)
  to   space 12800K, 0% used [0x00000000dff00000,0x00000000dff00000,0x00000000e0b80000)
 ParOldGen       total 73728K, used 41086K [0x0000000080000000, 0x0000000084800000, 0x00000000d5580000)
  object space 73728K, 55% used [0x0000000080000000,0x000000008281f860,0x0000000084800000)
 Metaspace       used 56582K, capacity 58974K, committed 59028K, reserved 1099776K
  class space    used 7673K, capacity 8192K, committed 8192K, reserved 1048576K
Event: 5.510 GC heap after
Heap after GC invocations=15 (full 3):
 PSYoungGen      total 176640K, used 0K [0x00000000d5580000, 0x00000000e1800000, 0x0000000100000000)
  eden space 168448K, 0% used [0x00000000d5580000,0x00000000d5580000,0x00000000dfa00000)
  from space 8192K, 0% used [0x00000000e1000000,0x00000000e1000000,0x00000000e1800000)
  to   space 12800K, 0% used [0x00000000dff00000,0x00000000dff00000,0x00000000e0b80000)
 ParOldGen       total 112640K, used 32704K [0x0000000080000000, 0x0000000086e00000, 0x00000000d5580000)
  object space 112640K, 29% used [0x0000000080000000,0x0000000081ff03b8,0x0000000086e00000)
 Metaspace       used 56536K, capacity 58818K, committed 59028K, reserved 1099776K
  class space    used 7659K, capacity 8166K, committed 8192K, reserved 1048576K
}

