# JRE version: OpenJDK Runtime Environment (8.0_242-b01) (build 1.8.0_242-release-1644-b01)
# Java VM: OpenJDK 64-Bit Server VM (25.242-b01 mixed mode windows-amd64 compressed oops)
Heap:
 PSYoungGen      total 566784K, used 459856K [0x00000000d5580000, 0x0000000100000000, 0x0000000100000000)
  eden space 442880K, 86% used [0x00000000d5580000,0x00000000ecc3f538,0x00000000f0600000)
  from space 123904K, 61% used [0x00000000f8700000,0x00000000fd154c90,0x0000000100000000)
  to   space 128000K, 0% used [0x00000000f0600000,0x00000000f0600000,0x00000000f8300000)
 ParOldGen       total 205312K, used 72759K [0x0000000080000000, 0x000000008c880000, 0x00000000d5580000)
  object space 205312K, 35% used [0x0000000080000000,0x000000008470dd50,0x000000008c880000)
 Metaspace       used 110533K, capacity 119518K, committed 119768K, reserved 1153024K
  class space    used 14050K, capacity 15517K, committed 15616K, reserved 1048576K
GC Heap History (10 events):
Event: 8203.456 GC heap before
{Heap before GC invocations=66 (full 6):
 PSYoungGen      total 558592K, used 435021K [0x00000000d5580000, 0x00000000ffa80000, 0x0000000100000000)
  eden space 421376K, 100% used [0x00000000d5580000,0x00000000ef100000,0x00000000ef100000)
  from space 137216K, 9% used [0x00000000ef100000,0x00000000efe53590,0x00000000f7700000)
  to   space 134144K, 0% used [0x00000000f7780000,0x00000000f7780000,0x00000000ffa80000)
 ParOldGen       total 205312K, used 69890K [0x0000000080000000, 0x000000008c880000, 0x00000000d5580000)
  object space 205312K, 34% used [0x0000000080000000,0x0000000084440958,0x000000008c880000)
 Metaspace       used 109974K, capacity 118800K, committed 118872K, reserved 1153024K
  class space    used 14039K, capacity 15480K, committed 15488K, reserved 1048576K
Event: 8203.501 GC heap after
Heap after GC invocations=66 (full 6):
 PSYoungGen      total 548864K, used 38729K [0x00000000d5580000, 0x00000000fee00000, 0x0000000100000000)
  eden space 427520K, 0% used [0x00000000d5580000,0x00000000d5580000,0x00000000ef700000)
  from space 121344K, 31% used [0x00000000f7780000,0x00000000f9d527c8,0x00000000fee00000)
  to   space 126464K, 0% used [0x00000000ef700000,0x00000000ef700000,0x00000000f7280000)
 ParOldGen       total 205312K, used 69890K [0x0000000080000000, 0x000000008c880000, 0x00000000d5580000)
  object space 205312K, 34% used [0x0000000080000000,0x0000000084440958,0x000000008c880000)
 Metaspace       used 109974K, capacity 118800K, committed 118872K, reserved 1153024K
  class space    used 14039K, capacity 15480K, committed 15488K, reserved 1048576K
}
Event: 8239.287 GC heap before
{Heap before GC invocations=67 (full 6):
 PSYoungGen      total 548864K, used 466249K [0x00000000d5580000, 0x00000000fee00000, 0x0000000100000000)
  eden space 427520K, 100% used [0x00000000d5580000,0x00000000ef700000,0x00000000ef700000)
  from space 121344K, 31% used [0x00000000f7780000,0x00000000f9d527c8,0x00000000fee00000)
  to   space 126464K, 0% used [0x00000000ef700000,0x00000000ef700000,0x00000000f7280000)
 ParOldGen       total 205312K, used 69890K [0x0000000080000000, 0x000000008c880000, 0x00000000d5580000)
  object space 205312K, 34% used [0x0000000080000000,0x0000000084440958,0x000000008c880000)
 Metaspace       used 109994K, capacity 118870K, committed 119128K, reserved 1153024K
  class space    used 14039K, capacity 15481K, committed 15488K, reserved 1048576K
Event: 8239.293 GC heap after
Heap after GC invocations=67 (full 6):
 PSYoungGen      total 553984K, used 9171K [0x00000000d5580000, 0x0000000100000000, 0x0000000100000000)
  eden space 427520K, 0% used [0x00000000d5580000,0x00000000d5580000,0x00000000ef700000)
  from space 126464K, 7% used [0x00000000ef700000,0x00000000efff4fb8,0x00000000f7280000)
  to   space 124416K, 0% used [0x00000000f8680000,0x00000000f8680000,0x0000000100000000)
 ParOldGen       total 205312K, used 69898K [0x0000000080000000, 0x000000008c880000, 0x00000000d5580000)
  object space 205312K, 34% used [0x0000000080000000,0x0000000084442958,0x000000008c880000)
 Metaspace       used 109994K, capacity 118870K, committed 119128K, reserved 1153024K
  class space    used 14039K, capacity 15481K, committed 15488K, reserved 1048576K
}
Event: 8328.748 GC heap before
{Heap before GC invocations=68 (full 6):
 PSYoungGen      total 553984K, used 436691K [0x00000000d5580000, 0x0000000100000000, 0x0000000100000000)
  eden space 427520K, 100% used [0x00000000d5580000,0x00000000ef700000,0x00000000ef700000)
  from space 126464K, 7% used [0x00000000ef700000,0x00000000efff4fb8,0x00000000f7280000)
  to   space 124416K, 0% used [0x00000000f8680000,0x00000000f8680000,0x0000000100000000)
 ParOldGen       total 205312K, used 69898K [0x0000000080000000, 0x000000008c880000, 0x00000000d5580000)
  object space 205312K, 34% used [0x0000000080000000,0x0000000084442990,0x000000008c880000)
 Metaspace       used 110232K, capacity 119130K, committed 119384K, reserved 1153024K
  class space    used 14039K, capacity 15481K, committed 15488K, reserved 1048576K
Event: 8328.789 GC heap after
Heap after GC invocations=68 (full 6):
 PSYoungGen      total 559104K, used 25216K [0x00000000d5580000, 0x00000000ff300000, 0x0000000100000000)
  eden space 448000K, 0% used [0x00000000d5580000,0x00000000d5580000,0x00000000f0b00000)
  from space 111104K, 22% used [0x00000000f8680000,0x00000000f9f20238,0x00000000ff300000)
  to   space 118784K, 0% used [0x00000000f0b00000,0x00000000f0b00000,0x00000000f7f00000)
 ParOldGen       total 205312K, used 69906K [0x0000000080000000, 0x000000008c880000, 0x00000000d5580000)
  object space 205312K, 34% used [0x0000000080000000,0x0000000084444990,0x000000008c880000)
 Metaspace       used 110232K, capacity 119130K, committed 119384K, reserved 1153024K
  class space    used 14039K, capacity 15481K, committed 15488K, reserved 1048576K
}
Event: 8334.801 GC heap before
{Heap before GC invocations=69 (full 6):
 PSYoungGen      total 559104K, used 473216K [0x00000000d5580000, 0x00000000ff300000, 0x0000000100000000)
  eden space 448000K, 100% used [0x00000000d5580000,0x00000000f0b00000,0x00000000f0b00000)
  from space 111104K, 22% used [0x00000000f8680000,0x00000000f9f20238,0x00000000ff300000)
  to   space 118784K, 0% used [0x00000000f0b00000,0x00000000f0b00000,0x00000000f7f00000)
 ParOldGen       total 205312K, used 72751K [0x0000000080000000, 0x000000008c880000, 0x00000000d5580000)
  object space 205312K, 35% used [0x0000000080000000,0x000000008470bd50,0x000000008c880000)
 Metaspace       used 110407K, capacity 119422K, committed 119640K, reserved 1153024K
  class space    used 14043K, capacity 15485K, committed 15488K, reserved 1048576K
Event: 8334.896 GC heap after
Heap after GC invocations=69 (full 6):
 PSYoungGen      total 566784K, used 74434K [0x00000000d5580000, 0x0000000100000000, 0x0000000100000000)
  eden space 448000K, 0% used [0x00000000d5580000,0x00000000d5580000,0x00000000f0b00000)
  from space 118784K, 62% used [0x00000000f0b00000,0x00000000f53b0a50,0x00000000f7f00000)
  to   space 123904K, 0% used [0x00000000f8700000,0x00000000f8700000,0x0000000100000000)
 ParOldGen       total 205312K, used 72759K [0x0000000080000000, 0x000000008c880000, 0x00000000d5580000)
  object space 205312K, 35% used [0x0000000080000000,0x000000008470dd50,0x000000008c880000)
 Metaspace       used 110407K, capacity 119422K, committed 119640K, reserved 1153024K
  class space    used 14043K, capacity 15485K, committed 15488K, reserved 1048576K
}
Event: 8351.577 GC heap before
{Heap before GC invocations=70 (full 6):
 PSYoungGen      total 566784K, used 522434K [0x00000000d5580000, 0x0000000100000000, 0x0000000100000000)
  eden space 448000K, 100% used [0x00000000d5580000,0x00000000f0b00000,0x00000000f0b00000)
  from space 118784K, 62% used [0x00000000f0b00000,0x00000000f53b0a50,0x00000000f7f00000)
  to   space 123904K, 0% used [0x00000000f8700000,0x00000000f8700000,0x0000000100000000)
 ParOldGen       total 205312K, used 72759K [0x0000000080000000, 0x000000008c880000, 0x00000000d5580000)
  object space 205312K, 35% used [0x0000000080000000,0x000000008470dd50,0x000000008c880000)
 Metaspace       used 110530K, capacity 119518K, committed 119768K, reserved 1153024K
  class space    used 14050K, capacity 15517K, committed 15616K, reserved 1048576K
Event: 8351.685 GC heap after
Heap after GC invocations=70 (full 6):
 PSYoungGen      total 566784K, used 76115K [0x00000000d5580000, 0x0000000100000000, 0x0000000100000000)
  eden space 442880K, 0% used [0x00000000d5580000,0x00000000d5580000,0x00000000f0600000)
  from space 123904K, 61% used [0x00000000f8700000,0x00000000fd154c90,0x0000000100000000)
  to   space 128000K, 0% used [0x00000000f0600000,0x00000000f0600000,0x00000000f8300000)
 ParOldGen       total 205312K, used 72759K [0x0000000080000000, 0x000000008c880000, 0x00000000d5580000)
  object space 205312K, 35% used [0x0000000080000000,0x000000008470dd50,0x000000008c880000)
 Metaspace       used 110530K, capacity 119518K, committed 119768K, reserved 1153024K
  class space    used 14050K, capacity 15517K, committed 15616K, reserved 1048576K
}

