# JRE version: OpenJDK Runtime Environment (11.0.8+10) (build 11.0.8+10-b944.6842174)
# Java VM: OpenJDK 64-Bit Server VM (11.0.8+10-b944.6842174, mixed mode, tiered, compressed oops, g1 gc, windows-amd64)
Heap:
 garbage-first heap   total 187392K, used 153946K [0x0000000080000000, 0x0000000100000000)
  region size 1024K, 7 young (7168K), 2 survivors (2048K)
 Metaspace       used 95208K, capacity 97577K, committed 97868K, reserved 1134592K
  class space    used 12161K, capacity 13011K, committed 13184K, reserved 1048576K
GC Heap History (20 events):
Event: 7.111 GC heap before
{Heap before GC invocations=15 (full 0):
 garbage-first heap   total 155648K, used 114476K [0x0000000080000000, 0x0000000100000000)
  region size 1024K, 70 young (71680K), 9 survivors (9216K)
 Metaspace       used 70906K, capacity 72645K, committed 72780K, reserved 1112064K
  class space    used 9235K, capacity 9855K, committed 9856K, reserved 1048576K
}
Event: 7.119 GC heap after
{Heap after GC invocations=16 (full 0):
 garbage-first heap   total 155648K, used 55619K [0x0000000080000000, 0x0000000100000000)
  region size 1024K, 4 young (4096K), 4 survivors (4096K)
 Metaspace       used 70906K, capacity 72645K, committed 72780K, reserved 1112064K
  class space    used 9235K, capacity 9855K, committed 9856K, reserved 1048576K
}
Event: 7.946 GC heap before
{Heap before GC invocations=16 (full 0):
 garbage-first heap   total 155648K, used 117059K [0x0000000080000000, 0x0000000100000000)
  region size 1024K, 65 young (66560K), 4 survivors (4096K)
 Metaspace       used 75552K, capacity 77557K, committed 77772K, reserved 1116160K
  class space    used 9907K, capacity 10646K, committed 10752K, reserved 1048576K
}
Event: 7.953 GC heap after
{Heap after GC invocations=17 (full 0):
 garbage-first heap   total 187392K, used 59692K [0x0000000080000000, 0x0000000100000000)
  region size 1024K, 8 young (8192K), 8 survivors (8192K)
 Metaspace       used 75552K, capacity 77557K, committed 77772K, reserved 1116160K
  class space    used 9907K, capacity 10646K, committed 10752K, reserved 1048576K
}
Event: 8.723 GC heap before
{Heap before GC invocations=17 (full 0):
 garbage-first heap   total 187392K, used 133420K [0x0000000080000000, 0x0000000100000000)
  region size 1024K, 81 young (82944K), 8 survivors (8192K)
 Metaspace       used 76277K, capacity 78379K, committed 78540K, reserved 1118208K
  class space    used 9924K, capacity 10662K, committed 10752K, reserved 1048576K
}
Event: 8.734 GC heap after
{Heap after GC invocations=18 (full 0):
 garbage-first heap   total 187392K, used 64582K [0x0000000080000000, 0x0000000100000000)
  region size 1024K, 10 young (10240K), 10 survivors (10240K)
 Metaspace       used 76277K, capacity 78379K, committed 78540K, reserved 1118208K
  class space    used 9924K, capacity 10662K, committed 10752K, reserved 1048576K
}
Event: 10.701 GC heap before
{Heap before GC invocations=18 (full 0):
 garbage-first heap   total 187392K, used 137286K [0x0000000080000000, 0x0000000100000000)
  region size 1024K, 82 young (83968K), 10 survivors (10240K)
 Metaspace       used 81149K, capacity 83325K, committed 83532K, reserved 1122304K
  class space    used 10504K, capacity 11284K, committed 11392K, reserved 1048576K
}
Event: 10.712 GC heap after
{Heap after GC invocations=19 (full 0):
 garbage-first heap   total 187392K, used 70618K [0x0000000080000000, 0x0000000100000000)
  region size 1024K, 11 young (11264K), 11 survivors (11264K)
 Metaspace       used 81149K, capacity 83325K, committed 83532K, reserved 1122304K
  class space    used 10504K, capacity 11284K, committed 11392K, reserved 1048576K
}
Event: 17.684 GC heap before
{Heap before GC invocations=19 (full 0):
 garbage-first heap   total 187392K, used 142298K [0x0000000080000000, 0x0000000100000000)
  region size 1024K, 82 young (83968K), 11 survivors (11264K)
 Metaspace       used 84899K, capacity 87026K, committed 87372K, reserved 1124352K
  class space    used 11015K, capacity 11785K, committed 11904K, reserved 1048576K
}
Event: 17.692 GC heap after
{Heap after GC invocations=20 (full 0):
 garbage-first heap   total 187392K, used 72407K [0x0000000080000000, 0x0000000100000000)
  region size 1024K, 5 young (5120K), 5 survivors (5120K)
 Metaspace       used 84899K, capacity 87026K, committed 87372K, reserved 1124352K
  class space    used 11015K, capacity 11785K, committed 11904K, reserved 1048576K
}
Event: 38.137 GC heap before
{Heap before GC invocations=20 (full 0):
 garbage-first heap   total 187392K, used 145111K [0x0000000080000000, 0x0000000100000000)
  region size 1024K, 77 young (78848K), 5 survivors (5120K)
 Metaspace       used 89491K, capacity 91820K, committed 92108K, reserved 1128448K
  class space    used 11339K, capacity 12189K, committed 12288K, reserved 1048576K
}
Event: 38.146 GC heap after
{Heap after GC invocations=21 (full 0):
 garbage-first heap   total 187392K, used 76686K [0x0000000080000000, 0x0000000100000000)
  region size 1024K, 10 young (10240K), 10 survivors (10240K)
 Metaspace       used 89491K, capacity 91820K, committed 92108K, reserved 1128448K
  class space    used 11339K, capacity 12189K, committed 12288K, reserved 1048576K
}
Event: 39.144 GC heap before
{Heap before GC invocations=21 (full 0):
 garbage-first heap   total 187392K, used 146318K [0x0000000080000000, 0x0000000100000000)
  region size 1024K, 79 young (80896K), 10 survivors (10240K)
 Metaspace       used 91143K, capacity 93451K, committed 93516K, reserved 1130496K
  class space    used 11527K, capacity 12364K, committed 12416K, reserved 1048576K
}
Event: 39.153 GC heap after
{Heap after GC invocations=22 (full 0):
 garbage-first heap   total 187392K, used 78701K [0x0000000080000000, 0x0000000100000000)
  region size 1024K, 8 young (8192K), 8 survivors (8192K)
 Metaspace       used 91143K, capacity 93451K, committed 93516K, reserved 1130496K
  class space    used 11527K, capacity 12364K, committed 12416K, reserved 1048576K
}
Event: 39.861 GC heap before
{Heap before GC invocations=22 (full 0):
 garbage-first heap   total 187392K, used 146285K [0x0000000080000000, 0x0000000100000000)
  region size 1024K, 65 young (66560K), 8 survivors (8192K)
 Metaspace       used 93282K, capacity 95766K, committed 95948K, reserved 1132544K
  class space    used 11833K, capacity 12687K, committed 12800K, reserved 1048576K
}
Event: 39.876 GC heap after
{Heap after GC invocations=23 (full 0):
 garbage-first heap   total 187392K, used 95980K [0x0000000080000000, 0x0000000100000000)
  region size 1024K, 10 young (10240K), 10 survivors (10240K)
 Metaspace       used 93282K, capacity 95766K, committed 95948K, reserved 1132544K
  class space    used 11833K, capacity 12687K, committed 12800K, reserved 1048576K
}
Event: 40.096 GC heap before
{Heap before GC invocations=24 (full 0):
 garbage-first heap   total 187392K, used 134892K [0x0000000080000000, 0x0000000100000000)
  region size 1024K, 46 young (47104K), 10 survivors (10240K)
 Metaspace       used 93344K, capacity 95671K, committed 96204K, reserved 1132544K
  class space    used 11808K, capacity 12614K, committed 12800K, reserved 1048576K
}
Event: 40.133 GC heap after
{Heap after GC invocations=25 (full 0):
 garbage-first heap   total 187392K, used 111574K [0x0000000080000000, 0x0000000100000000)
  region size 1024K, 9 young (9216K), 9 survivors (9216K)
 Metaspace       used 93344K, capacity 95671K, committed 96204K, reserved 1132544K
  class space    used 11808K, capacity 12614K, committed 12800K, reserved 1048576K
}
Event: 40.367 GC heap before
{Heap before GC invocations=26 (full 0):
 garbage-first heap   total 187392K, used 146390K [0x0000000080000000, 0x0000000100000000)
  region size 1024K, 43 young (44032K), 9 survivors (9216K)
 Metaspace       used 95175K, capacity 97571K, committed 97868K, reserved 1134592K
  class space    used 12159K, capacity 13010K, committed 13184K, reserved 1048576K
}
Event: 40.389 GC heap after
{Heap after GC invocations=27 (full 0):
 garbage-first heap   total 187392K, used 129000K [0x0000000080000000, 0x0000000100000000)
  region size 1024K, 6 young (6144K), 6 survivors (6144K)
 Metaspace       used 95175K, capacity 97571K, committed 97868K, reserved 1134592K
  class space    used 12159K, capacity 13010K, committed 13184K, reserved 1048576K
}

