# JRE version: OpenJDK Runtime Environment (11.0.8+10) (build 11.0.8+10-b944.6842174)
# Java VM: OpenJDK 64-Bit Server VM (11.0.8+10-b944.6842174, mixed mode, tiered, compressed oops, g1 gc, windows-amd64)
Heap:
 garbage-first heap   total 155648K, used 44697K [0x0000000083600000, 0x0000000100000000)
  region size 1024K, 21 young (21504K), 7 survivors (7168K)
 Metaspace       used 43578K, capacity 44011K, committed 44336K, reserved 1087488K
  class space    used 5196K, capacity 5338K, committed 5424K, reserved 1048576K
GC Heap History (12 events):
Event: 0.438 GC heap before
{Heap before GC invocations=0 (full 0):
 garbage-first heap   total 129024K, used 27648K [0x0000000083600000, 0x0000000100000000)
  region size 1024K, 24 young (24576K), 0 survivors (0K)
 Metaspace       used 12514K, capacity 12622K, committed 12800K, reserved 1060864K
  class space    used 1207K, capacity 1248K, committed 1280K, reserved 1048576K
}
Event: 0.440 GC heap after
{Heap after GC invocations=1 (full 0):
 garbage-first heap   total 129024K, used 6159K [0x0000000083600000, 0x0000000100000000)
  region size 1024K, 3 young (3072K), 3 survivors (3072K)
 Metaspace       used 12514K, capacity 12622K, committed 12800K, reserved 1060864K
  class space    used 1207K, capacity 1248K, committed 1280K, reserved 1048576K
}
Event: 0.883 GC heap before
{Heap before GC invocations=1 (full 0):
 garbage-first heap   total 129024K, used 39951K [0x0000000083600000, 0x0000000100000000)
  region size 1024K, 37 young (37888K), 3 survivors (3072K)
 Metaspace       used 20835K, capacity 21126K, committed 21296K, reserved 1069056K
  class space    used 2235K, capacity 2317K, committed 2352K, reserved 1048576K
}
Event: 0.889 GC heap after
{Heap after GC invocations=2 (full 0):
 garbage-first heap   total 129024K, used 9496K [0x0000000083600000, 0x0000000100000000)
  region size 1024K, 7 young (7168K), 7 survivors (7168K)
 Metaspace       used 20835K, capacity 21126K, committed 21296K, reserved 1069056K
  class space    used 2235K, capacity 2317K, committed 2352K, reserved 1048576K
}
Event: 1.607 GC heap before
{Heap before GC invocations=3 (full 0):
 garbage-first heap   total 129024K, used 63768K [0x0000000083600000, 0x0000000100000000)
  region size 1024K, 54 young (55296K), 7 survivors (7168K)
 Metaspace       used 30937K, capacity 31268K, committed 31536K, reserved 1077248K
  class space    used 3455K, capacity 3597K, committed 3632K, reserved 1048576K
}
Event: 1.621 GC heap after
{Heap after GC invocations=4 (full 0):
 garbage-first heap   total 129024K, used 17733K [0x0000000083600000, 0x0000000100000000)
  region size 1024K, 7 young (7168K), 7 survivors (7168K)
 Metaspace       used 30937K, capacity 31268K, committed 31536K, reserved 1077248K
  class space    used 3455K, capacity 3597K, committed 3632K, reserved 1048576K
}
Event: 1.794 GC heap before
{Heap before GC invocations=4 (full 0):
 garbage-first heap   total 129024K, used 36165K [0x0000000083600000, 0x0000000100000000)
  region size 1024K, 26 young (26624K), 7 survivors (7168K)
 Metaspace       used 35161K, capacity 35500K, committed 35632K, reserved 1081344K
  class space    used 4211K, capacity 4366K, committed 4400K, reserved 1048576K
}
Event: 1.801 GC heap after
{Heap after GC invocations=5 (full 0):
 garbage-first heap   total 129024K, used 19883K [0x0000000083600000, 0x0000000100000000)
  region size 1024K, 6 young (6144K), 6 survivors (6144K)
 Metaspace       used 35161K, capacity 35500K, committed 35632K, reserved 1081344K
  class space    used 4211K, capacity 4366K, committed 4400K, reserved 1048576K
}
Event: 1.892 GC heap before
{Heap before GC invocations=6 (full 0):
 garbage-first heap   total 129024K, used 28075K [0x0000000083600000, 0x0000000100000000)
  region size 1024K, 14 young (14336K), 6 survivors (6144K)
 Metaspace       used 36453K, capacity 36819K, committed 37168K, reserved 1081344K
  class space    used 4362K, capacity 4528K, committed 4656K, reserved 1048576K
}
Event: 1.898 GC heap after
{Heap after GC invocations=7 (full 0):
 garbage-first heap   total 155648K, used 20864K [0x0000000083600000, 0x0000000100000000)
  region size 1024K, 1 young (1024K), 1 survivors (1024K)
 Metaspace       used 36453K, capacity 36819K, committed 37168K, reserved 1081344K
  class space    used 4362K, capacity 4528K, committed 4656K, reserved 1048576K
}
Event: 2.683 GC heap before
{Heap before GC invocations=7 (full 0):
 garbage-first heap   total 155648K, used 74112K [0x0000000083600000, 0x0000000100000000)
  region size 1024K, 52 young (53248K), 1 survivors (1024K)
 Metaspace       used 42608K, capacity 43065K, committed 43184K, reserved 1087488K
  class space    used 5081K, capacity 5235K, committed 5296K, reserved 1048576K
}
Event: 2.693 GC heap after
{Heap after GC invocations=8 (full 0):
 garbage-first heap   total 155648K, used 31385K [0x0000000083600000, 0x0000000100000000)
  region size 1024K, 7 young (7168K), 7 survivors (7168K)
 Metaspace       used 42608K, capacity 43065K, committed 43184K, reserved 1087488K
  class space    used 5081K, capacity 5235K, committed 5296K, reserved 1048576K
}

