# JRE version: OpenJDK Runtime Environment (8.0_242-b01) (build 1.8.0_242-release-1644-b01)
# Java VM: OpenJDK 64-Bit Server VM (25.242-b01 mixed mode windows-amd64 compressed oops)
Heap:
 PSYoungGen      total 327168K, used 67605K [0x00000000d5580000, 0x00000000eba80000, 0x0000000100000000)
  eden space 310272K, 19% used [0x00000000d5580000,0x00000000d91654c8,0x00000000e8480000)
  from space 16896K, 37% used [0x00000000eaa00000,0x00000000eb020020,0x00000000eba80000)
  to   space 27648K, 0% used [0x00000000e8480000,0x00000000e8480000,0x00000000e9f80000)
 ParOldGen       total 116736K, used 60575K [0x0000000080000000, 0x0000000087200000, 0x00000000d5580000)
  object space 116736K, 51% used [0x0000000080000000,0x0000000083b27de8,0x0000000087200000)
 Metaspace       used 79837K, capacity 83886K, committed 84120K, reserved 1122304K
  class space    used 10570K, capacity 11327K, committed 11440K, reserved 1048576K
GC Heap History (10 events):
Event: 10.043 GC heap before
{Heap before GC invocations=15 (full 3):
 PSYoungGen      total 233984K, used 5709K [0x00000000d5580000, 0x00000000e5580000, 0x0000000100000000)
  eden space 215040K, 0% used [0x00000000d5580000,0x00000000d5580000,0x00000000e2780000)
  from space 18944K, 30% used [0x00000000e3980000,0x00000000e3f134a8,0x00000000e4c00000)
  to   space 18432K, 0% used [0x00000000e2780000,0x00000000e2780000,0x00000000e3980000)
 ParOldGen       total 75264K, used 43100K [0x0000000080000000, 0x0000000084980000, 0x00000000d5580000)
  object space 75264K, 57% used [0x0000000080000000,0x0000000082a171d8,0x0000000084980000)
 Metaspace       used 56676K, capacity 59054K, committed 59160K, reserved 1099776K
  class space    used 7687K, capacity 8194K, committed 8240K, reserved 1048576K
Event: 10.261 GC heap after
Heap after GC invocations=15 (full 3):
 PSYoungGen      total 233984K, used 0K [0x00000000d5580000, 0x00000000e5580000, 0x0000000100000000)
  eden space 215040K, 0% used [0x00000000d5580000,0x00000000d5580000,0x00000000e2780000)
  from space 18944K, 0% used [0x00000000e3980000,0x00000000e3980000,0x00000000e4c00000)
  to   space 18432K, 0% used [0x00000000e2780000,0x00000000e2780000,0x00000000e3980000)
 ParOldGen       total 116736K, used 33323K [0x0000000080000000, 0x0000000087200000, 0x00000000d5580000)
  object space 116736K, 28% used [0x0000000080000000,0x000000008208ae70,0x0000000087200000)
 Metaspace       used 56628K, capacity 58892K, committed 59160K, reserved 1099776K
  class space    used 7673K, capacity 8167K, committed 8240K, reserved 1048576K
}
Event: 14.419 GC heap before
{Heap before GC invocations=16 (full 3):
 PSYoungGen      total 233984K, used 215040K [0x00000000d5580000, 0x00000000e5580000, 0x0000000100000000)
  eden space 215040K, 100% used [0x00000000d5580000,0x00000000e2780000,0x00000000e2780000)
  from space 18944K, 0% used [0x00000000e3980000,0x00000000e3980000,0x00000000e4c00000)
  to   space 18432K, 0% used [0x00000000e2780000,0x00000000e2780000,0x00000000e3980000)
 ParOldGen       total 116736K, used 33323K [0x0000000080000000, 0x0000000087200000, 0x00000000d5580000)
  object space 116736K, 28% used [0x0000000080000000,0x000000008208ae70,0x0000000087200000)
 Metaspace       used 65843K, capacity 68942K, committed 69144K, reserved 1107968K
  class space    used 9032K, capacity 9652K, committed 9776K, reserved 1048576K
Event: 14.467 GC heap after
Heap after GC invocations=16 (full 3):
 PSYoungGen      total 233472K, used 18415K [0x00000000d5580000, 0x00000000e8500000, 0x0000000100000000)
  eden space 215040K, 0% used [0x00000000d5580000,0x00000000d5580000,0x00000000e2780000)
  from space 18432K, 99% used [0x00000000e2780000,0x00000000e397be38,0x00000000e3980000)
  to   space 22016K, 0% used [0x00000000e6f80000,0x00000000e6f80000,0x00000000e8500000)
 ParOldGen       total 116736K, used 34610K [0x0000000080000000, 0x0000000087200000, 0x00000000d5580000)
  object space 116736K, 29% used [0x0000000080000000,0x00000000821cc950,0x0000000087200000)
 Metaspace       used 65843K, capacity 68942K, committed 69144K, reserved 1107968K
  class space    used 9032K, capacity 9652K, committed 9776K, reserved 1048576K
}
Event: 16.955 GC heap before
{Heap before GC invocations=17 (full 3):
 PSYoungGen      total 233472K, used 232368K [0x00000000d5580000, 0x00000000e8500000, 0x0000000100000000)
  eden space 215040K, 99% used [0x00000000d5580000,0x00000000e26703b8,0x00000000e2780000)
  from space 18432K, 99% used [0x00000000e2780000,0x00000000e397be38,0x00000000e3980000)
  to   space 22016K, 0% used [0x00000000e6f80000,0x00000000e6f80000,0x00000000e8500000)
 ParOldGen       total 116736K, used 34610K [0x0000000080000000, 0x0000000087200000, 0x00000000d5580000)
  object space 116736K, 29% used [0x0000000080000000,0x00000000821cc950,0x0000000087200000)
 Metaspace       used 72120K, capacity 75474K, committed 75544K, reserved 1114112K
  class space    used 9852K, capacity 10492K, committed 10544K, reserved 1048576K
Event: 17.017 GC heap after
Heap after GC invocations=17 (full 3):
 PSYoungGen      total 286720K, used 19281K [0x00000000d5580000, 0x00000000e8b00000, 0x0000000100000000)
  eden space 264704K, 0% used [0x00000000d5580000,0x00000000d5580000,0x00000000e5800000)
  from space 22016K, 87% used [0x00000000e6f80000,0x00000000e82546d8,0x00000000e8500000)
  to   space 24064K, 0% used [0x00000000e5800000,0x00000000e5800000,0x00000000e6f80000)
 ParOldGen       total 116736K, used 47419K [0x0000000080000000, 0x0000000087200000, 0x00000000d5580000)
  object space 116736K, 40% used [0x0000000080000000,0x0000000082e4ee20,0x0000000087200000)
 Metaspace       used 72120K, capacity 75474K, committed 75544K, reserved 1114112K
  class space    used 9852K, capacity 10492K, committed 10544K, reserved 1048576K
}
Event: 83.674 GC heap before
{Heap before GC invocations=18 (full 3):
 PSYoungGen      total 286720K, used 283985K [0x00000000d5580000, 0x00000000e8b00000, 0x0000000100000000)
  eden space 264704K, 100% used [0x00000000d5580000,0x00000000e5800000,0x00000000e5800000)
  from space 22016K, 87% used [0x00000000e6f80000,0x00000000e82546d8,0x00000000e8500000)
  to   space 24064K, 0% used [0x00000000e5800000,0x00000000e5800000,0x00000000e6f80000)
 ParOldGen       total 116736K, used 47419K [0x0000000080000000, 0x0000000087200000, 0x00000000d5580000)
  object space 116736K, 40% used [0x0000000080000000,0x0000000082e4ee20,0x0000000087200000)
 Metaspace       used 76908K, capacity 80638K, committed 80792K, reserved 1120256K
  class space    used 10221K, capacity 10918K, committed 10928K, reserved 1048576K
Event: 83.689 GC heap after
Heap after GC invocations=18 (full 3):
 PSYoungGen      total 288768K, used 24054K [0x00000000d5580000, 0x00000000ec580000, 0x0000000100000000)
  eden space 264704K, 0% used [0x00000000d5580000,0x00000000d5580000,0x00000000e5800000)
  from space 24064K, 99% used [0x00000000e5800000,0x00000000e6f7d878,0x00000000e6f80000)
  to   space 28160K, 0% used [0x00000000eaa00000,0x00000000eaa00000,0x00000000ec580000)
 ParOldGen       total 116736K, used 48078K [0x0000000080000000, 0x0000000087200000, 0x00000000d5580000)
  object space 116736K, 41% used [0x0000000080000000,0x0000000082ef3810,0x0000000087200000)
 Metaspace       used 76908K, capacity 80638K, committed 80792K, reserved 1120256K
  class space    used 10221K, capacity 10918K, committed 10928K, reserved 1048576K
}
Event: 697.686 GC heap before
{Heap before GC invocations=19 (full 3):
 PSYoungGen      total 288768K, used 288758K [0x00000000d5580000, 0x00000000ec580000, 0x0000000100000000)
  eden space 264704K, 100% used [0x00000000d5580000,0x00000000e5800000,0x00000000e5800000)
  from space 24064K, 99% used [0x00000000e5800000,0x00000000e6f7d878,0x00000000e6f80000)
  to   space 28160K, 0% used [0x00000000eaa00000,0x00000000eaa00000,0x00000000ec580000)
 ParOldGen       total 116736K, used 48078K [0x0000000080000000, 0x0000000087200000, 0x00000000d5580000)
  object space 116736K, 41% used [0x0000000080000000,0x0000000082ef3810,0x0000000087200000)
 Metaspace       used 77803K, capacity 81652K, committed 81944K, reserved 1120256K
  class space    used 10259K, capacity 10987K, committed 11056K, reserved 1048576K
Event: 697.703 GC heap after
Heap after GC invocations=19 (full 3):
 PSYoungGen      total 327168K, used 6272K [0x00000000d5580000, 0x00000000eba80000, 0x0000000100000000)
  eden space 310272K, 0% used [0x00000000d5580000,0x00000000d5580000,0x00000000e8480000)
  from space 16896K, 37% used [0x00000000eaa00000,0x00000000eb020020,0x00000000eba80000)
  to   space 27648K, 0% used [0x00000000e8480000,0x00000000e8480000,0x00000000e9f80000)
 ParOldGen       total 116736K, used 60575K [0x0000000080000000, 0x0000000087200000, 0x00000000d5580000)
  object space 116736K, 51% used [0x0000000080000000,0x0000000083b27de8,0x0000000087200000)
 Metaspace       used 77803K, capacity 81652K, committed 81944K, reserved 1120256K
  class space    used 10259K, capacity 10987K, committed 11056K, reserved 1048576K
}

