# JRE version: OpenJDK Runtime Environment (8.0_242-b01) (build 1.8.0_242-release-1644-b01)
# Java VM: OpenJDK 64-Bit Server VM (25.242-b01 mixed mode windows-amd64 compressed oops)
Heap:
 PSYoungGen      total 406016K, used 291810K [0x00000000d5580000, 0x00000000f3d80000, 0x0000000100000000)
  eden space 365568K, 76% used [0x00000000d5580000,0x00000000e6529738,0x00000000eba80000)
  from space 40448K, 33% used [0x00000000ee900000,0x00000000ef64f168,0x00000000f1080000)
  to   space 47616K, 0% used [0x00000000eba80000,0x00000000eba80000,0x00000000ee900000)
 ParOldGen       total 229376K, used 98337K [0x0000000080000000, 0x000000008e000000, 0x00000000d5580000)
  object space 229376K, 42% used [0x0000000080000000,0x00000000860086e0,0x000000008e000000)
 Metaspace       used 118537K, capacity 125694K, committed 125888K, reserved 1159168K
  class space    used 15459K, capacity 16814K, committed 16896K, reserved 1048576K
GC Heap History (10 events):
Event: 114.317 GC heap before
{Heap before GC invocations=28 (full 4):
 PSYoungGen      total 311808K, used 301364K [0x00000000d5580000, 0x00000000ee500000, 0x0000000100000000)
  eden space 266240K, 100% used [0x00000000d5580000,0x00000000e5980000,0x00000000e5980000)
  from space 45568K, 77% used [0x00000000e5980000,0x00000000e7bcd250,0x00000000e8600000)
  to   space 48640K, 0% used [0x00000000eb580000,0x00000000eb580000,0x00000000ee500000)
 ParOldGen       total 229376K, used 75081K [0x0000000080000000, 0x000000008e000000, 0x00000000d5580000)
  object space 229376K, 32% used [0x0000000080000000,0x00000000849525d8,0x000000008e000000)
 Metaspace       used 115217K, capacity 121846K, committed 122048K, reserved 1155072K
  class space    used 15131K, capacity 16372K, committed 16384K, reserved 1048576K
Event: 114.390 GC heap after
Heap after GC invocations=28 (full 4):
 PSYoungGen      total 357888K, used 35686K [0x00000000d5580000, 0x00000000ef880000, 0x0000000100000000)
  eden space 309248K, 0% used [0x00000000d5580000,0x00000000d5580000,0x00000000e8380000)
  from space 48640K, 73% used [0x00000000eb580000,0x00000000ed859b68,0x00000000ee500000)
  to   space 51200K, 0% used [0x00000000e8380000,0x00000000e8380000,0x00000000eb580000)
 ParOldGen       total 229376K, used 75089K [0x0000000080000000, 0x000000008e000000, 0x00000000d5580000)
  object space 229376K, 32% used [0x0000000080000000,0x00000000849545d8,0x000000008e000000)
 Metaspace       used 115217K, capacity 121846K, committed 122048K, reserved 1155072K
  class space    used 15131K, capacity 16372K, committed 16384K, reserved 1048576K
}
Event: 115.341 GC heap before
{Heap before GC invocations=29 (full 4):
 PSYoungGen      total 357888K, used 344934K [0x00000000d5580000, 0x00000000ef880000, 0x0000000100000000)
  eden space 309248K, 100% used [0x00000000d5580000,0x00000000e8380000,0x00000000e8380000)
  from space 48640K, 73% used [0x00000000eb580000,0x00000000ed859b68,0x00000000ee500000)
  to   space 51200K, 0% used [0x00000000e8380000,0x00000000e8380000,0x00000000eb580000)
 ParOldGen       total 229376K, used 75089K [0x0000000080000000, 0x000000008e000000, 0x00000000d5580000)
  object space 229376K, 32% used [0x0000000080000000,0x00000000849545d8,0x000000008e000000)
 Metaspace       used 115412K, capacity 122042K, committed 122176K, reserved 1155072K
  class space    used 15140K, capacity 16408K, committed 16512K, reserved 1048576K
Event: 115.386 GC heap after
Heap after GC invocations=29 (full 4):
 PSYoungGen      total 360448K, used 22333K [0x00000000d5580000, 0x00000000f1880000, 0x0000000100000000)
  eden space 309248K, 0% used [0x00000000d5580000,0x00000000d5580000,0x00000000e8380000)
  from space 51200K, 43% used [0x00000000e8380000,0x00000000e994f438,0x00000000eb580000)
  to   space 48640K, 0% used [0x00000000ee900000,0x00000000ee900000,0x00000000f1880000)
 ParOldGen       total 229376K, used 86778K [0x0000000080000000, 0x000000008e000000, 0x00000000d5580000)
  object space 229376K, 37% used [0x0000000080000000,0x00000000854bebe8,0x000000008e000000)
 Metaspace       used 115412K, capacity 122042K, committed 122176K, reserved 1155072K
  class space    used 15140K, capacity 16408K, committed 16512K, reserved 1048576K
}
Event: 118.337 GC heap before
{Heap before GC invocations=30 (full 4):
 PSYoungGen      total 360448K, used 331144K [0x00000000d5580000, 0x00000000f1880000, 0x0000000100000000)
  eden space 309248K, 99% used [0x00000000d5580000,0x00000000e8312d50,0x00000000e8380000)
  from space 51200K, 43% used [0x00000000e8380000,0x00000000e994f438,0x00000000eb580000)
  to   space 48640K, 0% used [0x00000000ee900000,0x00000000ee900000,0x00000000f1880000)
 ParOldGen       total 229376K, used 86778K [0x0000000080000000, 0x000000008e000000, 0x00000000d5580000)
  object space 229376K, 37% used [0x0000000080000000,0x00000000854bebe8,0x000000008e000000)
 Metaspace       used 116036K, capacity 122808K, committed 122944K, reserved 1155072K
  class space    used 15205K, capacity 16497K, committed 16512K, reserved 1048576K
Event: 118.360 GC heap after
Heap after GC invocations=30 (full 4):
 PSYoungGen      total 399872K, used 17681K [0x00000000d5580000, 0x00000000f1080000, 0x0000000100000000)
  eden space 359424K, 0% used [0x00000000d5580000,0x00000000d5580000,0x00000000eb480000)
  from space 40448K, 43% used [0x00000000ee900000,0x00000000efa446f0,0x00000000f1080000)
  to   space 47104K, 0% used [0x00000000eb480000,0x00000000eb480000,0x00000000ee280000)
 ParOldGen       total 229376K, used 97977K [0x0000000080000000, 0x000000008e000000, 0x00000000d5580000)
  object space 229376K, 42% used [0x0000000080000000,0x0000000085fae6e0,0x000000008e000000)
 Metaspace       used 116036K, capacity 122808K, committed 122944K, reserved 1155072K
  class space    used 15205K, capacity 16497K, committed 16512K, reserved 1048576K
}
Event: 121.010 GC heap before
{Heap before GC invocations=31 (full 4):
 PSYoungGen      total 399872K, used 377105K [0x00000000d5580000, 0x00000000f1080000, 0x0000000100000000)
  eden space 359424K, 100% used [0x00000000d5580000,0x00000000eb480000,0x00000000eb480000)
  from space 40448K, 43% used [0x00000000ee900000,0x00000000efa446f0,0x00000000f1080000)
  to   space 47104K, 0% used [0x00000000eb480000,0x00000000eb480000,0x00000000ee280000)
 ParOldGen       total 229376K, used 97977K [0x0000000080000000, 0x000000008e000000, 0x00000000d5580000)
  object space 229376K, 42% used [0x0000000080000000,0x0000000085fae6e0,0x000000008e000000)
 Metaspace       used 116697K, capacity 123606K, committed 123840K, reserved 1157120K
  class space    used 15277K, capacity 16604K, committed 16640K, reserved 1048576K
Event: 121.028 GC heap after
Heap after GC invocations=31 (full 4):
 PSYoungGen      total 406528K, used 33172K [0x00000000d5580000, 0x00000000f1080000, 0x0000000100000000)
  eden space 359424K, 0% used [0x00000000d5580000,0x00000000d5580000,0x00000000eb480000)
  from space 47104K, 70% used [0x00000000eb480000,0x00000000ed4e5168,0x00000000ee280000)
  to   space 40448K, 0% used [0x00000000ee900000,0x00000000ee900000,0x00000000f1080000)
 ParOldGen       total 229376K, used 98073K [0x0000000080000000, 0x000000008e000000, 0x00000000d5580000)
  object space 229376K, 42% used [0x0000000080000000,0x0000000085fc66e0,0x000000008e000000)
 Metaspace       used 116697K, capacity 123606K, committed 123840K, reserved 1157120K
  class space    used 15277K, capacity 16604K, committed 16640K, reserved 1048576K
}
Event: 161.939 GC heap before
{Heap before GC invocations=32 (full 4):
 PSYoungGen      total 406528K, used 392596K [0x00000000d5580000, 0x00000000f1080000, 0x0000000100000000)
  eden space 359424K, 100% used [0x00000000d5580000,0x00000000eb480000,0x00000000eb480000)
  from space 47104K, 70% used [0x00000000eb480000,0x00000000ed4e5168,0x00000000ee280000)
  to   space 40448K, 0% used [0x00000000ee900000,0x00000000ee900000,0x00000000f1080000)
 ParOldGen       total 229376K, used 98073K [0x0000000080000000, 0x000000008e000000, 0x00000000d5580000)
  object space 229376K, 42% used [0x0000000080000000,0x0000000085fc66e0,0x000000008e000000)
 Metaspace       used 118068K, capacity 125052K, committed 125376K, reserved 1157120K
  class space    used 15442K, capacity 16783K, committed 16896K, reserved 1048576K
Event: 161.954 GC heap after
Heap after GC invocations=32 (full 4):
 PSYoungGen      total 406016K, used 13628K [0x00000000d5580000, 0x00000000f3d80000, 0x0000000100000000)
  eden space 365568K, 0% used [0x00000000d5580000,0x00000000d5580000,0x00000000eba80000)
  from space 40448K, 33% used [0x00000000ee900000,0x00000000ef64f168,0x00000000f1080000)
  to   space 47616K, 0% used [0x00000000eba80000,0x00000000eba80000,0x00000000ee900000)
 ParOldGen       total 229376K, used 98337K [0x0000000080000000, 0x000000008e000000, 0x00000000d5580000)
  object space 229376K, 42% used [0x0000000080000000,0x00000000860086e0,0x000000008e000000)
 Metaspace       used 118068K, capacity 125052K, committed 125376K, reserved 1157120K
  class space    used 15442K, capacity 16783K, committed 16896K, reserved 1048576K
}

