# JRE version: OpenJDK Runtime Environment (11.0.8+10) (build 11.0.8+10-b944.6842174)
# Java VM: OpenJDK 64-Bit Server VM (11.0.8+10-b944.6842174, mixed mode, tiered, compressed oops, g1 gc, windows-amd64)
Heap:
 garbage-first heap   total 129024K, used 71643K [0x0000000080000000, 0x0000000100000000)
  region size 1024K, 38 young (38912K), 2 survivors (2048K)
 Metaspace       used 39444K, capacity 40341K, committed 40576K, reserved 1085440K
  class space    used 5050K, capacity 5377K, committed 5504K, reserved 1048576K
GC Heap History (12 events):
Event: 0.731 GC heap before
{Heap before GC invocations=0 (full 0):
 garbage-first heap   total 129024K, used 29696K [0x0000000080000000, 0x0000000100000000)
  region size 1024K, 24 young (24576K), 0 survivors (0K)
 Metaspace       used 10659K, capacity 10932K, committed 11264K, reserved 1058816K
  class space    used 1128K, capacity 1200K, committed 1280K, reserved 1048576K
}
Event: 0.735 GC heap after
{Heap after GC invocations=1 (full 0):
 garbage-first heap   total 129024K, used 8521K [0x0000000080000000, 0x0000000100000000)
  region size 1024K, 3 young (3072K), 3 survivors (3072K)
 Metaspace       used 10659K, capacity 10932K, committed 11264K, reserved 1058816K
  class space    used 1128K, capacity 1200K, committed 1280K, reserved 1048576K
}
Event: 2.031 GC heap before
{Heap before GC invocations=1 (full 0):
 garbage-first heap   total 129024K, used 81225K [0x0000000080000000, 0x0000000100000000)
  region size 1024K, 75 young (76800K), 3 survivors (3072K)
 Metaspace       used 18945K, capacity 19517K, committed 19712K, reserved 1067008K
  class space    used 2292K, capacity 2469K, committed 2560K, reserved 1048576K
}
Event: 2.036 GC heap after
{Heap after GC invocations=2 (full 0):
 garbage-first heap   total 129024K, used 15647K [0x0000000080000000, 0x0000000100000000)
  region size 1024K, 10 young (10240K), 10 survivors (10240K)
 Metaspace       used 18945K, capacity 19517K, committed 19712K, reserved 1067008K
  class space    used 2292K, capacity 2469K, committed 2560K, reserved 1048576K
}
Event: 2.148 GC heap before
{Heap before GC invocations=2 (full 0):
 garbage-first heap   total 129024K, used 27935K [0x0000000080000000, 0x0000000100000000)
  region size 1024K, 23 young (23552K), 10 survivors (10240K)
 Metaspace       used 20626K, capacity 21158K, committed 21296K, reserved 1069056K
  class space    used 2532K, capacity 2723K, committed 2816K, reserved 1048576K
}
Event: 2.153 GC heap after
{Heap after GC invocations=3 (full 0):
 garbage-first heap   total 129024K, used 16486K [0x0000000080000000, 0x0000000100000000)
  region size 1024K, 1 young (1024K), 1 survivors (1024K)
 Metaspace       used 20626K, capacity 21158K, committed 21296K, reserved 1069056K
  class space    used 2532K, capacity 2723K, committed 2816K, reserved 1048576K
}
Event: 2.595 GC heap before
{Heap before GC invocations=4 (full 0):
 garbage-first heap   total 129024K, used 62566K [0x0000000080000000, 0x0000000100000000)
  region size 1024K, 47 young (48128K), 1 survivors (1024K)
 Metaspace       used 25885K, capacity 26568K, committed 26752K, reserved 1073152K
  class space    used 3365K, capacity 3593K, committed 3712K, reserved 1048576K
}
Event: 2.599 GC heap after
{Heap after GC invocations=5 (full 0):
 garbage-first heap   total 129024K, used 18341K [0x0000000080000000, 0x0000000100000000)
  region size 1024K, 3 young (3072K), 3 survivors (3072K)
 Metaspace       used 25885K, capacity 26568K, committed 26752K, reserved 1073152K
  class space    used 3365K, capacity 3593K, committed 3712K, reserved 1048576K
}
Event: 3.180 GC heap before
{Heap before GC invocations=5 (full 0):
 garbage-first heap   total 129024K, used 79781K [0x0000000080000000, 0x0000000100000000)
  region size 1024K, 55 young (56320K), 3 survivors (3072K)
 Metaspace       used 32101K, capacity 32900K, committed 33024K, reserved 1077248K
  class space    used 4275K, capacity 4533K, committed 4608K, reserved 1048576K
}
Event: 3.184 GC heap after
{Heap after GC invocations=6 (full 0):
 garbage-first heap   total 129024K, used 32717K [0x0000000080000000, 0x0000000100000000)
  region size 1024K, 7 young (7168K), 7 survivors (7168K)
 Metaspace       used 32101K, capacity 32900K, committed 33024K, reserved 1077248K
  class space    used 4275K, capacity 4533K, committed 4608K, reserved 1048576K
}
Event: 3.299 GC heap before
{Heap before GC invocations=6 (full 0):
 garbage-first heap   total 129024K, used 38861K [0x0000000080000000, 0x0000000100000000)
  region size 1024K, 14 young (14336K), 7 survivors (7168K)
 Metaspace       used 34889K, capacity 35723K, committed 35840K, reserved 1081344K
  class space    used 4526K, capacity 4794K, committed 4864K, reserved 1048576K
}
Event: 3.305 GC heap after
{Heap after GC invocations=7 (full 0):
 garbage-first heap   total 129024K, used 33755K [0x0000000080000000, 0x0000000100000000)
  region size 1024K, 2 young (2048K), 2 survivors (2048K)
 Metaspace       used 34889K, capacity 35723K, committed 35840K, reserved 1081344K
  class space    used 4526K, capacity 4794K, committed 4864K, reserved 1048576K
}

