# JRE version: OpenJDK Runtime Environment (8.0_242-b01) (build 1.8.0_242-release-1644-b01)
# Java VM: OpenJDK 64-Bit Server VM (25.242-b01 mixed mode windows-amd64 compressed oops)
Heap:
 PSYoungGen      total 275456K, used 193987K [0x00000000d5580000, 0x00000000e8000000, 0x0000000100000000)
  eden space 258048K, 68% used [0x00000000d5580000,0x00000000e01fbd30,0x00000000e5180000)
  from space 17408K, 99% used [0x00000000e6f00000,0x00000000e7ff50c0,0x00000000e8000000)
  to   space 23552K, 0% used [0x00000000e5200000,0x00000000e5200000,0x00000000e6900000)
 ParOldGen       total 117760K, used 47384K [0x0000000080000000, 0x0000000087300000, 0x00000000d5580000)
  object space 117760K, 40% used [0x0000000080000000,0x0000000082e46098,0x0000000087300000)
 Metaspace       used 78688K, capacity 82574K, committed 82712K, reserved 1120256K
  class space    used 10442K, capacity 11179K, committed 11304K, reserved 1048576K
GC Heap History (10 events):
Event: 5.519 GC heap before
{Heap before GC invocations=13 (full 2):
 PSYoungGen      total 178176K, used 173704K [0x00000000d5580000, 0x00000000e1380000, 0x0000000100000000)
  eden space 165376K, 100% used [0x00000000d5580000,0x00000000df700000,0x00000000df700000)
  from space 12800K, 65% used [0x00000000e0380000,0x00000000e0ba2220,0x00000000e1000000)
  to   space 12800K, 0% used [0x00000000df700000,0x00000000df700000,0x00000000e0380000)
 ParOldGen       total 76800K, used 17960K [0x0000000080000000, 0x0000000084b00000, 0x00000000d5580000)
  object space 76800K, 23% used [0x0000000080000000,0x000000008118a2b0,0x0000000084b00000)
 Metaspace       used 52344K, capacity 54474K, committed 54568K, reserved 1095680K
  class space    used 6972K, capacity 7429K, committed 7464K, reserved 1048576K
Event: 5.537 GC heap after
Heap after GC invocations=13 (full 2):
 PSYoungGen      total 178176K, used 12779K [0x00000000d5580000, 0x00000000e4e00000, 0x0000000100000000)
  eden space 165376K, 0% used [0x00000000d5580000,0x00000000d5580000,0x00000000df700000)
  from space 12800K, 99% used [0x00000000df700000,0x00000000e037af70,0x00000000e0380000)
  to   space 18944K, 0% used [0x00000000e3b80000,0x00000000e3b80000,0x00000000e4e00000)
 ParOldGen       total 76800K, used 30779K [0x0000000080000000, 0x0000000084b00000, 0x00000000d5580000)
  object space 76800K, 40% used [0x0000000080000000,0x0000000081e0ecd8,0x0000000084b00000)
 Metaspace       used 52344K, capacity 54474K, committed 54568K, reserved 1095680K
  class space    used 6972K, capacity 7429K, committed 7464K, reserved 1048576K
}
Event: 6.062 GC heap before
{Heap before GC invocations=14 (full 2):
 PSYoungGen      total 178176K, used 62009K [0x00000000d5580000, 0x00000000e4e00000, 0x0000000100000000)
  eden space 165376K, 29% used [0x00000000d5580000,0x00000000d85935c0,0x00000000df700000)
  from space 12800K, 99% used [0x00000000df700000,0x00000000e037af70,0x00000000e0380000)
  to   space 18944K, 0% used [0x00000000e3b80000,0x00000000e3b80000,0x00000000e4e00000)
 ParOldGen       total 76800K, used 30779K [0x0000000080000000, 0x0000000084b00000, 0x00000000d5580000)
  object space 76800K, 40% used [0x0000000080000000,0x0000000081e0ecd8,0x0000000084b00000)
 Metaspace       used 56783K, capacity 59118K, committed 59160K, reserved 1099776K
  class space    used 7697K, capacity 8194K, committed 8232K, reserved 1048576K
Event: 6.074 GC heap after
Heap after GC invocations=14 (full 2):
 PSYoungGen      total 231424K, used 6219K [0x00000000d5580000, 0x00000000e4b80000, 0x0000000100000000)
  eden space 215040K, 0% used [0x00000000d5580000,0x00000000d5580000,0x00000000e2780000)
  from space 16384K, 37% used [0x00000000e3b80000,0x00000000e4192ec8,0x00000000e4b80000)
  to   space 18432K, 0% used [0x00000000e2780000,0x00000000e2780000,0x00000000e3980000)
 ParOldGen       total 76800K, used 40712K [0x0000000080000000, 0x0000000084b00000, 0x00000000d5580000)
  object space 76800K, 53% used [0x0000000080000000,0x00000000827c21a8,0x0000000084b00000)
 Metaspace       used 56783K, capacity 59118K, committed 59160K, reserved 1099776K
  class space    used 7697K, capacity 8194K, committed 8232K, reserved 1048576K
}
Event: 6.074 GC heap before
{Heap before GC invocations=15 (full 3):
 PSYoungGen      total 231424K, used 6219K [0x00000000d5580000, 0x00000000e4b80000, 0x0000000100000000)
  eden space 215040K, 0% used [0x00000000d5580000,0x00000000d5580000,0x00000000e2780000)
  from space 16384K, 37% used [0x00000000e3b80000,0x00000000e4192ec8,0x00000000e4b80000)
  to   space 18432K, 0% used [0x00000000e2780000,0x00000000e2780000,0x00000000e3980000)
 ParOldGen       total 76800K, used 40712K [0x0000000080000000, 0x0000000084b00000, 0x00000000d5580000)
  object space 76800K, 53% used [0x0000000080000000,0x00000000827c21a8,0x0000000084b00000)
 Metaspace       used 56783K, capacity 59118K, committed 59160K, reserved 1099776K
  class space    used 7697K, capacity 8194K, committed 8232K, reserved 1048576K
Event: 6.212 GC heap after
Heap after GC invocations=15 (full 3):
 PSYoungGen      total 231424K, used 0K [0x00000000d5580000, 0x00000000e4b80000, 0x0000000100000000)
  eden space 215040K, 0% used [0x00000000d5580000,0x00000000d5580000,0x00000000e2780000)
  from space 16384K, 0% used [0x00000000e3b80000,0x00000000e3b80000,0x00000000e4b80000)
  to   space 18432K, 0% used [0x00000000e2780000,0x00000000e2780000,0x00000000e3980000)
 ParOldGen       total 117760K, used 33867K [0x0000000080000000, 0x0000000087300000, 0x00000000d5580000)
  object space 117760K, 28% used [0x0000000080000000,0x0000000082112ff8,0x0000000087300000)
 Metaspace       used 56735K, capacity 58956K, committed 59160K, reserved 1099776K
  class space    used 7683K, capacity 8167K, committed 8232K, reserved 1048576K
}
Event: 7.982 GC heap before
{Heap before GC invocations=16 (full 3):
 PSYoungGen      total 231424K, used 215040K [0x00000000d5580000, 0x00000000e4b80000, 0x0000000100000000)
  eden space 215040K, 100% used [0x00000000d5580000,0x00000000e2780000,0x00000000e2780000)
  from space 16384K, 0% used [0x00000000e3b80000,0x00000000e3b80000,0x00000000e4b80000)
  to   space 18432K, 0% used [0x00000000e2780000,0x00000000e2780000,0x00000000e3980000)
 ParOldGen       total 117760K, used 33867K [0x0000000080000000, 0x0000000087300000, 0x00000000d5580000)
  object space 117760K, 28% used [0x0000000080000000,0x0000000082112ff8,0x0000000087300000)
 Metaspace       used 65865K, capacity 69148K, committed 69400K, reserved 1110016K
  class space    used 9054K, capacity 9695K, committed 9768K, reserved 1048576K
Event: 8.001 GC heap after
Heap after GC invocations=16 (full 3):
 PSYoungGen      total 233472K, used 18411K [0x00000000d5580000, 0x00000000e8480000, 0x0000000100000000)
  eden space 215040K, 0% used [0x00000000d5580000,0x00000000d5580000,0x00000000e2780000)
  from space 18432K, 99% used [0x00000000e2780000,0x00000000e397ac68,0x00000000e3980000)
  to   space 22016K, 0% used [0x00000000e6f00000,0x00000000e6f00000,0x00000000e8480000)
 ParOldGen       total 117760K, used 35475K [0x0000000080000000, 0x0000000087300000, 0x00000000d5580000)
  object space 117760K, 30% used [0x0000000080000000,0x00000000822a4c68,0x0000000087300000)
 Metaspace       used 65865K, capacity 69148K, committed 69400K, reserved 1110016K
  class space    used 9054K, capacity 9695K, committed 9768K, reserved 1048576K
}
Event: 293.177 GC heap before
{Heap before GC invocations=17 (full 3):
 PSYoungGen      total 233472K, used 233451K [0x00000000d5580000, 0x00000000e8480000, 0x0000000100000000)
  eden space 215040K, 100% used [0x00000000d5580000,0x00000000e2780000,0x00000000e2780000)
  from space 18432K, 99% used [0x00000000e2780000,0x00000000e397ac68,0x00000000e3980000)
  to   space 22016K, 0% used [0x00000000e6f00000,0x00000000e6f00000,0x00000000e8480000)
 ParOldGen       total 117760K, used 35475K [0x0000000080000000, 0x0000000087300000, 0x00000000d5580000)
  object space 117760K, 30% used [0x0000000080000000,0x00000000822a4c68,0x0000000087300000)
 Metaspace       used 76222K, capacity 79898K, committed 80152K, reserved 1118208K
  class space    used 10240K, capacity 10931K, committed 11048K, reserved 1048576K
Event: 293.342 GC heap after
Heap after GC invocations=17 (full 3):
 PSYoungGen      total 275456K, used 17364K [0x00000000d5580000, 0x00000000e8000000, 0x0000000100000000)
  eden space 258048K, 0% used [0x00000000d5580000,0x00000000d5580000,0x00000000e5180000)
  from space 17408K, 99% used [0x00000000e6f00000,0x00000000e7ff50c0,0x00000000e8000000)
  to   space 23552K, 0% used [0x00000000e5200000,0x00000000e5200000,0x00000000e6900000)
 ParOldGen       total 117760K, used 47384K [0x0000000080000000, 0x0000000087300000, 0x00000000d5580000)
  object space 117760K, 40% used [0x0000000080000000,0x0000000082e46098,0x0000000087300000)
 Metaspace       used 76222K, capacity 79898K, committed 80152K, reserved 1118208K
  class space    used 10240K, capacity 10931K, committed 11048K, reserved 1048576K
}

