# JRE version: OpenJDK Runtime Environment (8.0_242-b01) (build 1.8.0_242-release-1644-b01)
# Java VM: OpenJDK 64-Bit Server VM (25.242-b01 mixed mode windows-amd64 compressed oops)
Heap:
 PSYoungGen      total 223232K, used 131865K [0x00000000d5580000, 0x00000000e7080000, 0x0000000100000000)
  eden space 203264K, 55% used [0x00000000d5580000,0x00000000dc49b050,0x00000000e1c00000)
  from space 19968K, 90% used [0x00000000e1c00000,0x00000000e2dab4a0,0x00000000e2f80000)
  to   space 22016K, 0% used [0x00000000e5b00000,0x00000000e5b00000,0x00000000e7080000)
 ParOldGen       total 120320K, used 33784K [0x0000000080000000, 0x0000000087580000, 0x00000000d5580000)
  object space 120320K, 28% used [0x0000000080000000,0x00000000820fe138,0x0000000087580000)
 Metaspace       used 69743K, capacity 73138K, committed 73240K, reserved 1112064K
  class space    used 9570K, capacity 10234K, committed 10280K, reserved 1048576K
GC Heap History (10 events):
Event: 4.111 GC heap before
{Heap before GC invocations=12 (full 2):
 PSYoungGen      total 137728K, used 126464K [0x00000000d5580000, 0x00000000e1900000, 0x0000000100000000)
  eden space 126464K, 100% used [0x00000000d5580000,0x00000000dd100000,0x00000000dd100000)
  from space 11264K, 0% used [0x00000000dd100000,0x00000000dd100000,0x00000000ddc00000)
  to   space 12800K, 0% used [0x00000000e0c80000,0x00000000e0c80000,0x00000000e1900000)
 ParOldGen       total 78848K, used 17954K [0x0000000080000000, 0x0000000084d00000, 0x00000000d5580000)
  object space 78848K, 22% used [0x0000000080000000,0x0000000081188ab0,0x0000000084d00000)
 Metaspace       used 37676K, capacity 39474K, committed 39720K, reserved 1083392K
  class space    used 5201K, capacity 5556K, committed 5672K, reserved 1048576K
Event: 4.117 GC heap after
Heap after GC invocations=12 (full 2):
 PSYoungGen      total 170496K, used 8456K [0x00000000d5580000, 0x00000000e1500000, 0x0000000100000000)
  eden space 161792K, 0% used [0x00000000d5580000,0x00000000d5580000,0x00000000df380000)
  from space 8704K, 97% used [0x00000000e0c80000,0x00000000e14c2098,0x00000000e1500000)
  to   space 12800K, 0% used [0x00000000dfc00000,0x00000000dfc00000,0x00000000e0880000)
 ParOldGen       total 78848K, used 17962K [0x0000000080000000, 0x0000000084d00000, 0x00000000d5580000)
  object space 78848K, 22% used [0x0000000080000000,0x000000008118aab0,0x0000000084d00000)
 Metaspace       used 37676K, capacity 39474K, committed 39720K, reserved 1083392K
  class space    used 5201K, capacity 5556K, committed 5672K, reserved 1048576K
}
Event: 5.489 GC heap before
{Heap before GC invocations=13 (full 2):
 PSYoungGen      total 170496K, used 170248K [0x00000000d5580000, 0x00000000e1500000, 0x0000000100000000)
  eden space 161792K, 100% used [0x00000000d5580000,0x00000000df380000,0x00000000df380000)
  from space 8704K, 97% used [0x00000000e0c80000,0x00000000e14c2098,0x00000000e1500000)
  to   space 12800K, 0% used [0x00000000dfc00000,0x00000000dfc00000,0x00000000e0880000)
 ParOldGen       total 78848K, used 17962K [0x0000000080000000, 0x0000000084d00000, 0x00000000d5580000)
  object space 78848K, 22% used [0x0000000080000000,0x000000008118aab0,0x0000000084d00000)
 Metaspace       used 52322K, capacity 54504K, committed 54568K, reserved 1095680K
  class space    used 6978K, capacity 7460K, committed 7464K, reserved 1048576K
Event: 5.511 GC heap after
Heap after GC invocations=13 (full 2):
 PSYoungGen      total 183296K, used 12788K [0x00000000d5580000, 0x00000000e4200000, 0x0000000100000000)
  eden space 170496K, 0% used [0x00000000d5580000,0x00000000d5580000,0x00000000dfc00000)
  from space 12800K, 99% used [0x00000000dfc00000,0x00000000e087d300,0x00000000e0880000)
  to   space 18944K, 0% used [0x00000000e2f80000,0x00000000e2f80000,0x00000000e4200000)
 ParOldGen       total 78848K, used 30375K [0x0000000080000000, 0x0000000084d00000, 0x00000000d5580000)
  object space 78848K, 38% used [0x0000000080000000,0x0000000081da9ff8,0x0000000084d00000)
 Metaspace       used 52322K, capacity 54504K, committed 54568K, reserved 1095680K
  class space    used 6978K, capacity 7460K, committed 7464K, reserved 1048576K
}
Event: 6.087 GC heap before
{Heap before GC invocations=14 (full 2):
 PSYoungGen      total 183296K, used 62758K [0x00000000d5580000, 0x00000000e4200000, 0x0000000100000000)
  eden space 170496K, 29% used [0x00000000d5580000,0x00000000d864c6e8,0x00000000dfc00000)
  from space 12800K, 99% used [0x00000000dfc00000,0x00000000e087d300,0x00000000e0880000)
  to   space 18944K, 0% used [0x00000000e2f80000,0x00000000e2f80000,0x00000000e4200000)
 ParOldGen       total 78848K, used 30375K [0x0000000080000000, 0x0000000084d00000, 0x00000000d5580000)
  object space 78848K, 38% used [0x0000000080000000,0x0000000081da9ff8,0x0000000084d00000)
 Metaspace       used 56757K, capacity 59112K, committed 59160K, reserved 1099776K
  class space    used 7701K, capacity 8193K, committed 8232K, reserved 1048576K
Event: 6.100 GC heap after
Heap after GC invocations=14 (full 2):
 PSYoungGen      total 222208K, used 13904K [0x00000000d5580000, 0x00000000e4e00000, 0x0000000100000000)
  eden space 203264K, 0% used [0x00000000d5580000,0x00000000d5580000,0x00000000e1c00000)
  from space 18944K, 73% used [0x00000000e2f80000,0x00000000e3d14250,0x00000000e4200000)
  to   space 19968K, 0% used [0x00000000e1c00000,0x00000000e1c00000,0x00000000e2f80000)
 ParOldGen       total 78848K, used 35294K [0x0000000080000000, 0x0000000084d00000, 0x00000000d5580000)
  object space 78848K, 44% used [0x0000000080000000,0x00000000822778f8,0x0000000084d00000)
 Metaspace       used 56757K, capacity 59112K, committed 59160K, reserved 1099776K
  class space    used 7701K, capacity 8193K, committed 8232K, reserved 1048576K
}
Event: 6.100 GC heap before
{Heap before GC invocations=15 (full 3):
 PSYoungGen      total 222208K, used 13904K [0x00000000d5580000, 0x00000000e4e00000, 0x0000000100000000)
  eden space 203264K, 0% used [0x00000000d5580000,0x00000000d5580000,0x00000000e1c00000)
  from space 18944K, 73% used [0x00000000e2f80000,0x00000000e3d14250,0x00000000e4200000)
  to   space 19968K, 0% used [0x00000000e1c00000,0x00000000e1c00000,0x00000000e2f80000)
 ParOldGen       total 78848K, used 35294K [0x0000000080000000, 0x0000000084d00000, 0x00000000d5580000)
  object space 78848K, 44% used [0x0000000080000000,0x00000000822778f8,0x0000000084d00000)
 Metaspace       used 56757K, capacity 59112K, committed 59160K, reserved 1099776K
  class space    used 7701K, capacity 8193K, committed 8232K, reserved 1048576K
Event: 6.243 GC heap after
Heap after GC invocations=15 (full 3):
 PSYoungGen      total 222208K, used 0K [0x00000000d5580000, 0x00000000e4e00000, 0x0000000100000000)
  eden space 203264K, 0% used [0x00000000d5580000,0x00000000d5580000,0x00000000e1c00000)
  from space 18944K, 0% used [0x00000000e2f80000,0x00000000e2f80000,0x00000000e4200000)
  to   space 19968K, 0% used [0x00000000e1c00000,0x00000000e1c00000,0x00000000e2f80000)
 ParOldGen       total 120320K, used 33776K [0x0000000080000000, 0x0000000087580000, 0x00000000d5580000)
  object space 120320K, 28% used [0x0000000080000000,0x00000000820fc138,0x0000000087580000)
 Metaspace       used 56711K, capacity 58956K, committed 59160K, reserved 1099776K
  class space    used 7687K, capacity 8167K, committed 8232K, reserved 1048576K
}
Event: 7.788 GC heap before
{Heap before GC invocations=16 (full 3):
 PSYoungGen      total 222208K, used 203264K [0x00000000d5580000, 0x00000000e4e00000, 0x0000000100000000)
  eden space 203264K, 100% used [0x00000000d5580000,0x00000000e1c00000,0x00000000e1c00000)
  from space 18944K, 0% used [0x00000000e2f80000,0x00000000e2f80000,0x00000000e4200000)
  to   space 19968K, 0% used [0x00000000e1c00000,0x00000000e1c00000,0x00000000e2f80000)
 ParOldGen       total 120320K, used 33776K [0x0000000080000000, 0x0000000087580000, 0x00000000d5580000)
  object space 120320K, 28% used [0x0000000080000000,0x00000000820fc138,0x0000000087580000)
 Metaspace       used 65683K, capacity 69010K, committed 69144K, reserved 1107968K
  class space    used 9050K, capacity 9708K, committed 9768K, reserved 1048576K
Event: 7.806 GC heap after
Heap after GC invocations=16 (full 3):
 PSYoungGen      total 223232K, used 18093K [0x00000000d5580000, 0x00000000e7080000, 0x0000000100000000)
  eden space 203264K, 0% used [0x00000000d5580000,0x00000000d5580000,0x00000000e1c00000)
  from space 19968K, 90% used [0x00000000e1c00000,0x00000000e2dab4a0,0x00000000e2f80000)
  to   space 22016K, 0% used [0x00000000e5b00000,0x00000000e5b00000,0x00000000e7080000)
 ParOldGen       total 120320K, used 33784K [0x0000000080000000, 0x0000000087580000, 0x00000000d5580000)
  object space 120320K, 28% used [0x0000000080000000,0x00000000820fe138,0x0000000087580000)
 Metaspace       used 65683K, capacity 69010K, committed 69144K, reserved 1107968K
  class space    used 9050K, capacity 9708K, committed 9768K, reserved 1048576K
}

